<?xml version="1.0" encoding="utf-8"?><testsuites name="pytest tests"><testsuite name="pytest" errors="0" failures="0" skipped="0" tests="12" time="12.416" timestamp="2026-03-18T15:50:48.401988+00:00" hostname="agent-env-31ced0c7-ae8c-4cc8-8f85-5e7a9b533b2b"><testcase classname="tests.test_meeting_travel_expense.TestMeetingTravelExpense" name="test_01_get_consulting_meetings" time="1.262" /><testcase classname="tests.test_meeting_travel_expense.TestMeetingTravelExpense" name="test_02_get_single_meeting_details" time="1.117" /><testcase classname="tests.test_meeting_travel_expense.TestMeetingTravelExpense" name="test_03_mom_endpoint_structure" time="0.875" /><testcase classname="tests.test_meeting_travel_expense.TestMeetingTravelExpense" name="test_04_expense_calculation_logic" time="0.911" /><testcase classname="tests.test_meeting_travel_expense.TestMeetingTravelExpense" name="test_05_expenses_api_access" time="1.207" /><testcase classname="tests.test_meeting_travel_expense.TestMeetingTravelExpense" name="test_06_check_existing_meeting_expense_linkage" time="1.017" /><testcase classname="tests.test_meeting_travel_expense.TestExpenseApprovalWorkflow" name="test_01_get_pending_expense_approvals" time="0.729" /><testcase classname="tests.test_meeting_travel_expense.TestExpenseApprovalWorkflow" name="test_02_expense_approval_creates_notification" time="1.034" /><testcase classname="tests.test_meeting_travel_expense.TestExpenseApprovalWorkflow" name="test_03_expense_approval_thresholds" time="0.992" /><testcase classname="tests.test_meeting_travel_expense.TestMeetingMOMScopeSelection" name="test_01_get_scopes_for_meeting_endpoint" time="1.074" /><testcase classname="tests.test_meeting_travel_expense" name="test_meetings_api" time="1.037" /><testcase classname="tests.test_meeting_travel_expense" name="test_expenses_api" time="0.928" /></testsuite></testsuites>