<?xml version="1.0" encoding="utf-8"?><testsuites name="pytest tests"><testsuite name="pytest" errors="0" failures="0" skipped="0" tests="22" time="8.682" timestamp="2026-02-22T18:35:59.039807+00:00" hostname="agent-env-aa25202a-d663-4e6f-bd51-5012b61a5d29"><testcase classname="tests.test_e2e_comprehensive.TestAuthentication" name="test_admin_login_with_employee_id" time="0.555" /><testcase classname="tests.test_e2e_comprehensive.TestAuthentication" name="test_sales_manager_login" time="0.536" /><testcase classname="tests.test_e2e_comprehensive.TestAuthentication" name="test_hr_manager_login" time="0.715" /><testcase classname="tests.test_e2e_comprehensive.TestAuthentication" name="test_invalid_credentials" time="0.189" /><testcase classname="tests.test_e2e_comprehensive.TestLeadsCRUD" name="test_get_leads_admin" time="0.902" /><testcase classname="tests.test_e2e_comprehensive.TestLeadsCRUD" name="test_get_leads_sales_manager_scoped" time="0.888" /><testcase classname="tests.test_e2e_comprehensive.TestLeadsCRUD" name="test_get_single_lead" time="0.339" /><testcase classname="tests.test_e2e_comprehensive.TestLeadsCRUD" name="test_create_lead" time="0.188" /><testcase classname="tests.test_e2e_comprehensive.TestPermissions" name="test_get_my_permissions_admin" time="0.184" /><testcase classname="tests.test_e2e_comprehensive.TestPermissions" name="test_get_my_permissions_sales_executive" time="0.719" /><testcase classname="tests.test_e2e_comprehensive.TestPermissions" name="test_features_admin_only" time="0.443" /><testcase classname="tests.test_e2e_comprehensive.TestMyAPIs" name="test_guidance_state" time="0.166" /><testcase classname="tests.test_e2e_comprehensive.TestMyAPIs" name="test_dashboard_stats" time="0.160" /><testcase classname="tests.test_e2e_comprehensive.TestMyAPIs" name="test_my_profile" time="0.160" /><testcase classname="tests.test_e2e_comprehensive.TestManagerAPIs" name="test_manager_team" time="0.160" /><testcase classname="tests.test_e2e_comprehensive.TestSalesFunnel" name="test_stage_status" time="0.393" /><testcase classname="tests.test_e2e_comprehensive.TestSalesFunnel" name="test_resume_stage" time="0.529" /><testcase classname="tests.test_e2e_comprehensive.TestSalesFunnel" name="test_kickoff_status" time="0.405" /><testcase classname="tests.test_e2e_comprehensive.TestAudit" name="test_audit_summary_admin" time="0.257" /><testcase classname="tests.test_e2e_comprehensive.TestAudit" name="test_audit_summary_denied_non_admin" time="0.216" /><testcase classname="tests.test_e2e_comprehensive.TestLeadSchemaValidation" name="test_all_leads_have_proper_schema" time="0.163" /><testcase classname="tests.test_e2e_comprehensive.TestLeadSchemaValidation" name="test_renewal_leads_schema" time="0.269" /></testsuite></testsuites>