<?xml version="1.0" encoding="utf-8"?><testsuites name="pytest tests"><testsuite name="pytest" errors="0" failures="1" skipped="0" tests="19" time="6.176" timestamp="2026-02-14T21:19:00.081383+00:00" hostname="agent-env-10a9efb8-1bc7-4ab1-a3cf-c3b528a8e0c2"><testcase classname="backend.tests.test_roadmap_performance.TestProjectRoadmap" name="test_create_roadmap" time="0.929" /><testcase classname="backend.tests.test_roadmap_performance.TestProjectRoadmap" name="test_get_roadmaps_list" time="0.112" /><testcase classname="backend.tests.test_roadmap_performance.TestProjectRoadmap" name="test_get_roadmaps_filtered_by_project" time="0.153" /><testcase classname="backend.tests.test_roadmap_performance.TestProjectRoadmap" name="test_get_roadmap_detail" time="0.306" /><testcase classname="backend.tests.test_roadmap_performance.TestProjectRoadmap" name="test_update_roadmap_item_status" time="0.468" /><testcase classname="backend.tests.test_roadmap_performance.TestProjectRoadmap" name="test_submit_roadmap_to_client" time="0.408" /><testcase classname="backend.tests.test_roadmap_performance.TestProjectRoadmap" name="test_roadmap_not_found" time="0.144" /><testcase classname="backend.tests.test_roadmap_performance.TestPerformanceMetrics" name="test_create_performance_metrics" time="0.142" /><testcase classname="backend.tests.test_roadmap_performance.TestPerformanceMetrics" name="test_get_performance_metrics_list" time="0.134" /><testcase classname="backend.tests.test_roadmap_performance.TestPerformanceMetrics" name="test_get_metrics_filtered_by_status" time="0.152" /><testcase classname="backend.tests.test_roadmap_performance.TestPerformanceMetrics" name="test_approve_metrics_admin" time="0.423" /><testcase classname="backend.tests.test_roadmap_performance.TestPerformanceMetrics" name="test_reject_metrics_admin" time="0.380" /><testcase classname="backend.tests.test_roadmap_performance.TestPerformanceMetrics" name="test_non_admin_cannot_approve" time="0.741" /><testcase classname="backend.tests.test_roadmap_performance.TestPerformanceScores" name="test_create_performance_score" time="0.306"><failure message="IndexError: list index out of range">backend/tests/test_roadmap_performance.py:430: in test_create_performance_score
    {"metric_id": metrics[2]["id"], "metric_name": metrics[2]["name"], "score": 80, "comments": "Good timeliness"}
                  ^^^^^^^^^^
E   IndexError: list index out of range</failure></testcase><testcase classname="backend.tests.test_roadmap_performance.TestPerformanceScores" name="test_get_performance_scores_list" time="0.136" /><testcase classname="backend.tests.test_roadmap_performance.TestPerformanceScores" name="test_get_performance_scores_filtered" time="0.351" /><testcase classname="backend.tests.test_roadmap_performance.TestPerformanceScores" name="test_get_performance_summary" time="0.198" /><testcase classname="backend.tests.test_roadmap_performance.TestPerformanceScores" name="test_create_score_requires_approved_metrics" time="0.323" /><testcase classname="backend.tests.test_roadmap_performance.TestKanbanStatusValues" name="test_all_status_values" time="0.145" /></testsuite></testsuites>