<?xml version="1.0" encoding="utf-8"?><testsuites name="pytest tests"><testsuite name="pytest" errors="0" failures="1" skipped="0" tests="33" time="15.946" timestamp="2026-02-22T18:20:47.929469+00:00" hostname="agent-env-bc1134ec-e57f-4bcf-8bf8-e7b31783ed09"><testcase classname="tests.test_new_features_50.TestPermissionSystem" name="test_get_all_features_admin_only" time="1.211" /><testcase classname="tests.test_new_features_50.TestPermissionSystem" name="test_get_all_features_denied_non_admin" time="1.032" /><testcase classname="tests.test_new_features_50.TestPermissionSystem" name="test_get_my_permissions" time="0.451" /><testcase classname="tests.test_new_features_50.TestPermissionSystem" name="test_sales_executive_permissions" time="0.236" /><testcase classname="tests.test_new_features_50.TestPermissionSystem" name="test_get_employee_permissions" time="0.279" /><testcase classname="tests.test_new_features_50.TestMyAPI" name="test_my_dashboard_stats" time="0.450" /><testcase classname="tests.test_new_features_50.TestMyAPI" name="test_my_leads" time="0.282" /><testcase classname="tests.test_new_features_50.TestMyAPI" name="test_my_attendance" time="1.536" /><testcase classname="tests.test_new_features_50.TestMyAPI" name="test_my_leaves" time="0.287" /><testcase classname="tests.test_new_features_50.TestMyAPI" name="test_my_expenses" time="0.247" /><testcase classname="tests.test_new_features_50.TestMyAPI" name="test_my_timesheets" time="0.260" /><testcase classname="tests.test_new_features_50.TestMyAPI" name="test_my_projects" time="0.164" /><testcase classname="tests.test_new_features_50.TestMyAPI" name="test_my_profile" time="0.333" /><testcase classname="tests.test_new_features_50.TestManagerAPI" name="test_manager_team" time="0.997" /><testcase classname="tests.test_new_features_50.TestManagerAPI" name="test_manager_team_leads" time="0.248" /><testcase classname="tests.test_new_features_50.TestManagerAPI" name="test_manager_pending_approvals" time="0.415" /><testcase classname="tests.test_new_features_50.TestManagerAPI" name="test_manager_access_denied_non_manager" time="0.296" /><testcase classname="tests.test_new_features_50.TestManagerAPI" name="test_manager_team_pipeline" time="0.216" /><testcase classname="tests.test_new_features_50.TestSalesFunnelLogic" name="test_stage_status" time="0.484" /><testcase classname="tests.test_new_features_50.TestSalesFunnelLogic" name="test_resume_stage" time="0.385" /><testcase classname="tests.test_new_features_50.TestSalesFunnelLogic" name="test_request_approval" time="0.578" /><testcase classname="tests.test_new_features_50.TestSalesFunnelLogic" name="test_kickoff_status" time="0.583" /><testcase classname="tests.test_new_features_50.TestSalesFunnelLogic" name="test_renew_deal" time="0.697" /><testcase classname="tests.test_new_features_50.TestSalesFunnelLogic" name="test_send_consent_request" time="0.593" /><testcase classname="tests.test_new_features_50.TestAuditLogging" name="test_audit_summary" time="0.219" /><testcase classname="tests.test_new_features_50.TestAuditLogging" name="test_audit_logs" time="0.452" /><testcase classname="tests.test_new_features_50.TestAuditLogging" name="test_audit_security" time="0.468" /><testcase classname="tests.test_new_features_50.TestAuditLogging" name="test_audit_access_denied_non_admin" time="0.474" /><testcase classname="tests.test_new_features_50.TestSecurityAccessControl" name="test_agreements_blocked_for_non_sales" time="0.333" /><testcase classname="tests.test_new_features_50.TestSecurityAccessControl" name="test_leads_access_for_sales_roles" time="0.261" /><testcase classname="tests.test_new_features_50.TestSecurityAccessControl" name="test_hr_endpoints_blocked_for_sales" time="0.254" /><testcase classname="tests.test_new_features_50.TestSecurityAccessControl" name="test_admin_full_access" time="0.433"><failure message="AssertionError: Admin denied on /api/leads: 520&#10;assert 520 == 200&#10; +  where 520 = &lt;Response [520]&gt;.status_code">backend/tests/test_new_features_50.py:627: in test_admin_full_access
    assert response.status_code == 200, f"Admin denied on {endpoint}: {response.status_code}"
E   AssertionError: Admin denied on /api/leads: 520
E   assert 520 == 200
E    +  where 520 = &lt;Response [520]&gt;.status_code</failure></testcase><testcase classname="tests.test_new_features_50.TestDualApproval" name="test_submit_approval" time="0.278" /></testsuite></testsuites>