<?xml version="1.0" encoding="utf-8"?><testsuites name="pytest tests"><testsuite name="pytest" errors="0" failures="0" skipped="0" tests="10" time="3.850" timestamp="2026-02-19T08:47:13.030359+00:00" hostname="agent-env-65f5c566-c804-4d8a-a7b2-b70d65ad2d27"><testcase classname="tests.test_employee_id_login.TestEmployeeIDLogin" name="test_login_with_employee_id" time="0.539" /><testcase classname="tests.test_employee_id_login.TestEmployeeIDLogin" name="test_login_with_email_backward_compatible" time="0.467" /><testcase classname="tests.test_employee_id_login.TestEmployeeIDLogin" name="test_login_without_credentials_fails" time="0.139" /><testcase classname="tests.test_employee_id_login.TestEmployeeIDLogin" name="test_login_invalid_employee_id" time="0.132" /><testcase classname="tests.test_employee_id_login.TestEmployeeIDLogin" name="test_login_wrong_password" time="0.471" /><testcase classname="tests.test_employee_id_login.TestAdminPasswordManagement" name="test_reset_employee_password_endpoint_exists" time="0.612" /><testcase classname="tests.test_employee_id_login.TestAdminPasswordManagement" name="test_toggle_employee_access_endpoint_exists" time="0.622" /><testcase classname="tests.test_employee_id_login.TestAdminPasswordManagement" name="test_reset_password_requires_auth" time="0.130" /><testcase classname="tests.test_employee_id_login.TestAdminPasswordManagement" name="test_toggle_access_requires_auth" time="0.130" /><testcase classname="tests.test_employee_id_login.TestLoginPageFields" name="test_login_accepts_employee_id_field" time="0.471" /></testsuite></testsuites>