<?xml version="1.0" encoding="utf-8"?><testsuites name="pytest tests"><testsuite name="pytest" errors="0" failures="0" skipped="0" tests="21" time="4.614" timestamp="2026-02-14T18:35:10.084484+00:00" hostname="agent-env-9af91621-fde2-4637-8367-eb7f8903584a"><testcase classname="backend.tests.test_reports.TestReportsEndpoints" name="test_get_reports_admin" time="0.787" /><testcase classname="backend.tests.test_reports.TestReportsEndpoints" name="test_get_reports_manager" time="0.569" /><testcase classname="backend.tests.test_reports.TestReportsEndpoints" name="test_get_report_categories" time="0.155" /><testcase classname="backend.tests.test_reports.TestReportsEndpoints" name="test_get_reports_stats_admin" time="0.218" /><testcase classname="backend.tests.test_reports.TestReportsEndpoints" name="test_get_reports_stats_manager" time="0.140" /><testcase classname="backend.tests.test_reports.TestReportPreview" name="test_preview_lead_summary" time="0.121" /><testcase classname="backend.tests.test_reports.TestReportPreview" name="test_preview_employee_directory" time="0.142" /><testcase classname="backend.tests.test_reports.TestReportPreview" name="test_preview_expense_summary" time="0.158" /><testcase classname="backend.tests.test_reports.TestReportPreview" name="test_preview_invalid_report" time="0.164" /><testcase classname="backend.tests.test_reports.TestReportDownload" name="test_download_excel_lead_summary" time="0.128" /><testcase classname="backend.tests.test_reports.TestReportDownload" name="test_download_pdf_lead_summary" time="0.134" /><testcase classname="backend.tests.test_reports.TestReportDownload" name="test_download_excel_client_overview" time="0.135" /><testcase classname="backend.tests.test_reports.TestReportDownload" name="test_download_pdf_expense_summary" time="0.170" /><testcase classname="backend.tests.test_reports.TestReportDownload" name="test_download_invalid_format" time="0.183" /><testcase classname="backend.tests.test_reports.TestReportDownload" name="test_download_unauthorized_report" time="0.140" /><testcase classname="backend.tests.test_reports.TestReportRoleAccess" name="test_admin_sees_all_categories" time="0.167" /><testcase classname="backend.tests.test_reports.TestReportRoleAccess" name="test_report_count_admin_vs_manager" time="0.302" /><testcase classname="backend.tests.test_reports.TestReportDataAccuracy" name="test_sales_reports_available" time="0.140" /><testcase classname="backend.tests.test_reports.TestReportDataAccuracy" name="test_hr_reports_available" time="0.122" /><testcase classname="backend.tests.test_reports.TestReportDataAccuracy" name="test_finance_reports_available" time="0.149" /><testcase classname="backend.tests.test_reports.TestReportDataAccuracy" name="test_operations_reports_available" time="0.135" /></testsuite></testsuites>