<?xml version="1.0" encoding="utf-8"?><testsuites name="pytest tests"><testsuite name="pytest" errors="0" failures="0" skipped="0" tests="24" time="8.896" timestamp="2026-02-22T20:19:49.961175+00:00" hostname="agent-env-619204b0-362a-4b6b-953d-4735b9dcd28e"><testcase classname="tests.test_expense_receipt_kickoff_flow.TestExpenseReceiptCRUD" name="test_upload_receipt_success" time="1.464" /><testcase classname="tests.test_expense_receipt_kickoff_flow.TestExpenseReceiptCRUD" name="test_upload_multiple_receipts" time="0.154" /><testcase classname="tests.test_expense_receipt_kickoff_flow.TestExpenseReceiptCRUD" name="test_list_receipts_without_file_data" time="0.209" /><testcase classname="tests.test_expense_receipt_kickoff_flow.TestExpenseReceiptCRUD" name="test_download_specific_receipt" time="0.317" /><testcase classname="tests.test_expense_receipt_kickoff_flow.TestExpenseReceiptCRUD" name="test_download_nonexistent_receipt_returns_404" time="0.141" /><testcase classname="tests.test_expense_receipt_kickoff_flow.TestExpenseReceiptCRUD" name="test_delete_receipt_success" time="0.509" /><testcase classname="tests.test_expense_receipt_kickoff_flow.TestExpenseReceiptCRUD" name="test_upload_to_nonexistent_expense_returns_404" time="0.157" /><testcase classname="tests.test_expense_receipt_kickoff_flow.TestSalesFunnelStages" name="test_get_stage_status_for_lead" time="0.349" /><testcase classname="tests.test_expense_receipt_kickoff_flow.TestSalesFunnelStages" name="test_stage_status_nonexistent_lead_returns_404" time="0.176" /><testcase classname="tests.test_expense_receipt_kickoff_flow.TestSalesFunnelStages" name="test_progress_stage_to_meeting" time="0.002" /><testcase classname="tests.test_expense_receipt_kickoff_flow.TestSalesFunnelStages" name="test_get_available_actions" time="0.184" /><testcase classname="tests.test_expense_receipt_kickoff_flow.TestKickoffWorkflow" name="test_get_consulting_team" time="0.731" /><testcase classname="tests.test_expense_receipt_kickoff_flow.TestKickoffWorkflow" name="test_create_kickoff_request" time="0.343" /><testcase classname="tests.test_expense_receipt_kickoff_flow.TestKickoffWorkflow" name="test_get_my_kickoff_requests" time="0.182" /><testcase classname="tests.test_expense_receipt_kickoff_flow.TestKickoffWorkflow" name="test_update_pending_kickoff_request" time="0.228" /><testcase classname="tests.test_expense_receipt_kickoff_flow.TestKickoffWorkflow" name="test_admin_view_pending_kickoff_approvals" time="0.197" /><testcase classname="tests.test_expense_receipt_kickoff_flow.TestKickoffWorkflow" name="test_non_admin_cannot_view_pending_approvals" time="0.178" /><testcase classname="tests.test_expense_receipt_kickoff_flow.TestKickoffWorkflow" name="test_withdraw_kickoff_request" time="0.487" /><testcase classname="tests.test_expense_receipt_kickoff_flow.TestKickoffWorkflow" name="test_admin_approve_kickoff" time="0.329" /><testcase classname="tests.test_expense_receipt_kickoff_flow.TestKickoffWorkflow" name="test_admin_reject_kickoff" time="0.332" /><testcase classname="tests.test_expense_receipt_kickoff_flow.TestKickoffWorkflow" name="test_cannot_approve_already_processed_request" time="0.001" /><testcase classname="tests.test_expense_receipt_kickoff_flow.TestKickoffStatus" name="test_get_kickoff_status" time="0.153" /><testcase classname="tests.test_expense_receipt_kickoff_flow.TestCleanup" name="test_cleanup_test_expenses" time="1.466" /><testcase classname="tests.test_expense_receipt_kickoff_flow.TestCleanup" name="test_cleanup_test_leads" time="0.319" /></testsuite></testsuites>