<?xml version="1.0" encoding="utf-8"?><testsuites name="pytest tests"><testsuite name="pytest" errors="0" failures="0" skipped="4" tests="15" time="19.492" timestamp="2026-03-26T11:12:37.568462+00:00" hostname="agent-env-875492cc-47bd-4b09-b424-5a5e1d48925d"><testcase classname="tests.test_attendance_governance_overhaul.TestAuthAndSetup" name="test_admin_login" time="11.679" /><testcase classname="tests.test_attendance_governance_overhaul.TestAuthAndSetup" name="test_consultant_login" time="0.940" /><testcase classname="tests.test_attendance_governance_overhaul.TestMyAttendanceAPI" name="test_attendance_returns_summary_with_new_fields" time="0.768" /><testcase classname="tests.test_attendance_governance_overhaul.TestMyAttendanceAPI" name="test_attendance_records_have_governance_fields" time="0.145"><skipped type="pytest.skip" message="No attendance records found">/app/backend/tests/test_attendance_governance_overhaul.py:94: No attendance records found</skipped></testcase><testcase classname="tests.test_attendance_governance_overhaul.TestMyAttendanceAPI" name="test_attendance_shift_config_has_governance_params" time="0.154" /><testcase classname="tests.test_attendance_governance_overhaul.TestMyAttendanceAPI" name="test_attendance_naive_timestamps_normalized" time="0.141"><skipped type="pytest.skip" message="No attendance records found">/app/backend/tests/test_attendance_governance_overhaul.py:132: No attendance records found</skipped></testcase><testcase classname="tests.test_attendance_governance_overhaul.TestMyAttendanceAPI" name="test_attendance_leave_display_format" time="0.183"><skipped type="pytest.skip" message="No half-day records found">/app/backend/tests/test_attendance_governance_overhaul.py:155: No half-day records found</skipped></testcase><testcase classname="tests.test_attendance_governance_overhaul.TestCheckInGovernance" name="test_checkin_returns_late_minutes" time="0.882" /><testcase classname="tests.test_attendance_governance_overhaul.TestCheckInGovernance" name="test_checkin_blocked_with_approved_leave" time="0.177" /><testcase classname="tests.test_attendance_governance_overhaul.TestCheckOutGovernance" name="test_checkout_returns_governance_fields" time="0.913" /><testcase classname="tests.test_attendance_governance_overhaul.TestPenaltySystem" name="test_penalties_endpoint_exists" time="0.750" /><testcase classname="tests.test_attendance_governance_overhaul.TestHalfDayLogic" name="test_half_day_records_have_type" time="0.790"><skipped type="pytest.skip" message="No half-day records found">/app/backend/tests/test_attendance_governance_overhaul.py:367: No half-day records found</skipped></testcase><testcase classname="tests.test_attendance_governance_overhaul.TestDynamicRecalculation" name="test_late_calculation_from_shift_start" time="0.759" /><testcase classname="tests.test_attendance_governance_overhaul.TestDynamicRecalculation" name="test_ot_calculation_capped" time="0.143" /><testcase classname="tests.test_attendance_governance_overhaul.TestGraceLogic" name="test_grace_config_in_shift_config" time="0.740" /></testsuite></testsuites>