<?xml version="1.0" encoding="utf-8"?><testsuites name="pytest tests"><testsuite name="pytest" errors="0" failures="0" skipped="0" tests="14" time="9.303" timestamp="2026-02-16T12:35:04.295290+00:00" hostname="agent-env-d8b23f99-0169-4233-b85a-81766390c6a7"><testcase classname="tests.test_phase2_consulting.TestSOWChangeRequests" name="test_create_change_request_without_auth" time="0.660" /><testcase classname="tests.test_phase2_consulting.TestSOWChangeRequests" name="test_create_change_request" time="2.104" /><testcase classname="tests.test_phase2_consulting.TestSOWChangeRequests" name="test_get_my_change_requests" time="0.494" /><testcase classname="tests.test_phase2_consulting.TestSOWChangeRequests" name="test_get_pending_change_requests_as_pm" time="1.129" /><testcase classname="tests.test_phase2_consulting.TestSOWChangeRequests" name="test_get_pending_change_requests_as_admin" time="0.302" /><testcase classname="tests.test_phase2_consulting.TestSOWChangeRequests" name="test_approve_change_request" time="0.260" /><testcase classname="tests.test_phase2_consulting.TestSOWChangeRequests" name="test_create_and_reject_change_request" time="0.628" /><testcase classname="tests.test_phase2_consulting.TestSOWChangeRequests" name="test_reject_nonexistent_request" time="0.292" /><testcase classname="tests.test_phase2_consulting.TestPaymentReminders" name="test_get_payment_reminders_without_auth" time="0.230" /><testcase classname="tests.test_phase2_consulting.TestPaymentReminders" name="test_get_payment_reminders" time="0.473" /><testcase classname="tests.test_phase2_consulting.TestPaymentReminders" name="test_get_project_payment_schedule" time="0.605" /><testcase classname="tests.test_phase2_consulting.TestPaymentReminders" name="test_get_nonexistent_project_payment_schedule" time="0.279" /><testcase classname="tests.test_phase2_consulting.TestSOWChangeRequestFiltering" name="test_filter_by_status" time="0.366" /><testcase classname="tests.test_phase2_consulting.TestSOWChangeRequestFiltering" name="test_filter_by_sow_id" time="0.801" /></testsuite></testsuites>