<?xml version="1.0" encoding="utf-8"?><testsuites name="pytest tests"><testsuite name="pytest" errors="0" failures="0" skipped="0" tests="19" time="6.906" timestamp="2026-03-14T06:19:00.344925+00:00" hostname="agent-env-d7162390-a259-40fc-9243-3f5926b81c6e"><testcase classname="tests.test_enhanced_sow_auth_migration.TestEnhancedSOWAuthMigration" name="test_get_sow_without_auth_returns_401" time="2.759" /><testcase classname="tests.test_enhanced_sow_auth_migration.TestEnhancedSOWAuthMigration" name="test_get_sow_with_admin_auth_returns_data" time="0.959" /><testcase classname="tests.test_enhanced_sow_auth_migration.TestEnhancedSOWAuthMigration" name="test_complete_handover_without_auth_returns_401" time="0.058" /><testcase classname="tests.test_enhanced_sow_auth_migration.TestEnhancedSOWAuthMigration" name="test_add_scope_without_auth_returns_401" time="0.069" /><testcase classname="tests.test_enhanced_sow_auth_migration.TestEnhancedSOWAuthMigration" name="test_update_scope_without_auth_returns_401" time="0.053" /><testcase classname="tests.test_enhanced_sow_auth_migration.TestEnhancedSOWAuthMigration" name="test_list_sows_without_auth_returns_401" time="0.080" /><testcase classname="tests.test_enhanced_sow_auth_migration.TestEnhancedSOWAuthMigration" name="test_list_sows_with_admin_auth_succeeds" time="0.065" /><testcase classname="tests.test_enhanced_sow_auth_migration.TestEnhancedSOWAuthMigration" name="test_get_all_sows_without_auth_returns_401" time="0.053" /><testcase classname="tests.test_enhanced_sow_auth_migration.TestEnhancedSOWAuthMigration" name="test_sales_manager_can_access_sow_list" time="0.703" /><testcase classname="tests.test_enhanced_sow_auth_migration.TestEnhancedSOWAuthMigration" name="test_plain_params_ignored_without_jwt" time="0.065" /><testcase classname="tests.test_enhanced_sow_auth_migration.TestEnhancedSOWEndpointAccess" name="test_roadmap_submit_without_auth_returns_401" time="0.356" /><testcase classname="tests.test_enhanced_sow_auth_migration.TestEnhancedSOWEndpointAccess" name="test_manager_approval_without_auth_returns_401" time="0.232" /><testcase classname="tests.test_enhanced_sow_auth_migration.TestEnhancedSOWEndpointAccess" name="test_variance_report_without_auth_returns_401" time="0.146" /><testcase classname="tests.test_enhanced_sow_auth_migration.TestEnhancedSOWEndpointAccess" name="test_upload_attachment_without_auth_returns_401" time="0.151" /><testcase classname="tests.test_enhanced_sow_auth_migration.TestEnhancedSOWEndpointAccess" name="test_create_scope_task_without_auth_returns_401" time="0.219" /><testcase classname="tests.test_enhanced_sow_auth_migration.TestEnhancedSOWEndpointAccess" name="test_consent_document_upload_without_auth_returns_401" time="0.144" /><testcase classname="tests.test_enhanced_sow_auth_migration.TestEnhancedSOWEndpointAccess" name="test_sow_history_without_auth_returns_401" time="0.200" /><testcase classname="tests.test_enhanced_sow_auth_migration.TestEnhancedSOWEndpointAccess" name="test_project_sow_without_auth_returns_401" time="0.176" /><testcase classname="tests.test_enhanced_sow_auth_migration.TestEnhancedSOWEndpointAccess" name="test_reopen_project_without_auth_returns_401" time="0.136" /></testsuite></testsuites>