<?xml version="1.0" encoding="utf-8"?><testsuites name="pytest tests"><testsuite name="pytest" errors="0" failures="13" skipped="0" tests="42" time="57.101" timestamp="2026-02-20T17:21:12.137524+00:00" hostname="agent-env-15e017c9-8bc1-4cbf-85e9-f73e767b30c3"><testcase classname="tests.test_comprehensive_audit.TestAuthentication" name="test_login_valid_admin" time="1.448" /><testcase classname="tests.test_comprehensive_audit.TestAuthentication" name="test_login_valid_hr_manager" time="1.206" /><testcase classname="tests.test_comprehensive_audit.TestAuthentication" name="test_login_valid_employee" time="0.972" /><testcase classname="tests.test_comprehensive_audit.TestAuthentication" name="test_login_invalid_credentials" time="0.500" /><testcase classname="tests.test_comprehensive_audit.TestAuthentication" name="test_unauthorized_access_without_token" time="0.231" /><testcase classname="tests.test_comprehensive_audit.TestRBAC" name="test_admin_can_access_all_employees" time="1.278" /><testcase classname="tests.test_comprehensive_audit.TestRBAC" name="test_hr_can_access_employees" time="1.368" /><testcase classname="tests.test_comprehensive_audit.TestRBAC" name="test_employee_can_access_employees" time="1.300" /><testcase classname="tests.test_comprehensive_audit.TestRBAC" name="test_admin_can_access_ctc_pending" time="1.154" /><testcase classname="tests.test_comprehensive_audit.TestRBAC" name="test_employee_cannot_access_ctc_pending" time="1.486" /><testcase classname="tests.test_comprehensive_audit.TestRBAC" name="test_hr_can_access_bank_change_requests" time="1.290" /><testcase classname="tests.test_comprehensive_audit.TestRBAC" name="test_employee_cannot_access_bank_change_requests" time="1.313" /><testcase classname="tests.test_comprehensive_audit.TestEmployeeCRUD" name="test_get_employees_list" time="1.394" /><testcase classname="tests.test_comprehensive_audit.TestEmployeeCRUD" name="test_get_managers_list" time="1.250"><failure message="assert 404 == 200&#10; +  where 404 = &lt;Response [404]&gt;.status_code">tests/test_comprehensive_audit.py:159: in test_get_managers_list
    assert response.status_code == 200
E   assert 404 == 200
E    +  where 404 = &lt;Response [404]&gt;.status_code</failure></testcase><testcase classname="tests.test_comprehensive_audit.TestEmployeeCRUD" name="test_get_single_employee" time="1.670" /><testcase classname="tests.test_comprehensive_audit.TestEmployeeCRUD" name="test_create_employee_validates_duplicate_email" time="1.257"><failure message="AssertionError: Expected 400 for duplicate email, got 200&#10;assert 200 == 400&#10; +  where 200 = &lt;Response [200]&gt;.status_code">tests/test_comprehensive_audit.py:192: in test_create_employee_validates_duplicate_email
    assert response.status_code == 400, f"Expected 400 for duplicate email, got {response.status_code}"
E   AssertionError: Expected 400 for duplicate email, got 200
E   assert 200 == 400
E    +  where 200 = &lt;Response [200]&gt;.status_code</failure></testcase><testcase classname="tests.test_comprehensive_audit.TestEmployeeCRUD" name="test_employee_patch_update" time="1.422" /><testcase classname="tests.test_comprehensive_audit.TestCTCStructure" name="test_get_ctc_components" time="1.272"><failure message="AssertionError: Get CTC components failed: {&quot;detail&quot;:&quot;Not Found&quot;}&#10;assert 404 == 200&#10; +  where 404 = &lt;Response [404]&gt;.status_code">tests/test_comprehensive_audit.py:230: in test_get_ctc_components
    assert response.status_code == 200, f"Get CTC components failed: {response.text}"
E   AssertionError: Get CTC components failed: {"detail":"Not Found"}
E   assert 404 == 200
E    +  where 404 = &lt;Response [404]&gt;.status_code</failure></testcase><testcase classname="tests.test_comprehensive_audit.TestCTCStructure" name="test_get_ctc_list" time="1.450"><failure message="AssertionError: Get CTC list failed: {&quot;detail&quot;:&quot;Not Found&quot;}&#10;assert 404 == 200&#10; +  where 404 = &lt;Response [404]&gt;.status_code">tests/test_comprehensive_audit.py:239: in test_get_ctc_list
    assert response.status_code == 200, f"Get CTC list failed: {response.text}"
E   AssertionError: Get CTC list failed: {"detail":"Not Found"}
E   assert 404 == 200
E    +  where 404 = &lt;Response [404]&gt;.status_code</failure></testcase><testcase classname="tests.test_comprehensive_audit.TestCTCStructure" name="test_calculate_ctc_breakdown" time="1.261"><failure message="AssertionError: CTC calculation failed: {&quot;detail&quot;:&quot;Not Found&quot;}&#10;assert 404 == 200&#10; +  where 404 = &lt;Response [404]&gt;.status_code">tests/test_comprehensive_audit.py:255: in test_calculate_ctc_breakdown
    assert response.status_code == 200, f"CTC calculation failed: {response.text}"
E   AssertionError: CTC calculation failed: {"detail":"Not Found"}
E   assert 404 == 200
E    +  where 404 = &lt;Response [404]&gt;.status_code</failure></testcase><testcase classname="tests.test_comprehensive_audit.TestLeaveManagement" name="test_get_leave_types" time="1.340"><failure message="AssertionError: Get leave types failed: {&quot;detail&quot;:&quot;Not Found&quot;}&#10;assert 404 == 200&#10; +  where 404 = &lt;Response [404]&gt;.status_code">tests/test_comprehensive_audit.py:278: in test_get_leave_types
    assert response.status_code == 200, f"Get leave types failed: {response.text}"
E   AssertionError: Get leave types failed: {"detail":"Not Found"}
E   assert 404 == 200
E    +  where 404 = &lt;Response [404]&gt;.status_code</failure></testcase><testcase classname="tests.test_comprehensive_audit.TestLeaveManagement" name="test_get_leave_balance" time="1.459"><failure message="AssertionError: Get leave balance failed: {&quot;detail&quot;:&quot;Not Found&quot;}&#10;assert 404 == 200&#10; +  where 404 = &lt;Response [404]&gt;.status_code">tests/test_comprehensive_audit.py:285: in test_get_leave_balance
    assert response.status_code == 200, f"Get leave balance failed: {response.text}"
E   AssertionError: Get leave balance failed: {"detail":"Not Found"}
E   assert 404 == 200
E    +  where 404 = &lt;Response [404]&gt;.status_code</failure></testcase><testcase classname="tests.test_comprehensive_audit.TestLeaveManagement" name="test_get_pending_leave_requests" time="1.246" /><testcase classname="tests.test_comprehensive_audit.TestExpenseManagement" name="test_get_expense_categories" time="1.195"><failure message="AssertionError: Get expense categories failed: {&quot;detail&quot;:&quot;Not Found&quot;}&#10;assert 404 == 200&#10; +  where 404 = &lt;Response [404]&gt;.status_code">tests/test_comprehensive_audit.py:313: in test_get_expense_categories
    assert response.status_code == 200, f"Get expense categories failed: {response.text}"
E   AssertionError: Get expense categories failed: {"detail":"Not Found"}
E   assert 404 == 200
E    +  where 404 = &lt;Response [404]&gt;.status_code</failure></testcase><testcase classname="tests.test_comprehensive_audit.TestExpenseManagement" name="test_get_pending_expenses" time="1.496" /><testcase classname="tests.test_comprehensive_audit.TestAttendance" name="test_get_my_attendance" time="1.349"><failure message="AssertionError: Get my attendance failed: {&quot;detail&quot;:&quot;Not Found&quot;}&#10;assert 404 == 200&#10; +  where 404 = &lt;Response [404]&gt;.status_code">tests/test_comprehensive_audit.py:341: in test_get_my_attendance
    assert response.status_code == 200, f"Get my attendance failed: {response.text}"
E   AssertionError: Get my attendance failed: {"detail":"Not Found"}
E   assert 404 == 200
E    +  where 404 = &lt;Response [404]&gt;.status_code</failure></testcase><testcase classname="tests.test_comprehensive_audit.TestAttendance" name="test_get_attendance_summary" time="1.275" /><testcase classname="tests.test_comprehensive_audit.TestAttendance" name="test_get_pending_attendance_approvals" time="1.499" /><testcase classname="tests.test_comprehensive_audit.TestGoLiveWorkflow" name="test_get_go_live_dashboard" time="1.242"><failure message="AssertionError: Go-Live dashboard failed: {&quot;detail&quot;:&quot;Employee not found&quot;}&#10;assert 404 == 200&#10; +  where 404 = &lt;Response [404]&gt;.status_code">tests/test_comprehensive_audit.py:377: in test_get_go_live_dashboard
    assert response.status_code == 200, f"Go-Live dashboard failed: {response.text}"
E   AssertionError: Go-Live dashboard failed: {"detail":"Employee not found"}
E   assert 404 == 200
E    +  where 404 = &lt;Response [404]&gt;.status_code</failure></testcase><testcase classname="tests.test_comprehensive_audit.TestGoLiveWorkflow" name="test_get_go_live_employees" time="1.349" /><testcase classname="tests.test_comprehensive_audit.TestNotifications" name="test_get_unread_count" time="1.096" /><testcase classname="tests.test_comprehensive_audit.TestNotifications" name="test_get_notifications_list" time="1.310" /><testcase classname="tests.test_comprehensive_audit.TestApprovals" name="test_admin_can_access_ctc_pending_approvals" time="1.445" /><testcase classname="tests.test_comprehensive_audit.TestApprovals" name="test_hr_can_access_leave_requests" time="2.061" /><testcase classname="tests.test_comprehensive_audit.TestModificationRequests" name="test_get_pending_modification_requests" time="2.046" /><testcase classname="tests.test_comprehensive_audit.TestFormValidation" name="test_create_employee_missing_required_fields" time="1.495" /><testcase classname="tests.test_comprehensive_audit.TestFormValidation" name="test_invalid_email_format" time="1.430"><failure message="AssertionError: Expected 400/422, got 200&#10;assert 200 in [400, 422]&#10; +  where 200 = &lt;Response [200]&gt;.status_code">tests/test_comprehensive_audit.py:496: in test_invalid_email_format
    assert response.status_code in [400, 422], f"Expected 400/422, got {response.status_code}"
E   AssertionError: Expected 400/422, got 200
E   assert 200 in [400, 422]
E    +  where 200 = &lt;Response [200]&gt;.status_code</failure></testcase><testcase classname="tests.test_comprehensive_audit.TestDataIntegrity" name="test_employee_count_consistency" time="1.975"><failure message="assert 404 == 200&#10; +  where 404 = &lt;Response [404]&gt;.status_code">tests/test_comprehensive_audit.py:518: in test_employee_count_consistency
    assert response2.status_code == 200
E   assert 404 == 200
E    +  where 404 = &lt;Response [404]&gt;.status_code</failure></testcase><testcase classname="tests.test_comprehensive_audit.TestDepartments" name="test_get_departments" time="1.329"><failure message="AssertionError: Get departments failed: {&quot;detail&quot;:&quot;Not Found&quot;}&#10;assert 404 == 200&#10; +  where 404 = &lt;Response [404]&gt;.status_code">tests/test_comprehensive_audit.py:538: in test_get_departments
    assert response.status_code == 200, f"Get departments failed: {response.text}"
E   AssertionError: Get departments failed: {"detail":"Not Found"}
E   assert 404 == 200
E    +  where 404 = &lt;Response [404]&gt;.status_code</failure></testcase><testcase classname="tests.test_comprehensive_audit.TestUsers" name="test_get_users_list" time="1.153" /><testcase classname="tests.test_comprehensive_audit.TestUsers" name="test_get_current_user" time="1.187" /><testcase classname="tests.test_comprehensive_audit.TestKickoffMeetings" name="test_get_kickoff_meetings" time="1.148" /></testsuite></testsuites>