<?xml version="1.0" encoding="utf-8"?><testsuites name="pytest tests"><testsuite name="pytest" errors="0" failures="1" skipped="0" tests="9" time="10.557" timestamp="2026-02-24T16:33:55.263284+00:00" hostname="agent-env-5471a7d7-2a53-489e-9e22-9a42404b58f3"><testcase classname="tests.test_onboarding_references.TestOnboardingReferences" name="test_01_send_invite_and_get_token" time="1.733" /><testcase classname="tests.test_onboarding_references.TestOnboardingReferences" name="test_02_get_public_submission_structure" time="0.735" /><testcase classname="tests.test_onboarding_references.TestOnboardingReferences" name="test_03_save_professional_reference" time="0.830" /><testcase classname="tests.test_onboarding_references.TestOnboardingReferences" name="test_04_save_personal_reference" time="0.817" /><testcase classname="tests.test_onboarding_references.TestOnboardingReferences" name="test_05_save_both_references_together" time="0.877" /><testcase classname="tests.test_onboarding_references.TestOnboardingReferences" name="test_06_submit_with_references" time="1.911" /><testcase classname="tests.test_onboarding_references.TestOnboardingReferences" name="test_07_progress_includes_references" time="0.753" /><testcase classname="tests.test_onboarding_references.TestOnboardingReferences" name="test_08_validate_submission_includes_references" time="0.649" /><testcase classname="tests.test_onboarding_references.TestCompanyNameBranding" name="test_01_backend_declaration_text" time="2.084"><failure message="assert 409 == 200&#10; +  where 409 = &lt;Response [409]&gt;.status_code">backend/tests/test_onboarding_references.py:437: in test_01_backend_declaration_text
    assert submit_response.status_code == 200
E   assert 409 == 200
E    +  where 409 = &lt;Response [409]&gt;.status_code</failure></testcase></testsuite></testsuites>