<?xml version="1.0" encoding="utf-8"?><testsuites name="pytest tests"><testsuite name="pytest" errors="0" failures="0" skipped="0" tests="11" time="4.110" timestamp="2026-02-20T06:09:54.498607+00:00" hostname="agent-env-2de78fd1-8f9d-4b90-ba7c-87d08b20c4f6"><testcase classname="tests.test_leads_data_scoping.TestLeadsDataScoping" name="test_admin_login" time="0.584" /><testcase classname="tests.test_leads_data_scoping.TestLeadsDataScoping" name="test_rahul_login" time="0.487" /><testcase classname="tests.test_leads_data_scoping.TestLeadsDataScoping" name="test_dhamresh_login" time="0.494" /><testcase classname="tests.test_leads_data_scoping.TestLeadsDataScoping" name="test_admin_sees_all_leads" time="0.145" /><testcase classname="tests.test_leads_data_scoping.TestLeadsDataScoping" name="test_rahul_sees_only_own_leads" time="0.171" /><testcase classname="tests.test_leads_data_scoping.TestLeadsDataScoping" name="test_dhamresh_sees_team_leads" time="0.319" /><testcase classname="tests.test_leads_data_scoping.TestSingleLeadAccess" name="test_admin_can_access_any_lead" time="0.351" /><testcase classname="tests.test_leads_data_scoping.TestSingleLeadAccess" name="test_rahul_can_access_own_lead" time="0.327" /><testcase classname="tests.test_leads_data_scoping.TestSingleLeadAccess" name="test_dhamresh_can_access_reportee_lead" time="0.297" /><testcase classname="tests.test_leads_data_scoping.TestSingleLeadAccess" name="test_rahul_cannot_access_other_leads" time="0.516" /><testcase classname="tests.test_leads_data_scoping.TestVerifyHierarchy" name="test_verify_rahul_reports_to_dhamresh" time="0.265" /></testsuite></testsuites>