<?xml version="1.0" encoding="utf-8"?><testsuites name="pytest tests"><testsuite name="pytest" errors="0" failures="2" skipped="0" tests="16" time="15.033" timestamp="2026-02-22T21:08:04.721823+00:00" hostname="agent-env-619204b0-362a-4b6b-953d-4735b9dcd28e"><testcase classname="tests.test_sales_funnel_complete_e2e.TestAuthEndpoints" name="test_login_sales_executive" time="0.941" /><testcase classname="tests.test_sales_funnel_complete_e2e.TestAuthEndpoints" name="test_login_admin" time="0.640" /><testcase classname="tests.test_sales_funnel_complete_e2e.TestLeadsCRUD" name="test_get_leads_list" time="0.984" /><testcase classname="tests.test_sales_funnel_complete_e2e.TestLeadsCRUD" name="test_create_lead" time="0.744" /><testcase classname="tests.test_sales_funnel_complete_e2e.TestLeadsCRUD" name="test_get_single_lead" time="0.890" /><testcase classname="tests.test_sales_funnel_complete_e2e.TestLeadsCRUD" name="test_update_lead_status" time="0.988" /><testcase classname="tests.test_sales_funnel_complete_e2e.TestFunnelProgress" name="test_funnel_progress_endpoint_exists" time="0.900" /><testcase classname="tests.test_sales_funnel_complete_e2e.TestFunnelProgress" name="test_funnel_progress_for_specific_lead" time="1.104" /><testcase classname="tests.test_sales_funnel_complete_e2e.TestLeadStage" name="test_get_lead_stage" time="1.036" /><testcase classname="tests.test_sales_funnel_complete_e2e.TestKickoffApprovals" name="test_get_pending_kickoff_approvals_admin" time="0.756"><failure message="AssertionError: assert False&#10; +  where False = isinstance({'requests': [{'agreement_id': None, 'assigned_consultant_id': 'dbbd3111-86ce-421e-8f89-a54b1647aee9', 'consultant_name': 'Principal Consultant', 'consultant_role': 'principal_consultant', ...}, {'agreement_id': None, 'assigned_consultant_id': 'dbbd3111-86ce-421e-8f89-a54b1647aee9', 'consultant_name': 'Principal Consultant', 'consultant_role': 'principal_consultant', ...}, {'agreement_id': None, 'assigned_consultant_id': 'dbbd3111-86ce-421e-8f89-a54b1647aee9', 'consultant_name': 'Principal Consultant', 'consultant_role': 'principal_consultant', ...}, {'agreement_id': None, 'assigned_consultant_id': 'dbbd3111-86ce-421e-8f89-a54b1647aee9', 'consultant_name': 'Principal Consultant', 'consultant_role': 'principal_consultant', ...}, {'agreement_id': 'test-agreement-e68bd079', 'assigned_consultant_id': 'dbbd3111-86ce-421e-8f89-a54b1647aee9', 'consultant_name': 'Principal Consultant', 'consultant_role': 'principal_consultant', ...}]}, list)">backend/tests/test_sales_funnel_complete_e2e.py:270: in test_get_pending_kickoff_approvals_admin
    assert isinstance(data, list)
E   AssertionError: assert False
E    +  where False = isinstance({'requests': [{'agreement_id': None, 'assigned_consultant_id': 'dbbd3111-86ce-421e-8f89-a54b1647aee9', 'consultant_name': 'Principal Consultant', 'consultant_role': 'principal_consultant', ...}, {'agreement_id': None, 'assigned_consultant_id': 'dbbd3111-86ce-421e-8f89-a54b1647aee9', 'consultant_name': 'Principal Consultant', 'consultant_role': 'principal_consultant', ...}, {'agreement_id': None, 'assigned_consultant_id': 'dbbd3111-86ce-421e-8f89-a54b1647aee9', 'consultant_name': 'Principal Consultant', 'consultant_role': 'principal_consultant', ...}, {'agreement_id': None, 'assigned_consultant_id': 'dbbd3111-86ce-421e-8f89-a54b1647aee9', 'consultant_name': 'Principal Consultant', 'consultant_role': 'principal_consultant', ...}, {'agreement_id': 'test-agreement-e68bd079', 'assigned_consultant_id': 'dbbd3111-86ce-421e-8f89-a54b1647aee9', 'consultant_name': 'Principal Consultant', 'consultant_role': 'principal_consultant', ...}]}, list)</failure></testcase><testcase classname="tests.test_sales_funnel_complete_e2e.TestKickoffApprovals" name="test_non_admin_denied_kickoff_approvals" time="0.805" /><testcase classname="tests.test_sales_funnel_complete_e2e.TestDashboardStats" name="test_dashboard_stats" time="1.009" /><testcase classname="tests.test_sales_funnel_complete_e2e.TestSalesFunnelEndpoints" name="test_get_consulting_team" time="0.991"><failure message="AssertionError: assert False&#10; +  where False = isinstance({'consultants': [{'email': 'principal@dvbc.com', 'full_name': 'Principal Consultant', 'id': 'dbbd3111-86ce-421e-8f89-a54b1647aee9', 'role': 'principal_consultant'}, {'email': 'senior.consultant@dvbc.com', 'full_name': 'Senior Consultant', 'id': '3d06a46d-5ceb-4418-a447-b8b44a69b2eb', 'role': 'senior_consultant'}, {'email': 'parth@dvbc.com', 'full_name': 'Parth Gohel', 'id': '2e8450c9-df0d-4ac4-8659-5f402f1056bd', 'role': 'senior_consultant'}], 'total': 3}, list)">backend/tests/test_sales_funnel_complete_e2e.py:327: in test_get_consulting_team
    assert isinstance(data, list)
E   AssertionError: assert False
E    +  where False = isinstance({'consultants': [{'email': 'principal@dvbc.com', 'full_name': 'Principal Consultant', 'id': 'dbbd3111-86ce-421e-8f89-a54b1647aee9', 'role': 'principal_consultant'}, {'email': 'senior.consultant@dvbc.com', 'full_name': 'Senior Consultant', 'id': '3d06a46d-5ceb-4418-a447-b8b44a69b2eb', 'role': 'senior_consultant'}, {'email': 'parth@dvbc.com', 'full_name': 'Parth Gohel', 'id': '2e8450c9-df0d-4ac4-8659-5f402f1056bd', 'role': 'senior_consultant'}], 'total': 3}, list)</failure></testcase><testcase classname="tests.test_sales_funnel_complete_e2e.TestPricingQuotationsAgreements" name="test_get_pricing_plans" time="0.886" /><testcase classname="tests.test_sales_funnel_complete_e2e.TestPricingQuotationsAgreements" name="test_get_quotations" time="1.073" /><testcase classname="tests.test_sales_funnel_complete_e2e.TestPricingQuotationsAgreements" name="test_get_agreements" time="0.835" /></testsuite></testsuites>