<?xml version="1.0" encoding="utf-8"?><testsuites name="pytest tests"><testsuite name="pytest" errors="0" failures="0" skipped="0" tests="14" time="6.516" timestamp="2026-02-18T17:40:12.213411+00:00" hostname="agent-env-524f4d70-6e06-4c88-8f49-6ea0a634019a"><testcase classname="tests.test_consultant_lifecycle.TestConsultantLifecycle" name="test_get_employees_consultants" time="1.284" /><testcase classname="tests.test_consultant_lifecycle.TestConsultantLifecycle" name="test_get_users_with_consultant_role" time="0.207" /><testcase classname="tests.test_consultant_lifecycle.TestConsultantLifecycle" name="test_get_test_project" time="0.429" /><testcase classname="tests.test_consultant_lifecycle.TestConsultantLifecycle" name="test_assign_consultant_to_project" time="0.501" /><testcase classname="tests.test_consultant_lifecycle.TestConsultantLifecycle" name="test_consultant_my_projects_endpoint" time="0.685" /><testcase classname="tests.test_consultant_lifecycle.TestConsultantLifecycle" name="test_consultant_project_access" time="0.556" /><testcase classname="tests.test_consultant_lifecycle.TestConsultantLifecycle" name="test_timesheets_endpoint_requires_week_start" time="0.368" /><testcase classname="tests.test_consultant_lifecycle.TestConsultantLifecycle" name="test_timesheets_with_week_start" time="0.157" /><testcase classname="tests.test_consultant_lifecycle.TestConsultantLifecycle" name="test_create_timesheet" time="0.298" /><testcase classname="tests.test_consultant_lifecycle.TestConsultantLifecycle" name="test_enhanced_sow_list_consulting" time="0.188" /><testcase classname="tests.test_consultant_lifecycle.TestConsultantLifecycle" name="test_enhanced_sow_list_all" time="0.180" /><testcase classname="tests.test_consultant_lifecycle.TestConsultantLifecycle" name="test_kickoff_requests" time="0.242" /><testcase classname="tests.test_consultant_lifecycle.TestConsultantLifecycle" name="test_get_all_projects" time="0.179" /><testcase classname="tests.test_consultant_lifecycle.TestAssignTeamPageAPIs" name="test_assign_team_dependencies" time="1.044" /></testsuite></testsuites>