<?xml version="1.0" encoding="utf-8"?><testsuites name="pytest tests"><testsuite name="pytest" errors="8" failures="3" skipped="1" tests="14" time="7.460" timestamp="2026-02-22T19:49:48.715364+00:00" hostname="agent-env-619204b0-362a-4b6b-953d-4735b9dcd28e"><testcase classname="tests.test_unified_approvals.TestAuthAndSetup" name="test_admin_login" time="0.734"><failure message="AssertionError: assert 'token' in {'access_token': 'eyJhbGciOiJIUzI1NiIsInR5cCI6IkpXVCJ9.eyJzdWIiOiJhZG1pbkBkdmJjLmNvbSIsImV4cCI6MTc3NDM4MTc4OX0.83e-bUE5iQbSblYOnIiRagFlaH1_vjh_2UOGzR8KlsA', 'token_type': 'bearer', 'user': {'created_at': '2026-02-22T18:12:05.959120Z', 'department': 'Admin', 'designation': None, 'email': 'admin@dvbc.com', ...}}">backend/tests/test_unified_approvals.py:26: in test_admin_login
    assert "token" in data
E   AssertionError: assert 'token' in {'access_token': 'eyJhbGciOiJIUzI1NiIsInR5cCI6IkpXVCJ9.eyJzdWIiOiJhZG1pbkBkdmJjLmNvbSIsImV4cCI6MTc3NDM4MTc4OX0.83e-bUE5iQbSblYOnIiRagFlaH1_vjh_2UOGzR8KlsA', 'token_type': 'bearer', 'user': {'created_at': '2026-02-22T18:12:05.959120Z', 'department': 'Admin', 'designation': None, 'email': 'admin@dvbc.com', ...}}</failure></testcase><testcase classname="tests.test_unified_approvals.TestAuthAndSetup" name="test_sales_exec_login" time="0.512"><failure message="AssertionError: assert 'token' in {'access_token': 'eyJhbGciOiJIUzI1NiIsInR5cCI6IkpXVCJ9.eyJzdWIiOiJzYWxlcy5leGVjMUBkdmJjLmNvbSIsImV4cCI6MTc3NDM4MTc5MH0.aypWe-12rVwGVGkrUYyNTtU0uHYkpIKUUCsYwPwQRWA', 'token_type': 'bearer', 'user': {'created_at': '2026-02-22T18:12:08.974840Z', 'department': 'Sales', 'designation': None, 'email': 'sales.exec1@dvbc.com', ...}}">backend/tests/test_unified_approvals.py:35: in test_sales_exec_login
    assert "token" in data
E   AssertionError: assert 'token' in {'access_token': 'eyJhbGciOiJIUzI1NiIsInR5cCI6IkpXVCJ9.eyJzdWIiOiJzYWxlcy5leGVjMUBkdmJjLmNvbSIsImV4cCI6MTc3NDM4MTc5MH0.aypWe-12rVwGVGkrUYyNTtU0uHYkpIKUUCsYwPwQRWA', 'token_type': 'bearer', 'user': {'created_at': '2026-02-22T18:12:08.974840Z', 'department': 'Sales', 'designation': None, 'email': 'sales.exec1@dvbc.com', ...}}</failure></testcase><testcase classname="tests.test_unified_approvals.TestAuthAndSetup" name="test_hr_manager_login" time="0.556"><failure message="AssertionError: HR Manager login failed: {&quot;detail&quot;:&quot;Invalid Employee ID or password&quot;}&#10;assert 401 == 200&#10; +  where 401 = &lt;Response [401]&gt;.status_code">backend/tests/test_unified_approvals.py:41: in test_hr_manager_login
    assert response.status_code == 200, f"HR Manager login failed: {response.text}"
E   AssertionError: HR Manager login failed: {"detail":"Invalid Employee ID or password"}
E   assert 401 == 200
E    +  where 401 = &lt;Response [401]&gt;.status_code</failure></testcase><testcase classname="tests.test_unified_approvals.TestExpenseApprovalsAPI" name="test_pending_approvals_endpoint_admin" time="0.515"><error message="failed on setup with &quot;KeyError: 'token'&quot;">backend/tests/test_unified_approvals.py:55: in admin_token
    return response.json()["token"]
           ^^^^^^^^^^^^^^^^^^^^^^^^
E   KeyError: 'token'</error></testcase><testcase classname="tests.test_unified_approvals.TestExpenseApprovalsAPI" name="test_pending_approvals_endpoint_hr" time="0.756"><skipped type="pytest.skip" message="HR Manager login failed">/app/backend/tests/test_unified_approvals.py:80: HR Manager login failed</skipped></testcase><testcase classname="tests.test_unified_approvals.TestExpenseApprovalsAPI" name="test_expenses_list_endpoint" time="0.568"><error message="failed on setup with &quot;KeyError: 'token'&quot;">backend/tests/test_unified_approvals.py:55: in admin_token
    return response.json()["token"]
           ^^^^^^^^^^^^^^^^^^^^^^^^
E   KeyError: 'token'</error></testcase><testcase classname="tests.test_unified_approvals.TestExpenseApprovalsAPI" name="test_expense_categories" time="0.558"><error message="failed on setup with &quot;KeyError: 'token'&quot;">backend/tests/test_unified_approvals.py:55: in admin_token
    return response.json()["token"]
           ^^^^^^^^^^^^^^^^^^^^^^^^
E   KeyError: 'token'</error></testcase><testcase classname="tests.test_unified_approvals.TestKickoffApprovalsAPI" name="test_pending_kickoff_approvals_admin" time="0.505"><error message="failed on setup with &quot;KeyError: 'token'&quot;">backend/tests/test_unified_approvals.py:117: in admin_token
    return response.json()["token"]
           ^^^^^^^^^^^^^^^^^^^^^^^^
E   KeyError: 'token'</error></testcase><testcase classname="tests.test_unified_approvals.TestKickoffApprovalsAPI" name="test_pending_kickoff_denied_for_sales_exec" time="0.557"><error message="failed on setup with &quot;KeyError: 'token'&quot;">backend/tests/test_unified_approvals.py:124: in sales_token
    return response.json()["token"]
           ^^^^^^^^^^^^^^^^^^^^^^^^
E   KeyError: 'token'</error></testcase><testcase classname="tests.test_unified_approvals.TestApprovalsAggregation" name="test_all_pending_approvals_accessible" time="0.521"><error message="failed on setup with &quot;KeyError: 'token'&quot;">backend/tests/test_unified_approvals.py:152: in admin_token
    return response.json()["token"]
           ^^^^^^^^^^^^^^^^^^^^^^^^
E   KeyError: 'token'</error></testcase><testcase classname="tests.test_unified_approvals.TestExpenseApprovalFlow" name="test_create_expense_as_employee" time="0.510"><error message="failed on setup with &quot;KeyError: 'token'&quot;">backend/tests/test_unified_approvals.py:207: in sales_token
    return response.json()["token"]
           ^^^^^^^^^^^^^^^^^^^^^^^^
E   KeyError: 'token'</error></testcase><testcase classname="tests.test_unified_approvals.TestExpenseApprovalFlow" name="test_expense_approve_requires_auth" time="0.241" /><testcase classname="tests.test_unified_approvals.TestExpenseApprovalFlow" name="test_expense_reject_requires_reason" time="0.588"><error message="failed on setup with &quot;KeyError: 'token'&quot;">backend/tests/test_unified_approvals.py:200: in admin_token
    return response.json()["token"]
           ^^^^^^^^^^^^^^^^^^^^^^^^
E   KeyError: 'token'</error></testcase><testcase classname="tests.test_unified_approvals.TestRouteRedirects" name="test_expense_approvals_route_defined_in_app" time="0.001" /></testsuite></testsuites>