<?xml version="1.0" encoding="utf-8"?><testsuites name="pytest tests"><testsuite name="pytest" errors="0" failures="0" skipped="0" tests="9" time="3.788" timestamp="2026-03-25T04:23:15.710764+00:00" hostname="agent-env-e015961e-9d06-470e-a23e-f25be0d14024"><testcase classname="tests.test_sales_table_migration.TestAgreementsAPI" name="test_agreements_returns_paginated_response" time="1.197" /><testcase classname="tests.test_sales_table_migration.TestAgreementsAPI" name="test_agreements_pagination_params" time="0.205" /><testcase classname="tests.test_sales_table_migration.TestAgreementsAPI" name="test_agreements_sorting" time="0.161" /><testcase classname="tests.test_sales_table_migration.TestEnhancedSOWListAPI" name="test_sow_list_returns_paginated_response" time="0.336" /><testcase classname="tests.test_sales_table_migration.TestEnhancedSOWListAPI" name="test_sow_list_pagination_params" time="0.182" /><testcase classname="tests.test_sales_table_migration.TestEnhancedSOWListAPI" name="test_sow_list_role_filter" time="0.201" /><testcase classname="tests.test_sales_table_migration.TestQuotationsAPI" name="test_quotations_returns_data" time="0.260" /><testcase classname="tests.test_sales_table_migration.TestHealthCheck" name="test_api_accessible" time="0.224" /><testcase classname="tests.test_sales_table_migration.TestHealthCheck" name="test_login_works" time="0.811" /></testsuite></testsuites>