<?xml version="1.0" encoding="utf-8"?><testsuites name="pytest tests"><testsuite name="pytest" errors="0" failures="0" skipped="0" tests="13" time="18.492" timestamp="2026-03-25T18:52:43.544851+00:00" hostname="agent-env-559fecf4-0f5e-4e57-bc46-a14f965038b7"><testcase classname="tests.test_sow_delivery_ai_proofs.TestProjectSOWRetrieval" name="test_get_project_sow" time="8.806" /><testcase classname="tests.test_sow_delivery_ai_proofs.TestProjectSOWRetrieval" name="test_project_sow_scopes_structure" time="0.222" /><testcase classname="tests.test_sow_delivery_ai_proofs.TestAITaskGeneration" name="test_ai_generate_tasks_success" time="6.288" /><testcase classname="tests.test_sow_delivery_ai_proofs.TestAITaskGeneration" name="test_ai_generated_tasks_have_flag" time="0.185" /><testcase classname="tests.test_sow_delivery_ai_proofs.TestProofUpload" name="test_storage_upload" time="0.298" /><testcase classname="tests.test_sow_delivery_ai_proofs.TestProofUpload" name="test_task_proof_registration" time="0.555" /><testcase classname="tests.test_sow_delivery_ai_proofs.TestProofUpload" name="test_sow_level_proof_registration" time="0.458" /><testcase classname="tests.test_sow_delivery_ai_proofs.TestProofRetrieval" name="test_sow_proofs_in_response" time="0.140" /><testcase classname="tests.test_sow_delivery_ai_proofs.TestProofRetrieval" name="test_task_proofs_attached" time="0.136" /><testcase classname="tests.test_sow_delivery_ai_proofs.TestProofRetrieval" name="test_get_proofs_by_entity" time="0.144" /><testcase classname="tests.test_sow_delivery_ai_proofs.TestManualTaskCreation" name="test_create_manual_task" time="0.257" /><testcase classname="tests.test_sow_delivery_ai_proofs.TestManualTaskCreation" name="test_manual_task_not_ai_generated" time="0.482" /><testcase classname="tests.test_sow_delivery_ai_proofs.TestScopeStatusUpdate" name="test_update_scope_status" time="0.353" /></testsuite></testsuites>