<?xml version="1.0" encoding="utf-8"?><testsuites name="pytest tests"><testsuite name="pytest" errors="0" failures="0" skipped="0" tests="11" time="25.260" timestamp="2026-03-24T05:34:28.862481+00:00" hostname="agent-env-f089f21d-3dc5-4332-b6b5-fa919492792c"><testcase classname="tests.test_e2e_penalty_flow.TestE2EPenaltyFlow" name="test_01_create_late_arrival_attendance" time="10.639" /><testcase classname="tests.test_e2e_penalty_flow.TestE2EPenaltyFlow" name="test_02_auto_validate_attendance" time="1.356" /><testcase classname="tests.test_e2e_penalty_flow.TestE2EPenaltyFlow" name="test_03_apply_penalties" time="1.340" /><testcase classname="tests.test_e2e_penalty_flow.TestE2EPenaltyFlow" name="test_04_verify_penalties_stored" time="1.170" /><testcase classname="tests.test_e2e_penalty_flow.TestE2EPenaltyFlow" name="test_05_payroll_simulation_shows_penalty" time="1.525" /><testcase classname="tests.test_e2e_penalty_flow.TestE2EPenaltyFlow" name="test_06_verify_penalty_calculation" time="1.704" /><testcase classname="tests.test_e2e_penalty_flow.TestPenaltyFlowEdgeCases" name="test_auto_validate_without_month" time="1.556" /><testcase classname="tests.test_e2e_penalty_flow.TestPenaltyFlowEdgeCases" name="test_apply_penalties_empty_list" time="1.217" /><testcase classname="tests.test_e2e_penalty_flow.TestPenaltyFlowEdgeCases" name="test_apply_penalties_missing_month" time="1.492" /><testcase classname="tests.test_e2e_penalty_flow.TestPayrollPenaltyIntegration" name="test_payroll_simulation_deduction_sources" time="1.346" /><testcase classname="tests.test_e2e_penalty_flow.TestPayrollPenaltyIntegration" name="test_payroll_simulation_calculation_log" time="1.040" /></testsuite></testsuites>