<?xml version="1.0" encoding="utf-8"?><testsuites name="pytest tests"><testsuite name="pytest" errors="0" failures="2" skipped="4" tests="33" time="14.617" timestamp="2026-02-22T18:14:52.640777+00:00" hostname="agent-env-bc1134ec-e57f-4bcf-8bf8-e7b31783ed09"><testcase classname="tests.test_new_features_50.TestPermissionSystem" name="test_get_all_features_admin_only" time="1.692" /><testcase classname="tests.test_new_features_50.TestPermissionSystem" name="test_get_all_features_denied_non_admin" time="0.984" /><testcase classname="tests.test_new_features_50.TestPermissionSystem" name="test_get_my_permissions" time="0.194" /><testcase classname="tests.test_new_features_50.TestPermissionSystem" name="test_sales_executive_permissions" time="0.284" /><testcase classname="tests.test_new_features_50.TestPermissionSystem" name="test_get_employee_permissions" time="0.466" /><testcase classname="tests.test_new_features_50.TestMyAPI" name="test_my_dashboard_stats" time="0.284" /><testcase classname="tests.test_new_features_50.TestMyAPI" name="test_my_leads" time="0.362" /><testcase classname="tests.test_new_features_50.TestMyAPI" name="test_my_attendance" time="0.991" /><testcase classname="tests.test_new_features_50.TestMyAPI" name="test_my_leaves" time="0.352" /><testcase classname="tests.test_new_features_50.TestMyAPI" name="test_my_expenses" time="0.254" /><testcase classname="tests.test_new_features_50.TestMyAPI" name="test_my_timesheets" time="0.224" /><testcase classname="tests.test_new_features_50.TestMyAPI" name="test_my_projects" time="0.282" /><testcase classname="tests.test_new_features_50.TestMyAPI" name="test_my_profile" time="0.245" /><testcase classname="tests.test_new_features_50.TestManagerAPI" name="test_manager_team" time="1.001" /><testcase classname="tests.test_new_features_50.TestManagerAPI" name="test_manager_team_leads" time="0.276" /><testcase classname="tests.test_new_features_50.TestManagerAPI" name="test_manager_pending_approvals" time="0.472" /><testcase classname="tests.test_new_features_50.TestManagerAPI" name="test_manager_access_denied_non_manager" time="0.338" /><testcase classname="tests.test_new_features_50.TestManagerAPI" name="test_manager_team_pipeline" time="0.373" /><testcase classname="tests.test_new_features_50.TestSalesFunnelLogic" name="test_stage_status" time="0.245"><skipped type="pytest.skip" message="Could not get leads for test">/app/backend/tests/test_new_features_50.py:324: Could not get leads for test</skipped></testcase><testcase classname="tests.test_new_features_50.TestSalesFunnelLogic" name="test_resume_stage" time="0.249"><skipped type="pytest.skip" message="Could not get leads">/app/backend/tests/test_new_features_50.py:354: Could not get leads</skipped></testcase><testcase classname="tests.test_new_features_50.TestSalesFunnelLogic" name="test_request_approval" time="0.536" /><testcase classname="tests.test_new_features_50.TestSalesFunnelLogic" name="test_kickoff_status" time="0.278"><skipped type="pytest.skip" message="Could not get leads">/app/backend/tests/test_new_features_50.py:417: Could not get leads</skipped></testcase><testcase classname="tests.test_new_features_50.TestSalesFunnelLogic" name="test_renew_deal" time="0.300"><skipped type="pytest.skip" message="Could not get leads">/app/backend/tests/test_new_features_50.py:447: Could not get leads</skipped></testcase><testcase classname="tests.test_new_features_50.TestSalesFunnelLogic" name="test_send_consent_request" time="0.561" /><testcase classname="tests.test_new_features_50.TestAuditLogging" name="test_audit_summary" time="0.259" /><testcase classname="tests.test_new_features_50.TestAuditLogging" name="test_audit_logs" time="0.306" /><testcase classname="tests.test_new_features_50.TestAuditLogging" name="test_audit_security" time="0.290" /><testcase classname="tests.test_new_features_50.TestAuditLogging" name="test_audit_access_denied_non_admin" time="0.255" /><testcase classname="tests.test_new_features_50.TestSecurityAccessControl" name="test_agreements_blocked_for_non_sales" time="0.306" /><testcase classname="tests.test_new_features_50.TestSecurityAccessControl" name="test_leads_access_for_sales_roles" time="0.329"><failure message="AssertionError: Sales executive should access leads: 520&#10;assert 520 == 200&#10; +  where 520 = &lt;Response [520]&gt;.status_code">backend/tests/test_new_features_50.py:601: in test_leads_access_for_sales_roles
    assert response.status_code == 200, f"Sales executive should access leads: {response.status_code}"
E   AssertionError: Sales executive should access leads: 520
E   assert 520 == 200
E    +  where 520 = &lt;Response [520]&gt;.status_code</failure></testcase><testcase classname="tests.test_new_features_50.TestSecurityAccessControl" name="test_hr_endpoints_blocked_for_sales" time="0.247" /><testcase classname="tests.test_new_features_50.TestSecurityAccessControl" name="test_admin_full_access" time="0.254"><failure message="AssertionError: Admin denied on /api/leads: 520&#10;assert 520 == 200&#10; +  where 520 = &lt;Response [520]&gt;.status_code">backend/tests/test_new_features_50.py:627: in test_admin_full_access
    assert response.status_code == 200, f"Admin denied on {endpoint}: {response.status_code}"
E   AssertionError: Admin denied on /api/leads: 520
E   assert 520 == 200
E    +  where 520 = &lt;Response [520]&gt;.status_code</failure></testcase><testcase classname="tests.test_new_features_50.TestDualApproval" name="test_submit_approval" time="0.252" /></testsuite></testsuites>