<?xml version="1.0" encoding="utf-8"?><testsuites name="pytest tests"><testsuite name="pytest" errors="0" failures="0" skipped="0" tests="9" time="18.026" timestamp="2026-02-21T09:21:05.712428+00:00" hostname="agent-env-7729a4ec-817b-4d4b-8ddf-b76d940d6722"><testcase classname="tests.test_self_service.TestMyProfile" name="test_get_my_profile_returns_employee_data" time="2.518" /><testcase classname="tests.test_self_service.TestMyProfile" name="test_get_my_profile_without_auth_fails" time="0.429" /><testcase classname="tests.test_self_service.TestMyChangeRequests" name="test_get_my_change_requests_returns_list" time="2.009" /><testcase classname="tests.test_self_service.TestCreateChangeRequest" name="test_create_emergency_contact_change_request" time="2.305" /><testcase classname="tests.test_self_service.TestCreateChangeRequest" name="test_create_change_request_without_reason_fails" time="2.185" /><testcase classname="tests.test_self_service.TestHREmployeeChangeRequests" name="test_get_pending_employee_change_requests" time="2.027" /><testcase classname="tests.test_self_service.TestHREmployeeChangeRequests" name="test_get_employee_change_requests_requires_hr_role" time="2.314" /><testcase classname="tests.test_self_service.TestAnupamChandraLogin" name="test_anupam_chandra_login_success" time="1.681" /><testcase classname="tests.test_self_service.TestAnupamChandraLogin" name="test_anupam_chandra_can_access_my_profile" time="1.718" /></testsuite></testsuites>