<?xml version="1.0" encoding="utf-8"?><testsuites name="pytest tests"><testsuite name="pytest" errors="0" failures="2" skipped="0" tests="27" time="6.427" timestamp="2026-03-24T18:48:28.221797+00:00" hostname="agent-env-ae18ca21-580c-4883-8ce5-61ebc41a86b4"><testcase classname="tests.test_comprehensive_erp_interaction.TestAuthentication" name="test_admin_login" time="1.729" /><testcase classname="tests.test_comprehensive_erp_interaction.TestAuthentication" name="test_hr_login" time="0.336" /><testcase classname="tests.test_comprehensive_erp_interaction.TestAuthentication" name="test_sales_login" time="0.337" /><testcase classname="tests.test_comprehensive_erp_interaction.TestAuthentication" name="test_consultant_login" time="0.350" /><testcase classname="tests.test_comprehensive_erp_interaction.TestAuthentication" name="test_employee_login" time="0.337" /><testcase classname="tests.test_comprehensive_erp_interaction.TestGovernanceAPIs" name="test_health_score" time="0.480" /><testcase classname="tests.test_comprehensive_erp_interaction.TestGovernanceAPIs" name="test_mom_sla" time="0.060" /><testcase classname="tests.test_comprehensive_erp_interaction.TestGovernanceAPIs" name="test_expense_compliance" time="0.062" /><testcase classname="tests.test_comprehensive_erp_interaction.TestGovernanceAPIs" name="test_leakage_alerts" time="0.092" /><testcase classname="tests.test_comprehensive_erp_interaction.TestGovernanceAPIs" name="test_operational_discipline" time="0.123" /><testcase classname="tests.test_comprehensive_erp_interaction.TestExpenseManagement" name="test_get_my_expenses" time="0.410" /><testcase classname="tests.test_comprehensive_erp_interaction.TestExpenseManagement" name="test_get_expense_categories" time="0.066" /><testcase classname="tests.test_comprehensive_erp_interaction.TestExpenseManagement" name="test_pending_expense_approvals" time="0.444" /><testcase classname="tests.test_comprehensive_erp_interaction.TestApprovalWorkflows" name="test_get_pending_approvals" time="0.070" /><testcase classname="tests.test_comprehensive_erp_interaction.TestApprovalWorkflows" name="test_get_my_requests" time="0.058" /><testcase classname="tests.test_comprehensive_erp_interaction.TestApprovalWorkflows" name="test_get_all_approvals_admin" time="0.067" /><testcase classname="tests.test_comprehensive_erp_interaction.TestLeaveManagement" name="test_get_leave_requests" time="0.057" /><testcase classname="tests.test_comprehensive_erp_interaction.TestLeaveManagement" name="test_get_all_leave_requests_hr" time="0.076" /><testcase classname="tests.test_comprehensive_erp_interaction.TestConsultingMeetings" name="test_get_meetings" time="0.066" /><testcase classname="tests.test_comprehensive_erp_interaction.TestConsultingMeetings" name="test_get_my_day_summary" time="0.064" /><testcase classname="tests.test_comprehensive_erp_interaction.TestConsultingMeetings" name="test_get_meeting_types" time="0.057" /><testcase classname="tests.test_comprehensive_erp_interaction.TestConsultingMeetings" name="test_get_projects" time="0.075" /><testcase classname="tests.test_comprehensive_erp_interaction.TestConsultingMeetings" name="test_get_sows" time="0.058" /><testcase classname="tests.test_comprehensive_erp_interaction.TestAttendance" name="test_get_my_attendance" time="0.056"><failure message="assert 404 == 200&#10; +  where 404 = &lt;Response [404]&gt;.status_code">tests/test_comprehensive_erp_interaction.py:318: in test_get_my_attendance
    assert response.status_code == 200
E   assert 404 == 200
E    +  where 404 = &lt;Response [404]&gt;.status_code</failure></testcase><testcase classname="tests.test_comprehensive_erp_interaction.TestAttendance" name="test_get_attendance_status" time="0.079"><failure message="assert 404 == 200&#10; +  where 404 = &lt;Response [404]&gt;.status_code">tests/test_comprehensive_erp_interaction.py:325: in test_get_attendance_status
    assert response.status_code == 200
E   assert 404 == 200
E    +  where 404 = &lt;Response [404]&gt;.status_code</failure></testcase><testcase classname="tests.test_comprehensive_erp_interaction.TestClients" name="test_get_clients" time="0.101" /><testcase classname="tests.test_comprehensive_erp_interaction.TestUsers" name="test_get_users" time="0.062" /></testsuite></testsuites>