<?xml version="1.0" encoding="utf-8"?><testsuites name="pytest tests"><testsuite name="pytest" errors="0" failures="0" skipped="0" tests="8" time="7.533" timestamp="2026-03-26T04:24:00.997739+00:00" hostname="agent-env-95540475-7617-4272-b253-dab4618a6977"><testcase classname="tests.test_reschedule_team_assign.TestRescheduleRequests" name="test_create_reschedule_request" time="3.654" /><testcase classname="tests.test_reschedule_team_assign.TestRescheduleRequests" name="test_get_reschedule_requests" time="0.529" /><testcase classname="tests.test_reschedule_team_assign.TestRescheduleRequests" name="test_create_reschedule_with_different_reasons" time="0.635" /><testcase classname="tests.test_reschedule_team_assign.TestRescheduleRequests" name="test_reschedule_request_without_reason_fails" time="0.515" /><testcase classname="tests.test_reschedule_team_assign.TestRescheduleRequests" name="test_reschedule_for_nonexistent_project" time="0.556" /><testcase classname="tests.test_reschedule_team_assign.TestKickoffRequestsEndpoints" name="test_get_kickoff_requests" time="0.437" /><testcase classname="tests.test_reschedule_team_assign.TestKickoffRequestsEndpoints" name="test_get_consultants_for_assignment" time="0.463" /><testcase classname="tests.test_reschedule_team_assign.TestProjectAssignConsultant" name="test_assign_consultant_endpoint_exists" time="0.612" /></testsuite></testsuites>