<?xml version="1.0" encoding="utf-8"?><testsuites name="pytest tests"><testsuite name="pytest" errors="0" failures="0" skipped="0" tests="13" time="3.654" timestamp="2026-02-19T15:55:00.705184+00:00" hostname="agent-env-357cb834-742c-4532-a403-e49c83b9569e"><testcase classname="tests.test_notifications_page.TestNotificationsEndpoints" name="test_01_get_notifications_endpoint" time="0.792" /><testcase classname="tests.test_notifications_page.TestNotificationsEndpoints" name="test_02_get_unread_count_endpoint" time="0.082" /><testcase classname="tests.test_notifications_page.TestNotificationsEndpoints" name="test_03_mark_all_read_endpoint" time="0.067" /><testcase classname="tests.test_notifications_page.TestNotificationsEndpoints" name="test_04_hr_manager_notifications" time="0.865" /><testcase classname="tests.test_notifications_page.TestNotificationsEndpoints" name="test_05_notification_has_required_fields" time="0.077" /><testcase classname="tests.test_notifications_page.TestNotificationsEndpoints" name="test_06_mark_single_notification_read" time="0.166" /><testcase classname="tests.test_notifications_page.TestNotificationsEndpoints" name="test_07_notification_action_endpoint" time="0.234" /><testcase classname="tests.test_notifications_page.TestNotificationTypes" name="test_01_check_actionable_notifications" time="0.207" /><testcase classname="tests.test_notifications_page.TestNotificationTypes" name="test_02_employee_onboarded_notification_exists" time="0.156" /><testcase classname="tests.test_notifications_page.TestNotificationTypes" name="test_03_go_live_notifications_exist" time="0.248" /><testcase classname="tests.test_notifications_page.TestEmployeeCreationNotifications" name="test_01_create_employee_sends_notifications" time="0.284" /><testcase classname="tests.test_notifications_page.TestNotificationFiltering" name="test_01_filter_unread_notifications" time="0.244" /><testcase classname="tests.test_notifications_page.TestNotificationFiltering" name="test_02_filter_actionable_notifications" time="0.125" /></testsuite></testsuites>