<?xml version="1.0" encoding="utf-8"?><testsuites name="pytest tests"><testsuite name="pytest" errors="0" failures="1" skipped="0" tests="11" time="7.861" timestamp="2026-02-19T09:31:18.585141+00:00" hostname="agent-env-65f5c566-c804-4d8a-a7b2-b70d65ad2d27"><testcase classname="tests.test_e2e_onboarding_flow.TestEMP011Login" name="test_emp011_login_with_employee_id" time="0.639" /><testcase classname="tests.test_e2e_onboarding_flow.TestEMP011DepartmentAccess" name="test_emp011_user_has_sales_department" time="0.632" /><testcase classname="tests.test_e2e_onboarding_flow.TestEMP011LeadsAccess" name="test_emp011_can_view_leads" time="0.628" /><testcase classname="tests.test_e2e_onboarding_flow.TestEMP011LeadsAccess" name="test_emp011_existing_lead_shows_correct_linkage" time="0.639" /><testcase classname="tests.test_e2e_onboarding_flow.TestEMP011LeadsAccess" name="test_emp011_can_create_new_lead" time="0.617" /><testcase classname="tests.test_e2e_onboarding_flow.TestEmployeeIDLinkageChain" name="test_created_by_links_to_emp011_user" time="1.363" /><testcase classname="tests.test_e2e_onboarding_flow.TestPasswordManagement" name="test_emp011_in_employees_list" time="0.634" /><testcase classname="tests.test_e2e_onboarding_flow.TestPasswordManagement" name="test_emp011_in_users_list_with_correct_employee_id" time="0.613" /><testcase classname="tests.test_e2e_onboarding_flow.TestSalesDepartmentPages" name="test_emp011_can_access_pricing_plans" time="0.630" /><testcase classname="tests.test_e2e_onboarding_flow.TestSalesDepartmentPages" name="test_emp011_can_access_agreements" time="0.631" /><testcase classname="tests.test_e2e_onboarding_flow.TestSalesDepartmentPages" name="test_emp011_can_access_sow" time="0.627"><failure message="AssertionError: Failed: 405 - {&quot;detail&quot;:&quot;Method Not Allowed&quot;}&#10;assert 405 == 200&#10; +  where 405 = &lt;Response [405]&gt;.status_code">tests/test_e2e_onboarding_flow.py:310: in test_emp011_can_access_sow
    assert response.status_code == 200, f"Failed: {response.status_code} - {response.text}"
E   AssertionError: Failed: 405 - {"detail":"Method Not Allowed"}
E   assert 405 == 200
E    +  where 405 = &lt;Response [405]&gt;.status_code</failure></testcase></testsuite></testsuites>