<?xml version="1.0" encoding="utf-8"?><testsuites name="pytest tests"><testsuite name="pytest" errors="0" failures="1" skipped="0" tests="14" time="27.753" timestamp="2026-02-17T17:02:05.510793+00:00" hostname="agent-env-97ea4734-436e-4cf2-9035-9a2db1582437"><testcase classname="tests.test_ctc_designer.TestCTCDesignerBackend" name="test_ctc_preview_calculation_12_lakh" time="1.918" /><testcase classname="tests.test_ctc_designer.TestCTCDesignerBackend" name="test_ctc_preview_with_retention_bonus" time="1.419" /><testcase classname="tests.test_ctc_designer.TestCTCDesignerBackend" name="test_ctc_preview_invalid_ctc" time="1.813" /><testcase classname="tests.test_ctc_designer.TestCTCDesignerBackend" name="test_ctc_preview_unauthorized" time="1.829" /><testcase classname="tests.test_ctc_designer.TestCTCDesignerBackend" name="test_get_employees_for_ctc" time="2.169" /><testcase classname="tests.test_ctc_designer.TestCTCDesignerBackend" name="test_ctc_design_submission_and_pending_approval" time="3.510" /><testcase classname="tests.test_ctc_designer.TestCTCDesignerBackend" name="test_admin_pending_approvals_access" time="1.750" /><testcase classname="tests.test_ctc_designer.TestCTCDesignerBackend" name="test_ctc_stats_admin_only" time="1.554" /><testcase classname="tests.test_ctc_designer.TestCTCDesignerBackend" name="test_admin_approve_ctc_structure" time="2.297" /><testcase classname="tests.test_ctc_designer.TestCTCDesignerBackend" name="test_admin_reject_ctc_structure" time="1.967"><failure message="AssertionError: CTC submission for rejection test failed: {&quot;detail&quot;:[{&quot;type&quot;:&quot;missing&quot;,&quot;loc&quot;:[&quot;body&quot;,&quot;components&quot;],&quot;msg&quot;:&quot;Field required&quot;,&quot;input&quot;:{&quot;employee_id&quot;:&quot;e184e61e-ef93-431c-86d2-d78954c5512c&quot;,&quot;annual_ctc&quot;:5000000,&quot;retention_bonus&quot;:0,&quot;retention_vesting_months&quot;:12,&quot;effective_month&quot;:&quot;2027-05&quot;,&quot;remarks&quot;:&quot;TEST_REJECTION_REQUEST&quot;},&quot;url&quot;:&quot;https://errors.pydantic.dev/2.12/v/missing&quot;}]}&#10;assert 422 == 200&#10; +  where 422 = &lt;Response [422]&gt;.status_code">backend/tests/test_ctc_designer.py:350: in test_admin_reject_ctc_structure
    assert response.status_code == 200, f"CTC submission for rejection test failed: {response.text}"
E   AssertionError: CTC submission for rejection test failed: {"detail":[{"type":"missing","loc":["body","components"],"msg":"Field required","input":{"employee_id":"e184e61e-ef93-431c-86d2-d78954c5512c","annual_ctc":5000000,"retention_bonus":0,"retention_vesting_months":12,"effective_month":"2027-05","remarks":"TEST_REJECTION_REQUEST"},"url":"https://errors.pydantic.dev/2.12/v/missing"}]}
E   assert 422 == 200
E    +  where 422 = &lt;Response [422]&gt;.status_code</failure></testcase><testcase classname="tests.test_ctc_designer.TestCTCDesignerBackend" name="test_reject_without_reason_fails" time="1.627" /><testcase classname="tests.test_ctc_designer.TestCTCDesignerBackend" name="test_non_admin_cannot_approve_or_reject" time="1.479" /><testcase classname="tests.test_ctc_designer.TestCTCDesignerBackend" name="test_notification_sent_on_submission" time="2.214" /><testcase classname="tests.test_ctc_designer.TestCTCDesignerBackend" name="test_employee_ctc_history" time="1.782" /></testsuite></testsuites>