<?xml version="1.0" encoding="utf-8"?><testsuites name="pytest tests"><testsuite name="pytest" errors="0" failures="0" skipped="0" tests="46" time="28.686" timestamp="2026-02-22T08:57:32.942995+00:00" hostname="agent-env-ad9723b5-9bab-4df8-b682-50772331538f"><testcase classname="tests.test_analytics_payroll_travel.TestAuth" name="test_admin_login_success" time="0.532" /><testcase classname="tests.test_analytics_payroll_travel.TestAuth" name="test_sales_manager_login_success" time="0.481" /><testcase classname="tests.test_analytics_payroll_travel.TestAuth" name="test_invalid_credentials" time="0.141" /><testcase classname="tests.test_analytics_payroll_travel.TestAuth" name="test_missing_password" time="0.130" /><testcase classname="tests.test_analytics_payroll_travel.TestAnalyticsRouter" name="test_funnel_summary_authenticated" time="0.608" /><testcase classname="tests.test_analytics_payroll_travel.TestAnalyticsRouter" name="test_funnel_summary_with_period_filter" time="1.044" /><testcase classname="tests.test_analytics_payroll_travel.TestAnalyticsRouter" name="test_funnel_summary_unauthenticated" time="0.131" /><testcase classname="tests.test_analytics_payroll_travel.TestAnalyticsRouter" name="test_my_funnel_summary" time="0.622" /><testcase classname="tests.test_analytics_payroll_travel.TestAnalyticsRouter" name="test_funnel_trends_manager_only" time="1.172" /><testcase classname="tests.test_analytics_payroll_travel.TestAnalyticsRouter" name="test_bottleneck_analysis" time="0.559" /><testcase classname="tests.test_analytics_payroll_travel.TestAnalyticsRouter" name="test_forecasting_endpoint" time="0.576" /><testcase classname="tests.test_analytics_payroll_travel.TestAnalyticsRouter" name="test_time_in_stage_analytics" time="0.569" /><testcase classname="tests.test_analytics_payroll_travel.TestAnalyticsRouter" name="test_win_loss_analysis" time="0.576" /><testcase classname="tests.test_analytics_payroll_travel.TestAnalyticsRouter" name="test_velocity_metrics" time="0.541" /><testcase classname="tests.test_analytics_payroll_travel.TestPayrollRouter" name="test_get_salary_components" time="0.598" /><testcase classname="tests.test_analytics_payroll_travel.TestPayrollRouter" name="test_salary_components_requires_auth" time="0.142" /><testcase classname="tests.test_analytics_payroll_travel.TestPayrollRouter" name="test_update_salary_components_admin_only" time="1.102" /><testcase classname="tests.test_analytics_payroll_travel.TestPayrollRouter" name="test_add_salary_component_validation" time="0.590" /><testcase classname="tests.test_analytics_payroll_travel.TestPayrollRouter" name="test_get_payroll_inputs_hr_only" time="1.107" /><testcase classname="tests.test_analytics_payroll_travel.TestPayrollRouter" name="test_save_payroll_input_validation" time="0.535" /><testcase classname="tests.test_analytics_payroll_travel.TestPayrollRouter" name="test_get_salary_slips" time="0.536" /><testcase classname="tests.test_analytics_payroll_travel.TestPayrollRouter" name="test_generate_salary_slip_validation" time="0.530" /><testcase classname="tests.test_analytics_payroll_travel.TestPayrollRouter" name="test_get_payroll_summary_report" time="0.539" /><testcase classname="tests.test_analytics_payroll_travel.TestPayrollRouter" name="test_get_pending_reimbursements" time="0.528" /><testcase classname="tests.test_analytics_payroll_travel.TestPayrollRouter" name="test_get_linkage_summary" time="0.550" /><testcase classname="tests.test_analytics_payroll_travel.TestTravelRouter" name="test_get_travel_rates" time="0.526" /><testcase classname="tests.test_analytics_payroll_travel.TestTravelRouter" name="test_travel_rates_requires_auth" time="0.130" /><testcase classname="tests.test_analytics_payroll_travel.TestTravelRouter" name="test_calculate_distance" time="0.536" /><testcase classname="tests.test_analytics_payroll_travel.TestTravelRouter" name="test_calculate_distance_validation" time="0.559" /><testcase classname="tests.test_analytics_payroll_travel.TestTravelRouter" name="test_calculate_distance_round_trip" time="0.586" /><testcase classname="tests.test_analytics_payroll_travel.TestTravelRouter" name="test_get_travel_reimbursements" time="0.530" /><testcase classname="tests.test_analytics_payroll_travel.TestTravelRouter" name="test_get_travel_reimbursements_with_filter" time="0.599" /><testcase classname="tests.test_analytics_payroll_travel.TestTravelRouter" name="test_create_travel_reimbursement" time="0.586" /><testcase classname="tests.test_analytics_payroll_travel.TestTravelRouter" name="test_create_travel_reimbursement_validation" time="0.533" /><testcase classname="tests.test_analytics_payroll_travel.TestTravelRouter" name="test_get_my_travel_reimbursements" time="0.546" /><testcase classname="tests.test_analytics_payroll_travel.TestTravelRouter" name="test_get_travel_stats_hr_only" time="1.118" /><testcase classname="tests.test_analytics_payroll_travel.TestTravelRouter" name="test_location_search_requires_api_key" time="0.732" /><testcase classname="tests.test_analytics_payroll_travel.TestTravelRouter" name="test_location_search_validation" time="0.532" /><testcase classname="tests.test_analytics_payroll_travel.TestRoleBasedAccess" name="test_analytics_access_by_role" time="1.451" /><testcase classname="tests.test_analytics_payroll_travel.TestRoleBasedAccess" name="test_payroll_access_by_role" time="1.108" /><testcase classname="tests.test_analytics_payroll_travel.TestRoleBasedAccess" name="test_travel_approval_by_role" time="1.034" /><testcase classname="tests.test_analytics_payroll_travel.TestErrorHandling" name="test_404_on_invalid_travel_id" time="0.517" /><testcase classname="tests.test_analytics_payroll_travel.TestErrorHandling" name="test_400_on_invalid_payroll_month" time="0.552" /><testcase classname="tests.test_analytics_payroll_travel.TestErrorHandling" name="test_400_on_missing_required_fields" time="0.541" /><testcase classname="tests.test_analytics_payroll_travel.TestDataConsistency" name="test_analytics_data_consistency" time="0.679" /><testcase classname="tests.test_analytics_payroll_travel.TestDataConsistency" name="test_salary_slip_generate_and_retrieve" time="0.585" /></testsuite></testsuites>