<?xml version="1.0" encoding="utf-8"?><testsuites name="pytest tests"><testsuite name="pytest" errors="0" failures="0" skipped="0" tests="12" time="8.389" timestamp="2026-02-19T15:21:19.328582+00:00" hostname="agent-env-357cb834-742c-4532-a403-e49c83b9569e"><testcase classname="tests.test_go_live_checkin_payroll.TestGoLiveCheckinPayrollBlocking" name="test_01_admin_login" time="0.886" /><testcase classname="tests.test_go_live_checkin_payroll.TestGoLiveCheckinPayrollBlocking" name="test_02_hr_login" time="0.562" /><testcase classname="tests.test_go_live_checkin_payroll.TestGoLiveCheckinPayrollBlocking" name="test_03_verify_go_live_active_employee_exists" time="0.591" /><testcase classname="tests.test_go_live_checkin_payroll.TestGoLiveCheckinPayrollBlocking" name="test_04_verify_non_go_live_employee_exists" time="0.588" /><testcase classname="tests.test_go_live_checkin_payroll.TestGoLiveCheckinPayrollBlocking" name="test_05_non_go_live_employee_cannot_check_in" time="1.219" /><testcase classname="tests.test_go_live_checkin_payroll.TestGoLiveCheckinPayrollBlocking" name="test_06_go_live_active_employee_can_check_in_structure" time="0.610" /><testcase classname="tests.test_go_live_checkin_payroll.TestGoLiveCheckinPayrollBlocking" name="test_07_salary_slip_blocked_for_non_go_live_employee" time="1.010" /><testcase classname="tests.test_go_live_checkin_payroll.TestGoLiveCheckinPayrollBlocking" name="test_08_salary_slip_allowed_for_go_live_active_employee" time="0.698" /><testcase classname="tests.test_go_live_checkin_payroll.TestGoLiveCheckinPayrollBlocking" name="test_09_bulk_salary_generation_skips_non_go_live" time="0.707" /><testcase classname="tests.test_go_live_checkin_payroll.TestGoLiveCheckinPayrollBlocking" name="test_10_payroll_page_shows_only_go_live_employees" time="0.596" /><testcase classname="tests.test_go_live_checkin_payroll.TestGoLiveCheckinPayrollBlocking" name="test_11_verify_error_message_format_check_in" time="0.001" /><testcase classname="tests.test_go_live_checkin_payroll.TestGoLiveCheckinPayrollBlocking" name="test_12_verify_error_message_format_payroll" time="0.660" /></testsuite></testsuites>