<?xml version="1.0" encoding="utf-8"?><testsuites name="pytest tests"><testsuite name="pytest" errors="0" failures="0" skipped="0" tests="11" time="18.270" timestamp="2026-02-19T06:50:23.003750+00:00" hostname="agent-env-37f6a5e7-b6ca-472b-878f-0a16ad901d18"><testcase classname="tests.test_permission_simplified.TestDepartmentAccessMyAccess" name="test_my_access_returns_has_reportees_field" time="2.050" /><testcase classname="tests.test_permission_simplified.TestDepartmentAccessMyAccess" name="test_my_access_returns_reportee_count_field" time="1.890" /><testcase classname="tests.test_permission_simplified.TestDepartmentAccessMyAccess" name="test_my_access_returns_can_manage_team_field" time="2.121" /><testcase classname="tests.test_permission_simplified.TestDepartmentAccessMyAccess" name="test_my_access_returns_is_view_only_field" time="2.224" /><testcase classname="tests.test_permission_simplified.TestDepartmentAccessMyAccess" name="test_my_access_returns_can_edit_field" time="1.834" /><testcase classname="tests.test_permission_simplified.TestDepartmentAccessMyAccess" name="test_admin_my_access_has_all_fields" time="1.914" /><testcase classname="tests.test_permission_simplified.TestDepartmentAccessMyAccess" name="test_dharmesh_my_access_has_employee_code" time="1.875" /><testcase classname="tests.test_permission_simplified.TestDepartmentAccessMyAccess" name="test_can_manage_team_matches_has_reportees" time="1.835" /><testcase classname="tests.test_permission_simplified.TestEmployeeIdAutoGeneration" name="test_existing_employees_have_emp_prefix" time="0.728" /><testcase classname="tests.test_permission_simplified.TestEmployeeIdAutoGeneration" name="test_emp_ids_are_sequential" time="0.771" /><testcase classname="tests.test_permission_simplified.TestRemovedRoleLevelFields" name="test_my_access_does_not_require_role_for_permissions" time="0.778" /></testsuite></testsuites>