<?xml version="1.0" encoding="utf-8"?><testsuites name="pytest tests"><testsuite name="pytest" errors="0" failures="1" skipped="1" tests="19" time="5.648" timestamp="2026-03-23T12:42:16.537191+00:00" hostname="agent-env-c7103c44-3299-46fa-a850-14ace8cbd7d9"><testcase classname="tests.test_business_rules.TestBusinessRulesAuth" name="test_hr_login_success" time="0.711" /><testcase classname="tests.test_business_rules.TestBusinessRulesAuth" name="test_employee_login_success" time="0.519"><failure message="AssertionError: Employee login failed: {&quot;detail&quot;:&quot;Invalid Employee ID or password&quot;}&#10;assert 401 == 200&#10; +  where 401 = &lt;Response [401]&gt;.status_code">backend/tests/test_business_rules.py:56: in test_employee_login_success
    assert response.status_code == 200, f"Employee login failed: {response.text}"
E   AssertionError: Employee login failed: {"detail":"Invalid Employee ID or password"}
E   assert 401 == 200
E    +  where 401 = &lt;Response [401]&gt;.status_code</failure></testcase><testcase classname="tests.test_business_rules.TestBusinessRulesAPI" name="test_get_all_policies" time="0.508" /><testcase classname="tests.test_business_rules.TestBusinessRulesAPI" name="test_get_policy_types" time="0.060" /><testcase classname="tests.test_business_rules.TestBusinessRulesAPI" name="test_get_leave_policy" time="0.058" /><testcase classname="tests.test_business_rules.TestBusinessRulesAPI" name="test_get_payroll_rules" time="0.055" /><testcase classname="tests.test_business_rules.TestBusinessRulesAPI" name="test_employee_view_only_access" time="0.512"><skipped type="pytest.skip" message="Employee authentication failed">/app/backend/tests/test_business_rules.py:162: Employee authentication failed</skipped></testcase><testcase classname="tests.test_business_rules.TestRuleEditing" name="test_update_rule_numeric_value" time="0.637" /><testcase classname="tests.test_business_rules.TestRuleEditing" name="test_toggle_rule_enabled" time="0.216" /><testcase classname="tests.test_business_rules.TestRuleEngine" name="test_evaluate_condition_and_logic" time="0.488" /><testcase classname="tests.test_business_rules.TestRuleEngine" name="test_evaluate_condition_or_logic" time="0.054" /><testcase classname="tests.test_business_rules.TestRuleEngine" name="test_evaluate_formula" time="0.068" /><testcase classname="tests.test_business_rules.TestRuleEngine" name="test_calculate_statutory_deductions" time="0.058" /><testcase classname="tests.test_business_rules.TestRuleEngine" name="test_calculate_lop_deduction" time="0.057" /><testcase classname="tests.test_business_rules.TestPayrollSimulator" name="test_simulate_payroll_basic" time="0.480" /><testcase classname="tests.test_business_rules.TestPayrollSimulator" name="test_simulate_payroll_with_lop" time="0.061" /><testcase classname="tests.test_business_rules.TestPayrollSimulator" name="test_simulate_payroll_with_reimbursement" time="0.055" /><testcase classname="tests.test_business_rules.TestPayrollSimulator" name="test_simulate_payroll_validation" time="0.053" /><testcase classname="tests.test_business_rules.TestCTCComponents" name="test_get_ctc_components" time="0.513" /></testsuite></testsuites>