<?xml version="1.0" encoding="utf-8"?><testsuites name="pytest tests"><testsuite name="pytest" errors="0" failures="0" skipped="1" tests="14" time="4.303" timestamp="2026-02-14T05:29:00.164740+00:00" hostname="agent-env-af1024f8-374f-48e7-81fe-8cf0540e5a27"><testcase classname="backend.tests.test_sales_funnel.TestAuthentication" name="test_manager_login_success" time="0.507" /><testcase classname="backend.tests.test_sales_funnel.TestAuthentication" name="test_admin_login_success" time="0.404" /><testcase classname="backend.tests.test_sales_funnel.TestAuthentication" name="test_executive_login_success" time="0.395" /><testcase classname="backend.tests.test_sales_funnel.TestAuthentication" name="test_invalid_login" time="0.128" /><testcase classname="backend.tests.test_sales_funnel.TestPricingPlans" name="test_get_pricing_plans" time="0.571" /><testcase classname="backend.tests.test_sales_funnel.TestQuotations" name="test_get_quotations" time="0.119" /><testcase classname="backend.tests.test_sales_funnel.TestQuotations" name="test_quotation_has_finalized_status" time="0.171" /><testcase classname="backend.tests.test_sales_funnel.TestAgreements" name="test_get_agreements" time="0.124" /><testcase classname="backend.tests.test_sales_funnel.TestManagerApprovals" name="test_get_pending_approvals_as_manager" time="0.136" /><testcase classname="backend.tests.test_sales_funnel.TestManagerApprovals" name="test_pending_approvals_denied_for_executive" time="0.551" /><testcase classname="backend.tests.test_sales_funnel.TestManagerApprovals" name="test_approve_agreement_as_manager" time="0.413" /><testcase classname="backend.tests.test_sales_funnel.TestManagerApprovals" name="test_executive_cannot_approve" time="0.152"><skipped type="pytest.skip" message="No pending approvals to test">/app/backend/tests/test_sales_funnel.py:266: No pending approvals to test</skipped></testcase><testcase classname="backend.tests.test_sales_funnel.TestLeads" name="test_get_leads" time="0.146" /><testcase classname="backend.tests.test_sales_funnel.TestDashboardStats" name="test_get_dashboard_stats" time="0.130" /></testsuite></testsuites>