<?xml version="1.0" encoding="utf-8"?><testsuites name="pytest tests"><testsuite name="pytest" errors="0" failures="0" skipped="0" tests="17" time="16.990" timestamp="2026-02-17T05:01:37.663222+00:00" hostname="agent-env-869e3a79-a289-4731-b81c-1f0c89be995e"><testcase classname="tests.test_enhanced_attendance.TestOfficeLocationsConfig" name="test_office_locations_exist" time="1.949" /><testcase classname="tests.test_enhanced_attendance.TestClientGeoCoordinates" name="test_clients_have_geo_coordinates" time="0.479" /><testcase classname="tests.test_enhanced_attendance.TestCheckInSelfieRequired" name="test_checkin_without_selfie_rejected" time="1.339" /><testcase classname="tests.test_enhanced_attendance.TestCheckInGPSRequired" name="test_checkin_without_gps_rejected" time="0.421" /><testcase classname="tests.test_enhanced_attendance.TestCheckInWFHRejected" name="test_wfh_work_location_rejected" time="0.519" /><testcase classname="tests.test_enhanced_attendance.TestNonConsultingOnsiteRejected" name="test_non_consulting_cannot_use_onsite" time="1.394" /><testcase classname="tests.test_enhanced_attendance.TestAutoApprovalWithinGeofence" name="test_checkin_at_office_auto_approved" time="0.382" /><testcase classname="tests.test_enhanced_attendance.TestUnknownLocationRequiresJustification" name="test_unknown_location_without_justification_rejected" time="0.573" /><testcase classname="tests.test_enhanced_attendance.TestUnknownLocationCreatesPendingApproval" name="test_unknown_location_with_justification_creates_pending" time="0.421" /><testcase classname="tests.test_enhanced_attendance.TestHRPendingApprovalsEndpoint" name="test_hr_can_view_pending_approvals" time="1.987" /><testcase classname="tests.test_enhanced_attendance.TestHRPendingApprovalsEndpoint" name="test_non_hr_cannot_view_pending_approvals" time="0.713" /><testcase classname="tests.test_enhanced_attendance.TestHRAttendanceApproval" name="test_hr_can_approve_attendance" time="0.588" /><testcase classname="tests.test_enhanced_attendance.TestHRAttendanceApproval" name="test_hr_can_reject_attendance" time="0.693" /><testcase classname="tests.test_enhanced_attendance.TestCheckOut" name="test_checkout_records_time_and_hours" time="2.003" /><testcase classname="tests.test_enhanced_attendance.TestCheckOut" name="test_checkout_without_checkin_rejected" time="0.290" /><testcase classname="tests.test_enhanced_attendance.TestMobileAccessToggle" name="test_hr_can_disable_mobile_access" time="0.745" /><testcase classname="tests.test_enhanced_attendance.TestDisabledEmployeeCannotCheckin" name="test_disabled_employee_checkin_blocked" time="1.957" /></testsuite></testsuites>