<?xml version="1.0" encoding="utf-8"?><testsuites name="pytest tests"><testsuite name="pytest" errors="0" failures="0" skipped="0" tests="26" time="34.672" timestamp="2026-04-03T08:04:22.604537+00:00" hostname="agent-env-d358bd50-5c01-4812-8a7b-98075ad00c64"><testcase classname="tests.test_sidebar_redirects_phase2.TestAuthenticationEndpoints" name="test_admin_login" time="26.799" /><testcase classname="tests.test_sidebar_redirects_phase2.TestAuthenticationEndpoints" name="test_consultant_login" time="1.441" /><testcase classname="tests.test_sidebar_redirects_phase2.TestAuthenticationEndpoints" name="test_employee_login" time="0.862" /><testcase classname="tests.test_sidebar_redirects_phase2.TestExistingSidebarAPIs" name="test_employees_api" time="1.237" /><testcase classname="tests.test_sidebar_redirects_phase2.TestExistingSidebarAPIs" name="test_leads_api" time="0.142" /><testcase classname="tests.test_sidebar_redirects_phase2.TestExistingSidebarAPIs" name="test_projects_api" time="0.071" /><testcase classname="tests.test_sidebar_redirects_phase2.TestExistingSidebarAPIs" name="test_consulting_meetings_api" time="0.088" /><testcase classname="tests.test_sidebar_redirects_phase2.TestExistingSidebarAPIs" name="test_payments_api" time="0.097" /><testcase classname="tests.test_sidebar_redirects_phase2.TestExistingSidebarAPIs" name="test_approvals_api" time="0.093" /><testcase classname="tests.test_sidebar_redirects_phase2.TestExistingSidebarAPIs" name="test_payroll_engine_api" time="0.113" /><testcase classname="tests.test_sidebar_redirects_phase2.TestExistingSidebarAPIs" name="test_access_roles_api" time="0.089" /><testcase classname="tests.test_sidebar_redirects_phase2.TestNewSidebarItemAPIs" name="test_org_chart_api" time="0.091" /><testcase classname="tests.test_sidebar_redirects_phase2.TestNewSidebarItemAPIs" name="test_travel_reimbursement_api" time="0.089" /><testcase classname="tests.test_sidebar_redirects_phase2.TestNewSidebarItemAPIs" name="test_help_api" time="0.083" /><testcase classname="tests.test_sidebar_redirects_phase2.TestNewSidebarItemAPIs" name="test_target_management_api" time="0.073" /><testcase classname="tests.test_sidebar_redirects_phase2.TestRedirectTargetAPIs" name="test_my_expenses_api" time="0.065" /><testcase classname="tests.test_sidebar_redirects_phase2.TestRedirectTargetAPIs" name="test_leave_management_api" time="0.090" /><testcase classname="tests.test_sidebar_redirects_phase2.TestRedirectTargetAPIs" name="test_consulting_sow_list_api" time="0.083" /><testcase classname="tests.test_sidebar_redirects_phase2.TestRedirectTargetAPIs" name="test_ceo_report_api" time="0.079" /><testcase classname="tests.test_sidebar_redirects_phase2.TestRedirectTargetAPIs" name="test_workflow_api" time="0.061" /><testcase classname="tests.test_sidebar_redirects_phase2.TestRedirectTargetAPIs" name="test_efforts_summary_api" time="0.078" /><testcase classname="tests.test_sidebar_redirects_phase2.TestRedirectTargetAPIs" name="test_hr_manual_entry_api" time="0.075" /><testcase classname="tests.test_sidebar_redirects_phase2.TestRBACAccessForSidebarSections" name="test_admin_sees_all_sections" time="0.100" /><testcase classname="tests.test_sidebar_redirects_phase2.TestRBACAccessForSidebarSections" name="test_consultant_sees_consulting_section" time="1.314" /><testcase classname="tests.test_sidebar_redirects_phase2.TestSidebarItemsInLayout" name="test_workspace_items_include_new_items" time="0.002" /><testcase classname="tests.test_sidebar_redirects_phase2.TestSidebarItemsInLayout" name="test_sales_items_include_targets" time="0.005" /></testsuite></testsuites>