<?xml version="1.0" encoding="utf-8"?><testsuites name="pytest tests"><testsuite name="pytest" errors="0" failures="0" skipped="1" tests="21" time="18.134" timestamp="2026-02-21T15:34:42.821513+00:00" hostname="agent-env-7c185081-afee-47ee-8144-35fbdbeb5746"><testcase classname="tests.test_sales_funnel_refactor.TestAuth" name="test_admin_login" time="1.298" /><testcase classname="tests.test_sales_funnel_refactor.TestAuth" name="test_manager_login" time="1.224" /><testcase classname="tests.test_sales_funnel_refactor.TestSalesTargetsAPI" name="test_get_sales_targets_empty" time="1.308" /><testcase classname="tests.test_sales_funnel_refactor.TestSalesTargetsAPI" name="test_get_sales_targets_with_year_filter" time="0.392" /><testcase classname="tests.test_sales_funnel_refactor.TestSalesTargetsAPI" name="test_create_yearly_sales_target" time="0.498" /><testcase classname="tests.test_sales_funnel_refactor.TestSalesTargetsAPI" name="test_get_sales_target_by_employee" time="0.262" /><testcase classname="tests.test_sales_funnel_refactor.TestSalesTargetsAPI" name="test_update_sales_target" time="0.679" /><testcase classname="tests.test_sales_funnel_refactor.TestSalesTargetsAPI" name="test_delete_sales_target" time="1.026" /><testcase classname="tests.test_sales_funnel_refactor.TestAgreementESign" name="test_get_agreements" time="1.323" /><testcase classname="tests.test_sales_funnel_refactor.TestAgreementESign" name="test_send_agreement_to_client" time="0.621" /><testcase classname="tests.test_sales_funnel_refactor.TestAgreementESign" name="test_upload_signed_agreement" time="0.560" /><testcase classname="tests.test_sales_funnel_refactor.TestAgreementESign" name="test_get_agreement_full_details" time="0.334" /><testcase classname="tests.test_sales_funnel_refactor.TestKickoffRequests" name="test_get_kickoff_requests" time="1.974" /><testcase classname="tests.test_sales_funnel_refactor.TestKickoffRequests" name="test_create_kickoff_request" time="0.965" /><testcase classname="tests.test_sales_funnel_refactor.TestKickoffRequests" name="test_approve_kickoff_request" time="0.515" /><testcase classname="tests.test_sales_funnel_refactor.TestManagerDashboard" name="test_manager_subordinate_leads" time="0.900"><skipped type="pytest.skip" message="Manager role doesn't have access to this endpoint">/app/backend/tests/test_sales_funnel_refactor.py:440: Manager role doesn't have access to this endpoint</skipped></testcase><testcase classname="tests.test_sales_funnel_refactor.TestManagerDashboard" name="test_manager_leads_dashboard_access" time="0.221" /><testcase classname="tests.test_sales_funnel_refactor.TestLeadsAndAgreementsListView" name="test_leads_api" time="1.074" /><testcase classname="tests.test_sales_funnel_refactor.TestLeadsAndAgreementsListView" name="test_leads_with_status_filter" time="0.703" /><testcase classname="tests.test_sales_funnel_refactor.TestLeadsAndAgreementsListView" name="test_agreements_api" time="0.222" /><testcase classname="tests.test_sales_funnel_refactor.TestCleanup" name="test_cleanup_test_data" time="1.492" /></testsuite></testsuites>