<?xml version="1.0" encoding="utf-8"?><testsuites name="pytest tests"><testsuite name="pytest" errors="0" failures="1" skipped="1" tests="12" time="20.027" timestamp="2026-03-27T18:23:16.091994+00:00" hostname="agent-env-21365400-f7b8-4217-ae88-28a44a35830f"><testcase classname="tests.test_erp_funnel_overhaul.TestAgreementCreation" name="test_01_auth_works" time="13.827" /><testcase classname="tests.test_erp_funnel_overhaul.TestAgreementCreation" name="test_02_get_existing_agreements" time="0.350" /><testcase classname="tests.test_erp_funnel_overhaul.TestAgreementCreation" name="test_03_agreement_f2a4026f_has_active_status" time="0.189"><failure message="AssertionError: Expected active/approved/signed status, got draft&#10;assert 'draft' in ['active', 'approved', 'signed']&#10; +  where 'draft' = &lt;built-in method get of dict object at 0x7f3bb547ab00&gt;('status')&#10; +    where &lt;built-in method get of dict object at 0x7f3bb547ab00&gt; = {'agreement_number': 'AGR-20260327-070C', 'agreement_type': 'nda', 'client_address': '', 'client_email': 'nikita@rho.com', ...}.get">backend/tests/test_erp_funnel_overhaul.py:90: in test_03_agreement_f2a4026f_has_active_status
    assert target_agreement.get("status") in ["active", "approved", "signed"], \
E   AssertionError: Expected active/approved/signed status, got draft
E   assert 'draft' in ['active', 'approved', 'signed']
E    +  where 'draft' = &lt;built-in method get of dict object at 0x7f3bb547ab00&gt;('status')
E    +    where &lt;built-in method get of dict object at 0x7f3bb547ab00&gt; = {'agreement_number': 'AGR-20260327-070C', 'agreement_type': 'nda', 'client_address': '', 'client_email': 'nikita@rho.com', ...}.get</failure></testcase><testcase classname="tests.test_erp_funnel_overhaul.TestAgreementFullEndpoint" name="test_04_agreement_full_endpoint_returns_inherited_data" time="0.433" /><testcase classname="tests.test_erp_funnel_overhaul.TestAgreementFullEndpoint" name="test_05_agreement_f2a4026f_first_installment_590000" time="0.290" /><testcase classname="tests.test_erp_funnel_overhaul.TestKickoffRequestValidation" name="test_06_kickoff_without_payment_returns_400" time="1.450" /><testcase classname="tests.test_erp_funnel_overhaul.TestKickoffRequestValidation" name="test_07_kickoff_with_verified_payment_creates_project" time="0.203"><skipped type="pytest.skip" message="Cannot get payment verifications">/app/backend/tests/test_erp_funnel_overhaul.py:245: Cannot get payment verifications</skipped></testcase><testcase classname="tests.test_erp_funnel_overhaul.TestFunnelProgressNoBlocking" name="test_08_funnel_progress_no_blocked_fields" time="0.446" /><testcase classname="tests.test_erp_funnel_overhaul.TestFunnelProgressNoBlocking" name="test_09_agreement_step_not_blocking_downstream" time="0.660" /><testcase classname="tests.test_erp_funnel_overhaul.TestProjectIdFormat" name="test_10_existing_projects_have_correct_format" time="0.221" /><testcase classname="tests.test_erp_funnel_overhaul.TestPaymentVerificationPrefill" name="test_11_payment_check_eligibility_returns_first_installment" time="0.675" /><testcase classname="tests.test_erp_funnel_overhaul.TestStartDateValidation" name="test_12_agreement_start_date_validation" time="0.635" /></testsuite></testsuites>