<?xml version="1.0" encoding="utf-8"?><testsuites name="pytest tests"><testsuite name="pytest" errors="0" failures="0" skipped="0" tests="8" time="11.534" timestamp="2026-02-16T21:02:52.506885+00:00" hostname="agent-env-31f6df13-4d71-4bbc-b827-2c28d4c1e633"><testcase classname="tests.test_kickoff_meeting_history_hr_notification.TestKickoffMeetingHistoryAndHRNotification" name="test_kickoff_details_returns_meeting_history_field" time="1.547" /><testcase classname="tests.test_kickoff_meeting_history_hr_notification.TestKickoffMeetingHistoryAndHRNotification" name="test_full_sales_flow_meeting_history" time="1.567" /><testcase classname="tests.test_kickoff_meeting_history_hr_notification.TestKickoffMeetingHistoryAndHRNotification" name="test_meeting_history_structure_has_mom_fields" time="1.017" /><testcase classname="tests.test_kickoff_meeting_history_hr_notification.TestKickoffMeetingHistoryAndHRNotification" name="test_accept_kickoff_returns_hr_notified_count" time="1.142" /><testcase classname="tests.test_kickoff_meeting_history_hr_notification.TestKickoffMeetingHistoryAndHRNotification" name="test_hr_users_receive_notification" time="1.524" /><testcase classname="tests.test_kickoff_meeting_history_hr_notification.TestKickoffMeetingHistoryAndHRNotification" name="test_notification_type_is_project_staffing_required" time="0.862" /><testcase classname="tests.test_kickoff_meeting_history_hr_notification.TestKickoffMeetingHistoryAndHRNotification" name="test_cleanup_test_data" time="1.451" /><testcase classname="tests.test_kickoff_meeting_history_hr_notification.TestExistingKickoffDetailsWithMeetingHistory" name="test_all_kickoff_details_have_meeting_history_fields" time="2.238" /></testsuite></testsuites>