<?xml version="1.0" encoding="utf-8"?><testsuites name="pytest tests"><testsuite name="pytest" errors="0" failures="1" skipped="0" tests="6" time="4.539" timestamp="2026-02-23T13:27:43.335100+00:00" hostname="agent-env-737ec427-3344-45ac-a693-25533293e7e5"><testcase classname="tests.test_sales_funnel_bugs.TestSalesFunnelBugFixes" name="test_funnel_progress_api_returns_correct_step_ids" time="0.775" /><testcase classname="tests.test_sales_funnel_bugs.TestSalesFunnelBugFixes" name="test_funnel_progress_api_returns_lead_id" time="0.672" /><testcase classname="tests.test_sales_funnel_bugs.TestSalesFunnelBugFixes" name="test_lead_status_auto_updates_with_funnel_progress" time="0.830" /><testcase classname="tests.test_sales_funnel_bugs.TestSalesFunnelBugFixes" name="test_meeting_record_endpoint_works" time="0.692" /><testcase classname="tests.test_sales_funnel_bugs.TestSalesFunnelBugFixes" name="test_funnel_checklist_endpoint" time="0.647" /><testcase classname="tests.test_sales_funnel_bugs.TestLeadStatusMapping" name="test_get_lead_returns_valid_status" time="0.663"><failure message="AssertionError: Invalid status: meeting&#10;assert 'meeting' in ['new', 'contacted', 'qualified', 'proposal', 'agreement', 'closed', ...]">tests/test_sales_funnel_bugs.py:201: in test_get_lead_returns_valid_status
    assert status in valid_statuses, f"Invalid status: {status}"
E   AssertionError: Invalid status: meeting
E   assert 'meeting' in ['new', 'contacted', 'qualified', 'proposal', 'agreement', 'closed', ...]</failure></testcase></testsuite></testsuites>