<?xml version="1.0" encoding="utf-8"?><testsuites name="pytest tests"><testsuite name="pytest" errors="0" failures="0" skipped="0" tests="25" time="8.503" timestamp="2026-02-16T20:38:27.887744+00:00" hostname="agent-env-31f6df13-4d71-4bbc-b827-2c28d4c1e633"><testcase classname="tests.test_sales_flow_e2e.TestSalesFlowE2E" name="test_01_create_lead" time="0.864" /><testcase classname="tests.test_sales_flow_e2e.TestSalesFlowE2E" name="test_02_get_lead" time="0.142" /><testcase classname="tests.test_sales_flow_e2e.TestSalesFlowE2E" name="test_03_update_lead_status_to_qualified" time="0.181" /><testcase classname="tests.test_sales_flow_e2e.TestSalesFlowE2E" name="test_04_list_leads" time="0.311" /><testcase classname="tests.test_sales_flow_e2e.TestSalesFlowE2E" name="test_05_create_project_for_meeting" time="0.209" /><testcase classname="tests.test_sales_flow_e2e.TestSalesFlowE2E" name="test_06_create_sales_meeting" time="0.209" /><testcase classname="tests.test_sales_flow_e2e.TestSalesFlowE2E" name="test_07_add_mom_to_meeting" time="0.290" /><testcase classname="tests.test_sales_flow_e2e.TestSalesFlowE2E" name="test_08_get_meeting_with_mom" time="0.170" /><testcase classname="tests.test_sales_flow_e2e.TestSalesFlowE2E" name="test_09_create_pricing_plan" time="0.454" /><testcase classname="tests.test_sales_flow_e2e.TestSalesFlowE2E" name="test_10_get_pricing_plans" time="0.331" /><testcase classname="tests.test_sales_flow_e2e.TestSalesFlowE2E" name="test_11_create_sow" time="0.312" /><testcase classname="tests.test_sales_flow_e2e.TestSalesFlowE2E" name="test_12_get_sow" time="0.217" /><testcase classname="tests.test_sales_flow_e2e.TestSalesFlowE2E" name="test_13_add_sow_item" time="0.281" /><testcase classname="tests.test_sales_flow_e2e.TestSalesFlowE2E" name="test_14_create_quotation" time="0.182" /><testcase classname="tests.test_sales_flow_e2e.TestSalesFlowE2E" name="test_15_finalize_quotation" time="0.653" /><testcase classname="tests.test_sales_flow_e2e.TestSalesFlowE2E" name="test_16_create_agreement" time="0.360" /><testcase classname="tests.test_sales_flow_e2e.TestSalesFlowE2E" name="test_17_approve_agreement" time="0.305" /><testcase classname="tests.test_sales_flow_e2e.TestSalesFlowE2E" name="test_18_get_agreements_list" time="0.250" /><testcase classname="tests.test_sales_flow_e2e.TestSalesFlowE2E" name="test_19_create_kickoff_request" time="0.212" /><testcase classname="tests.test_sales_flow_e2e.TestSalesFlowE2E" name="test_20_get_kickoff_requests" time="0.209" /><testcase classname="tests.test_sales_flow_e2e.TestSalesFlowE2E" name="test_21_get_kickoff_details" time="0.297" /><testcase classname="tests.test_sales_flow_e2e.TestSalesFlowE2E" name="test_99_cleanup" time="0.001" /><testcase classname="tests.test_sales_flow_e2e.TestMeetingsAPI" name="test_list_meetings" time="0.801" /><testcase classname="tests.test_sales_flow_e2e.TestMeetingsAPI" name="test_list_sales_meetings" time="0.176" /><testcase classname="tests.test_sales_flow_e2e.TestAgreementSignature" name="test_pending_approvals" time="0.873" /></testsuite></testsuites>