<?xml version="1.0" encoding="utf-8"?><testsuites name="pytest tests"><testsuite name="pytest" errors="0" failures="0" skipped="0" tests="12" time="10.119" timestamp="2026-02-19T07:35:01.289085+00:00" hostname="agent-env-65f5c566-c804-4d8a-a7b2-b70d65ad2d27"><testcase classname="tests.test_simplified_permissions_sales.TestSimplifiedPermissions" name="test_my_access_returns_has_reportees_field" time="1.238" /><testcase classname="tests.test_simplified_permissions_sales.TestSimplifiedPermissions" name="test_my_access_returns_is_view_only_field" time="1.077" /><testcase classname="tests.test_simplified_permissions_sales.TestSimplifiedPermissions" name="test_my_access_returns_can_edit_field" time="1.064" /><testcase classname="tests.test_simplified_permissions_sales.TestSimplifiedPermissions" name="test_my_access_returns_can_manage_team_field" time="1.085" /><testcase classname="tests.test_simplified_permissions_sales.TestSimplifiedPermissions" name="test_my_access_returns_reportee_count" time="1.079" /><testcase classname="tests.test_simplified_permissions_sales.TestSalesMeetings" name="test_sales_meetings_endpoint_returns_data" time="0.602" /><testcase classname="tests.test_simplified_permissions_sales.TestSalesMeetings" name="test_sales_meeting_has_required_fields" time="0.589" /><testcase classname="tests.test_simplified_permissions_sales.TestSalesMeetings" name="test_leads_endpoint_for_meeting_creation" time="0.602" /><testcase classname="tests.test_simplified_permissions_sales.TestSalesMeetings" name="test_users_endpoint_for_attendees_selection" time="0.597" /><testcase classname="tests.test_simplified_permissions_sales.TestSalesMeetings" name="test_get_sales_meeting_mom" time="0.726" /><testcase classname="tests.test_simplified_permissions_sales.TestHROnboardingEmployeeID" name="test_employees_endpoint_returns_emp_prefix_ids" time="0.619" /><testcase classname="tests.test_simplified_permissions_sales.TestUsersEndpoint" name="test_users_returns_department_field" time="0.670" /></testsuite></testsuites>