<?xml version="1.0" encoding="utf-8"?><testsuites name="pytest tests"><testsuite name="pytest" errors="0" failures="1" skipped="0" tests="17" time="23.744" timestamp="2026-03-15T04:04:17.489665+00:00" hostname="agent-env-a1c49375-977d-45f9-a7b0-5a585a0f92fa"><testcase classname="tests.test_ceo_report_production_audit.TestCEOReportAuth" name="test_admin_can_access_ceo_report_data" time="3.045" /><testcase classname="tests.test_ceo_report_production_audit.TestCEOReportAuth" name="test_admin_can_access_ceo_report_preview" time="0.998" /><testcase classname="tests.test_ceo_report_production_audit.TestCEOReportAuth" name="test_admin_can_access_ceo_report_config" time="0.946" /><testcase classname="tests.test_ceo_report_production_audit.TestCEOReportAuth" name="test_admin_can_access_ceo_report_logs" time="0.869" /><testcase classname="tests.test_ceo_report_production_audit.TestCEOReportAuth" name="test_sales_manager_gets_403_on_ceo_data" time="0.890" /><testcase classname="tests.test_ceo_report_production_audit.TestCEOReportAuth" name="test_sales_exec_gets_403_on_ceo_preview" time="0.833" /><testcase classname="tests.test_ceo_report_production_audit.TestCEOReportAuth" name="test_unauthenticated_gets_401_on_all_endpoints" time="0.979"><failure message="AssertionError: Expected 401 on /api/ceo-report/trigger, got 405&#10;assert 405 == 401&#10; +  where 405 = &lt;Response [405]&gt;.status_code">backend/tests/test_ceo_report_production_audit.py:107: in test_unauthenticated_gets_401_on_all_endpoints
    assert res.status_code == 401, f"Expected 401 on {endpoint}, got {res.status_code}"
E   AssertionError: Expected 401 on /api/ceo-report/trigger, got 405
E   assert 405 == 401
E    +  where 405 = &lt;Response [405]&gt;.status_code</failure></testcase><testcase classname="tests.test_ceo_report_production_audit.TestCEOReportDataSections" name="test_all_13_sections_present" time="0.962" /><testcase classname="tests.test_ceo_report_production_audit.TestCEOReportDataSections" name="test_sales_activity_section" time="1.313" /><testcase classname="tests.test_ceo_report_production_audit.TestCEOReportDataSections" name="test_pipeline_health_section" time="1.047" /><testcase classname="tests.test_ceo_report_production_audit.TestCEOReportDataSections" name="test_revenue_section_mtd_qtd_ytd" time="1.099" /><testcase classname="tests.test_ceo_report_production_audit.TestCEOReportDataSections" name="test_hr_metrics_section" time="1.019" /><testcase classname="tests.test_ceo_report_production_audit.TestCEOReportDataSections" name="test_consulting_team_section" time="1.328" /><testcase classname="tests.test_ceo_report_production_audit.TestCEOReportDataSections" name="test_finance_expenses_section" time="1.123" /><testcase classname="tests.test_ceo_report_production_audit.TestCEOReportConfig" name="test_update_recipient_config" time="1.596" /><testcase classname="tests.test_ceo_report_production_audit.TestCEOReportTrigger" name="test_trigger_report_creates_log" time="3.885" /><testcase classname="tests.test_ceo_report_production_audit.TestCEOReportDeliveryHistory" name="test_logs_have_required_fields" time="1.280" /></testsuite></testsuites>