<?xml version="1.0" encoding="utf-8"?><testsuites name="pytest tests"><testsuite name="pytest" errors="0" failures="1" skipped="0" tests="11" time="4.859" timestamp="2026-02-20T06:09:37.666315+00:00" hostname="agent-env-2de78fd1-8f9d-4b90-ba7c-87d08b20c4f6"><testcase classname="tests.test_leads_data_scoping.TestLeadsDataScoping" name="test_admin_login" time="0.713" /><testcase classname="tests.test_leads_data_scoping.TestLeadsDataScoping" name="test_rahul_login" time="0.485" /><testcase classname="tests.test_leads_data_scoping.TestLeadsDataScoping" name="test_dhamresh_login" time="0.483" /><testcase classname="tests.test_leads_data_scoping.TestLeadsDataScoping" name="test_admin_sees_all_leads" time="0.164"><failure message="AssertionError: Lead should have company_name&#10;assert 'company_name' in {'assigned_to': None, 'city': None, 'company': 'Hery PVT LTD', 'contact_person': None, ...}">backend/tests/test_leads_data_scoping.py:83: in test_admin_sees_all_leads
    assert 'company_name' in lead, "Lead should have company_name"
E   AssertionError: Lead should have company_name
E   assert 'company_name' in {'assigned_to': None, 'city': None, 'company': 'Hery PVT LTD', 'contact_person': None, ...}</failure></testcase><testcase classname="tests.test_leads_data_scoping.TestLeadsDataScoping" name="test_rahul_sees_only_own_leads" time="0.147" /><testcase classname="tests.test_leads_data_scoping.TestLeadsDataScoping" name="test_dhamresh_sees_team_leads" time="0.303" /><testcase classname="tests.test_leads_data_scoping.TestSingleLeadAccess" name="test_admin_can_access_any_lead" time="0.350" /><testcase classname="tests.test_leads_data_scoping.TestSingleLeadAccess" name="test_rahul_can_access_own_lead" time="0.609" /><testcase classname="tests.test_leads_data_scoping.TestSingleLeadAccess" name="test_dhamresh_can_access_reportee_lead" time="0.287" /><testcase classname="tests.test_leads_data_scoping.TestSingleLeadAccess" name="test_rahul_cannot_access_other_leads" time="0.841" /><testcase classname="tests.test_leads_data_scoping.TestVerifyHierarchy" name="test_verify_rahul_reports_to_dhamresh" time="0.223" /></testsuite></testsuites>