<?xml version="1.0" encoding="utf-8"?><testsuites name="pytest tests"><testsuite name="pytest" errors="12" failures="2" skipped="0" tests="14" time="5.271" timestamp="2026-02-23T04:04:04.857374+00:00" hostname="agent-env-cd83f6b2-0b20-4e84-bb4c-4b6bb249c81b"><testcase classname="tests.test_meeting_lead_linkage.TestAuth" name="test_admin_login" time="0.776"><failure message="AssertionError: assert 'token' in {'access_token': 'eyJhbGciOiJIUzI1NiIsInR5cCI6IkpXVCJ9.eyJzdWIiOiJhZG1pbkBkdmJjLmNvbSIsImV4cCI6MTc3NDQxMTQ0NX0.U0muG1Zve1GmcAJ6Wt0qpXoNFtnyyf1sbPPy_ElS4iw', 'token_type': 'bearer', 'user': {'created_at': '2026-02-22T18:12:05.959120Z', 'department': 'Admin', 'designation': None, 'email': 'admin@dvbc.com', ...}}">tests/test_meeting_lead_linkage.py:50: in test_admin_login
    assert "token" in data
E   AssertionError: assert 'token' in {'access_token': 'eyJhbGciOiJIUzI1NiIsInR5cCI6IkpXVCJ9.eyJzdWIiOiJhZG1pbkBkdmJjLmNvbSIsImV4cCI6MTc3NDQxMTQ0NX0.U0muG1Zve1GmcAJ6Wt0qpXoNFtnyyf1sbPPy_ElS4iw', 'token_type': 'bearer', 'user': {'created_at': '2026-02-22T18:12:05.959120Z', 'department': 'Admin', 'designation': None, 'email': 'admin@dvbc.com', ...}}</failure></testcase><testcase classname="tests.test_meeting_lead_linkage.TestAuth" name="test_sales_login" time="0.519"><failure message="AssertionError: assert 'token' in {'access_token': 'eyJhbGciOiJIUzI1NiIsInR5cCI6IkpXVCJ9.eyJzdWIiOiJzYWxlcy5leGVjMUBkdmJjLmNvbSIsImV4cCI6MTc3NDQxMTQ0Nn0.N5UWhiPoG4_eriHfP4lSveiwp2E-SXob5JBLlKm8GNM', 'token_type': 'bearer', 'user': {'created_at': '2026-02-22T18:12:08.974840Z', 'department': 'Sales', 'designation': None, 'email': 'sales.exec1@dvbc.com', ...}}">tests/test_meeting_lead_linkage.py:59: in test_sales_login
    assert "token" in data
E   AssertionError: assert 'token' in {'access_token': 'eyJhbGciOiJIUzI1NiIsInR5cCI6IkpXVCJ9.eyJzdWIiOiJzYWxlcy5leGVjMUBkdmJjLmNvbSIsImV4cCI6MTc3NDQxMTQ0Nn0.N5UWhiPoG4_eriHfP4lSveiwp2E-SXob5JBLlKm8GNM', 'token_type': 'bearer', 'user': {'created_at': '2026-02-22T18:12:08.974840Z', 'department': 'Sales', 'designation': None, 'email': 'sales.exec1@dvbc.com', ...}}</failure></testcase><testcase classname="tests.test_meeting_lead_linkage.TestMeetingRecordEndpoint" name="test_record_meeting_success" time="0.535"><error message="failed on setup with &quot;KeyError: 'token'&quot;">tests/test_meeting_lead_linkage.py:71: in auth_header
    token = response.json()["token"]
            ^^^^^^^^^^^^^^^^^^^^^^^^
E   KeyError: 'token'</error></testcase><testcase classname="tests.test_meeting_lead_linkage.TestMeetingRecordEndpoint" name="test_record_meeting_without_mom_fails" time="0.001"><error message="failed on setup with &quot;KeyError: 'token'&quot;">tests/test_meeting_lead_linkage.py:71: in auth_header
    token = response.json()["token"]
            ^^^^^^^^^^^^^^^^^^^^^^^^
E   KeyError: 'token'</error></testcase><testcase classname="tests.test_meeting_lead_linkage.TestMeetingRecordEndpoint" name="test_record_meeting_without_lead_id_fails" time="0.001"><error message="failed on setup with &quot;KeyError: 'token'&quot;">tests/test_meeting_lead_linkage.py:71: in auth_header
    token = response.json()["token"]
            ^^^^^^^^^^^^^^^^^^^^^^^^
E   KeyError: 'token'</error></testcase><testcase classname="tests.test_meeting_lead_linkage.TestMeetingRecordEndpoint" name="test_record_meeting_invalid_lead_fails" time="0.001"><error message="failed on setup with &quot;KeyError: 'token'&quot;">tests/test_meeting_lead_linkage.py:71: in auth_header
    token = response.json()["token"]
            ^^^^^^^^^^^^^^^^^^^^^^^^
E   KeyError: 'token'</error></testcase><testcase classname="tests.test_meeting_lead_linkage.TestMeetingsByLeadEndpoint" name="test_get_meetings_by_lead" time="0.529"><error message="failed on setup with &quot;KeyError: 'token'&quot;">tests/test_meeting_lead_linkage.py:187: in auth_header
    token = response.json()["token"]
            ^^^^^^^^^^^^^^^^^^^^^^^^
E   KeyError: 'token'</error></testcase><testcase classname="tests.test_meeting_lead_linkage.TestMeetingsByLeadEndpoint" name="test_get_meetings_invalid_lead_404" time="0.001"><error message="failed on setup with &quot;KeyError: 'token'&quot;">tests/test_meeting_lead_linkage.py:187: in auth_header
    token = response.json()["token"]
            ^^^^^^^^^^^^^^^^^^^^^^^^
E   KeyError: 'token'</error></testcase><testcase classname="tests.test_meeting_lead_linkage.TestFunnelProgressEndpoint" name="test_funnel_progress_structure" time="0.530"><error message="failed on setup with &quot;KeyError: 'token'&quot;">tests/test_meeting_lead_linkage.py:231: in auth_header
    token = response.json()["token"]
            ^^^^^^^^^^^^^^^^^^^^^^^^
E   KeyError: 'token'</error></testcase><testcase classname="tests.test_meeting_lead_linkage.TestFunnelProgressEndpoint" name="test_funnel_progress_includes_linked_ids" time="0.001"><error message="failed on setup with &quot;KeyError: 'token'&quot;">tests/test_meeting_lead_linkage.py:231: in auth_header
    token = response.json()["token"]
            ^^^^^^^^^^^^^^^^^^^^^^^^
E   KeyError: 'token'</error></testcase><testcase classname="tests.test_meeting_lead_linkage.TestKickoffDetailsEndpoint" name="test_get_kickoff_list" time="0.549"><error message="failed on setup with &quot;KeyError: 'token'&quot;">tests/test_meeting_lead_linkage.py:295: in auth_header
    token = response.json()["token"]
            ^^^^^^^^^^^^^^^^^^^^^^^^
E   KeyError: 'token'</error></testcase><testcase classname="tests.test_meeting_lead_linkage.TestKickoffDetailsEndpoint" name="test_kickoff_details_structure" time="0.001"><error message="failed on setup with &quot;KeyError: 'token'&quot;">tests/test_meeting_lead_linkage.py:295: in auth_header
    token = response.json()["token"]
            ^^^^^^^^^^^^^^^^^^^^^^^^
E   KeyError: 'token'</error></testcase><testcase classname="tests.test_meeting_lead_linkage.TestLeadAutoRedirect" name="test_create_lead_returns_id" time="0.545"><error message="failed on setup with &quot;KeyError: 'token'&quot;">tests/test_meeting_lead_linkage.py:370: in auth_header
    token = response.json()["token"]
            ^^^^^^^^^^^^^^^^^^^^^^^^
E   KeyError: 'token'</error></testcase><testcase classname="tests.test_meeting_lead_linkage.TestMeetingMOMIntegration" name="test_full_meeting_flow" time="0.643"><error message="failed on setup with &quot;KeyError: 'token'&quot;">tests/test_meeting_lead_linkage.py:419: in auth_header
    token = response.json()["token"]
            ^^^^^^^^^^^^^^^^^^^^^^^^
E   KeyError: 'token'</error></testcase></testsuite></testsuites>