<?xml version="1.0" encoding="utf-8"?><testsuites name="pytest tests"><testsuite name="pytest" errors="0" failures="1" skipped="0" tests="10" time="7.066" timestamp="2026-02-27T14:03:43.056401+00:00" hostname="agent-env-f6e32632-6193-41a7-a8a3-656dbf641504"><testcase classname="tests.test_go_live_workflow_v2.TestGoLiveWorkflow" name="test_01_get_pending_go_live_requests" time="0.578" /><testcase classname="tests.test_go_live_workflow_v2.TestGoLiveWorkflow" name="test_02_get_employees_list" time="0.571" /><testcase classname="tests.test_go_live_workflow_v2.TestGoLiveWorkflow" name="test_03_get_go_live_checklist" time="0.666" /><testcase classname="tests.test_go_live_workflow_v2.TestGoLiveWorkflow" name="test_04_get_request_details_endpoint" time="0.555" /><testcase classname="tests.test_go_live_workflow_v2.TestGoLiveWorkflow" name="test_05_bank_verify_endpoint" time="0.861" /><testcase classname="tests.test_go_live_workflow_v2.TestGoLiveWorkflow" name="test_06_go_live_stats" time="0.586" /><testcase classname="tests.test_go_live_workflow_v2.TestGoLiveApprovalFlow" name="test_01_hr_can_see_go_live_dashboard" time="0.581" /><testcase classname="tests.test_go_live_workflow_v2.TestGoLiveApprovalFlow" name="test_02_admin_can_see_pending_approvals" time="0.847" /><testcase classname="tests.test_go_live_workflow_v2.TestGoLiveApprovalFlow" name="test_03_admin_can_view_full_details" time="0.746" /><testcase classname="tests.test_go_live_workflow_v2.TestEnablePortalAccess" name="test_01_portal_access_endpoint_exists" time="0.685"><failure message="AssertionError: Endpoint not responding properly: 404&#10;assert 404 in [200, 400, 403, 409]&#10; +  where 404 = &lt;Response [404]&gt;.status_code">backend/tests/test_go_live_workflow_v2.py:361: in test_01_portal_access_endpoint_exists
    assert response.status_code in [200, 400, 403, 409], f"Endpoint not responding properly: {response.status_code}"
E   AssertionError: Endpoint not responding properly: 404
E   assert 404 in [200, 400, 403, 409]
E    +  where 404 = &lt;Response [404]&gt;.status_code</failure></testcase></testsuite></testsuites>