<?xml version="1.0" encoding="utf-8"?><testsuites name="pytest tests"><testsuite name="pytest" errors="0" failures="0" skipped="0" tests="16" time="7.561" timestamp="2026-03-17T19:38:13.585343+00:00" hostname="agent-env-28eb69c2-0490-4d8c-9de8-8c28577db0a6"><testcase classname="tests.test_sow_efforts_summary.TestEffortsSummaryAPI" name="test_efforts_summary_returns_200" time="4.418" /><testcase classname="tests.test_sow_efforts_summary.TestEffortsSummaryAPI" name="test_efforts_summary_has_sow_object" time="0.181" /><testcase classname="tests.test_sow_efforts_summary.TestEffortsSummaryAPI" name="test_sow_scopes_has_committed_and_additional" time="0.154" /><testcase classname="tests.test_sow_efforts_summary.TestEffortsSummaryAPI" name="test_sow_scopes_values_match_expected" time="0.161" /><testcase classname="tests.test_sow_efforts_summary.TestEffortsSummaryAPI" name="test_sow_avg_progress_is_valid_percentage" time="0.179" /><testcase classname="tests.test_sow_efforts_summary.TestEffortsSummaryAPI" name="test_sow_total_count" time="0.394" /><testcase classname="tests.test_sow_efforts_summary.TestEffortsSummaryStatCards" name="test_summary_has_total_meetings" time="0.213" /><testcase classname="tests.test_sow_efforts_summary.TestEffortsSummaryStatCards" name="test_summary_has_meetings_with_attendance" time="0.186" /><testcase classname="tests.test_sow_efforts_summary.TestEffortsSummaryStatCards" name="test_summary_has_meetings_with_mom" time="0.154" /><testcase classname="tests.test_sow_efforts_summary.TestEffortsSummaryStatCards" name="test_duration_has_total_hours" time="0.172" /><testcase classname="tests.test_sow_efforts_summary.TestEffortsSummaryStatCards" name="test_tasks_completed_present" time="0.150" /><testcase classname="tests.test_sow_efforts_summary.TestEffortsSummaryStatCards" name="test_timely_delivery_rate_present" time="0.162" /><testcase classname="tests.test_sow_efforts_summary.TestSOWRelatedMeetings" name="test_by_project_has_committed_delivered_extra" time="0.157" /><testcase classname="tests.test_sow_efforts_summary.TestEnhancedSOWEndpoint" name="test_enhanced_sow_endpoint_accessible" time="0.149" /><testcase classname="tests.test_sow_efforts_summary.TestEnhancedSOWEndpoint" name="test_enhanced_sow_returns_list" time="0.146" /><testcase classname="tests.test_sow_efforts_summary.TestEnhancedSOWEndpoint" name="test_sow_has_scopes_array" time="0.181" /></testsuite></testsuites>