<?xml version="1.0" encoding="utf-8"?><testsuites name="pytest tests"><testsuite name="pytest" errors="0" failures="0" skipped="0" tests="12" time="13.161" timestamp="2026-02-15T11:25:42.632924+00:00" hostname="agent-env-fae6bf68-d311-4e05-afd3-2d594054fc63"><testcase classname="tests.test_team_deployment.TestTeamDeploymentFeatures" name="test_agreement_supports_meeting_frequency_field" time="1.065" /><testcase classname="tests.test_team_deployment.TestTeamDeploymentFeatures" name="test_agreement_supports_project_tenure_field" time="0.946" /><testcase classname="tests.test_team_deployment.TestTeamDeploymentFeatures" name="test_agreement_supports_team_deployment_array" time="1.164" /><testcase classname="tests.test_team_deployment.TestTeamDeploymentFeatures" name="test_create_agreement_with_team_deployment" time="1.225" /><testcase classname="tests.test_team_deployment.TestTeamDeploymentFeatures" name="test_kickoff_request_list_shows_meeting_frequency" time="0.942" /><testcase classname="tests.test_team_deployment.TestTeamDeploymentFeatures" name="test_kickoff_request_details_excludes_pricing_for_pm" time="1.261" /><testcase classname="tests.test_team_deployment.TestTeamDeploymentFeatures" name="test_kickoff_request_details_shows_team_deployment" time="1.006" /><testcase classname="tests.test_team_deployment.TestTeamDeploymentFeatures" name="test_kickoff_request_details_includes_meeting_frequency_and_tenure" time="1.022" /><testcase classname="tests.test_team_deployment.TestTeamDeploymentFeatures" name="test_team_deployment_structure_fields" time="0.881" /><testcase classname="tests.test_team_deployment.TestTeamDeploymentFeatures" name="test_create_kickoff_request_with_meeting_frequency" time="1.553" /><testcase classname="tests.test_team_deployment.TestPricingExclusionForConsultingRoles" name="test_admin_can_see_financials_in_kickoff_details" time="0.983" /><testcase classname="tests.test_team_deployment.TestPricingExclusionForConsultingRoles" name="test_manager_cannot_see_financials_in_kickoff_details" time="0.992" /></testsuite></testsuites>