<?xml version="1.0" encoding="utf-8"?><testsuites name="pytest tests"><testsuite name="pytest" errors="0" failures="2" skipped="1" tests="14" time="7.877" timestamp="2026-02-19T05:08:37.117950+00:00" hostname="agent-env-37f6a5e7-b6ca-472b-878f-0a16ad901d18"><testcase classname="tests.test_dbac_department_access.TestAuthLogin" name="test_admin_login_success" time="0.753" /><testcase classname="tests.test_dbac_department_access.TestAuthLogin" name="test_hr_manager_login_success" time="0.559" /><testcase classname="tests.test_dbac_department_access.TestAuthLogin" name="test_sales_manager_login_success" time="0.517" /><testcase classname="tests.test_dbac_department_access.TestAuthLogin" name="test_consultant_login_success" time="0.486"><failure message="AssertionError: Consultant login failed: {&quot;detail&quot;:&quot;Incorrect email or password&quot;}&#10;assert 401 == 200&#10; +  where 401 = &lt;Response [401]&gt;.status_code">tests/test_dbac_department_access.py:63: in test_consultant_login_success
    assert response.status_code == 200, f"Consultant login failed: {response.text}"
E   AssertionError: Consultant login failed: {"detail":"Incorrect email or password"}
E   assert 401 == 200
E    +  where 401 = &lt;Response [401]&gt;.status_code</failure></testcase><testcase classname="tests.test_dbac_department_access.TestAuthLogin" name="test_invalid_credentials_rejected" time="0.204" /><testcase classname="tests.test_dbac_department_access.TestDepartmentAccessAPI" name="test_get_departments_list" time="0.665" /><testcase classname="tests.test_dbac_department_access.TestDepartmentAccessAPI" name="test_admin_my_access_returns_full_access" time="0.634" /><testcase classname="tests.test_dbac_department_access.TestDepartmentAccessAPI" name="test_hr_manager_my_access_returns_hr_department" time="0.619" /><testcase classname="tests.test_dbac_department_access.TestDepartmentAccessAPI" name="test_sales_manager_my_access_returns_sales_department" time="0.607" /><testcase classname="tests.test_dbac_department_access.TestDepartmentAccessAPI" name="test_consultant_my_access_returns_restricted_view" time="0.499"><skipped type="pytest.skip" message="Consultant login failed: {&quot;detail&quot;:&quot;Incorrect email or password&quot;}">/app/backend/tests/test_dbac_department_access.py:199: Consultant login failed: {"detail":"Incorrect email or password"}</skipped></testcase><testcase classname="tests.test_dbac_department_access.TestDepartmentAccessAPI" name="test_unauthenticated_access_rejected" time="0.148" /><testcase classname="tests.test_dbac_department_access.TestPermissionConfigDepartments" name="test_get_departments_config" time="0.649" /><testcase classname="tests.test_dbac_department_access.TestPermissionConfigDepartments" name="test_create_new_department" time="0.617"><failure message="AssertionError: Response should contain department data&#10;assert ('id' in {'department': {'code': 'TEST_MKT', 'color': '#EC4899', 'created_at': '2026-02-19T05:08:44.285021+00:00', 'created_by': '48588b92-8856-4e3a-aa6c-b9e493442761', ...}, 'message': 'Department created'} or 'name' in {'department': {'code': 'TEST_MKT', 'color': '#EC4899', 'created_at': '2026-02-19T05:08:44.285021+00:00', 'created_by': '48588b92-8856-4e3a-aa6c-b9e493442761', ...}, 'message': 'Department created'})">tests/test_dbac_department_access.py:287: in test_create_new_department
    assert "id" in data or "name" in data, "Response should contain department data"
E   AssertionError: Response should contain department data
E   assert ('id' in {'department': {'code': 'TEST_MKT', 'color': '#EC4899', 'created_at': '2026-02-19T05:08:44.285021+00:00', 'created_by': '48588b92-8856-4e3a-aa6c-b9e493442761', ...}, 'message': 'Department created'} or 'name' in {'department': {'code': 'TEST_MKT', 'color': '#EC4899', 'created_at': '2026-02-19T05:08:44.285021+00:00', 'created_by': '48588b92-8856-4e3a-aa6c-b9e493442761', ...}, 'message': 'Department created'})</failure></testcase><testcase classname="tests.test_dbac_department_access.TestDepartmentAccessStats" name="test_get_department_stats" time="0.663" /></testsuite></testsuites>