<?xml version="1.0" encoding="utf-8"?><testsuites name="pytest tests"><testsuite name="pytest" errors="0" failures="0" skipped="0" tests="8" time="1.333" timestamp="2026-02-16T08:32:17.644979+00:00" hostname="agent-env-00c356a0-887a-442c-a061-e247be4db148"><testcase classname="tests.test_agreement_signing_kickoff.TestConsultantsEndpoint" name="test_get_consultants_returns_list" time="0.596" /><testcase classname="tests.test_agreement_signing_kickoff.TestConsultantsEndpoint" name="test_consultants_have_user_id_field" time="0.055" /><testcase classname="tests.test_agreement_signing_kickoff.TestAgreementSigning" name="test_get_approved_agreements" time="0.058" /><testcase classname="tests.test_agreement_signing_kickoff.TestAgreementSigning" name="test_get_agreement_full_details" time="0.121" /><testcase classname="tests.test_agreement_signing_kickoff.TestKickoffRequestCreation" name="test_create_kickoff_request_success" time="0.163" /><testcase classname="tests.test_agreement_signing_kickoff.TestKickoffRequestCreation" name="test_get_kickoff_requests_list" time="0.058" /><testcase classname="tests.test_agreement_signing_kickoff.TestSignAndKickoffFlow" name="test_agreement_sign_endpoint" time="0.110" /><testcase classname="tests.test_agreement_signing_kickoff.TestCleanup" name="test_cleanup_test_kickoff_requests" time="0.053" /></testsuite></testsuites>