<?xml version="1.0" encoding="utf-8"?><testsuites name="pytest tests"><testsuite name="pytest" errors="0" failures="0" skipped="0" tests="14" time="11.714" timestamp="2026-02-14T16:12:55.683180+00:00" hostname="agent-env-7a9c5cea-2f44-4b89-9fd1-2a6d3702f840"><testcase classname="backend.tests.test_role_management.TestRoleManagement" name="test_get_all_roles" time="0.630" /><testcase classname="backend.tests.test_role_management.TestRoleManagement" name="test_get_roles_with_system_badge" time="0.545" /><testcase classname="backend.tests.test_role_management.TestRoleManagement" name="test_get_single_role_with_permissions" time="0.544" /><testcase classname="backend.tests.test_role_management.TestRoleManagement" name="test_create_custom_role" time="0.842" /><testcase classname="backend.tests.test_role_management.TestRoleManagement" name="test_create_duplicate_role_fails" time="1.236" /><testcase classname="backend.tests.test_role_management.TestRoleManagement" name="test_update_role_permissions" time="0.973" /><testcase classname="backend.tests.test_role_management.TestRoleManagement" name="test_delete_custom_role" time="0.843" /><testcase classname="backend.tests.test_role_management.TestRoleManagement" name="test_cannot_delete_system_role" time="0.734" /><testcase classname="backend.tests.test_role_management.TestUserWithRoles" name="test_get_users_with_roles" time="0.542" /><testcase classname="backend.tests.test_role_management.TestUserWithRoles" name="test_update_user_role" time="1.480" /><testcase classname="backend.tests.test_role_management.TestUserWithRoles" name="test_admin_only_can_change_roles" time="1.074" /><testcase classname="backend.tests.test_role_management.TestPermissionModules" name="test_get_permission_modules" time="0.535" /><testcase classname="backend.tests.test_role_management.TestPermissionModules" name="test_permission_modules_admin_only" time="1.057" /><testcase classname="backend.tests.test_role_management.TestSOWRoleCategories" name="test_get_sow_role_categories" time="0.561" /></testsuite></testsuites>