<?xml version="1.0" encoding="utf-8"?><testsuites name="pytest tests"><testsuite name="pytest" errors="0" failures="0" skipped="0" tests="8" time="16.615" timestamp="2026-02-21T06:18:34.296073+00:00" hostname="agent-env-0a7538d6-1113-425a-9a9b-98b83360282d"><testcase classname="tests.test_onboarding_tour.TestOnboardingStatus" name="test_get_onboarding_status_admin" time="1.905" /><testcase classname="tests.test_onboarding_tour.TestOnboardingStatus" name="test_get_onboarding_status_employee" time="1.851" /><testcase classname="tests.test_onboarding_tour.TestOnboardingStatus" name="test_get_onboarding_status_unauthorized" time="0.382" /><testcase classname="tests.test_onboarding_tour.TestCompleteOnboarding" name="test_complete_onboarding_admin" time="2.112" /><testcase classname="tests.test_onboarding_tour.TestCompleteOnboarding" name="test_complete_onboarding_employee" time="1.651" /><testcase classname="tests.test_onboarding_tour.TestResetOnboarding" name="test_reset_onboarding_admin" time="2.460" /><testcase classname="tests.test_onboarding_tour.TestResetOnboarding" name="test_reset_onboarding_employee" time="2.780" /><testcase classname="tests.test_onboarding_tour.TestOnboardingWorkflow" name="test_full_onboarding_workflow" time="3.132" /></testsuite></testsuites>