<?xml version="1.0" encoding="utf-8"?><testsuites name="pytest tests"><testsuite name="pytest" errors="0" failures="0" skipped="2" tests="11" time="4.158" timestamp="2026-02-27T14:20:33.936614+00:00" hostname="agent-env-a6a863f3-bbee-41b2-9fa9-93d922547de6"><testcase classname="tests.test_go_live_new_flow.TestGoLiveNewFlow" name="test_golive_checklist_endpoint" time="1.113" /><testcase classname="tests.test_go_live_new_flow.TestGoLiveNewFlow" name="test_pending_golive_requests" time="0.674" /><testcase classname="tests.test_go_live_new_flow.TestGoLiveNewFlow" name="test_golive_request_details_endpoint" time="0.177"><skipped type="pytest.skip" message="No pending Go-Live requests to test details endpoint">/app/backend/tests/test_go_live_new_flow.py:141: No pending Go-Live requests to test details endpoint</skipped></testcase><testcase classname="tests.test_go_live_new_flow.TestGoLiveNewFlow" name="test_golive_stats" time="0.169" /><testcase classname="tests.test_go_live_new_flow.TestGoLiveNewFlow" name="test_onboarding_completion_no_employee_id" time="0.149" /><testcase classname="tests.test_go_live_new_flow.TestGoLiveNewFlow" name="test_employee_id_pending_flag" time="0.183" /><testcase classname="tests.test_go_live_new_flow.TestGoLiveNewFlow" name="test_enable_portal_access_api" time="0.194" /><testcase classname="tests.test_go_live_new_flow.TestGoLiveNewFlow" name="test_golive_approval_generates_employee_id" time="0.166" /><testcase classname="tests.test_go_live_new_flow.TestGoLiveNewFlow" name="test_hr_cannot_approve_golive" time="0.136"><skipped type="pytest.skip" message="No pending requests to test HR approval restriction">/app/backend/tests/test_go_live_new_flow.py:332: No pending requests to test HR approval restriction</skipped></testcase><testcase classname="tests.test_go_live_new_flow.TestGoLiveNewFlow" name="test_all_golive_requests" time="0.351" /><testcase classname="tests.test_go_live_new_flow.TestGoLiveSubmission" name="test_hr_can_submit_golive" time="0.695" /></testsuite></testsuites>