<?xml version="1.0" encoding="utf-8"?><testsuites name="pytest tests"><testsuite name="pytest" errors="0" failures="1" skipped="0" tests="11" time="23.481" timestamp="2026-03-17T17:37:15.683615+00:00" hostname="agent-env-28eb69c2-0490-4d8c-9de8-8c28577db0a6"><testcase classname="tests.test_consulting_meetings_filters.TestConsultingMeetingsAPI" name="test_get_consulting_meetings" time="10.035" /><testcase classname="tests.test_consulting_meetings_filters.TestConsultingMeetingsAPI" name="test_get_clients_for_filter" time="1.073" /><testcase classname="tests.test_consulting_meetings_filters.TestConsultingMeetingsAPI" name="test_get_single_meeting" time="1.500" /><testcase classname="tests.test_consulting_meetings_filters.TestConsultingMeetingsAPI" name="test_consulting_meetings_tracking" time="1.080"><failure message="AssertionError: Failed: {&quot;detail&quot;:&quot;Not Found&quot;}&#10;assert 404 == 200&#10; +  where 404 = &lt;Response [404]&gt;.status_code">tests/test_consulting_meetings_filters.py:101: in test_consulting_meetings_tracking
    assert response.status_code == 200, f"Failed: {response.text}"
E   AssertionError: Failed: {"detail":"Not Found"}
E   assert 404 == 200
E    +  where 404 = &lt;Response [404]&gt;.status_code</failure></testcase><testcase classname="tests.test_consulting_meetings_filters.TestFileUploadEndpoint" name="test_upload_meeting_attachments_endpoint_exists" time="1.372" /><testcase classname="tests.test_consulting_meetings_filters.TestFileUploadEndpoint" name="test_upload_pdf_attachment" time="1.250" /><testcase classname="tests.test_consulting_meetings_filters.TestFileUploadEndpoint" name="test_upload_multiple_files" time="1.247" /><testcase classname="tests.test_consulting_meetings_filters.TestMOMEndpoints" name="test_patch_mom_endpoint_exists" time="2.039" /><testcase classname="tests.test_consulting_meetings_filters.TestMOMEndpoints" name="test_send_mom_endpoint_exists" time="1.142" /><testcase classname="tests.test_consulting_meetings_filters.TestProjectsAndUsersForFilters" name="test_get_projects" time="0.892" /><testcase classname="tests.test_consulting_meetings_filters.TestProjectsAndUsersForFilters" name="test_get_users" time="0.947" /></testsuite></testsuites>