<?xml version="1.0" encoding="utf-8"?><testsuites name="pytest tests"><testsuite name="pytest" errors="0" failures="1" skipped="0" tests="15" time="13.439" timestamp="2026-02-14T20:28:50.593149+00:00" hostname="agent-env-10a9efb8-1bc7-4ab1-a3cf-c3b528a8e0c2"><testcase classname="backend.tests.test_hr_features.TestHRFeatures" name="test_admin_login" time="2.414" /><testcase classname="backend.tests.test_hr_features.TestHRFeatures" name="test_manager_login" time="0.505" /><testcase classname="backend.tests.test_hr_features.TestHRFeatures" name="test_org_chart_hierarchy_endpoint" time="0.703" /><testcase classname="backend.tests.test_hr_features.TestHRFeatures" name="test_get_leave_requests_my" time="0.608" /><testcase classname="backend.tests.test_hr_features.TestHRFeatures" name="test_get_all_leave_requests_hr" time="0.580" /><testcase classname="backend.tests.test_hr_features.TestHRFeatures" name="test_get_employees_for_attendance" time="0.855" /><testcase classname="backend.tests.test_hr_features.TestHRFeatures" name="test_post_attendance" time="0.880" /><testcase classname="backend.tests.test_hr_features.TestHRFeatures" name="test_post_attendance_bulk" time="0.813" /><testcase classname="backend.tests.test_hr_features.TestHRFeatures" name="test_get_attendance" time="0.801" /><testcase classname="backend.tests.test_hr_features.TestHRFeatures" name="test_get_attendance_summary" time="0.818" /><testcase classname="backend.tests.test_hr_features.TestHRFeatures" name="test_get_salary_components" time="0.635" /><testcase classname="backend.tests.test_hr_features.TestHRFeatures" name="test_get_salary_slips" time="0.720" /><testcase classname="backend.tests.test_hr_features.TestHRFeatures" name="test_generate_salary_slip" time="0.680"><failure message="TypeError: '&gt;' not supported between instances of 'NoneType' and 'int'">backend/tests/test_hr_features.py:267: in test_generate_salary_slip
    emp_with_salary = [e for e in employees if e.get('salary', 0) &gt; 0]
                      ^^^^^^^^^^^^^^^^^^^^^^^^^^^^^^^^^^^^^^^^^^^^^^^^
backend/tests/test_hr_features.py:267: in &lt;listcomp&gt;
    emp_with_salary = [e for e in employees if e.get('salary', 0) &gt; 0]
                                               ^^^^^^^^^^^^^^^^^^^^^^
E   TypeError: '&gt;' not supported between instances of 'NoneType' and 'int'</failure></testcase><testcase classname="backend.tests.test_hr_features.TestHRFeatures" name="test_generate_bulk_salary_slips" time="0.700" /><testcase classname="backend.tests.test_hr_features.TestNavigation" name="test_hr_nav_items_accessible" time="1.408" /></testsuite></testsuites>