<?xml version="1.0" encoding="utf-8"?><testsuites name="pytest tests"><testsuite name="pytest" errors="0" failures="1" skipped="0" tests="28" time="21.831" timestamp="2026-03-14T17:27:13.457590+00:00" hostname="agent-env-3837988a-8935-464b-aac7-862393cc5f7b"><testcase classname="tests.test_master_audit_comprehensive.TestSection1_DashboardVerification" name="test_1a_dashboard_widget_data_structure" time="2.424" /><testcase classname="tests.test_master_audit_comprehensive.TestSection1_DashboardVerification" name="test_1b_follow_ups_list_structure" time="0.593" /><testcase classname="tests.test_master_audit_comprehensive.TestSection2_FollowUpCreation" name="test_2a_create_lead_stage_follow_up" time="0.627" /><testcase classname="tests.test_master_audit_comprehensive.TestSection2_FollowUpCreation" name="test_2b_create_sow_stage_manual_client" time="0.587" /><testcase classname="tests.test_master_audit_comprehensive.TestSection2_FollowUpCreation" name="test_2c_verify_all_9_stages_allowed" time="1.117" /><testcase classname="tests.test_master_audit_comprehensive.TestSection2_FollowUpCreation" name="test_2d_invalid_entity_type_rejected" time="0.596" /><testcase classname="tests.test_master_audit_comprehensive.TestSection3_MissedFollowUpDetection" name="test_3a_due_today_follow_up" time="0.642" /><testcase classname="tests.test_master_audit_comprehensive.TestSection3_MissedFollowUpDetection" name="test_3b_1day_overdue_follow_up" time="0.592"><failure message="AssertionError: Should be at least 1 day overdue&#10;assert 0 &gt;= 1">backend/tests/test_master_audit_comprehensive.py:255: in test_3b_1day_overdue_follow_up
    assert item["days_overdue"] &gt;= 1, "Should be at least 1 day overdue"
E   AssertionError: Should be at least 1 day overdue
E   assert 0 &gt;= 1</failure></testcase><testcase classname="tests.test_master_audit_comprehensive.TestSection3_MissedFollowUpDetection" name="test_3c_2days_overdue_escalation_pending" time="0.624" /><testcase classname="tests.test_master_audit_comprehensive.TestSection3_MissedFollowUpDetection" name="test_3d_3plus_days_overdue_in_escalation_dashboard" time="0.635" /><testcase classname="tests.test_master_audit_comprehensive.TestSection4_EscalationToManager" name="test_4a_manager_sees_escalations" time="0.713" /><testcase classname="tests.test_master_audit_comprehensive.TestSection4_EscalationToManager" name="test_4b_executive_forbidden_from_escalations" time="0.722" /><testcase classname="tests.test_master_audit_comprehensive.TestSection5_ManagerActions" name="test_5a_follow_up_detail_has_all_fields" time="0.695" /><testcase classname="tests.test_master_audit_comprehensive.TestSection5_ManagerActions" name="test_5b_add_update_appears_in_history" time="0.567" /><testcase classname="tests.test_master_audit_comprehensive.TestSection5_ManagerActions" name="test_5c_close_and_schedule_next" time="0.657" /><testcase classname="tests.test_master_audit_comprehensive.TestSection5_ManagerActions" name="test_5d_reassign_with_transfer_ownership" time="0.648" /><testcase classname="tests.test_master_audit_comprehensive.TestSection6_LeadReassignmentOwnershipTransfer" name="test_6a_create_lead_and_follow_up" time="0.611" /><testcase classname="tests.test_master_audit_comprehensive.TestSection6_LeadReassignmentOwnershipTransfer" name="test_6b_reassign_with_transfer_all_stages" time="0.697" /><testcase classname="tests.test_master_audit_comprehensive.TestSection7_DataIntegrity" name="test_7a_closed_follow_up_has_closed_at" time="0.625" /><testcase classname="tests.test_master_audit_comprehensive.TestSection7_DataIntegrity" name="test_7b_schedule_next_links_via_history" time="0.618" /><testcase classname="tests.test_master_audit_comprehensive.TestSection7_DataIntegrity" name="test_7c_reassign_history_has_old_new_owner" time="0.689" /><testcase classname="tests.test_master_audit_comprehensive.TestSection8_RBAC" name="test_8a_sales_executive_can_create" time="0.574" /><testcase classname="tests.test_master_audit_comprehensive.TestSection8_RBAC" name="test_8b_sales_executive_can_update_own" time="0.569" /><testcase classname="tests.test_master_audit_comprehensive.TestSection8_RBAC" name="test_8c_sales_executive_cannot_access_escalations" time="0.563" /><testcase classname="tests.test_master_audit_comprehensive.TestSection8_RBAC" name="test_8d_sales_executive_cannot_reassign" time="1.333" /><testcase classname="tests.test_master_audit_comprehensive.TestSection8_RBAC" name="test_8e_sales_manager_can_access_escalations" time="1.014" /><testcase classname="tests.test_master_audit_comprehensive.TestSection8_RBAC" name="test_8f_admin_full_access" time="0.815" /><testcase classname="tests.test_master_audit_comprehensive.TestSection9_DetailDialogCompleteness" name="test_9a_detail_has_all_required_fields" time="0.777" /></testsuite></testsuites>