<?xml version="1.0" encoding="utf-8"?><testsuites name="pytest tests"><testsuite name="pytest" errors="0" failures="0" skipped="0" tests="11" time="10.854" timestamp="2026-03-05T18:35:39.917736+00:00" hostname="agent-env-792d558c-0c0f-442e-9be1-85133636cff6"><testcase classname="tests.test_p0_architecture_fixes.TestLeaveBalanceCalculation" name="test_get_leave_balance_endpoint_exists" time="1.628" /><testcase classname="tests.test_p0_architecture_fixes.TestLeaveBalanceCalculation" name="test_leave_balance_404_for_invalid_employee" time="0.200" /><testcase classname="tests.test_p0_architecture_fixes.TestCompanyWideLeaveStats" name="test_company_wide_stats_endpoint" time="1.148" /><testcase classname="tests.test_p0_architecture_fixes.TestCompanyWideLeaveStats" name="test_company_wide_stats_access_denied_for_non_hr" time="1.178" /><testcase classname="tests.test_p0_architecture_fixes.TestEmployeeSyncEndpoints" name="test_sync_status_endpoint_admin_only" time="1.853" /><testcase classname="tests.test_p0_architecture_fixes.TestEmployeeSyncEndpoints" name="test_single_employee_sync_endpoint" time="0.349" /><testcase classname="tests.test_p0_architecture_fixes.TestEmployeeSyncEndpoints" name="test_single_sync_admin_only" time="0.172" /><testcase classname="tests.test_p0_architecture_fixes.TestBulkSyncEndpoint" name="test_bulk_sync_admin_only" time="1.548" /><testcase classname="tests.test_p0_architecture_fixes.TestEmployeeUpdateTriggersSync" name="test_employee_update_triggers_sync" time="1.684" /><testcase classname="tests.test_p0_architecture_fixes.TestServiceHealth" name="test_backend_health" time="0.247" /><testcase classname="tests.test_p0_architecture_fixes.TestServiceHealth" name="test_auth_endpoint" time="0.461" /></testsuite></testsuites>