<?xml version="1.0" encoding="utf-8"?><testsuites name="pytest tests"><testsuite name="pytest" errors="0" failures="0" skipped="0" tests="21" time="52.763" timestamp="2026-02-18T12:55:17.774107+00:00" hostname="agent-env-ab671417-a975-4d0f-8395-3f2e741cb752"><testcase classname="tests.test_stats_router.TestStatsRouter" name="test_dashboard_stats_endpoint_accessible" time="1.854" /><testcase classname="tests.test_stats_router.TestStatsRouter" name="test_dashboard_stats_returns_required_fields" time="1.926" /><testcase classname="tests.test_stats_router.TestStatsRouter" name="test_dashboard_stats_no_old_field_names" time="1.937" /><testcase classname="tests.test_stats_router.TestStatsRouter" name="test_sales_dashboard_stats_endpoint" time="2.368" /><testcase classname="tests.test_stats_router.TestStatsRouter" name="test_sales_dashboard_clients_data" time="1.592" /><testcase classname="tests.test_stats_router.TestStatsRouter" name="test_sales_dashboard_quotations_agreements" time="1.885" /><testcase classname="tests.test_stats_router.TestStatsRouter" name="test_enhanced_sales_dashboard_stats" time="1.969" /><testcase classname="tests.test_stats_router.TestStatsRouter" name="test_enhanced_sales_dashboard_temperature" time="2.890" /><testcase classname="tests.test_stats_router.TestStatsRouter" name="test_enhanced_sales_dashboard_view_modes" time="3.004" /><testcase classname="tests.test_stats_router.TestStatsRouter" name="test_enhanced_sales_dashboard_mom_performance" time="2.791" /><testcase classname="tests.test_stats_router.TestStatsRouter" name="test_hr_dashboard_stats_with_hr_user" time="2.160" /><testcase classname="tests.test_stats_router.TestStatsRouter" name="test_hr_dashboard_stats_with_admin" time="3.021" /><testcase classname="tests.test_stats_router.TestStatsRouter" name="test_hr_dashboard_attendance_data" time="2.466" /><testcase classname="tests.test_stats_router.TestStatsRouter" name="test_hr_dashboard_payroll_data" time="2.399" /><testcase classname="tests.test_stats_router.TestStatsRouter" name="test_hr_dashboard_forbidden_for_non_hr" time="2.341" /><testcase classname="tests.test_stats_router.TestStatsRouter" name="test_consulting_dashboard_stats" time="3.158" /><testcase classname="tests.test_stats_router.TestStatsRouter" name="test_consulting_dashboard_projects_data" time="3.547" /><testcase classname="tests.test_stats_router.TestStatsRouter" name="test_consulting_dashboard_meetings_data" time="2.492" /><testcase classname="tests.test_stats_router.TestStatsRouter" name="test_consulting_dashboard_workload_data" time="3.106" /><testcase classname="tests.test_stats_router.TestStatsRouter" name="test_all_stats_endpoints_require_auth" time="3.042" /><testcase classname="tests.test_stats_router.TestStatsRouter" name="test_stats_data_consistency" time="2.444" /></testsuite></testsuites>