<?xml version="1.0" encoding="utf-8"?><testsuites name="pytest tests"><testsuite name="pytest" errors="0" failures="0" skipped="0" tests="10" time="8.501" timestamp="2026-02-20T06:38:18.500742+00:00" hostname="agent-env-2de78fd1-8f9d-4b90-ba7c-87d08b20c4f6"><testcase classname="tests.test_bulk_department_operations.TestBulkDepartmentOperations" name="test_admin_login" time="0.790" /><testcase classname="tests.test_bulk_department_operations.TestBulkDepartmentOperations" name="test_bulk_add_department" time="0.793" /><testcase classname="tests.test_bulk_department_operations.TestBulkDepartmentOperations" name="test_bulk_remove_department" time="0.765" /><testcase classname="tests.test_bulk_department_operations.TestBulkDepartmentOperations" name="test_bulk_add_and_remove_simultaneously" time="1.280" /><testcase classname="tests.test_bulk_department_operations.TestBulkDepartmentOperations" name="test_empty_employee_list" time="0.627" /><testcase classname="tests.test_bulk_department_operations.TestBulkDepartmentOperations" name="test_invalid_employee_id" time="0.644" /><testcase classname="tests.test_bulk_department_operations.TestBulkDepartmentOperations" name="test_cannot_remove_all_departments" time="0.834" /><testcase classname="tests.test_bulk_department_operations.TestBulkDepartmentOperations" name="test_invalid_department_silently_ignored" time="0.789" /><testcase classname="tests.test_bulk_department_operations.TestBulkDepartmentOperations" name="test_non_admin_cannot_bulk_update" time="1.124" /><testcase classname="tests.test_bulk_department_operations.TestBulkDepartmentOperations" name="test_get_department_stats" time="0.649" /></testsuite></testsuites>