<?xml version="1.0" encoding="utf-8"?><testsuites name="pytest tests"><testsuite name="pytest" errors="0" failures="0" skipped="0" tests="22" time="16.228" timestamp="2026-03-14T17:24:57.119936+00:00" hostname="agent-env-3837988a-8935-464b-aac7-862393cc5f7b"><testcase classname="tests.test_follow_ups_system.TestFollowUpsSystemBackend" name="test_01_admin_login_successful" time="0.863" /><testcase classname="tests.test_follow_ups_system.TestFollowUpsSystemBackend" name="test_02_create_follow_up_for_lead" time="0.638" /><testcase classname="tests.test_follow_ups_system.TestFollowUpsSystemBackend" name="test_03_create_follow_up_for_meeting_stage" time="0.605" /><testcase classname="tests.test_follow_ups_system.TestFollowUpsSystemBackend" name="test_04_create_overdue_follow_up" time="0.647" /><testcase classname="tests.test_follow_ups_system.TestFollowUpsSystemBackend" name="test_05_create_follow_up_invalid_entity_type" time="0.645" /><testcase classname="tests.test_follow_ups_system.TestFollowUpsSystemBackend" name="test_06_list_follow_ups" time="0.657" /><testcase classname="tests.test_follow_ups_system.TestFollowUpsSystemBackend" name="test_07_list_follow_ups_with_status_filter" time="0.622" /><testcase classname="tests.test_follow_ups_system.TestFollowUpsSystemBackend" name="test_08_list_follow_ups_with_entity_type_filter" time="0.803" /><testcase classname="tests.test_follow_ups_system.TestFollowUpsSystemBackend" name="test_09_get_dashboard_today_follow_ups" time="0.994" /><testcase classname="tests.test_follow_ups_system.TestFollowUpsSystemBackend" name="test_10_get_escalations_as_admin" time="0.678" /><testcase classname="tests.test_follow_ups_system.TestFollowUpsSystemBackend" name="test_11_get_follow_up_detail" time="0.600" /><testcase classname="tests.test_follow_ups_system.TestFollowUpsSystemBackend" name="test_12_get_follow_up_not_found" time="0.600" /><testcase classname="tests.test_follow_ups_system.TestFollowUpsSystemBackend" name="test_13_add_update_to_follow_up" time="0.614" /><testcase classname="tests.test_follow_ups_system.TestFollowUpsSystemBackend" name="test_14_close_follow_up" time="0.715" /><testcase classname="tests.test_follow_ups_system.TestFollowUpsSystemBackend" name="test_15_schedule_next_follow_up" time="0.708" /><testcase classname="tests.test_follow_ups_system.TestFollowUpsSystemBackend" name="test_16_get_users_for_reassign" time="0.614" /><testcase classname="tests.test_follow_ups_system.TestFollowUpsSystemBackend" name="test_17_reassign_follow_up_with_transfer" time="0.633" /><testcase classname="tests.test_follow_ups_system.TestFollowUpsSystemBackend" name="test_18_escalations_forbidden_for_non_manager" time="1.109" /><testcase classname="tests.test_follow_ups_system.TestFollowUpsSystemBackend" name="test_19_reassign_forbidden_for_non_manager" time="1.171" /><testcase classname="tests.test_follow_ups_system.TestFollowUpsSystemBackend" name="test_99_cleanup_test_data" time="0.587" /><testcase classname="tests.test_follow_ups_system.TestLoginCredentialsFollowUps" name="test_admin_login" time="0.547" /><testcase classname="tests.test_follow_ups_system.TestLoginCredentialsFollowUps" name="test_sales_manager_login" time="0.910" /></testsuite></testsuites>