<?xml version="1.0" encoding="utf-8"?><testsuites name="pytest tests"><testsuite name="pytest" errors="0" failures="0" skipped="0" tests="18" time="15.080" timestamp="2026-03-23T15:16:21.779329+00:00" hostname="agent-env-f3e93646-4123-4cc8-828b-505f94a788f3"><testcase classname="tests.test_payroll_engine.TestPayrollEngineAuth" name="test_hr_manager_login" time="0.736" /><testcase classname="tests.test_payroll_engine.TestPayrollEngineAuth" name="test_admin_login" time="0.448" /><testcase classname="tests.test_payroll_engine.TestPayrollEngineSimulation" name="test_simulate_payroll_basic" time="0.775" /><testcase classname="tests.test_payroll_engine.TestPayrollEngineSimulation" name="test_simulate_payroll_with_lop_march" time="0.831" /><testcase classname="tests.test_payroll_engine.TestPayrollEngineSimulation" name="test_simulate_payroll_with_lop_february" time="0.668" /><testcase classname="tests.test_payroll_engine.TestPayrollEngineSimulation" name="test_simulate_payroll_with_lop_april" time="0.688" /><testcase classname="tests.test_payroll_engine.TestPayrollEngineSimulation" name="test_simulate_payroll_earnings_breakdown" time="0.675" /><testcase classname="tests.test_payroll_engine.TestPayrollEngineSimulation" name="test_simulate_payroll_deductions_with_formulas" time="0.750" /><testcase classname="tests.test_payroll_engine.TestPayrollEngineSimulation" name="test_simulate_payroll_with_bonus" time="0.692" /><testcase classname="tests.test_payroll_engine.TestPayrollEngineSimulation" name="test_simulate_payroll_field_traceability" time="0.778" /><testcase classname="tests.test_payroll_engine.TestPayrollEngineRunPayroll" name="test_run_payroll_creates_draft" time="0.694" /><testcase classname="tests.test_payroll_engine.TestPayrollEngineRunPayroll" name="test_run_payroll_requires_month" time="0.679" /><testcase classname="tests.test_payroll_engine.TestPayrollEngineRegister" name="test_get_payroll_register_list" time="0.618" /><testcase classname="tests.test_payroll_engine.TestPayrollEngineRegister" name="test_get_payroll_register_details" time="0.947" /><testcase classname="tests.test_payroll_engine.TestPayrollEngineApproval" name="test_submit_for_approval_hr_manager" time="1.270" /><testcase classname="tests.test_payroll_engine.TestPayrollEngineApproval" name="test_approve_payroll_admin" time="1.411" /><testcase classname="tests.test_payroll_engine.TestPayrollEngineApproval" name="test_reject_payroll_requires_reason" time="1.235" /><testcase classname="tests.test_payroll_engine.TestPayrollEngineExport" name="test_export_payroll_data" time="0.722" /></testsuite></testsuites>