<?xml version="1.0" encoding="utf-8"?><testsuites name="pytest tests"><testsuite name="pytest" errors="0" failures="0" skipped="0" tests="12" time="16.894" timestamp="2026-03-25T20:58:18.296501+00:00" hostname="agent-env-7629e487-c9f6-4e31-971c-766723da3e49"><testcase classname="tests.test_kickoff_na_approval.TestKickoffClientConfirmation" name="test_client_confirm_endpoint_exists" time="10.199" /><testcase classname="tests.test_kickoff_na_approval.TestKickoffClientConfirmation" name="test_client_confirm_accepts_form_data" time="0.181" /><testcase classname="tests.test_kickoff_na_approval.TestKickoffClientConfirmation" name="test_client_confirm_handles_none_start_date" time="0.160" /><testcase classname="tests.test_kickoff_na_approval.TestKickoffClientConfirmation" name="test_client_confirm_handles_none_string" time="0.164" /><testcase classname="tests.test_kickoff_na_approval.TestProjectSOWRetrieval" name="test_get_project_sow" time="1.168" /><testcase classname="tests.test_kickoff_na_approval.TestProjectSOWRetrieval" name="test_project_sow_has_scopes" time="0.170" /><testcase classname="tests.test_kickoff_na_approval.TestNAApprovalFlow" name="test_consultant_can_request_na" time="1.412" /><testcase classname="tests.test_kickoff_na_approval.TestNAApprovalFlow" name="test_manager_can_approve_na" time="0.551" /><testcase classname="tests.test_kickoff_na_approval.TestNAApprovalFlow" name="test_manager_can_reject_na" time="0.678" /><testcase classname="tests.test_kickoff_na_approval.TestNAApprovalFlow" name="test_consultant_cannot_directly_set_not_applicable" time="0.303" /><testcase classname="tests.test_kickoff_na_approval.TestSOWMasterLocking" name="test_sow_master_locked_check" time="0.906" /><testcase classname="tests.test_kickoff_na_approval.TestFrontendRoles" name="test_manager_roles_defined" time="0.684" /></testsuite></testsuites>