<?xml version="1.0" encoding="utf-8"?><testsuites name="pytest tests"><testsuite name="pytest" errors="0" failures="0" skipped="0" tests="8" time="10.868" timestamp="2026-02-15T07:34:15.600048+00:00" hostname="agent-env-d8465b21-f854-4222-8c5f-e7c3b7584bf5"><testcase classname="backend.tests.test_gantt_chart.TestGanttChartBackend" name="test_admin_login_works" time="1.633" /><testcase classname="backend.tests.test_gantt_chart.TestGanttChartBackend" name="test_get_projects_list" time="1.304" /><testcase classname="backend.tests.test_gantt_chart.TestGanttChartBackend" name="test_get_tasks_gantt_endpoint" time="1.166" /><testcase classname="backend.tests.test_gantt_chart.TestGanttChartBackend" name="test_get_tasks_gantt_invalid_project" time="1.663" /><testcase classname="backend.tests.test_gantt_chart.TestGanttChartBackend" name="test_patch_task_dates_endpoint" time="1.114" /><testcase classname="backend.tests.test_gantt_chart.TestGanttChartBackend" name="test_patch_task_dates_with_end_date" time="1.245" /><testcase classname="backend.tests.test_gantt_chart.TestGanttChartBackend" name="test_patch_task_dates_invalid_task" time="1.057" /><testcase classname="backend.tests.test_gantt_chart.TestGanttChartBackend" name="test_tasks_gantt_data_format" time="1.055" /></testsuite></testsuites>