<?xml version="1.0" encoding="utf-8"?><testsuites name="pytest tests"><testsuite name="pytest" errors="0" failures="0" skipped="0" tests="8" time="6.518" timestamp="2026-02-22T11:48:12.171388+00:00" hostname="agent-env-b8701fe3-1e08-420e-bdd4-f89e058aeaa1"><testcase classname="tests.test_guided_sales_workflow.TestGuidedSalesWorkflowAuth" name="test_sales_executive_login_success" time="0.883" /><testcase classname="tests.test_guided_sales_workflow.TestGuidedSalesWorkflowAuth" name="test_admin_login_success" time="0.548" /><testcase classname="tests.test_guided_sales_workflow.TestGuidedSalesWorkflowAuth" name="test_sales_executive_invalid_password" time="0.516" /><testcase classname="tests.test_guided_sales_workflow.TestGuidedSalesWorkflowAuth" name="test_admin_invalid_password" time="0.501" /><testcase classname="tests.test_guided_sales_workflow.TestGuidedSalesWorkflowRoles" name="test_sales_executive_role_is_executive" time="0.630" /><testcase classname="tests.test_guided_sales_workflow.TestGuidedSalesWorkflowRoles" name="test_admin_role_is_admin" time="0.739" /><testcase classname="tests.test_guided_sales_workflow.TestGuidedSalesWorkflowRoles" name="test_sales_executive_can_access_leads" time="0.675" /><testcase classname="tests.test_guided_sales_workflow.TestGuidedSalesWorkflowRoles" name="test_admin_can_access_leads" time="1.647" /></testsuite></testsuites>