<?xml version="1.0" encoding="utf-8"?><testsuites name="pytest tests"><testsuite name="pytest" errors="0" failures="0" skipped="0" tests="13" time="15.189" timestamp="2026-03-25T07:05:56.151603+00:00" hostname="agent-env-e015961e-9d06-470e-a23e-f25be0d14024"><testcase classname="tests.test_lead_reassign_followup_email.TestLeadReassignment" name="test_get_users_for_reassign" time="11.054" /><testcase classname="tests.test_lead_reassign_followup_email.TestLeadReassignment" name="test_single_lead_reassign_endpoint_exists" time="0.116" /><testcase classname="tests.test_lead_reassign_followup_email.TestLeadReassignment" name="test_bulk_reassign_endpoint_exists" time="0.095" /><testcase classname="tests.test_lead_reassign_followup_email.TestLeadReassignment" name="test_sales_cannot_bulk_reassign" time="1.094" /><testcase classname="tests.test_lead_reassign_followup_email.TestFollowUpEmailTemplates" name="test_create_follow_up_with_lead" time="0.215" /><testcase classname="tests.test_lead_reassign_followup_email.TestFollowUpEmailTemplates" name="test_get_email_template" time="0.100" /><testcase classname="tests.test_lead_reassign_followup_email.TestFollowUpEmailTemplates" name="test_client_action_close" time="0.212" /><testcase classname="tests.test_lead_reassign_followup_email.TestFollowUpEmailTemplates" name="test_client_action_reschedule" time="0.646" /><testcase classname="tests.test_lead_reassign_followup_email.TestFollowUpLeadIntegration" name="test_follow_up_has_lead_info" time="0.097" /><testcase classname="tests.test_lead_reassign_followup_email.TestFollowUpLeadIntegration" name="test_follow_up_detail_has_lead_email" time="0.060" /><testcase classname="tests.test_lead_reassign_followup_email.TestFollowUpLeadIntegration" name="test_follow_ups_table_client_response_column" time="0.070" /><testcase classname="tests.test_lead_reassign_followup_email.TestSalesDataTableOverflow" name="test_leads_endpoint_returns_data" time="0.096" /><testcase classname="tests.test_lead_reassign_followup_email.TestSalesDataTableOverflow" name="test_follow_ups_endpoint_returns_data" time="0.073" /></testsuite></testsuites>