<?xml version="1.0" encoding="utf-8"?><testsuites name="pytest tests"><testsuite name="pytest" errors="0" failures="1" skipped="0" tests="22" time="15.768" timestamp="2026-02-22T18:32:21.435311+00:00" hostname="agent-env-aa25202a-d663-4e6f-bd51-5012b61a5d29"><testcase classname="tests.test_e2e_comprehensive.TestAuthentication" name="test_admin_login_with_employee_id" time="1.326" /><testcase classname="tests.test_e2e_comprehensive.TestAuthentication" name="test_sales_manager_login" time="0.964" /><testcase classname="tests.test_e2e_comprehensive.TestAuthentication" name="test_hr_manager_login" time="0.967" /><testcase classname="tests.test_e2e_comprehensive.TestAuthentication" name="test_invalid_credentials" time="0.247" /><testcase classname="tests.test_e2e_comprehensive.TestLeadsCRUD" name="test_get_leads_admin" time="1.269" /><testcase classname="tests.test_e2e_comprehensive.TestLeadsCRUD" name="test_get_leads_sales_manager_scoped" time="1.441" /><testcase classname="tests.test_e2e_comprehensive.TestLeadsCRUD" name="test_get_single_lead" time="0.784" /><testcase classname="tests.test_e2e_comprehensive.TestLeadsCRUD" name="test_create_lead" time="0.250" /><testcase classname="tests.test_e2e_comprehensive.TestPermissions" name="test_get_my_permissions_admin" time="0.345" /><testcase classname="tests.test_e2e_comprehensive.TestPermissions" name="test_get_my_permissions_sales_executive" time="1.419" /><testcase classname="tests.test_e2e_comprehensive.TestPermissions" name="test_features_admin_only" time="0.728" /><testcase classname="tests.test_e2e_comprehensive.TestMyAPIs" name="test_guidance_state" time="0.469" /><testcase classname="tests.test_e2e_comprehensive.TestMyAPIs" name="test_dashboard_stats" time="0.347"><failure message="AssertionError: assert 'user_id' in {'active_projects': 0, 'attendance_this_month': 5, 'leads_count': 1, 'leaves_taken': 0, ...}">tests/test_e2e_comprehensive.py:245: in test_dashboard_stats
    assert "user_id" in data
E   AssertionError: assert 'user_id' in {'active_projects': 0, 'attendance_this_month': 5, 'leads_count': 1, 'leaves_taken': 0, ...}</failure></testcase><testcase classname="tests.test_e2e_comprehensive.TestMyAPIs" name="test_my_profile" time="0.314" /><testcase classname="tests.test_e2e_comprehensive.TestManagerAPIs" name="test_manager_team" time="0.531" /><testcase classname="tests.test_e2e_comprehensive.TestSalesFunnel" name="test_stage_status" time="0.666" /><testcase classname="tests.test_e2e_comprehensive.TestSalesFunnel" name="test_resume_stage" time="0.600" /><testcase classname="tests.test_e2e_comprehensive.TestSalesFunnel" name="test_kickoff_status" time="0.645" /><testcase classname="tests.test_e2e_comprehensive.TestAudit" name="test_audit_summary_admin" time="0.259" /><testcase classname="tests.test_e2e_comprehensive.TestAudit" name="test_audit_summary_denied_non_admin" time="0.420" /><testcase classname="tests.test_e2e_comprehensive.TestLeadSchemaValidation" name="test_all_leads_have_proper_schema" time="0.357" /><testcase classname="tests.test_e2e_comprehensive.TestLeadSchemaValidation" name="test_renewal_leads_schema" time="0.462" /></testsuite></testsuites>