<?xml version="1.0" encoding="utf-8"?><testsuites name="pytest tests"><testsuite name="pytest" errors="0" failures="2" skipped="0" tests="29" time="25.201" timestamp="2026-02-20T18:21:57.045949+00:00" hostname="agent-env-4be0b1fa-d27d-47fb-b841-2013412a7cc8"><testcase classname="tests.test_production_readiness_audit.TestDataIntegrity" name="test_employees_have_required_fields" time="1.749" /><testcase classname="tests.test_production_readiness_audit.TestDataIntegrity" name="test_leave_requests_have_valid_employee_ids" time="0.894" /><testcase classname="tests.test_production_readiness_audit.TestDataIntegrity" name="test_projects_have_required_created_by_field" time="0.285" /><testcase classname="tests.test_production_readiness_audit.TestDataIntegrity" name="test_kickoff_requests_link_to_valid_projects" time="0.953" /><testcase classname="tests.test_production_readiness_audit.TestRBACVerification" name="test_admin_can_access_all_modules" time="2.006" /><testcase classname="tests.test_production_readiness_audit.TestRBACVerification" name="test_hr_manager_can_access_hr_module" time="2.534" /><testcase classname="tests.test_production_readiness_audit.TestRBACVerification" name="test_employee_blocked_from_admin_functions" time="1.244" /><testcase classname="tests.test_production_readiness_audit.TestRBACVerification" name="test_unauthorized_access_returns_401" time="0.746" /><testcase classname="tests.test_production_readiness_audit.TestSalesConsultingE2EFlow" name="test_get_existing_lead_and_pricing_plan" time="0.521" /><testcase classname="tests.test_production_readiness_audit.TestSalesConsultingE2EFlow" name="test_get_existing_agreements" time="0.227" /><testcase classname="tests.test_production_readiness_audit.TestSalesConsultingE2EFlow" name="test_get_kickoff_requests" time="0.306" /><testcase classname="tests.test_production_readiness_audit.TestSalesConsultingE2EFlow" name="test_consultant_assignment_on_projects" time="0.412" /><testcase classname="tests.test_production_readiness_audit.TestSessionStability" name="test_multiple_role_login_logout_cycle" time="4.554" /><testcase classname="tests.test_production_readiness_audit.TestSessionStability" name="test_concurrent_requests_with_same_token" time="1.201" /><testcase classname="tests.test_production_readiness_audit.TestSessionStability" name="test_invalid_token_returns_401" time="0.344" /><testcase classname="tests.test_production_readiness_audit.TestFailureScenarios" name="test_missing_required_fields_returns_validation_error" time="0.386" /><testcase classname="tests.test_production_readiness_audit.TestFailureScenarios" name="test_nonexistent_resource_returns_404" time="0.582" /><testcase classname="tests.test_production_readiness_audit.TestFailureScenarios" name="test_duplicate_email_returns_proper_error" time="0.472" /><testcase classname="tests.test_production_readiness_audit.TestFailureScenarios" name="test_invalid_email_format_validation" time="0.436" /><testcase classname="tests.test_production_readiness_audit.TestHRModuleValidation" name="test_leave_request_flow" time="0.279"><failure message="AssertionError: Get leave balance failed: {&quot;detail&quot;:&quot;Not Found&quot;}&#10;assert 404 == 200&#10; +  where 404 = &lt;Response [404]&gt;.status_code">backend/tests/test_production_readiness_audit.py:436: in test_leave_request_flow
    assert balance_response.status_code == 200, f"Get leave balance failed: {balance_response.text}"
E   AssertionError: Get leave balance failed: {"detail":"Not Found"}
E   assert 404 == 200
E    +  where 404 = &lt;Response [404]&gt;.status_code</failure></testcase><testcase classname="tests.test_production_readiness_audit.TestHRModuleValidation" name="test_attendance_record_retrieval" time="0.392" /><testcase classname="tests.test_production_readiness_audit.TestHRModuleValidation" name="test_modification_request_for_go_live_employee" time="0.280" /><testcase classname="tests.test_production_readiness_audit.TestCriticalBugRegression" name="test_projects_endpoint_no_longer_520_error" time="0.478" /><testcase classname="tests.test_production_readiness_audit.TestCriticalBugRegression" name="test_email_validation_prevents_invalid_formats" time="0.504" /><testcase classname="tests.test_production_readiness_audit.TestCriticalBugRegression" name="test_email_uniqueness_check" time="0.457" /><testcase classname="tests.test_production_readiness_audit.TestAdditionalEndpoints" name="test_notifications_system" time="1.002" /><testcase classname="tests.test_production_readiness_audit.TestAdditionalEndpoints" name="test_ctc_system" time="0.435"><failure message="assert 404 == 200&#10; +  where 404 = &lt;Response [404]&gt;.status_code">backend/tests/test_production_readiness_audit.py:545: in test_ctc_system
    assert comp_response.status_code == 200
E   assert 404 == 200
E    +  where 404 = &lt;Response [404]&gt;.status_code</failure></testcase><testcase classname="tests.test_production_readiness_audit.TestAdditionalEndpoints" name="test_users_endpoint" time="0.278" /><testcase classname="tests.test_production_readiness_audit.TestAdditionalEndpoints" name="test_departments_list" time="0.473" /></testsuite></testsuites>