<?xml version="1.0" encoding="utf-8"?><testsuites name="pytest tests"><testsuite name="pytest" errors="0" failures="0" skipped="0" tests="13" time="4.049" timestamp="2026-02-20T04:57:51.615907+00:00" hostname="agent-env-2de78fd1-8f9d-4b90-ba7c-87d08b20c4f6"><testcase classname="tests.test_quick_checkin.TestQuickCheckInEndpoints" name="test_01_employee_login" time="1.261" /><testcase classname="tests.test_quick_checkin.TestQuickCheckInEndpoints" name="test_02_check_status_endpoint_exists" time="0.628" /><testcase classname="tests.test_quick_checkin.TestQuickCheckInEndpoints" name="test_03_check_status_returns_work_location" time="0.066" /><testcase classname="tests.test_quick_checkin.TestQuickCheckInEndpoints" name="test_04_my_attendance_endpoint" time="0.072" /><testcase classname="tests.test_quick_checkin.TestQuickCheckInEndpoints" name="test_05_check_in_requires_selfie" time="0.080" /><testcase classname="tests.test_quick_checkin.TestQuickCheckInEndpoints" name="test_06_check_in_requires_gps" time="0.075" /><testcase classname="tests.test_quick_checkin.TestQuickCheckInEndpoints" name="test_07_wfh_not_allowed" time="0.062" /><testcase classname="tests.test_quick_checkin.TestAdminHRAccess" name="test_01_admin_can_list_employees" time="0.576" /><testcase classname="tests.test_quick_checkin.TestAdminHRAccess" name="test_02_employees_page_no_geofence_ui" time="0.074" /><testcase classname="tests.test_quick_checkin.TestAttendanceIntegration" name="test_01_attendance_record_has_status_field" time="0.065" /><testcase classname="tests.test_quick_checkin.TestAttendanceIntegration" name="test_02_check_status_after_checkin" time="0.066" /><testcase classname="tests.test_quick_checkin.TestCheckInWorkflow" name="test_01_verify_auto_approval" time="0.073" /><testcase classname="tests.test_quick_checkin.TestCheckInWorkflow" name="test_02_hr_pending_approvals_endpoint" time="0.589" /></testsuite></testsuites>