<?xml version="1.0" encoding="utf-8"?><testsuites name="pytest tests"><testsuite name="pytest" errors="0" failures="0" skipped="0" tests="8" time="4.437" timestamp="2026-03-15T18:11:54.330720+00:00" hostname="agent-env-095ddc04-f73d-44f4-9281-9256b23b49a1"><testcase classname="tests.test_funnel_eligibility.TestLeadSSOTSearchEndpoint" name="test_search_with_any_funnel_stage" time="2.759" /><testcase classname="tests.test_funnel_eligibility.TestLeadSSOTSearchEndpoint" name="test_search_with_has_meeting_funnel_stage" time="0.156" /><testcase classname="tests.test_funnel_eligibility.TestLeadSSOTSearchEndpoint" name="test_search_with_has_pricing_plan_funnel_stage" time="0.187" /><testcase classname="tests.test_funnel_eligibility.TestLeadSSOTSearchEndpoint" name="test_search_with_has_quotation_funnel_stage" time="0.171" /><testcase classname="tests.test_funnel_eligibility.TestLeadSSOTSearchEndpoint" name="test_search_response_structure" time="0.328" /><testcase classname="tests.test_funnel_eligibility.TestLeadEligibilityForProformaInvoice" name="test_leads_with_pricing_plan_exist" time="0.171" /><testcase classname="tests.test_funnel_eligibility.TestLeadEligibilityForAgreements" name="test_leads_with_quotation_exist" time="0.158" /><testcase classname="tests.test_funnel_eligibility.TestFunnelFilterComparison" name="test_filtered_results_are_subset_of_any" time="0.294" /></testsuite></testsuites>