<?xml version="1.0" encoding="utf-8"?><testsuites name="pytest tests"><testsuite name="pytest" errors="0" failures="0" skipped="0" tests="14" time="10.726" timestamp="2026-02-22T19:50:32.908268+00:00" hostname="agent-env-619204b0-362a-4b6b-953d-4735b9dcd28e"><testcase classname="tests.test_unified_approvals.TestAuthAndSetup" name="test_admin_login" time="0.650" /><testcase classname="tests.test_unified_approvals.TestAuthAndSetup" name="test_sales_exec_login" time="0.508" /><testcase classname="tests.test_unified_approvals.TestAuthAndSetup" name="test_hr_manager_login" time="0.505" /><testcase classname="tests.test_unified_approvals.TestExpenseApprovalsAPI" name="test_pending_approvals_endpoint_admin" time="0.742" /><testcase classname="tests.test_unified_approvals.TestExpenseApprovalsAPI" name="test_pending_approvals_endpoint_hr" time="0.673" /><testcase classname="tests.test_unified_approvals.TestExpenseApprovalsAPI" name="test_expenses_list_endpoint" time="0.676" /><testcase classname="tests.test_unified_approvals.TestExpenseApprovalsAPI" name="test_expense_categories" time="0.700" /><testcase classname="tests.test_unified_approvals.TestKickoffApprovalsAPI" name="test_pending_kickoff_approvals_admin" time="0.684" /><testcase classname="tests.test_unified_approvals.TestKickoffApprovalsAPI" name="test_pending_kickoff_denied_for_sales_exec" time="0.962" /><testcase classname="tests.test_unified_approvals.TestApprovalsAggregation" name="test_all_pending_approvals_accessible" time="2.400" /><testcase classname="tests.test_unified_approvals.TestExpenseApprovalFlow" name="test_create_expense_as_employee" time="0.979" /><testcase classname="tests.test_unified_approvals.TestExpenseApprovalFlow" name="test_expense_approve_requires_auth" time="0.162" /><testcase classname="tests.test_unified_approvals.TestExpenseApprovalFlow" name="test_expense_reject_requires_reason" time="0.923" /><testcase classname="tests.test_unified_approvals.TestRouteRedirects" name="test_expense_approvals_route_defined_in_app" time="0.001" /></testsuite></testsuites>