<?xml version="1.0" encoding="utf-8"?><testsuites name="pytest tests"><testsuite name="pytest" errors="0" failures="1" skipped="0" tests="13" time="3.303" timestamp="2026-02-19T15:54:33.739078+00:00" hostname="agent-env-357cb834-742c-4532-a403-e49c83b9569e"><testcase classname="tests.test_notifications_page.TestNotificationsEndpoints" name="test_01_get_notifications_endpoint" time="1.060" /><testcase classname="tests.test_notifications_page.TestNotificationsEndpoints" name="test_02_get_unread_count_endpoint" time="0.097" /><testcase classname="tests.test_notifications_page.TestNotificationsEndpoints" name="test_03_mark_all_read_endpoint" time="0.082" /><testcase classname="tests.test_notifications_page.TestNotificationsEndpoints" name="test_04_hr_manager_notifications" time="0.712" /><testcase classname="tests.test_notifications_page.TestNotificationsEndpoints" name="test_05_notification_has_required_fields" time="0.060"><failure message="AssertionError: Notification needs is_read field&#10;assert 'is_read' in {'created_at': '2026-02-19T14:57:14.398228+00:00', 'id': '1fa095fc-35bb-406f-819a-aed14e783e47', 'link': '/approvals', 'message': 'Go-Live request submitted for Test Deploy (EMP002)', ...}">backend/tests/test_notifications_page.py:146: in test_05_notification_has_required_fields
    assert "is_read" in notif, "Notification needs is_read field"
E   AssertionError: Notification needs is_read field
E   assert 'is_read' in {'created_at': '2026-02-19T14:57:14.398228+00:00', 'id': '1fa095fc-35bb-406f-819a-aed14e783e47', 'link': '/approvals', 'message': 'Go-Live request submitted for Test Deploy (EMP002)', ...}</failure></testcase><testcase classname="tests.test_notifications_page.TestNotificationsEndpoints" name="test_06_mark_single_notification_read" time="0.163" /><testcase classname="tests.test_notifications_page.TestNotificationsEndpoints" name="test_07_notification_action_endpoint" time="0.152" /><testcase classname="tests.test_notifications_page.TestNotificationTypes" name="test_01_check_actionable_notifications" time="0.060" /><testcase classname="tests.test_notifications_page.TestNotificationTypes" name="test_02_employee_onboarded_notification_exists" time="0.077" /><testcase classname="tests.test_notifications_page.TestNotificationTypes" name="test_03_go_live_notifications_exist" time="0.095" /><testcase classname="tests.test_notifications_page.TestEmployeeCreationNotifications" name="test_01_create_employee_sends_notifications" time="0.199" /><testcase classname="tests.test_notifications_page.TestNotificationFiltering" name="test_01_filter_unread_notifications" time="0.192" /><testcase classname="tests.test_notifications_page.TestNotificationFiltering" name="test_02_filter_actionable_notifications" time="0.075" /></testsuite></testsuites>