<?xml version="1.0" encoding="utf-8"?><testsuites name="pytest tests"><testsuite name="pytest" errors="0" failures="0" skipped="0" tests="6" time="4.605" timestamp="2026-02-23T13:28:24.239612+00:00" hostname="agent-env-737ec427-3344-45ac-a693-25533293e7e5"><testcase classname="tests.test_sales_funnel_bugs.TestSalesFunnelBugFixes" name="test_funnel_progress_api_returns_correct_step_ids" time="0.790" /><testcase classname="tests.test_sales_funnel_bugs.TestSalesFunnelBugFixes" name="test_funnel_progress_api_returns_lead_id" time="0.685" /><testcase classname="tests.test_sales_funnel_bugs.TestSalesFunnelBugFixes" name="test_lead_status_auto_updates_with_funnel_progress" time="0.775" /><testcase classname="tests.test_sales_funnel_bugs.TestSalesFunnelBugFixes" name="test_meeting_record_endpoint_works" time="0.643" /><testcase classname="tests.test_sales_funnel_bugs.TestSalesFunnelBugFixes" name="test_funnel_checklist_endpoint" time="0.690" /><testcase classname="tests.test_sales_funnel_bugs.TestLeadStatusMapping" name="test_get_lead_returns_valid_status" time="0.892" /></testsuite></testsuites>