<?xml version="1.0" encoding="utf-8"?><testsuites name="pytest tests"><testsuite name="pytest" errors="0" failures="1" skipped="0" tests="15" time="13.741" timestamp="2026-03-18T04:19:47.218372+00:00" hostname="agent-env-e437f1dc-089b-490c-bb36-995581625b1f"><testcase classname="tests.test_meeting_notification_workflow.TestMeetingStates" name="test_1_get_meeting_states" time="1.021" /><testcase classname="tests.test_meeting_notification_workflow.TestMeetingStates" name="test_2_state_transitions_are_valid" time="0.724" /><testcase classname="tests.test_meeting_notification_workflow.TestTestEmail" name="test_1_send_test_email_endpoint_exists" time="1.802" /><testcase classname="tests.test_meeting_notification_workflow.TestSendInvite" name="test_1_send_invite_requires_meeting_id" time="0.730" /><testcase classname="tests.test_meeting_notification_workflow.TestSendInvite" name="test_2_send_invite_returns_404_for_invalid_meeting" time="0.713" /><testcase classname="tests.test_meeting_notification_workflow.TestClientResponse" name="test_1_client_response_get_requires_token_and_action" time="0.961" /><testcase classname="tests.test_meeting_notification_workflow.TestClientResponse" name="test_2_client_response_get_validates_action" time="0.738" /><testcase classname="tests.test_meeting_notification_workflow.TestClientResponse" name="test_3_client_response_get_returns_404_for_invalid_token" time="0.776" /><testcase classname="tests.test_meeting_notification_workflow.TestClientResponse" name="test_4_client_response_post_requires_params" time="0.724" /><testcase classname="tests.test_meeting_notification_workflow.TestClientResponse" name="test_5_client_response_post_returns_404_for_invalid_token" time="0.741" /><testcase classname="tests.test_meeting_notification_workflow.TestMeetingWorkflowE2E" name="test_1_get_existing_meetings" time="0.636"><failure message="requests.exceptions.ConnectionError: ('Connection aborted.', ConnectionResetError(104, 'Connection reset by peer'))">/usr/local/lib/python3.11/ssl.py:1055: in _create
    self.getpeername()
E   OSError: [Errno 107] Transport endpoint is not connected

During handling of the above exception, another exception occurred:
/root/.venv/lib/python3.11/site-packages/urllib3/connectionpool.py:787: in urlopen
    response = self._make_request(
/root/.venv/lib/python3.11/site-packages/urllib3/connectionpool.py:488: in _make_request
    raise new_e
/root/.venv/lib/python3.11/site-packages/urllib3/connectionpool.py:464: in _make_request
    self._validate_conn(conn)
/root/.venv/lib/python3.11/site-packages/urllib3/connectionpool.py:1093: in _validate_conn
    conn.connect()
/root/.venv/lib/python3.11/site-packages/urllib3/connection.py:796: in connect
    sock_and_verified = _ssl_wrap_socket_and_match_hostname(
/root/.venv/lib/python3.11/site-packages/urllib3/connection.py:975: in _ssl_wrap_socket_and_match_hostname
    ssl_sock = ssl_wrap_socket(
/root/.venv/lib/python3.11/site-packages/urllib3/util/ssl_.py:483: in ssl_wrap_socket
    ssl_sock = _ssl_wrap_socket_impl(sock, context, tls_in_tls, server_hostname)
               ^^^^^^^^^^^^^^^^^^^^^^^^^^^^^^^^^^^^^^^^^^^^^^^^^^^^^^^^^^^^^^^^^
/root/.venv/lib/python3.11/site-packages/urllib3/util/ssl_.py:527: in _ssl_wrap_socket_impl
    return ssl_context.wrap_socket(sock, server_hostname=server_hostname)
           ^^^^^^^^^^^^^^^^^^^^^^^^^^^^^^^^^^^^^^^^^^^^^^^^^^^^^^^^^^^^^^
/usr/local/lib/python3.11/ssl.py:517: in wrap_socket
    return self.sslsocket_class._create(
/usr/local/lib/python3.11/ssl.py:1067: in _create
    notconn_pre_handshake_data = self.recv(1)
                                 ^^^^^^^^^^^^
/usr/local/lib/python3.11/ssl.py:1297: in recv
    return super().recv(buflen, flags)
           ^^^^^^^^^^^^^^^^^^^^^^^^^^^
E   ConnectionResetError: [Errno 104] Connection reset by peer

During handling of the above exception, another exception occurred:
/root/.venv/lib/python3.11/site-packages/requests/adapters.py:644: in send
    resp = conn.urlopen(
/root/.venv/lib/python3.11/site-packages/urllib3/connectionpool.py:841: in urlopen
    retries = retries.increment(
/root/.venv/lib/python3.11/site-packages/urllib3/util/retry.py:490: in increment
    raise reraise(type(error), error, _stacktrace)
          ^^^^^^^^^^^^^^^^^^^^^^^^^^^^^^^^^^^^^^^^
/root/.venv/lib/python3.11/site-packages/urllib3/util/util.py:38: in reraise
    raise value.with_traceback(tb)
/root/.venv/lib/python3.11/site-packages/urllib3/connectionpool.py:787: in urlopen
    response = self._make_request(
/root/.venv/lib/python3.11/site-packages/urllib3/connectionpool.py:488: in _make_request
    raise new_e
/root/.venv/lib/python3.11/site-packages/urllib3/connectionpool.py:464: in _make_request
    self._validate_conn(conn)
/root/.venv/lib/python3.11/site-packages/urllib3/connectionpool.py:1093: in _validate_conn
    conn.connect()
/root/.venv/lib/python3.11/site-packages/urllib3/connection.py:796: in connect
    sock_and_verified = _ssl_wrap_socket_and_match_hostname(
/root/.venv/lib/python3.11/site-packages/urllib3/connection.py:975: in _ssl_wrap_socket_and_match_hostname
    ssl_sock = ssl_wrap_socket(
/root/.venv/lib/python3.11/site-packages/urllib3/util/ssl_.py:483: in ssl_wrap_socket
    ssl_sock = _ssl_wrap_socket_impl(sock, context, tls_in_tls, server_hostname)
               ^^^^^^^^^^^^^^^^^^^^^^^^^^^^^^^^^^^^^^^^^^^^^^^^^^^^^^^^^^^^^^^^^
/root/.venv/lib/python3.11/site-packages/urllib3/util/ssl_.py:527: in _ssl_wrap_socket_impl
    return ssl_context.wrap_socket(sock, server_hostname=server_hostname)
           ^^^^^^^^^^^^^^^^^^^^^^^^^^^^^^^^^^^^^^^^^^^^^^^^^^^^^^^^^^^^^^
/usr/local/lib/python3.11/ssl.py:517: in wrap_socket
    return self.sslsocket_class._create(
/usr/local/lib/python3.11/ssl.py:1067: in _create
    notconn_pre_handshake_data = self.recv(1)
                                 ^^^^^^^^^^^^
/usr/local/lib/python3.11/ssl.py:1297: in recv
    return super().recv(buflen, flags)
           ^^^^^^^^^^^^^^^^^^^^^^^^^^^
E   urllib3.exceptions.ProtocolError: ('Connection aborted.', ConnectionResetError(104, 'Connection reset by peer'))

During handling of the above exception, another exception occurred:
tests/test_meeting_notification_workflow.py:230: in test_1_get_existing_meetings
    response = requests.get(
/root/.venv/lib/python3.11/site-packages/requests/api.py:73: in get
    return request("get", url, params=params, **kwargs)
           ^^^^^^^^^^^^^^^^^^^^^^^^^^^^^^^^^^^^^^^^^^^^
/root/.venv/lib/python3.11/site-packages/requests/api.py:59: in request
    return session.request(method=method, url=url, **kwargs)
           ^^^^^^^^^^^^^^^^^^^^^^^^^^^^^^^^^^^^^^^^^^^^^^^^^
/root/.venv/lib/python3.11/site-packages/requests/sessions.py:589: in request
    resp = self.send(prep, **send_kwargs)
           ^^^^^^^^^^^^^^^^^^^^^^^^^^^^^^
/root/.venv/lib/python3.11/site-packages/requests/sessions.py:703: in send
    r = adapter.send(request, **kwargs)
        ^^^^^^^^^^^^^^^^^^^^^^^^^^^^^^^
/root/.venv/lib/python3.11/site-packages/requests/adapters.py:659: in send
    raise ConnectionError(err, request=request)
E   requests.exceptions.ConnectionError: ('Connection aborted.', ConnectionResetError(104, 'Connection reset by peer'))</failure></testcase><testcase classname="tests.test_meeting_notification_workflow.TestMeetingWorkflowE2E" name="test_2_meeting_has_status_field" time="1.144" /><testcase classname="tests.test_meeting_notification_workflow.TestStateTransitionEndpoint" name="test_1_transition_state_requires_auth" time="0.854" /><testcase classname="tests.test_meeting_notification_workflow.TestStateTransitionEndpoint" name="test_2_transition_state_validates_meeting" time="0.770" /><testcase classname="tests.test_meeting_notification_workflow.TestAutoAcceptEndpoint" name="test_1_auto_accept_requires_admin" time="0.729" /></testsuite></testsuites>