<?xml version="1.0" encoding="utf-8"?><testsuites name="pytest tests"><testsuite name="pytest" errors="0" failures="0" skipped="0" tests="19" time="14.813" timestamp="2026-02-22T20:49:34.172065+00:00" hostname="agent-env-619204b0-362a-4b6b-953d-4735b9dcd28e"><testcase classname="tests.test_sales_funnel_e2e_flow.TestSalesFunnelE2EFlow" name="test_01_admin_login" time="0.706" /><testcase classname="tests.test_sales_funnel_e2e_flow.TestSalesFunnelE2EFlow" name="test_02_sales_exec_login" time="0.593" /><testcase classname="tests.test_sales_funnel_e2e_flow.TestSalesFunnelE2EFlow" name="test_03_get_leads_list" time="0.622" /><testcase classname="tests.test_sales_funnel_e2e_flow.TestSalesFunnelE2EFlow" name="test_04_get_single_lead" time="0.900" /><testcase classname="tests.test_sales_funnel_e2e_flow.TestSalesFunnelE2EFlow" name="test_05_get_lead_stage" time="0.683" /><testcase classname="tests.test_sales_funnel_e2e_flow.TestSalesFunnelE2EFlow" name="test_06_create_lead" time="0.573" /><testcase classname="tests.test_sales_funnel_e2e_flow.TestSalesFunnelE2EFlow" name="test_07_update_lead_status" time="0.676" /><testcase classname="tests.test_sales_funnel_e2e_flow.TestSalesFunnelE2EFlow" name="test_08_get_consulting_team" time="0.608" /><testcase classname="tests.test_sales_funnel_e2e_flow.TestSalesFunnelE2EFlow" name="test_09_request_kickoff" time="0.739" /><testcase classname="tests.test_sales_funnel_e2e_flow.TestSalesFunnelE2EFlow" name="test_10_get_pending_kickoff_approvals" time="0.593" /><testcase classname="tests.test_sales_funnel_e2e_flow.TestSalesFunnelE2EFlow" name="test_11_approve_kickoff" time="1.488" /><testcase classname="tests.test_sales_funnel_e2e_flow.TestSalesFunnelE2EFlow" name="test_12_dashboard_shows_lead_counts" time="0.669" /><testcase classname="tests.test_sales_funnel_e2e_flow.TestSalesFunnelE2EFlow" name="test_13_stage_status_endpoint" time="0.719" /><testcase classname="tests.test_sales_funnel_e2e_flow.TestSalesFunnelE2EFlow" name="test_14_non_admin_denied_pending_approvals" time="0.675" /><testcase classname="tests.test_sales_funnel_e2e_flow.TestSalesFunnelE2EFlow" name="test_15_non_admin_cannot_approve_kickoff" time="0.958" /><testcase classname="tests.test_sales_funnel_e2e_flow.TestSalesFunnelE2EFlow" name="test_16_get_pricing_plans" time="0.998" /><testcase classname="tests.test_sales_funnel_e2e_flow.TestSalesFunnelE2EFlow" name="test_17_get_quotations" time="0.839" /><testcase classname="tests.test_sales_funnel_e2e_flow.TestSalesFunnelE2EFlow" name="test_18_get_agreements" time="0.797" /><testcase classname="tests.test_sales_funnel_e2e_flow.TestLeadStageProgression" name="test_stage_order" time="0.698" /></testsuite></testsuites>