<?xml version="1.0" encoding="utf-8"?><testsuites name="pytest tests"><testsuite name="pytest" errors="0" failures="1" skipped="0" tests="12" time="13.194" timestamp="2026-03-14T14:34:42.166713+00:00" hostname="agent-env-3837988a-8935-464b-aac7-862393cc5f7b"><testcase classname="tests.test_followups_feature.TestFollowUpsFeature" name="test_01_login_successful" time="5.176" /><testcase classname="tests.test_followups_feature.TestFollowUpsFeature" name="test_02_create_lead_with_next_follow_up" time="1.526" /><testcase classname="tests.test_followups_feature.TestFollowUpsFeature" name="test_03_get_leads_returns_next_follow_up" time="0.605" /><testcase classname="tests.test_followups_feature.TestFollowUpsFeature" name="test_04_get_specific_lead_has_follow_up_fields" time="0.610" /><testcase classname="tests.test_followups_feature.TestFollowUpsFeature" name="test_05_update_lead_follow_up_date" time="0.704" /><testcase classname="tests.test_followups_feature.TestFollowUpsFeature" name="test_06_check_existing_test_lead" time="0.639" /><testcase classname="tests.test_followups_feature.TestFollowUpsFeature" name="test_07_get_meetings_endpoint" time="0.634"><failure message="AssertionError: Get meetings should succeed: {&quot;detail&quot;:&quot;Internal server error&quot;,&quot;error&quot;:&quot;2 validation errors:\n  {'type': 'list_type', 'loc': ('response', 0, 'attendees'), 'msg': 'Input should be a valid list', 'input': 'Test Funnel', 'url': 'https://errors.pydantic.dev/2.12/v/list_type'}\n  {'type': 'list_type', 'loc': ('response', 0, 'attendee_names'), 'msg': 'Input should be a valid list', 'input': 'Test Funnel', 'url': 'https://errors.pydantic.dev/2.12/v/list_type'}\n&quot;}&#10;assert 500 == 200&#10; +  where 500 = &lt;Response [500]&gt;.status_code">tests/test_followups_feature.py:171: in test_07_get_meetings_endpoint
    assert response.status_code == 200, f"Get meetings should succeed: {response.text}"
E   AssertionError: Get meetings should succeed: {"detail":"Internal server error","error":"2 validation errors:\n  {'type': 'list_type', 'loc': ('response', 0, 'attendees'), 'msg': 'Input should be a valid list', 'input': 'Test Funnel', 'url': 'https://errors.pydantic.dev/2.12/v/list_type'}\n  {'type': 'list_type', 'loc': ('response', 0, 'attendee_names'), 'msg': 'Input should be a valid list', 'input': 'Test Funnel', 'url': 'https://errors.pydantic.dev/2.12/v/list_type'}\n"}
E   assert 500 == 200
E    +  where 500 = &lt;Response [500]&gt;.status_code</failure></testcase><testcase classname="tests.test_followups_feature.TestFollowUpsFeature" name="test_08_get_consulting_payments_endpoint" time="0.594" /><testcase classname="tests.test_followups_feature.TestFollowUpsFeature" name="test_09_cleanup_test_lead" time="0.648" /><testcase classname="tests.test_followups_feature.TestLoginCredentials" name="test_admin_login" time="0.524" /><testcase classname="tests.test_followups_feature.TestLoginCredentials" name="test_sales_manager_login" time="0.511" /><testcase classname="tests.test_followups_feature.TestLoginCredentials" name="test_sales_executive_login" time="0.548" /></testsuite></testsuites>