<?xml version="1.0" encoding="utf-8"?><testsuites name="pytest tests"><testsuite name="pytest" errors="0" failures="0" skipped="0" tests="24" time="40.545" timestamp="2026-02-18T09:16:28.363607+00:00" hostname="agent-env-cb09f5aa-de87-44b3-8f79-c66e2451fcc9"><testcase classname="tests.test_role_management_levels.TestEmployeeLevels" name="test_get_levels_returns_three_levels" time="2.146" /><testcase classname="tests.test_role_management_levels.TestEmployeeLevels" name="test_levels_have_required_fields" time="1.479" /><testcase classname="tests.test_role_management_levels.TestEmployeeLevels" name="test_levels_requires_authentication" time="0.323" /><testcase classname="tests.test_role_management_levels.TestLevelPermissions" name="test_get_level_permissions_returns_all_levels" time="3.638" /><testcase classname="tests.test_role_management_levels.TestLevelPermissions" name="test_permissions_have_all_keys" time="1.804" /><testcase classname="tests.test_role_management_levels.TestLevelPermissions" name="test_executive_has_basic_permissions" time="1.185" /><testcase classname="tests.test_role_management_levels.TestLevelPermissions" name="test_leader_has_full_permissions" time="1.249" /><testcase classname="tests.test_role_management_levels.TestLevelPermissions" name="test_admin_can_update_level_permissions" time="2.968" /><testcase classname="tests.test_role_management_levels.TestLevelPermissions" name="test_hr_cannot_update_permissions" time="1.562" /><testcase classname="tests.test_role_management_levels.TestLevelPermissions" name="test_invalid_level_returns_error" time="1.331" /><testcase classname="tests.test_role_management_levels.TestRoleRequests" name="test_hr_can_create_role_request" time="0.996" /><testcase classname="tests.test_role_management_levels.TestRoleRequests" name="test_admin_sees_pending_requests" time="1.798" /><testcase classname="tests.test_role_management_levels.TestRoleRequests" name="test_admin_can_approve_request" time="2.050" /><testcase classname="tests.test_role_management_levels.TestRoleRequests" name="test_admin_can_reject_request" time="2.803" /><testcase classname="tests.test_role_management_levels.TestRoleRequests" name="test_hr_cannot_approve_requests" time="1.326" /><testcase classname="tests.test_role_management_levels.TestRoleRequests" name="test_duplicate_role_request_fails" time="2.160" /><testcase classname="tests.test_role_management_levels.TestAssignmentRequests" name="test_admin_cannot_create_assignment_request" time="1.223" /><testcase classname="tests.test_role_management_levels.TestAssignmentRequests" name="test_assignment_request_validates_employee" time="1.052" /><testcase classname="tests.test_role_management_levels.TestAssignmentRequests" name="test_assignment_request_validates_level" time="1.326" /><testcase classname="tests.test_role_management_levels.TestRoleManagementStats" name="test_admin_can_get_stats" time="2.221" /><testcase classname="tests.test_role_management_levels.TestRoleManagementStats" name="test_stats_has_request_counts" time="2.366" /><testcase classname="tests.test_role_management_levels.TestRoleManagementStats" name="test_stats_has_level_counts" time="1.535" /><testcase classname="tests.test_role_management_levels.TestRoleManagementStats" name="test_hr_can_access_stats" time="1.155" /><testcase classname="tests.test_role_management_levels.TestRoleManagementStats" name="test_stats_requires_auth" time="0.232" /></testsuite></testsuites>