<?xml version="1.0" encoding="utf-8"?><testsuites name="pytest tests"><testsuite name="pytest" errors="0" failures="1" skipped="0" tests="11" time="23.438" timestamp="2026-03-28T08:33:03.207572+05:30" hostname="agent-env-f08e3337-b5b8-46ee-b1c2-6866cf3e910d"><testcase classname="tests.test_calculation_fixes.TestAuthAndLogin" name="test_admin_login" time="4.301" /><testcase classname="tests.test_calculation_fixes.TestLeadsPage" name="test_leads_page_loads" time="0.864" /><testcase classname="tests.test_calculation_fixes.TestLeadCreation" name="test_create_lead" time="0.757" /><testcase classname="tests.test_calculation_fixes.TestPricingPlanCalculation" name="test_pricing_plan_with_50000_12_months" time="1.013"><failure message="AssertionError: Pricing plan creation failed: {&quot;detail&quot;:&quot;Cannot create pricing plan: A meeting with MOM (Minutes of Meeting) must be recorded first. Please complete the Meeting step in the sales funnel.&quot;}&#10;assert 400 in [200, 201]&#10; +  where 400 = &lt;Response [400]&gt;.status_code">tests/test_calculation_fixes.py:170: in test_pricing_plan_with_50000_12_months
    assert response.status_code in [200, 201], f"Pricing plan creation failed: {response.text}"
E   AssertionError: Pricing plan creation failed: {"detail":"Cannot create pricing plan: A meeting with MOM (Minutes of Meeting) must be recorded first. Please complete the Meeting step in the sales funnel."}
E   assert 400 in [200, 201]
E    +  where 400 = &lt;Response [400]&gt;.status_code</failure></testcase><testcase classname="tests.test_calculation_fixes.TestAgreementCalculation" name="test_agreement_calculation_option_b" time="0.896" /><testcase classname="tests.test_calculation_fixes.TestAgreementEmail" name="test_send_email_endpoint_exists" time="11.520" /><testcase classname="tests.test_calculation_fixes.TestAgreementsManagement" name="test_agreements_management_list" time="0.704" /><testcase classname="tests.test_calculation_fixes.TestOnboardedClients" name="test_onboarded_clients_loads" time="0.653" /><testcase classname="tests.test_calculation_fixes.TestAgreementVersioning" name="test_agreement_versions_endpoint" time="0.867" /><testcase classname="tests.test_calculation_fixes.TestAgreementEdit" name="test_agreement_edit_endpoint" time="0.803" /><testcase classname="tests.test_calculation_fixes.TestDateFormatting" name="test_agreement_dates_format" time="0.694" /></testsuite></testsuites>