<?xml version="1.0" encoding="utf-8"?><testsuites name="pytest tests"><testsuite name="pytest" errors="0" failures="0" skipped="0" tests="15" time="13.563" timestamp="2026-03-05T19:44:16.471593+00:00" hostname="agent-env-a2d0e8bf-960a-471b-9ea6-dafe1651fc2b"><testcase classname="tests.test_meeting_schedules.TestMeetingScheduleAPIs" name="test_stats_overview_endpoint" time="0.959" /><testcase classname="tests.test_meeting_schedules.TestMeetingScheduleAPIs" name="test_calendar_week_current" time="0.757" /><testcase classname="tests.test_meeting_schedules.TestMeetingScheduleAPIs" name="test_calendar_week_previous" time="0.701" /><testcase classname="tests.test_meeting_schedules.TestMeetingScheduleAPIs" name="test_calendar_week_next" time="0.661" /><testcase classname="tests.test_meeting_schedules.TestMeetingScheduleAPIs" name="test_conflicts_all_endpoint" time="0.730" /><testcase classname="tests.test_meeting_schedules.TestMeetingScheduleAPIs" name="test_get_notification_preferences" time="0.683" /><testcase classname="tests.test_meeting_schedules.TestMeetingScheduleAPIs" name="test_update_notification_preferences" time="0.970" /><testcase classname="tests.test_meeting_schedules.TestMeetingScheduleAPIs" name="test_toggle_all_reminders_off" time="1.092" /><testcase classname="tests.test_meeting_schedules.TestMeetingScheduleAPIs" name="test_list_schedules_empty" time="0.748" /><testcase classname="tests.test_meeting_schedules.TestMeetingScheduleAPIs" name="test_weekday_options" time="0.783" /><testcase classname="tests.test_meeting_schedules.TestMeetingScheduleCreation" name="test_create_schedule_validation_no_project" time="1.190" /><testcase classname="tests.test_meeting_schedules.TestMeetingScheduleCreation" name="test_create_schedule_validation_invalid_type" time="1.186" /><testcase classname="tests.test_meeting_schedules.TestMeetingScheduleCreation" name="test_create_fixed_day_schedule_validation" time="1.064" /><testcase classname="tests.test_meeting_schedules.TestMeetingScheduleCreation" name="test_create_interval_schedule_validation" time="1.083" /><testcase classname="tests.test_meeting_schedules.TestCalendarTeamView" name="test_team_calendar_with_date_range" time="0.662" /></testsuite></testsuites>