<?xml version="1.0" encoding="utf-8"?><testsuites name="pytest tests"><testsuite name="pytest" errors="0" failures="2" skipped="0" tests="21" time="13.589" timestamp="2026-02-21T15:33:54.628093+00:00" hostname="agent-env-7c185081-afee-47ee-8144-35fbdbeb5746"><testcase classname="tests.test_sales_funnel_refactor.TestAuth" name="test_admin_login" time="0.869" /><testcase classname="tests.test_sales_funnel_refactor.TestAuth" name="test_manager_login" time="0.666" /><testcase classname="tests.test_sales_funnel_refactor.TestSalesTargetsAPI" name="test_get_sales_targets_empty" time="0.850" /><testcase classname="tests.test_sales_funnel_refactor.TestSalesTargetsAPI" name="test_get_sales_targets_with_year_filter" time="0.225" /><testcase classname="tests.test_sales_funnel_refactor.TestSalesTargetsAPI" name="test_create_yearly_sales_target" time="0.400" /><testcase classname="tests.test_sales_funnel_refactor.TestSalesTargetsAPI" name="test_get_sales_target_by_employee" time="0.215" /><testcase classname="tests.test_sales_funnel_refactor.TestSalesTargetsAPI" name="test_update_sales_target" time="0.465" /><testcase classname="tests.test_sales_funnel_refactor.TestSalesTargetsAPI" name="test_delete_sales_target" time="0.707" /><testcase classname="tests.test_sales_funnel_refactor.TestAgreementESign" name="test_get_agreements" time="1.033" /><testcase classname="tests.test_sales_funnel_refactor.TestAgreementESign" name="test_send_agreement_to_client" time="0.534" /><testcase classname="tests.test_sales_funnel_refactor.TestAgreementESign" name="test_upload_signed_agreement" time="0.235" /><testcase classname="tests.test_sales_funnel_refactor.TestAgreementESign" name="test_get_agreement_full_details" time="0.227" /><testcase classname="tests.test_sales_funnel_refactor.TestKickoffRequests" name="test_get_kickoff_requests" time="1.009" /><testcase classname="tests.test_sales_funnel_refactor.TestKickoffRequests" name="test_create_kickoff_request" time="0.744"><failure message="AssertionError: Create kickoff failed: {&quot;detail&quot;:[{&quot;type&quot;:&quot;missing&quot;,&quot;loc&quot;:[&quot;body&quot;,&quot;agreement_id&quot;],&quot;msg&quot;:&quot;Field required&quot;,&quot;input&quot;:{&quot;client_name&quot;:&quot;TEST_Kickoff_Client&quot;,&quot;project_name&quot;:&quot;TEST_Project_Kickoff&quot;,&quot;project_type&quot;:&quot;mixed&quot;,&quot;total_meetings&quot;:12,&quot;meeting_frequency&quot;:&quot;Monthly&quot;,&quot;project_tenure_months&quot;:12,&quot;expected_start_date&quot;:&quot;2026-03-01&quot;,&quot;assigned_pm_id&quot;:&quot;ff06dbb8-7926-4cb9-8302-feeb09c7d4d3&quot;,&quot;assigned_pm_name&quot;:&quot;Test Deploy&quot;,&quot;notes&quot;:&quot;Test kickoff request created by automation&quot;},&quot;url&quot;:&quot;https://errors.pydantic.dev/2.12/v/missing&quot;}]}&#10;assert 422 in [200, 201]&#10; +  where 422 = &lt;Response [422]&gt;.status_code">backend/tests/test_sales_funnel_refactor.py:380: in test_create_kickoff_request
    assert response.status_code in [200, 201], f"Create kickoff failed: {response.text}"
E   AssertionError: Create kickoff failed: {"detail":[{"type":"missing","loc":["body","agreement_id"],"msg":"Field required","input":{"client_name":"TEST_Kickoff_Client","project_name":"TEST_Project_Kickoff","project_type":"mixed","total_meetings":12,"meeting_frequency":"Monthly","project_tenure_months":12,"expected_start_date":"2026-03-01","assigned_pm_id":"ff06dbb8-7926-4cb9-8302-feeb09c7d4d3","assigned_pm_name":"Test Deploy","notes":"Test kickoff request created by automation"},"url":"https://errors.pydantic.dev/2.12/v/missing"}]}
E   assert 422 in [200, 201]
E    +  where 422 = &lt;Response [422]&gt;.status_code</failure></testcase><testcase classname="tests.test_sales_funnel_refactor.TestKickoffRequests" name="test_approve_kickoff_request" time="0.279" /><testcase classname="tests.test_sales_funnel_refactor.TestManagerDashboard" name="test_manager_subordinate_leads" time="1.221"><failure message="AssertionError: Failed: {&quot;detail&quot;:&quot;Access denied&quot;}&#10;assert 403 == 200&#10; +  where 403 = &lt;Response [403]&gt;.status_code">backend/tests/test_sales_funnel_refactor.py:427: in test_manager_subordinate_leads
    assert response.status_code == 200, f"Failed: {response.text}"
E   AssertionError: Failed: {"detail":"Access denied"}
E   assert 403 == 200
E    +  where 403 = &lt;Response [403]&gt;.status_code</failure></testcase><testcase classname="tests.test_sales_funnel_refactor.TestManagerDashboard" name="test_manager_leads_dashboard_access" time="0.233" /><testcase classname="tests.test_sales_funnel_refactor.TestLeadsAndAgreementsListView" name="test_leads_api" time="1.031" /><testcase classname="tests.test_sales_funnel_refactor.TestLeadsAndAgreementsListView" name="test_leads_with_status_filter" time="0.753" /><testcase classname="tests.test_sales_funnel_refactor.TestLeadsAndAgreementsListView" name="test_agreements_api" time="0.244" /><testcase classname="tests.test_sales_funnel_refactor.TestCleanup" name="test_cleanup_test_data" time="0.916" /></testsuite></testsuites>