<?xml version="1.0" encoding="utf-8"?><testsuites name="pytest tests"><testsuite name="pytest" errors="0" failures="0" skipped="0" tests="11" time="2.762" timestamp="2026-02-20T14:57:07.635726+00:00" hostname="agent-env-15e017c9-8bc1-4cbf-85e9-f73e767b30c3"><testcase classname="tests.test_bootstrap_reporting_manager.TestBootstrapSelfReportingManager" name="test_create_employee_with_self_as_manager" time="0.832" /><testcase classname="tests.test_bootstrap_reporting_manager.TestBootstrapSelfReportingManager" name="test_managers_list_shows_self_option_when_no_employees" time="0.071" /><testcase classname="tests.test_bootstrap_reporting_manager.TestUpdateReportingManager" name="test_hr_manager_can_update_reporting_manager_via_patch" time="0.572" /><testcase classname="tests.test_bootstrap_reporting_manager.TestUpdateReportingManager" name="test_admin_can_update_reporting_manager_via_patch" time="0.160" /><testcase classname="tests.test_bootstrap_reporting_manager.TestUpdateReportingManager" name="test_set_reporting_manager_endpoint" time="0.149" /><testcase classname="tests.test_bootstrap_reporting_manager.TestEmployeeCreationNotifications" name="test_notifications_created_on_employee_creation" time="0.239" /><testcase classname="tests.test_bootstrap_reporting_manager.TestEmployeeCreationNotifications" name="test_get_notifications_unread_count" time="0.131" /><testcase classname="tests.test_bootstrap_reporting_manager.TestKickoffApproval" name="test_get_kickoff_meetings_list" time="0.098" /><testcase classname="tests.test_bootstrap_reporting_manager.TestKickoffApproval" name="test_kickoff_approval_endpoint_exists" time="0.093" /><testcase classname="tests.test_bootstrap_reporting_manager.TestCTCWithoutAdminApproval" name="test_create_ctc_without_admin_approval" time="0.164" /><testcase classname="tests.test_bootstrap_reporting_manager.TestCTCWithoutAdminApproval" name="test_get_ctc_list" time="0.064" /></testsuite></testsuites>