<?xml version="1.0" encoding="utf-8"?><testsuites name="pytest tests"><testsuite name="pytest" errors="0" failures="0" skipped="0" tests="22" time="47.557" timestamp="2026-03-26T17:39:27.322369+00:00" hostname="agent-env-7a155e2d-cfd5-47d8-be49-4837a1f86c28"><testcase classname="tests.test_penalty_compliance_enhanced.TestPenaltyComplianceEnhanced" name="test_01_get_rule_config_returns_penalty_rules" time="16.864" /><testcase classname="tests.test_penalty_compliance_enhanced.TestPenaltyComplianceEnhanced" name="test_02_get_rule_config_has_policy_metadata" time="1.054" /><testcase classname="tests.test_penalty_compliance_enhanced.TestPenaltyComplianceEnhanced" name="test_03_put_rule_config_updates_rules" time="1.251" /><testcase classname="tests.test_penalty_compliance_enhanced.TestPenaltyComplianceEnhanced" name="test_04_put_rule_config_only_allows_penalty_rules" time="1.014" /><testcase classname="tests.test_penalty_compliance_enhanced.TestPenaltyComplianceEnhanced" name="test_05_get_categories_returns_dynamic_amounts" time="0.849" /><testcase classname="tests.test_penalty_compliance_enhanced.TestPenaltyComplianceEnhanced" name="test_06_categories_reflect_rule_config_changes" time="1.309" /><testcase classname="tests.test_penalty_compliance_enhanced.TestPenaltyComplianceEnhanced" name="test_07_get_month_penalties_returns_count_by_status" time="0.970" /><testcase classname="tests.test_penalty_compliance_enhanced.TestPenaltyComplianceEnhanced" name="test_08_get_month_penalties_includes_arrears" time="1.384" /><testcase classname="tests.test_penalty_compliance_enhanced.TestPenaltyComplianceEnhanced" name="test_09_apply_penalty_creates_pending_review" time="1.121" /><testcase classname="tests.test_penalty_compliance_enhanced.TestPenaltyComplianceEnhanced" name="test_10_approve_penalty_changes_status" time="1.103" /><testcase classname="tests.test_penalty_compliance_enhanced.TestPenaltyComplianceEnhanced" name="test_11_reject_penalty_with_reason" time="1.159" /><testcase classname="tests.test_penalty_compliance_enhanced.TestPenaltyComplianceEnhanced" name="test_12_send_back_returns_to_pending" time="1.115" /><testcase classname="tests.test_penalty_compliance_enhanced.TestPenaltyComplianceEnhanced" name="test_13_update_pending_penalty" time="1.322" /><testcase classname="tests.test_penalty_compliance_enhanced.TestPenaltyComplianceEnhanced" name="test_14_bulk_approve_penalties" time="1.197" /><testcase classname="tests.test_penalty_compliance_enhanced.TestPenaltyComplianceEnhanced" name="test_15_bulk_reject_penalties" time="1.250" /><testcase classname="tests.test_penalty_compliance_enhanced.TestPenaltyComplianceEnhanced" name="test_16_non_hr_cannot_access_rule_config" time="2.665" /><testcase classname="tests.test_penalty_compliance_enhanced.TestPenaltyComplianceEnhanced" name="test_17_non_hr_cannot_apply_penalties" time="2.857" /><testcase classname="tests.test_penalty_compliance_enhanced.TestPenaltyComplianceEnhanced" name="test_18_get_penalty_summary" time="1.899" /><testcase classname="tests.test_penalty_compliance_enhanced.TestPenaltyComplianceEnhanced" name="test_19_get_summary_by_employees" time="1.718" /><testcase classname="tests.test_penalty_compliance_enhanced.TestPenaltyComplianceEnhanced" name="test_20_filter_penalties_by_status" time="1.777" /><testcase classname="tests.test_penalty_compliance_enhanced.TestPenaltyComplianceEnhanced" name="test_21_filter_penalties_by_category" time="1.949" /><testcase classname="tests.test_penalty_compliance_enhanced.TestPenaltyDedup" name="test_22_duplicate_penalty_updates_existing" time="1.019" /></testsuite></testsuites>