<?xml version="1.0" encoding="utf-8"?><testsuites name="pytest tests"><testsuite name="pytest" errors="0" failures="0" skipped="0" tests="14" time="7.310" timestamp="2026-02-23T04:04:42.358215+00:00" hostname="agent-env-cd83f6b2-0b20-4e84-bb4c-4b6bb249c81b"><testcase classname="tests.test_meeting_lead_linkage.TestAuth" name="test_admin_login" time="0.608" /><testcase classname="tests.test_meeting_lead_linkage.TestAuth" name="test_sales_login" time="0.567" /><testcase classname="tests.test_meeting_lead_linkage.TestMeetingRecordEndpoint" name="test_record_meeting_success" time="0.752" /><testcase classname="tests.test_meeting_lead_linkage.TestMeetingRecordEndpoint" name="test_record_meeting_without_mom_fails" time="0.141" /><testcase classname="tests.test_meeting_lead_linkage.TestMeetingRecordEndpoint" name="test_record_meeting_without_lead_id_fails" time="0.195" /><testcase classname="tests.test_meeting_lead_linkage.TestMeetingRecordEndpoint" name="test_record_meeting_invalid_lead_fails" time="0.170" /><testcase classname="tests.test_meeting_lead_linkage.TestMeetingsByLeadEndpoint" name="test_get_meetings_by_lead" time="0.703" /><testcase classname="tests.test_meeting_lead_linkage.TestMeetingsByLeadEndpoint" name="test_get_meetings_invalid_lead_404" time="0.139" /><testcase classname="tests.test_meeting_lead_linkage.TestFunnelProgressEndpoint" name="test_funnel_progress_structure" time="0.640" /><testcase classname="tests.test_meeting_lead_linkage.TestFunnelProgressEndpoint" name="test_funnel_progress_includes_linked_ids" time="0.157" /><testcase classname="tests.test_meeting_lead_linkage.TestKickoffDetailsEndpoint" name="test_get_kickoff_list" time="0.668" /><testcase classname="tests.test_meeting_lead_linkage.TestKickoffDetailsEndpoint" name="test_kickoff_details_structure" time="0.331" /><testcase classname="tests.test_meeting_lead_linkage.TestLeadAutoRedirect" name="test_create_lead_returns_id" time="0.862" /><testcase classname="tests.test_meeting_lead_linkage.TestMeetingMOMIntegration" name="test_full_meeting_flow" time="1.144" /></testsuite></testsuites>