<?xml version="1.0" encoding="utf-8"?><testsuites name="pytest tests"><testsuite name="pytest" errors="0" failures="0" skipped="0" tests="22" time="14.591" timestamp="2026-03-14T17:10:18.662911+00:00" hostname="agent-env-3837988a-8935-464b-aac7-862393cc5f7b"><testcase classname="tests.test_follow_ups_system.TestFollowUpsSystemBackend" name="test_01_admin_login_successful" time="1.261" /><testcase classname="tests.test_follow_ups_system.TestFollowUpsSystemBackend" name="test_02_create_follow_up_for_lead" time="0.573" /><testcase classname="tests.test_follow_ups_system.TestFollowUpsSystemBackend" name="test_03_create_follow_up_for_meeting_stage" time="0.537" /><testcase classname="tests.test_follow_ups_system.TestFollowUpsSystemBackend" name="test_04_create_overdue_follow_up" time="0.546" /><testcase classname="tests.test_follow_ups_system.TestFollowUpsSystemBackend" name="test_05_create_follow_up_invalid_entity_type" time="0.561" /><testcase classname="tests.test_follow_ups_system.TestFollowUpsSystemBackend" name="test_06_list_follow_ups" time="0.636" /><testcase classname="tests.test_follow_ups_system.TestFollowUpsSystemBackend" name="test_07_list_follow_ups_with_status_filter" time="0.589" /><testcase classname="tests.test_follow_ups_system.TestFollowUpsSystemBackend" name="test_08_list_follow_ups_with_entity_type_filter" time="0.532" /><testcase classname="tests.test_follow_ups_system.TestFollowUpsSystemBackend" name="test_09_get_dashboard_today_follow_ups" time="0.581" /><testcase classname="tests.test_follow_ups_system.TestFollowUpsSystemBackend" name="test_10_get_escalations_as_admin" time="0.536" /><testcase classname="tests.test_follow_ups_system.TestFollowUpsSystemBackend" name="test_11_get_follow_up_detail" time="0.603" /><testcase classname="tests.test_follow_ups_system.TestFollowUpsSystemBackend" name="test_12_get_follow_up_not_found" time="0.544" /><testcase classname="tests.test_follow_ups_system.TestFollowUpsSystemBackend" name="test_13_add_update_to_follow_up" time="0.569" /><testcase classname="tests.test_follow_ups_system.TestFollowUpsSystemBackend" name="test_14_close_follow_up" time="0.551" /><testcase classname="tests.test_follow_ups_system.TestFollowUpsSystemBackend" name="test_15_schedule_next_follow_up" time="0.647" /><testcase classname="tests.test_follow_ups_system.TestFollowUpsSystemBackend" name="test_16_get_users_for_reassign" time="0.537" /><testcase classname="tests.test_follow_ups_system.TestFollowUpsSystemBackend" name="test_17_reassign_follow_up_with_transfer" time="0.559" /><testcase classname="tests.test_follow_ups_system.TestFollowUpsSystemBackend" name="test_18_escalations_forbidden_for_non_manager" time="1.276" /><testcase classname="tests.test_follow_ups_system.TestFollowUpsSystemBackend" name="test_19_reassign_forbidden_for_non_manager" time="1.020" /><testcase classname="tests.test_follow_ups_system.TestFollowUpsSystemBackend" name="test_99_cleanup_test_data" time="0.547" /><testcase classname="tests.test_follow_ups_system.TestLoginCredentialsFollowUps" name="test_admin_login" time="0.540" /><testcase classname="tests.test_follow_ups_system.TestLoginCredentialsFollowUps" name="test_sales_manager_login" time="0.572" /></testsuite></testsuites>