<?xml version="1.0" encoding="utf-8"?><testsuites name="pytest tests"><testsuite name="pytest" errors="0" failures="0" skipped="0" tests="11" time="26.005" timestamp="2026-03-24T14:49:03.499256+00:00" hostname="agent-env-0a11c693-86b4-4d39-931e-480bf58de1f9"><testcase classname="tests.test_consulting_meetings_governed_dropdowns.TestConsultingMeetingsGovernedDropdowns" name="test_projects_api_returns_data" time="13.397" /><testcase classname="tests.test_consulting_meetings_governed_dropdowns.TestConsultingMeetingsGovernedDropdowns" name="test_projects_api_returns_client_info" time="0.952" /><testcase classname="tests.test_consulting_meetings_governed_dropdowns.TestConsultingMeetingsGovernedDropdowns" name="test_meeting_types_api_returns_data" time="1.411" /><testcase classname="tests.test_consulting_meetings_governed_dropdowns.TestConsultingMeetingsGovernedDropdowns" name="test_meeting_types_count" time="1.099" /><testcase classname="tests.test_consulting_meetings_governed_dropdowns.TestConsultingMeetingsGovernedDropdowns" name="test_enhanced_sow_by_project_endpoint_exists" time="1.277" /><testcase classname="tests.test_consulting_meetings_governed_dropdowns.TestConsultingMeetingsGovernedDropdowns" name="test_enhanced_sow_response_structure" time="1.127" /><testcase classname="tests.test_consulting_meetings_governed_dropdowns.TestConsultingMeetingsGovernedDropdowns" name="test_meetings_api_returns_data" time="1.008" /><testcase classname="tests.test_consulting_meetings_governed_dropdowns.TestConsultingMeetingsGovernedDropdowns" name="test_project_to_sow_flow" time="1.490" /><testcase classname="tests.test_consulting_meetings_governed_dropdowns.TestConsultingMeetingsGovernedDropdowns" name="test_all_dropdown_apis_accessible" time="1.220" /><testcase classname="tests.test_consulting_meetings_governed_dropdowns.TestSOWByProjectHookBehavior" name="test_sow_endpoint_handles_no_project_id" time="0.948" /><testcase classname="tests.test_consulting_meetings_governed_dropdowns.TestSOWByProjectHookBehavior" name="test_sow_response_can_be_normalized" time="1.351" /></testsuite></testsuites>