<?xml version="1.0" encoding="utf-8"?><testsuites name="pytest tests"><testsuite name="pytest" errors="0" failures="0" skipped="0" tests="12" time="4.031" timestamp="2026-02-14T13:27:58.480565+00:00" hostname="agent-env-3b6590a4-fe9c-4388-a6ed-c995fc0032c0"><testcase classname="tests.test_sow_kickoff.TestSOWCategories" name="test_get_sow_categories" time="0.618" /><testcase classname="tests.test_sow_kickoff.TestSOWCreationAndManagement" name="test_create_project_sow" time="0.318" /><testcase classname="tests.test_sow_kickoff.TestSOWCreationAndManagement" name="test_get_project_sow" time="0.202" /><testcase classname="tests.test_sow_kickoff.TestSOWCreationAndManagement" name="test_add_sow_item" time="0.222" /><testcase classname="tests.test_sow_kickoff.TestKickoffMeeting" name="test_get_kickoff_meetings_by_project" time="0.194" /><testcase classname="tests.test_sow_kickoff.TestKickoffMeeting" name="test_schedule_kickoff_meeting" time="0.254" /><testcase classname="tests.test_sow_kickoff.TestKickoffMeeting" name="test_get_kickoff_meeting_detail" time="0.286" /><testcase classname="tests.test_sow_kickoff.TestSOWFreezeLogic" name="test_non_admin_cannot_edit_frozen_sow" time="0.750" /><testcase classname="tests.test_sow_kickoff.TestSOWFreezeLogic" name="test_admin_can_edit_frozen_sow" time="0.344" /><testcase classname="tests.test_sow_kickoff.TestNotifications" name="test_get_notifications" time="0.404" /><testcase classname="tests.test_sow_kickoff.TestNotifications" name="test_get_unread_count" time="0.116" /><testcase classname="tests.test_sow_kickoff.TestConsultantsForKickoff" name="test_get_consultants_list" time="0.133" /></testsuite></testsuites>