<?xml version="1.0" encoding="utf-8"?><testsuites name="pytest tests"><testsuite name="pytest" errors="0" failures="0" skipped="0" tests="19" time="6.235" timestamp="2026-02-14T21:20:49.099696+00:00" hostname="agent-env-10a9efb8-1bc7-4ab1-a3cf-c3b528a8e0c2"><testcase classname="backend.tests.test_roadmap_performance.TestProjectRoadmap" name="test_create_roadmap" time="0.852" /><testcase classname="backend.tests.test_roadmap_performance.TestProjectRoadmap" name="test_get_roadmaps_list" time="0.185" /><testcase classname="backend.tests.test_roadmap_performance.TestProjectRoadmap" name="test_get_roadmaps_filtered_by_project" time="0.137" /><testcase classname="backend.tests.test_roadmap_performance.TestProjectRoadmap" name="test_get_roadmap_detail" time="0.359" /><testcase classname="backend.tests.test_roadmap_performance.TestProjectRoadmap" name="test_update_roadmap_item_status" time="0.381" /><testcase classname="backend.tests.test_roadmap_performance.TestProjectRoadmap" name="test_submit_roadmap_to_client" time="0.411" /><testcase classname="backend.tests.test_roadmap_performance.TestProjectRoadmap" name="test_roadmap_not_found" time="0.138" /><testcase classname="backend.tests.test_roadmap_performance.TestPerformanceMetrics" name="test_create_performance_metrics" time="0.154" /><testcase classname="backend.tests.test_roadmap_performance.TestPerformanceMetrics" name="test_get_performance_metrics_list" time="0.122" /><testcase classname="backend.tests.test_roadmap_performance.TestPerformanceMetrics" name="test_get_metrics_filtered_by_status" time="0.143" /><testcase classname="backend.tests.test_roadmap_performance.TestPerformanceMetrics" name="test_approve_metrics_admin" time="0.447" /><testcase classname="backend.tests.test_roadmap_performance.TestPerformanceMetrics" name="test_reject_metrics_admin" time="0.518" /><testcase classname="backend.tests.test_roadmap_performance.TestPerformanceMetrics" name="test_non_admin_cannot_approve" time="0.635" /><testcase classname="backend.tests.test_roadmap_performance.TestPerformanceScores" name="test_create_performance_score" time="0.804" /><testcase classname="backend.tests.test_roadmap_performance.TestPerformanceScores" name="test_get_performance_scores_list" time="0.126" /><testcase classname="backend.tests.test_roadmap_performance.TestPerformanceScores" name="test_get_performance_scores_filtered" time="0.117" /><testcase classname="backend.tests.test_roadmap_performance.TestPerformanceScores" name="test_get_performance_summary" time="0.151" /><testcase classname="backend.tests.test_roadmap_performance.TestPerformanceScores" name="test_create_score_requires_approved_metrics" time="0.243" /><testcase classname="backend.tests.test_roadmap_performance.TestKanbanStatusValues" name="test_all_status_values" time="0.135" /></testsuite></testsuites>