<?xml version="1.0" encoding="utf-8"?><testsuites name="pytest tests"><testsuite name="pytest" errors="0" failures="1" skipped="0" tests="19" time="6.651" timestamp="2026-02-14T21:19:57.656956+00:00" hostname="agent-env-10a9efb8-1bc7-4ab1-a3cf-c3b528a8e0c2"><testcase classname="backend.tests.test_roadmap_performance.TestProjectRoadmap" name="test_create_roadmap" time="0.931" /><testcase classname="backend.tests.test_roadmap_performance.TestProjectRoadmap" name="test_get_roadmaps_list" time="0.125" /><testcase classname="backend.tests.test_roadmap_performance.TestProjectRoadmap" name="test_get_roadmaps_filtered_by_project" time="0.136" /><testcase classname="backend.tests.test_roadmap_performance.TestProjectRoadmap" name="test_get_roadmap_detail" time="0.308" /><testcase classname="backend.tests.test_roadmap_performance.TestProjectRoadmap" name="test_update_roadmap_item_status" time="0.392" /><testcase classname="backend.tests.test_roadmap_performance.TestProjectRoadmap" name="test_submit_roadmap_to_client" time="0.427" /><testcase classname="backend.tests.test_roadmap_performance.TestProjectRoadmap" name="test_roadmap_not_found" time="0.124" /><testcase classname="backend.tests.test_roadmap_performance.TestPerformanceMetrics" name="test_create_performance_metrics" time="0.152" /><testcase classname="backend.tests.test_roadmap_performance.TestPerformanceMetrics" name="test_get_performance_metrics_list" time="0.126" /><testcase classname="backend.tests.test_roadmap_performance.TestPerformanceMetrics" name="test_get_metrics_filtered_by_status" time="0.161" /><testcase classname="backend.tests.test_roadmap_performance.TestPerformanceMetrics" name="test_approve_metrics_admin" time="0.591" /><testcase classname="backend.tests.test_roadmap_performance.TestPerformanceMetrics" name="test_reject_metrics_admin" time="0.468" /><testcase classname="backend.tests.test_roadmap_performance.TestPerformanceMetrics" name="test_non_admin_cannot_approve" time="0.932" /><testcase classname="backend.tests.test_roadmap_performance.TestPerformanceScores" name="test_create_performance_score" time="0.575"><failure message="AssertionError: Expected ~87.5, got 0.0&#10;assert 87.5 &lt; 2&#10; +  where 87.5 = abs((0.0 - 87.5))">backend/tests/test_roadmap_performance.py:460: in test_create_performance_score
    assert abs(data["overall_score"] - expected) &lt; 2, f"Expected ~{expected}, got {data['overall_score']}"
E   AssertionError: Expected ~87.5, got 0.0
E   assert 87.5 &lt; 2
E    +  where 87.5 = abs((0.0 - 87.5))</failure></testcase><testcase classname="backend.tests.test_roadmap_performance.TestPerformanceScores" name="test_get_performance_scores_list" time="0.138" /><testcase classname="backend.tests.test_roadmap_performance.TestPerformanceScores" name="test_get_performance_scores_filtered" time="0.129" /><testcase classname="backend.tests.test_roadmap_performance.TestPerformanceScores" name="test_get_performance_summary" time="0.258" /><testcase classname="backend.tests.test_roadmap_performance.TestPerformanceScores" name="test_create_score_requires_approved_metrics" time="0.287" /><testcase classname="backend.tests.test_roadmap_performance.TestKanbanStatusValues" name="test_all_status_values" time="0.158" /></testsuite></testsuites>