<?xml version="1.0" encoding="utf-8"?><testsuites name="pytest tests"><testsuite name="pytest" errors="0" failures="0" skipped="0" tests="26" time="75.676" timestamp="2026-02-22T20:10:20.524873+00:00" hostname="agent-env-619204b0-362a-4b6b-953d-4735b9dcd28e"><testcase classname="tests.test_expense_kickoff_approval_flows.TestExpenseApprovalFlows" name="test_01_create_expense_as_owner" time="2.309" /><testcase classname="tests.test_expense_kickoff_approval_flows.TestExpenseApprovalFlows" name="test_02_owner_can_edit_pending_expense" time="2.045" /><testcase classname="tests.test_expense_kickoff_approval_flows.TestExpenseApprovalFlows" name="test_03_submit_expense_for_approval" time="3.318" /><testcase classname="tests.test_expense_kickoff_approval_flows.TestExpenseApprovalFlows" name="test_04_owner_can_withdraw_pending_expense" time="4.992" /><testcase classname="tests.test_expense_kickoff_approval_flows.TestExpenseApprovalFlows" name="test_05_owner_cannot_withdraw_non_pending_expense" time="3.150" /><testcase classname="tests.test_expense_kickoff_approval_flows.TestExpenseApprovalFlows" name="test_06_owner_can_delete_pending_expense" time="4.290" /><testcase classname="tests.test_expense_kickoff_approval_flows.TestExpenseApprovalFlows" name="test_07_hr_can_send_back_expense_for_revision" time="4.479" /><testcase classname="tests.test_expense_kickoff_approval_flows.TestExpenseApprovalFlows" name="test_08_send_back_requires_comments" time="3.332" /><testcase classname="tests.test_expense_kickoff_approval_flows.TestExpenseApprovalFlows" name="test_09_employee_can_resubmit_after_revision" time="1.939" /><testcase classname="tests.test_expense_kickoff_approval_flows.TestExpenseApprovalFlows" name="test_10_non_revision_expense_cannot_resubmit" time="2.382" /><testcase classname="tests.test_expense_kickoff_approval_flows.TestExpenseApprovalFlows" name="test_11_hr_approve_with_modification" time="4.982" /><testcase classname="tests.test_expense_kickoff_approval_flows.TestExpenseApprovalFlows" name="test_12_approve_modification_requires_reason" time="2.886" /><testcase classname="tests.test_expense_kickoff_approval_flows.TestExpenseApprovalFlows" name="test_13_approved_amount_cannot_exceed_requested" time="5.483" /><testcase classname="tests.test_expense_kickoff_approval_flows.TestKickoffRequestFlows" name="test_01_get_consulting_team" time="2.109" /><testcase classname="tests.test_expense_kickoff_approval_flows.TestKickoffRequestFlows" name="test_02_get_my_kickoff_requests" time="1.834" /><testcase classname="tests.test_expense_kickoff_approval_flows.TestKickoffRequestFlows" name="test_03_create_kickoff_request" time="2.287" /><testcase classname="tests.test_expense_kickoff_approval_flows.TestKickoffRequestFlows" name="test_04_update_kickoff_request" time="1.477" /><testcase classname="tests.test_expense_kickoff_approval_flows.TestKickoffRequestFlows" name="test_05_non_owner_cannot_update_kickoff_request" time="1.702" /><testcase classname="tests.test_expense_kickoff_approval_flows.TestKickoffRequestFlows" name="test_06_withdraw_kickoff_request" time="1.320" /><testcase classname="tests.test_expense_kickoff_approval_flows.TestKickoffRequestFlows" name="test_07_non_owner_cannot_withdraw_kickoff_request" time="1.704" /><testcase classname="tests.test_expense_kickoff_approval_flows.TestPayrollReimbursements" name="test_01_hr_can_view_pending_reimbursements" time="2.706" /><testcase classname="tests.test_expense_kickoff_approval_flows.TestPayrollReimbursements" name="test_02_pending_reimbursements_with_month_filter" time="2.245" /><testcase classname="tests.test_expense_kickoff_approval_flows.TestPayrollReimbursements" name="test_03_non_hr_cannot_view_pending_reimbursements" time="2.003" /><testcase classname="tests.test_expense_kickoff_approval_flows.TestPayrollReimbursements" name="test_04_approved_expense_creates_payroll_reimbursement" time="3.564" /><testcase classname="tests.test_expense_kickoff_approval_flows.TestFullApprovalFlowE2E" name="test_full_expense_approval_flow" time="4.308" /><testcase classname="tests.test_expense_kickoff_approval_flows.TestCleanup" name="test_cleanup_test_expenses" time="2.368" /></testsuite></testsuites>