<?xml version="1.0" encoding="utf-8"?><testsuites name="pytest tests"><testsuite name="pytest" errors="0" failures="0" skipped="0" tests="14" time="7.343" timestamp="2026-03-17T18:47:57.550313+00:00" hostname="agent-env-28eb69c2-0490-4d8c-9de8-8c28577db0a6"><testcase classname="tests.test_efforts_summary.TestAuth" name="test_login_success" time="2.303" /><testcase classname="tests.test_efforts_summary.TestEffortsSummaryAPI" name="test_efforts_summary_api_exists" time="0.734" /><testcase classname="tests.test_efforts_summary.TestEffortsSummaryAPI" name="test_efforts_summary_response_structure" time="0.157" /><testcase classname="tests.test_efforts_summary.TestEffortsSummaryAPI" name="test_efforts_summary_data_values" time="0.241" /><testcase classname="tests.test_efforts_summary.TestEffortsSummaryAPI" name="test_efforts_summary_with_project_filter" time="0.458" /><testcase classname="tests.test_efforts_summary.TestEffortsSummaryAPI" name="test_efforts_summary_with_date_filter" time="0.202" /><testcase classname="tests.test_efforts_summary.TestEffortsSummaryAPI" name="test_efforts_summary_unauthorized" time="0.262" /><testcase classname="tests.test_efforts_summary.TestMeetingAttendanceAPI" name="test_meeting_attendance_get_nonexistent" time="0.683" /><testcase classname="tests.test_efforts_summary.TestMeetingAttendanceAPI" name="test_meeting_attendance_get_existing" time="0.379" /><testcase classname="tests.test_efforts_summary.TestMeetingAttendanceAPI" name="test_meeting_attendance_post_validation" time="0.210" /><testcase classname="tests.test_efforts_summary.TestMeetingAttendanceAPI" name="test_meeting_attendance_unauthorized" time="0.219" /><testcase classname="tests.test_efforts_summary.TestFilterAPIs" name="test_projects_api_exists" time="0.653" /><testcase classname="tests.test_efforts_summary.TestFilterAPIs" name="test_clients_api_exists" time="0.220" /><testcase classname="tests.test_efforts_summary.TestFilterAPIs" name="test_employees_api_exists" time="0.164" /></testsuite></testsuites>