<?xml version="1.0" encoding="utf-8"?><testsuites name="pytest tests"><testsuite name="pytest" errors="0" failures="1" skipped="0" tests="12" time="8.825" timestamp="2026-03-15T13:10:44.970040+00:00" hostname="agent-env-73aa6fc4-2d42-409c-b0de-e0da712116f0"><testcase classname="tests.test_lead_client_master_integration.TestClientMasterAPI" name="test_admin_can_access_clients_api" time="1.948" /><testcase classname="tests.test_lead_client_master_integration.TestClientMasterAPI" name="test_admin_can_access_clients_stats" time="0.480" /><testcase classname="tests.test_lead_client_master_integration.TestClientMasterAPI" name="test_sales_manager_can_access_clients_api" time="0.529" /><testcase classname="tests.test_lead_client_master_integration.TestClientMasterAPI" name="test_sales_manager_cannot_create_client" time="0.489" /><testcase classname="tests.test_lead_client_master_integration.TestClientMasterAPI" name="test_sales_executive_cannot_create_client" time="0.503" /><testcase classname="tests.test_lead_client_master_integration.TestClientMasterAPI" name="test_admin_can_create_client" time="0.574" /><testcase classname="tests.test_lead_client_master_integration.TestClientMasterAPI" name="test_lead_api_accepts_company_details" time="0.621" /><testcase classname="tests.test_lead_client_master_integration.TestMOMReviewAPI" name="test_mom_review_api_exists" time="0.551" /><testcase classname="tests.test_lead_client_master_integration.TestUsersWithRolesAPI" name="test_users_with_roles_api" time="1.325"><failure message="AssertionError: Expected 200, got 404: {&quot;detail&quot;:&quot;Not Found&quot;}&#10;assert 404 == 200&#10; +  where 404 = &lt;Response [404]&gt;.status_code">tests/test_lead_client_master_integration.py:283: in test_users_with_roles_api
    assert response.status_code == 200, f"Expected 200, got {response.status_code}: {response.text}"
E   AssertionError: Expected 200, got 404: {"detail":"Not Found"}
E   assert 404 == 200
E    +  where 404 = &lt;Response [404]&gt;.status_code</failure></testcase><testcase classname="tests.test_lead_client_master_integration.TestAuthenticationEndpoints" name="test_admin_login" time="0.467" /><testcase classname="tests.test_lead_client_master_integration.TestAuthenticationEndpoints" name="test_sales_manager_login" time="0.536" /><testcase classname="tests.test_lead_client_master_integration.TestAuthenticationEndpoints" name="test_sales_executive_login" time="0.431" /></testsuite></testsuites>