<?xml version="1.0" encoding="utf-8"?><testsuites name="pytest tests"><testsuite name="pytest" errors="0" failures="1" skipped="0" tests="14" time="6.321" timestamp="2026-02-18T17:39:29.954366+00:00" hostname="agent-env-524f4d70-6e06-4c88-8f49-6ea0a634019a"><testcase classname="tests.test_consultant_lifecycle.TestConsultantLifecycle" name="test_get_employees_consultants" time="0.928" /><testcase classname="tests.test_consultant_lifecycle.TestConsultantLifecycle" name="test_get_users_with_consultant_role" time="0.172" /><testcase classname="tests.test_consultant_lifecycle.TestConsultantLifecycle" name="test_get_test_project" time="0.175" /><testcase classname="tests.test_consultant_lifecycle.TestConsultantLifecycle" name="test_assign_consultant_to_project" time="0.718" /><testcase classname="tests.test_consultant_lifecycle.TestConsultantLifecycle" name="test_consultant_my_projects_endpoint" time="1.121" /><testcase classname="tests.test_consultant_lifecycle.TestConsultantLifecycle" name="test_consultant_cannot_access_admin_endpoints" time="0.208"><failure message="AssertionError: Expected auth error, got 200&#10;assert 200 in [401, 403, 422]&#10; +  where 200 = &lt;Response [200]&gt;.status_code">backend/tests/test_consultant_lifecycle.py:167: in test_consultant_cannot_access_admin_endpoints
    assert response.status_code in [401, 403, 422], f"Expected auth error, got {response.status_code}"
E   AssertionError: Expected auth error, got 200
E   assert 200 in [401, 403, 422]
E    +  where 200 = &lt;Response [200]&gt;.status_code</failure></testcase><testcase classname="tests.test_consultant_lifecycle.TestConsultantLifecycle" name="test_timesheets_endpoint_requires_week_start" time="0.213" /><testcase classname="tests.test_consultant_lifecycle.TestConsultantLifecycle" name="test_timesheets_with_week_start" time="0.240" /><testcase classname="tests.test_consultant_lifecycle.TestConsultantLifecycle" name="test_create_timesheet" time="0.215" /><testcase classname="tests.test_consultant_lifecycle.TestConsultantLifecycle" name="test_enhanced_sow_list_consulting" time="0.202" /><testcase classname="tests.test_consultant_lifecycle.TestConsultantLifecycle" name="test_enhanced_sow_list_all" time="0.189" /><testcase classname="tests.test_consultant_lifecycle.TestConsultantLifecycle" name="test_kickoff_requests" time="0.190" /><testcase classname="tests.test_consultant_lifecycle.TestConsultantLifecycle" name="test_get_all_projects" time="0.225" /><testcase classname="tests.test_consultant_lifecycle.TestAssignTeamPageAPIs" name="test_assign_team_dependencies" time="1.214" /></testsuite></testsuites>