<?xml version="1.0" encoding="utf-8"?><testsuites name="pytest tests"><testsuite name="pytest" errors="0" failures="12" skipped="1" tests="27" time="17.643" timestamp="2026-02-24T17:54:09.066813+00:00" hostname="agent-env-5471a7d7-2a53-489e-9e22-9a42404b58f3"><testcase classname="tests.test_onboarding_e2e_flow_comprehensive.TestPhase1_HRInitiation" name="test_01_send_onboarding_invite" time="2.432" /><testcase classname="tests.test_onboarding_e2e_flow_comprehensive.TestPhase1_HRInitiation" name="test_02_verify_submission_created_with_invited_status" time="0.763" /><testcase classname="tests.test_onboarding_e2e_flow_comprehensive.TestPhase1_HRInitiation" name="test_03_no_employee_record_for_candidate_email" time="0.725" /><testcase classname="tests.test_onboarding_e2e_flow_comprehensive.TestPhase2_CandidateSelfService" name="test_04_access_form_via_public_token" time="0.257" /><testcase classname="tests.test_onboarding_e2e_flow_comprehensive.TestPhase2_CandidateSelfService" name="test_05_save_draft_with_partial_data" time="0.303" /><testcase classname="tests.test_onboarding_e2e_flow_comprehensive.TestPhase2_CandidateSelfService" name="test_06_save_complete_candidate_data" time="0.424" /><testcase classname="tests.test_onboarding_e2e_flow_comprehensive.TestPhase2_CandidateSelfService" name="test_07_submit_form" time="0.427"><failure message="AssertionError: Failed to submit: {&quot;detail&quot;:&quot;Onboarding already in progress for this candidate&quot;}&#10;assert 409 == 200&#10; +  where 409 = &lt;Response [409]&gt;.status_code">tests/test_onboarding_e2e_flow_comprehensive.py:320: in test_07_submit_form
    assert response.status_code == 200, f"Failed to submit: {response.text}"
E   AssertionError: Failed to submit: {"detail":"Onboarding already in progress for this candidate"}
E   assert 409 == 200
E    +  where 409 = &lt;Response [409]&gt;.status_code</failure></testcase><testcase classname="tests.test_onboarding_e2e_flow_comprehensive.TestPhase2_CandidateSelfService" name="test_08_submitted_form_cannot_be_modified" time="0.237"><failure message="AssertionError: Should have blocked modification: {&quot;message&quot;:&quot;Progress saved&quot;}&#10;assert 200 == 400&#10; +  where 200 = &lt;Response [200]&gt;.status_code">tests/test_onboarding_e2e_flow_comprehensive.py:339: in test_08_submitted_form_cannot_be_modified
    assert response.status_code == 400, f"Should have blocked modification: {response.text}"
E   AssertionError: Should have blocked modification: {"message":"Progress saved"}
E   assert 200 == 400
E    +  where 200 = &lt;Response [200]&gt;.status_code</failure></testcase><testcase classname="tests.test_onboarding_e2e_flow_comprehensive.TestPhase3_HRReview" name="test_09_submission_appears_in_pending_dashboard" time="0.717"><failure message="AssertionError: assert 'draft' == 'submitted'&#10;  &#10;  - submitted&#10;  + draft">tests/test_onboarding_e2e_flow_comprehensive.py:377: in test_09_submission_appears_in_pending_dashboard
    assert submission["status"] == "submitted"
E   AssertionError: assert 'draft' == 'submitted'
E     
E     - submitted
E     + draft</failure></testcase><testcase classname="tests.test_onboarding_e2e_flow_comprehensive.TestPhase3_HRReview" name="test_10_hr_assigns_department_and_manager" time="0.858" /><testcase classname="tests.test_onboarding_e2e_flow_comprehensive.TestPhase3_HRReview" name="test_11_hr_verifies_documents" time="0.833" /><testcase classname="tests.test_onboarding_e2e_flow_comprehensive.TestPhase3_HRReview" name="test_12_hr_verifies_bank_details" time="0.952" /><testcase classname="tests.test_onboarding_e2e_flow_comprehensive.TestPhase3_HRReview" name="test_13_verify_readiness_check" time="0.726" /><testcase classname="tests.test_onboarding_e2e_flow_comprehensive.TestPhase4_EmployeeCreation" name="test_14_complete_onboarding_creates_employee" time="0.703"><failure message="AssertionError: Failed to complete onboarding: {&quot;detail&quot;:&quot;Cannot complete: Candidate name incomplete, Required documents not uploaded&quot;}&#10;assert 400 == 200&#10; +  where 400 = &lt;Response [400]&gt;.status_code">tests/test_onboarding_e2e_flow_comprehensive.py:500: in test_14_complete_onboarding_creates_employee
    assert response.status_code == 200, f"Failed to complete onboarding: {response.text}"
E   AssertionError: Failed to complete onboarding: {"detail":"Cannot complete: Candidate name incomplete, Required documents not uploaded"}
E   assert 400 == 200
E    +  where 400 = &lt;Response [400]&gt;.status_code</failure></testcase><testcase classname="tests.test_onboarding_e2e_flow_comprehensive.TestPhase4_EmployeeCreation" name="test_15_submission_marked_completed" time="0.695"><failure message="AssertionError: assert 'draft' == 'completed'&#10;  &#10;  - completed&#10;  + draft">tests/test_onboarding_e2e_flow_comprehensive.py:523: in test_15_submission_marked_completed
    assert submission["status"] == "completed"
E   AssertionError: assert 'draft' == 'completed'
E     
E     - completed
E     + draft</failure></testcase><testcase classname="tests.test_onboarding_e2e_flow_comprehensive.TestPhase4_EmployeeCreation" name="test_16_employee_record_exists_with_correct_data" time="0.705"><failure message="AttributeError: module 'pytest' has no attribute 'employee_id'">tests/test_onboarding_e2e_flow_comprehensive.py:542: in test_16_employee_record_exists_with_correct_data
    new_employee = [e for e in employees if e.get("employee_id") == pytest.employee_id]
                   ^^^^^^^^^^^^^^^^^^^^^^^^^^^^^^^^^^^^^^^^^^^^^^^^^^^^^^^^^^^^^^^^^^^^
tests/test_onboarding_e2e_flow_comprehensive.py:542: in &lt;listcomp&gt;
    new_employee = [e for e in employees if e.get("employee_id") == pytest.employee_id]
                                                                    ^^^^^^^^^^^^^^^^^^
E   AttributeError: module 'pytest' has no attribute 'employee_id'</failure></testcase><testcase classname="tests.test_onboarding_e2e_flow_comprehensive.TestPhase5_GoLiveProcess" name="test_17_employee_appears_in_golive_dashboard" time="0.677"><failure message="AttributeError: module 'pytest' has no attribute 'employee_id'">tests/test_onboarding_e2e_flow_comprehensive.py:596: in test_17_employee_appears_in_golive_dashboard
    employee = [e for e in employees if e.get("employee_id") == pytest.employee_id]
               ^^^^^^^^^^^^^^^^^^^^^^^^^^^^^^^^^^^^^^^^^^^^^^^^^^^^^^^^^^^^^^^^^^^^
tests/test_onboarding_e2e_flow_comprehensive.py:596: in &lt;listcomp&gt;
    employee = [e for e in employees if e.get("employee_id") == pytest.employee_id]
                                                                ^^^^^^^^^^^^^^^^^^
E   AttributeError: module 'pytest' has no attribute 'employee_id'</failure></testcase><testcase classname="tests.test_onboarding_e2e_flow_comprehensive.TestPhase5_GoLiveProcess" name="test_18_fetch_golive_checklist" time="0.509"><failure message="AttributeError: module 'pytest' has no attribute 'employee_id'">tests/test_onboarding_e2e_flow_comprehensive.py:606: in test_18_fetch_golive_checklist
    f"{BASE_URL}/api/go-live/checklist/{pytest.employee_id}",
                                        ^^^^^^^^^^^^^^^^^^
E   AttributeError: module 'pytest' has no attribute 'employee_id'</failure></testcase><testcase classname="tests.test_onboarding_e2e_flow_comprehensive.TestPhase5_GoLiveProcess" name="test_19_verify_bank_for_golive" time="0.473"><failure message="AttributeError: module 'pytest' has no attribute 'employee_record_id'">tests/test_onboarding_e2e_flow_comprehensive.py:626: in test_19_verify_bank_for_golive
    f"{BASE_URL}/api/go-live/bank-verify/{pytest.employee_record_id}",
                                          ^^^^^^^^^^^^^^^^^^^^^^^^^
E   AttributeError: module 'pytest' has no attribute 'employee_record_id'</failure></testcase><testcase classname="tests.test_onboarding_e2e_flow_comprehensive.TestPhase5_GoLiveProcess" name="test_20_submit_for_golive" time="0.499"><failure message="AttributeError: module 'pytest' has no attribute 'employee_id'">tests/test_onboarding_e2e_flow_comprehensive.py:639: in test_20_submit_for_golive
    f"{BASE_URL}/api/go-live/checklist/{pytest.employee_id}",
                                        ^^^^^^^^^^^^^^^^^^
E   AttributeError: module 'pytest' has no attribute 'employee_id'</failure></testcase><testcase classname="tests.test_onboarding_e2e_flow_comprehensive.TestPhase5_GoLiveProcess" name="test_21_golive_status_pending" time="0.747"><failure message="AttributeError: module 'pytest' has no attribute 'employee_id'">tests/test_onboarding_e2e_flow_comprehensive.py:671: in test_21_golive_status_pending
    employee = [e for e in employees if e.get("employee_id") == pytest.employee_id]
               ^^^^^^^^^^^^^^^^^^^^^^^^^^^^^^^^^^^^^^^^^^^^^^^^^^^^^^^^^^^^^^^^^^^^
tests/test_onboarding_e2e_flow_comprehensive.py:671: in &lt;listcomp&gt;
    employee = [e for e in employees if e.get("employee_id") == pytest.employee_id]
                                                                ^^^^^^^^^^^^^^^^^^
E   AttributeError: module 'pytest' has no attribute 'employee_id'</failure></testcase><testcase classname="tests.test_onboarding_e2e_flow_comprehensive.TestPhase5_GoLiveProcess" name="test_22_admin_views_pending_approvals" time="0.792" /><testcase classname="tests.test_onboarding_e2e_flow_comprehensive.TestCriticalValidations" name="test_23_rbac_non_hr_cannot_send_invite" time="0.141"><skipped type="pytest.skip" message="EMP011 login failed - cannot test RBAC">/app/backend/tests/test_onboarding_e2e_flow_comprehensive.py:714: EMP011 login failed - cannot test RBAC</skipped></testcase><testcase classname="tests.test_onboarding_e2e_flow_comprehensive.TestCriticalValidations" name="test_24_invalid_token_rejected" time="0.199" /><testcase classname="tests.test_onboarding_e2e_flow_comprehensive.TestCriticalValidations" name="test_25_duplicate_candidate_blocked" time="0.619" /><testcase classname="tests.test_onboarding_e2e_flow_comprehensive.TestCriticalValidations" name="test_26_completed_submission_cannot_be_completed_again" time="0.666"><failure message="assert 'already completed' in '{&quot;detail&quot;:&quot;cannot complete: candidate name incomplete, required documents not uploaded&quot;}'&#10; +  where '{&quot;detail&quot;:&quot;cannot complete: candidate name incomplete, required documents not uploaded&quot;}' = &lt;built-in method lower of str object at 0x7a9ae9c0c540&gt;()&#10; +    where &lt;built-in method lower of str object at 0x7a9ae9c0c540&gt; = '{&quot;detail&quot;:&quot;Cannot complete: Candidate name incomplete, Required documents not uploaded&quot;}'.lower&#10; +      where '{&quot;detail&quot;:&quot;Cannot complete: Candidate name incomplete, Required documents not uploaded&quot;}' = &lt;Response [400]&gt;.text">tests/test_onboarding_e2e_flow_comprehensive.py:769: in test_26_completed_submission_cannot_be_completed_again
    assert "already completed" in response.text.lower()
E   assert 'already completed' in '{"detail":"cannot complete: candidate name incomplete, required documents not uploaded"}'
E    +  where '{"detail":"cannot complete: candidate name incomplete, required documents not uploaded"}' = &lt;built-in method lower of str object at 0x7a9ae9c0c540&gt;()
E    +    where &lt;built-in method lower of str object at 0x7a9ae9c0c540&gt; = '{"detail":"Cannot complete: Candidate name incomplete, Required documents not uploaded"}'.lower
E    +      where '{"detail":"Cannot complete: Candidate name incomplete, Required documents not uploaded"}' = &lt;Response [400]&gt;.text</failure></testcase><testcase classname="tests.test_onboarding_e2e_flow_comprehensive.TestCleanup" name="test_99_summary" time="0.001" /></testsuite></testsuites>