<?xml version="1.0" encoding="utf-8"?><testsuites name="pytest tests"><testsuite name="pytest" errors="0" failures="0" skipped="0" tests="9" time="5.102" timestamp="2026-02-21T17:10:14.421404+00:00" hostname="agent-env-6c45b596-5a87-4e25-a79e-6d17f8b04d6d"><testcase classname="tests.test_sales_manager_role.TestSalesManagerRole" name="test_login_sales_manager_role_displayed" time="0.701" /><testcase classname="tests.test_sales_manager_role.TestSalesManagerRole" name="test_admin_login_works" time="0.595" /><testcase classname="tests.test_sales_manager_role.TestSalesManagerRole" name="test_sales_manager_can_access_sales_dashboard" time="0.692" /><testcase classname="tests.test_sales_manager_role.TestSalesManagerRole" name="test_sales_manager_can_access_leads" time="0.672" /><testcase classname="tests.test_sales_manager_role.TestSalesManagerRole" name="test_no_account_manager_in_roles_list" time="0.590" /><testcase classname="tests.test_sales_manager_role.TestSalesFunnelAPI" name="test_lead_funnel_progress_endpoint" time="0.735" /><testcase classname="tests.test_sales_manager_role.TestSalesFunnelAPI" name="test_lead_endpoint" time="0.910" /><testcase classname="tests.test_sales_manager_role.TestBackendCodeNoAccountManager" name="test_server_py_no_account_manager" time="0.021" /><testcase classname="tests.test_sales_manager_role.TestBackendCodeNoAccountManager" name="test_layout_js_no_account_manager" time="0.001" /></testsuite></testsuites>