<?xml version="1.0" encoding="utf-8"?><testsuites name="pytest tests"><testsuite name="pytest" errors="0" failures="0" skipped="0" tests="10" time="19.267" timestamp="2026-02-18T14:38:32.166615+00:00" hostname="agent-env-ab671417-a975-4d0f-8395-3f2e741cb752"><testcase classname="tests.test_bug_fixes_erp.TestDuplicatePhoneValidation" name="test_create_employee_with_phone" time="3.044" /><testcase classname="tests.test_bug_fixes_erp.TestLeadsSearchAndFilter" name="test_get_leads" time="2.021" /><testcase classname="tests.test_bug_fixes_erp.TestLeadsSearchAndFilter" name="test_leads_filter_by_status" time="2.136" /><testcase classname="tests.test_bug_fixes_erp.TestLeadsSearchAndFilter" name="test_create_lead_for_search_test" time="1.815" /><testcase classname="tests.test_bug_fixes_erp.TestExpenseReceipts" name="test_get_expenses" time="2.027" /><testcase classname="tests.test_bug_fixes_erp.TestExpenseReceipts" name="test_create_expense_and_upload_receipt" time="2.191" /><testcase classname="tests.test_bug_fixes_erp.TestBankDetailsIFSCVerification" name="test_razorpay_ifsc_api_valid" time="1.219" /><testcase classname="tests.test_bug_fixes_erp.TestBankDetailsIFSCVerification" name="test_razorpay_ifsc_api_invalid" time="0.817" /><testcase classname="tests.test_bug_fixes_erp.TestAuthenticationLogin" name="test_admin_login" time="1.729" /><testcase classname="tests.test_bug_fixes_erp.TestAuthenticationLogin" name="test_sales_manager_login" time="1.738" /></testsuite></testsuites>