<?xml version="1.0" encoding="utf-8"?><testsuites name="pytest tests"><testsuite name="pytest" errors="0" failures="0" skipped="0" tests="11" time="5.598" timestamp="2026-03-26T13:17:20.929587+00:00" hostname="agent-env-e47ecbcb-8a2c-418a-bac6-1888a154eb42"><testcase classname="tests.test_vvs_lead_e2e_flow.TestVVSLeadBackendAPIs" name="test_get_quotations_returns_paginated_response" time="0.603" /><testcase classname="tests.test_vvs_lead_e2e_flow.TestVVSLeadBackendAPIs" name="test_get_vvs_quotation_has_correct_values" time="0.469" /><testcase classname="tests.test_vvs_lead_e2e_flow.TestVVSLeadBackendAPIs" name="test_quotation_recalculate_endpoint" time="0.723" /><testcase classname="tests.test_vvs_lead_e2e_flow.TestVVSLeadBackendAPIs" name="test_get_agreements_returns_paginated_response" time="0.482" /><testcase classname="tests.test_vvs_lead_e2e_flow.TestVVSLeadBackendAPIs" name="test_get_vvs_agreement_full_details" time="0.474" /><testcase classname="tests.test_vvs_lead_e2e_flow.TestVVSLeadBackendAPIs" name="test_get_vvs_lead_funnel_progress" time="0.526" /><testcase classname="tests.test_vvs_lead_e2e_flow.TestVVSLeadBackendAPIs" name="test_get_vvs_lead_details" time="0.470" /><testcase classname="tests.test_vvs_lead_e2e_flow.TestVVSLeadBackendAPIs" name="test_get_pricing_plans_for_vvs_lead" time="0.469" /><testcase classname="tests.test_vvs_lead_e2e_flow.TestAuthenticationFlows" name="test_admin_login" time="0.402" /><testcase classname="tests.test_vvs_lead_e2e_flow.TestAuthenticationFlows" name="test_sales_login" time="0.400" /><testcase classname="tests.test_vvs_lead_e2e_flow.TestAuthenticationFlows" name="test_consultant_login" time="0.456" /></testsuite></testsuites>