<?xml version="1.0" encoding="utf-8"?><testsuites name="pytest tests"><testsuite name="pytest" errors="0" failures="3" skipped="2" tests="17" time="7.219" timestamp="2026-02-19T16:31:42.281726+00:00" hostname="agent-env-357cb834-742c-4532-a403-e49c83b9569e"><testcase classname="tests.test_geofence_attendance.TestGeoFenceLocationsInEmployee" name="test_01_get_employee_with_assigned_locations_field" time="0.884"><failure message="AssertionError: assert ('assigned_locations' in {'annual_ctc': 1800000.0, 'bank_details': {'account_holder_name': 'D and V Business Consulting', 'account_number': '034405500698', 'bank_name': 'ICICI BANK', 'branch': 'VASNA', ...}, 'created_at': '2026-02-17T15:58:16.601108+00:00', 'created_by': '48588b92-8856-4e3a-aa6c-b9e493442761', ...} or None == [])&#10; +  where None = &lt;built-in method get of dict object at 0x7e45d378ce40&gt;('assigned_locations')&#10; +    where &lt;built-in method get of dict object at 0x7e45d378ce40&gt; = {'annual_ctc': 1800000.0, 'bank_details': {'account_holder_name': 'D and V Business Consulting', 'account_number': '034405500698', 'bank_name': 'ICICI BANK', 'branch': 'VASNA', ...}, 'created_at': '2026-02-17T15:58:16.601108+00:00', 'created_by': '48588b92-8856-4e3a-aa6c-b9e493442761', ...}.get">tests/test_geofence_attendance.py:95: in test_01_get_employee_with_assigned_locations_field
    assert "assigned_locations" in employee_rahul_data or employee_rahul_data.get("assigned_locations") == []
E   AssertionError: assert ('assigned_locations' in {'annual_ctc': 1800000.0, 'bank_details': {'account_holder_name': 'D and V Business Consulting', 'account_number': '034405500698', 'bank_name': 'ICICI BANK', 'branch': 'VASNA', ...}, 'created_at': '2026-02-17T15:58:16.601108+00:00', 'created_by': '48588b92-8856-4e3a-aa6c-b9e493442761', ...} or None == [])
E    +  where None = &lt;built-in method get of dict object at 0x7e45d378ce40&gt;('assigned_locations')
E    +    where &lt;built-in method get of dict object at 0x7e45d378ce40&gt; = {'annual_ctc': 1800000.0, 'bank_details': {'account_holder_name': 'D and V Business Consulting', 'account_number': '034405500698', 'bank_name': 'ICICI BANK', 'branch': 'VASNA', ...}, 'created_at': '2026-02-17T15:58:16.601108+00:00', 'created_by': '48588b92-8856-4e3a-aa6c-b9e493442761', ...}.get</failure></testcase><testcase classname="tests.test_geofence_attendance.TestGeoFenceLocationsInEmployee" name="test_02_add_geofence_location_to_employee" time="0.493" /><testcase classname="tests.test_geofence_attendance.TestGeoFenceLocationsInEmployee" name="test_03_add_multiple_locations" time="0.224" /><testcase classname="tests.test_geofence_attendance.TestCheckinLocationValidation" name="test_01_checkin_within_500m_auto_approved" time="1.840"><skipped type="pytest.skip" message="Could not authenticate as employee Rahul for check-in test">/app/backend/tests/test_geofence_attendance.py:249: Could not authenticate as employee Rahul for check-in test</skipped></testcase><testcase classname="tests.test_geofence_attendance.TestCheckinLocationValidation" name="test_02_checkin_outside_500m_pending_approval" time="1.035"><skipped type="pytest.skip" message="Could not authenticate as employee Rahul">/app/backend/tests/test_geofence_attendance.py:285: Could not authenticate as employee Rahul</skipped></testcase><testcase classname="tests.test_geofence_attendance.TestAttendanceApproval" name="test_01_get_pending_attendance_approvals" time="0.183" /><testcase classname="tests.test_geofence_attendance.TestAttendanceApproval" name="test_02_hr_can_approve_attendance" time="0.156" /><testcase classname="tests.test_geofence_attendance.TestAttendanceApproval" name="test_03_rm_can_approve_reportee_attendance" time="0.278" /><testcase classname="tests.test_geofence_attendance.TestPayrollFinalization" name="test_01_finalize_attendance_for_payroll" time="0.204" /><testcase classname="tests.test_geofence_attendance.TestPayrollFinalization" name="test_02_finalize_requires_month" time="0.168" /><testcase classname="tests.test_geofence_attendance.TestPayrollFinalization" name="test_03_finalize_requires_hr_access" time="0.180" /><testcase classname="tests.test_geofence_attendance.TestRegularizationWindow" name="test_01_get_regularization_window_status" time="0.199" /><testcase classname="tests.test_geofence_attendance.TestRegularizationWindow" name="test_02_regularize_requires_attendance_id" time="0.166"><failure message="assert ('attendance_id' in '{&quot;detail&quot;:&quot;regularization window has closed. attendance can only be regularized until the 3rd of each month. today is 19th.&quot;}' or 'required' in '{&quot;detail&quot;:&quot;regularization window has closed. attendance can only be regularized until the 3rd of each month. today is 19th.&quot;}')&#10; +  where '{&quot;detail&quot;:&quot;regularization window has closed. attendance can only be regularized until the 3rd of each month. today is 19th.&quot;}' = &lt;built-in method lower of str object at 0x7e45d36f0660&gt;()&#10; +    where &lt;built-in method lower of str object at 0x7e45d36f0660&gt; = '{&quot;detail&quot;:&quot;Regularization window has closed. Attendance can only be regularized until the 3rd of each month. Today is 19th.&quot;}'.lower&#10; +      where '{&quot;detail&quot;:&quot;Regularization window has closed. Attendance can only be regularized until the 3rd of each month. Today is 19th.&quot;}' = &lt;Response [400]&gt;.text&#10; +  and   '{&quot;detail&quot;:&quot;regularization window has closed. attendance can only be regularized until the 3rd of each month. today is 19th.&quot;}' = &lt;built-in method lower of str object at 0x7e45d36f0190&gt;()&#10; +    where &lt;built-in method lower of str object at 0x7e45d36f0190&gt; = '{&quot;detail&quot;:&quot;Regularization window has closed. Attendance can only be regularized until the 3rd of each month. Today is 19th.&quot;}'.lower&#10; +      where '{&quot;detail&quot;:&quot;Regularization window has closed. Attendance can only be regularized until the 3rd of each month. Today is 19th.&quot;}' = &lt;Response [400]&gt;.text">tests/test_geofence_attendance.py:440: in test_02_regularize_requires_attendance_id
    assert "attendance_id" in response.text.lower() or "required" in response.text.lower()
E   assert ('attendance_id' in '{"detail":"regularization window has closed. attendance can only be regularized until the 3rd of each month. today is 19th."}' or 'required' in '{"detail":"regularization window has closed. attendance can only be regularized until the 3rd of each month. today is 19th."}')
E    +  where '{"detail":"regularization window has closed. attendance can only be regularized until the 3rd of each month. today is 19th."}' = &lt;built-in method lower of str object at 0x7e45d36f0660&gt;()
E    +    where &lt;built-in method lower of str object at 0x7e45d36f0660&gt; = '{"detail":"Regularization window has closed. Attendance can only be regularized until the 3rd of each month. Today is 19th."}'.lower
E    +      where '{"detail":"Regularization window has closed. Attendance can only be regularized until the 3rd of each month. Today is 19th."}' = &lt;Response [400]&gt;.text
E    +  and   '{"detail":"regularization window has closed. attendance can only be regularized until the 3rd of each month. today is 19th."}' = &lt;built-in method lower of str object at 0x7e45d36f0190&gt;()
E    +    where &lt;built-in method lower of str object at 0x7e45d36f0190&gt; = '{"detail":"Regularization window has closed. Attendance can only be regularized until the 3rd of each month. Today is 19th."}'.lower
E    +      where '{"detail":"Regularization window has closed. Attendance can only be regularized until the 3rd of each month. Today is 19th."}' = &lt;Response [400]&gt;.text</failure></testcase><testcase classname="tests.test_geofence_attendance.TestRegularizationWindow" name="test_03_regularize_requires_reason" time="0.165" /><testcase classname="tests.test_geofence_attendance.TestNotificationsForPendingAttendance" name="test_01_notification_types_exist" time="0.151" /><testcase classname="tests.test_geofence_attendance.TestMyAttendanceStatusIndicator" name="test_01_my_attendance_endpoint" time="0.166"><failure message="AssertionError: Failed: {&quot;detail&quot;:&quot;No employee record linked to your account. Please contact HR.&quot;}&#10;assert 400 == 200&#10; +  where 400 = &lt;Response [400]&gt;.status_code">tests/test_geofence_attendance.py:505: in test_01_my_attendance_endpoint
    assert response.status_code == 200, f"Failed: {response.text}"
E   AssertionError: Failed: {"detail":"No employee record linked to your account. Please contact HR."}
E   assert 400 == 200
E    +  where 400 = &lt;Response [400]&gt;.status_code</failure></testcase><testcase classname="tests.test_geofence_attendance.TestCleanup" name="test_cleanup_test_locations" time="0.434" /></testsuite></testsuites>