<?xml version="1.0" encoding="utf-8"?><testsuites name="pytest tests"><testsuite name="pytest" errors="0" failures="0" skipped="0" tests="11" time="6.909" timestamp="2026-02-19T09:06:34.410838+00:00" hostname="agent-env-65f5c566-c804-4d8a-a7b2-b70d65ad2d27"><testcase classname="tests.test_user_employee_consolidation.TestEmployeeIDLogin" name="test_admin_login_with_employee_id" time="0.645" /><testcase classname="tests.test_user_employee_consolidation.TestEmployeeIDLogin" name="test_hr_login_with_employee_id" time="0.494" /><testcase classname="tests.test_user_employee_consolidation.TestEmployeeIDLogin" name="test_employee_login_with_employee_id" time="0.508" /><testcase classname="tests.test_user_employee_consolidation.TestBackwardCompatibility" name="test_email_login_still_works" time="0.522" /><testcase classname="tests.test_user_employee_consolidation.TestBackwardCompatibility" name="test_login_requires_either_employee_id_or_email" time="0.180" /><testcase classname="tests.test_user_employee_consolidation.TestGrantAccessEndpoint" name="test_grant_access_returns_correct_employee_id_format" time="1.110" /><testcase classname="tests.test_user_employee_consolidation.TestGrantAccessEndpoint" name="test_grant_access_creates_user_with_matching_employee_id" time="0.746" /><testcase classname="tests.test_user_employee_consolidation.TestUserEmployeeIDField" name="test_users_have_employee_id_field" time="0.612" /><testcase classname="tests.test_user_employee_consolidation.TestUserEmployeeIDField" name="test_admin_user_has_admin001_employee_id" time="0.638" /><testcase classname="tests.test_user_employee_consolidation.TestUserEmployeeIDField" name="test_hr_user_has_hr001_employee_id" time="0.622" /><testcase classname="tests.test_user_employee_consolidation.TestNoUsersPostEndpoint" name="test_employees_grant_access_is_only_user_creation_path" time="0.657" /></testsuite></testsuites>