<?xml version="1.0" encoding="utf-8"?><testsuites name="pytest tests"><testsuite name="pytest" errors="0" failures="0" skipped="0" tests="12" time="14.047" timestamp="2026-03-24T09:25:07.260438+00:00" hostname="agent-env-086562ba-729a-4d2e-9509-20df5700adb6"><testcase classname="tests.test_penalty_prorata.TestPenaltyManagementAPIs" name="test_get_penalty_categories_returns_5_categories" time="5.973" /><testcase classname="tests.test_penalty_prorata.TestPenaltyManagementAPIs" name="test_get_penalty_categories_returns_21_violations" time="0.643" /><testcase classname="tests.test_penalty_prorata.TestPenaltyManagementAPIs" name="test_get_monthly_penalties" time="0.766" /><testcase classname="tests.test_penalty_prorata.TestPenaltyManagementAPIs" name="test_apply_penalty_success" time="0.696" /><testcase classname="tests.test_penalty_prorata.TestPenaltyManagementAPIs" name="test_apply_penalty_missing_fields" time="0.722" /><testcase classname="tests.test_penalty_prorata.TestPenaltyManagementAPIs" name="test_apply_penalty_invalid_violation_code" time="0.679" /><testcase classname="tests.test_penalty_prorata.TestProRataAPIs" name="test_prorata_check_endpoint_exists" time="0.514" /><testcase classname="tests.test_penalty_prorata.TestProRataAPIs" name="test_prorata_check_returns_correct_structure" time="0.548" /><testcase classname="tests.test_penalty_prorata.TestProRataAPIs" name="test_prorata_check_different_months" time="1.039" /><testcase classname="tests.test_penalty_prorata.TestPayrollEngineIntegration" name="test_payroll_register_endpoint" time="0.970" /><testcase classname="tests.test_penalty_prorata.TestPayrollEngineIntegration" name="test_penalty_summary_endpoint" time="0.524" /><testcase classname="tests.test_penalty_prorata.TestAutoDetectViolations" name="test_auto_detect_endpoint_exists" time="0.527" /></testsuite></testsuites>