<?xml version="1.0" encoding="utf-8"?><testsuites name="pytest tests"><testsuite name="pytest" errors="0" failures="1" skipped="0" tests="18" time="34.989" timestamp="2026-02-18T21:40:20.113891+00:00" hostname="agent-env-c0b1550a-3167-4b18-a93c-05c4739b3cdb"><testcase classname="tests.test_payment_reminder_record.TestPaymentReminderRecordEndpoints" name="test_send_reminder_endpoint_exists" time="2.660" /><testcase classname="tests.test_payment_reminder_record.TestPaymentReminderRecordEndpoints" name="test_send_reminder_requires_project" time="2.191" /><testcase classname="tests.test_payment_reminder_record.TestPaymentReminderRecordEndpoints" name="test_send_reminder_7_day_constraint" time="3.659"><failure message="AssertionError: Expected 7-day error message, got: {&quot;detail&quot;:&quot;Project has no pricing plan&quot;}&#10;assert ('7 days' in '{&quot;detail&quot;:&quot;project has no pricing plan&quot;}' or 'days' in '{&quot;detail&quot;:&quot;project has no pricing plan&quot;}')&#10; +  where '{&quot;detail&quot;:&quot;project has no pricing plan&quot;}' = &lt;built-in method lower of str object at 0x7951ae710b10&gt;()&#10; +    where &lt;built-in method lower of str object at 0x7951ae710b10&gt; = '{&quot;detail&quot;:&quot;Project has no pricing plan&quot;}'.lower&#10; +      where '{&quot;detail&quot;:&quot;Project has no pricing plan&quot;}' = &lt;Response [400]&gt;.text&#10; +  and   '{&quot;detail&quot;:&quot;project has no pricing plan&quot;}' = &lt;built-in method lower of str object at 0x7951ae710f90&gt;()&#10; +    where &lt;built-in method lower of str object at 0x7951ae710f90&gt; = '{&quot;detail&quot;:&quot;Project has no pricing plan&quot;}'.lower&#10; +      where '{&quot;detail&quot;:&quot;Project has no pricing plan&quot;}' = &lt;Response [400]&gt;.text">tests/test_payment_reminder_record.py:108: in test_send_reminder_7_day_constraint
    assert "7 days" in reminder_res.text.lower() or "days" in reminder_res.text.lower(), \
E   AssertionError: Expected 7-day error message, got: {"detail":"Project has no pricing plan"}
E   assert ('7 days' in '{"detail":"project has no pricing plan"}' or 'days' in '{"detail":"project has no pricing plan"}')
E    +  where '{"detail":"project has no pricing plan"}' = &lt;built-in method lower of str object at 0x7951ae710b10&gt;()
E    +    where &lt;built-in method lower of str object at 0x7951ae710b10&gt; = '{"detail":"Project has no pricing plan"}'.lower
E    +      where '{"detail":"Project has no pricing plan"}' = &lt;Response [400]&gt;.text
E    +  and   '{"detail":"project has no pricing plan"}' = &lt;built-in method lower of str object at 0x7951ae710f90&gt;()
E    +    where &lt;built-in method lower of str object at 0x7951ae710f90&gt; = '{"detail":"Project has no pricing plan"}'.lower
E    +      where '{"detail":"Project has no pricing plan"}' = &lt;Response [400]&gt;.text</failure></testcase><testcase classname="tests.test_payment_reminder_record.TestPaymentReminderRecordEndpoints" name="test_check_reminder_eligibility_endpoint" time="2.431" /><testcase classname="tests.test_payment_reminder_record.TestPaymentReminderRecordEndpoints" name="test_record_payment_endpoint_exists" time="1.810" /><testcase classname="tests.test_payment_reminder_record.TestPaymentReminderRecordEndpoints" name="test_record_payment_requires_valid_project" time="1.814" /><testcase classname="tests.test_payment_reminder_record.TestPaymentReminderRecordEndpoints" name="test_record_payment_requires_transaction_id" time="2.940" /><testcase classname="tests.test_payment_reminder_record.TestPaymentReminderRecordEndpoints" name="test_record_payment_creates_installment_payment" time="4.214" /><testcase classname="tests.test_payment_reminder_record.TestPaymentReminderRecordEndpoints" name="test_get_installment_payments_endpoint" time="2.522" /><testcase classname="tests.test_payment_reminder_record.TestResetTempPassword" name="test_reset_temp_password_endpoint_exists" time="0.790" /><testcase classname="tests.test_payment_reminder_record.TestResetTempPassword" name="test_reset_temp_password_requires_auth" time="0.713" /><testcase classname="tests.test_payment_reminder_record.TestResetTempPassword" name="test_reset_temp_password_for_valid_employee" time="2.143" /><testcase classname="tests.test_payment_reminder_record.TestResetTempPassword" name="test_reset_password_fails_for_no_access_employee" time="0.946" /><testcase classname="tests.test_payment_reminder_record.TestKickoffSetsActiveStatus" name="test_kickoff_accept_endpoint_exists" time="0.765" /><testcase classname="tests.test_payment_reminder_record.TestKickoffSetsActiveStatus" name="test_kickoff_creates_active_project" time="0.842" /><testcase classname="tests.test_payment_reminder_record.TestAdminPaymentVisibility" name="test_admin_sees_amounts" time="1.252" /><testcase classname="tests.test_payment_reminder_record.TestAdminPaymentVisibility" name="test_consultant_cannot_see_amounts" time="1.311" /><testcase classname="tests.test_payment_reminder_record.TestAdminPaymentVisibility" name="test_admin_project_details_has_amounts" time="1.618" /></testsuite></testsuites>