<?xml version="1.0" encoding="utf-8"?><testsuites name="pytest tests"><testsuite name="pytest" errors="0" failures="1" skipped="0" tests="10" time="13.728" timestamp="2026-02-18T14:36:24.902879+00:00" hostname="agent-env-ab671417-a975-4d0f-8395-3f2e741cb752"><testcase classname="tests.test_bug_fixes_erp.TestDuplicatePhoneValidation" name="test_create_employee_with_phone" time="2.057" /><testcase classname="tests.test_bug_fixes_erp.TestLeadsSearchAndFilter" name="test_get_leads" time="1.421" /><testcase classname="tests.test_bug_fixes_erp.TestLeadsSearchAndFilter" name="test_leads_filter_by_status" time="1.250" /><testcase classname="tests.test_bug_fixes_erp.TestLeadsSearchAndFilter" name="test_create_lead_for_search_test" time="1.215" /><testcase classname="tests.test_bug_fixes_erp.TestExpenseReceipts" name="test_get_expenses" time="1.269" /><testcase classname="tests.test_bug_fixes_erp.TestExpenseReceipts" name="test_create_expense_with_receipt" time="1.501"><failure message="AssertionError: assert None is not None&#10; +  where None = &lt;built-in method get of dict object at 0x7a73d2fe6500&gt;('line_items')&#10; +    where &lt;built-in method get of dict object at 0x7a73d2fe6500&gt; = {'expense_id': 'ded53d38-8904-448a-b54e-3089f9532874', 'message': 'Expense created'}.get">backend/tests/test_bug_fixes_erp.py:199: in test_create_expense_with_receipt
    assert expense.get("line_items") is not None
E   AssertionError: assert None is not None
E    +  where None = &lt;built-in method get of dict object at 0x7a73d2fe6500&gt;('line_items')
E    +    where &lt;built-in method get of dict object at 0x7a73d2fe6500&gt; = {'expense_id': 'ded53d38-8904-448a-b54e-3089f9532874', 'message': 'Expense created'}.get</failure></testcase><testcase classname="tests.test_bug_fixes_erp.TestBankDetailsIFSCVerification" name="test_razorpay_ifsc_api_valid" time="1.172" /><testcase classname="tests.test_bug_fixes_erp.TestBankDetailsIFSCVerification" name="test_razorpay_ifsc_api_invalid" time="0.791" /><testcase classname="tests.test_bug_fixes_erp.TestAuthenticationLogin" name="test_admin_login" time="1.213" /><testcase classname="tests.test_bug_fixes_erp.TestAuthenticationLogin" name="test_sales_manager_login" time="1.218" /></testsuite></testsuites>