<?xml version="1.0" encoding="utf-8"?><testsuites name="pytest tests"><testsuite name="pytest" errors="0" failures="0" skipped="0" tests="14" time="48.269" timestamp="2026-02-17T17:03:04.955133+00:00" hostname="agent-env-97ea4734-436e-4cf2-9035-9a2db1582437"><testcase classname="tests.test_ctc_designer.TestCTCDesignerBackend" name="test_ctc_preview_calculation_12_lakh" time="4.517" /><testcase classname="tests.test_ctc_designer.TestCTCDesignerBackend" name="test_ctc_preview_with_retention_bonus" time="4.785" /><testcase classname="tests.test_ctc_designer.TestCTCDesignerBackend" name="test_ctc_preview_invalid_ctc" time="4.681" /><testcase classname="tests.test_ctc_designer.TestCTCDesignerBackend" name="test_ctc_preview_unauthorized" time="2.637" /><testcase classname="tests.test_ctc_designer.TestCTCDesignerBackend" name="test_get_employees_for_ctc" time="2.084" /><testcase classname="tests.test_ctc_designer.TestCTCDesignerBackend" name="test_ctc_design_submission_and_pending_approval" time="3.419" /><testcase classname="tests.test_ctc_designer.TestCTCDesignerBackend" name="test_admin_pending_approvals_access" time="3.239" /><testcase classname="tests.test_ctc_designer.TestCTCDesignerBackend" name="test_ctc_stats_admin_only" time="2.573" /><testcase classname="tests.test_ctc_designer.TestCTCDesignerBackend" name="test_admin_approve_ctc_structure" time="4.660" /><testcase classname="tests.test_ctc_designer.TestCTCDesignerBackend" name="test_admin_reject_ctc_structure" time="3.230" /><testcase classname="tests.test_ctc_designer.TestCTCDesignerBackend" name="test_reject_without_reason_fails" time="3.474" /><testcase classname="tests.test_ctc_designer.TestCTCDesignerBackend" name="test_non_admin_cannot_approve_or_reject" time="2.747" /><testcase classname="tests.test_ctc_designer.TestCTCDesignerBackend" name="test_notification_sent_on_submission" time="3.468" /><testcase classname="tests.test_ctc_designer.TestCTCDesignerBackend" name="test_employee_ctc_history" time="1.957" /></testsuite></testsuites>