<?xml version="1.0" encoding="utf-8"?><testsuites name="pytest tests"><testsuite name="pytest" errors="0" failures="2" skipped="1" tests="19" time="22.275" timestamp="2026-02-21T04:52:44.255518+00:00" hostname="agent-env-0a7538d6-1113-425a-9a9b-98b83360282d"><testcase classname="tests.test_approval_notifications.TestAuthAndHealthCheck" name="test_api_health_check" time="0.315"><failure message="assert 404 == 200&#10; +  where 404 = &lt;Response [404]&gt;.status_code">tests/test_approval_notifications.py:84: in test_api_health_check
    assert response.status_code == 200
E   assert 404 == 200
E    +  where 404 = &lt;Response [404]&gt;.status_code</failure></testcase><testcase classname="tests.test_approval_notifications.TestAuthAndHealthCheck" name="test_admin_login" time="0.628" /><testcase classname="tests.test_approval_notifications.TestAuthAndHealthCheck" name="test_hr_login" time="0.803" /><testcase classname="tests.test_approval_notifications.TestAuthAndHealthCheck" name="test_employee_login" time="0.693" /><testcase classname="tests.test_approval_notifications.TestLeaveRequestNotifications" name="test_create_leave_request_sends_notification" time="0.124"><skipped type="pytest.skip" message="Insufficient leave balance or missing employee record">/app/backend/tests/test_approval_notifications.py:139: Insufficient leave balance or missing employee record</skipped></testcase><testcase classname="tests.test_approval_notifications.TestExpenseSubmissionNotifications" name="test_create_expense" time="0.081" /><testcase classname="tests.test_approval_notifications.TestExpenseSubmissionNotifications" name="test_submit_expense_sends_notification_to_hr" time="1.306" /><testcase classname="tests.test_approval_notifications.TestBankChangeRequestNotifications" name="test_submit_bank_change_request_sends_notification" time="13.703" /><testcase classname="tests.test_approval_notifications.TestGoLiveRequestNotifications" name="test_submit_go_live_request_sends_notification" time="3.264" /><testcase classname="tests.test_approval_notifications.TestEmailActionTokensAndLogs" name="test_email_logs_endpoint_accessible" time="0.074"><failure message="AttributeError: 'list' object has no attribute 'get'">tests/test_approval_notifications.py:305: in test_email_logs_endpoint_accessible
    logs = data.get("logs", [])
           ^^^^^^^^
E   AttributeError: 'list' object has no attribute 'get'</failure></testcase><testcase classname="tests.test_approval_notifications.TestEmailActionTokensAndLogs" name="test_email_config_accessible" time="0.167" /><testcase classname="tests.test_approval_notifications.TestKickoffRequestNotifications" name="test_get_eligible_pms" time="0.077" /><testcase classname="tests.test_approval_notifications.TestKickoffRequestNotifications" name="test_list_kickoff_requests" time="0.064" /><testcase classname="tests.test_approval_notifications.TestNotificationRecordsCreation" name="test_notifications_list" time="0.065" /><testcase classname="tests.test_approval_notifications.TestNotificationRecordsCreation" name="test_hr_notifications" time="0.058" /><testcase classname="tests.test_approval_notifications.TestDirectDatabaseVerification" name="test_check_email_logs_for_approval_emails" time="0.060" /><testcase classname="tests.test_approval_notifications.TestDirectDatabaseVerification" name="test_pending_expense_approvals" time="0.170" /><testcase classname="tests.test_approval_notifications.TestDirectDatabaseVerification" name="test_bank_change_requests_for_hr" time="0.059" /><testcase classname="tests.test_approval_notifications.TestDirectDatabaseVerification" name="test_pending_go_live_requests" time="0.191" /></testsuite></testsuites>