<?xml version="1.0" encoding="utf-8"?><testsuites name="pytest tests"><testsuite name="pytest" errors="0" failures="0" skipped="0" tests="20" time="14.349" timestamp="2026-03-18T16:36:48.017498+00:00" hostname="agent-env-31ced0c7-ae8c-4cc8-8f85-5e7a9b533b2b"><testcase classname="tests.test_leave_attendance_payroll_integration.TestLeaveAttendancePayrollIntegration" name="test_01_employee_can_apply_for_leave" time="1.100" /><testcase classname="tests.test_leave_attendance_payroll_integration.TestLeaveAttendancePayrollIntegration" name="test_02_get_pending_leave_requests" time="0.553" /><testcase classname="tests.test_leave_attendance_payroll_integration.TestLeaveAttendancePayrollIntegration" name="test_03_get_all_leave_requests_hr" time="0.645" /><testcase classname="tests.test_leave_attendance_payroll_integration.TestLeaveAttendancePayrollIntegration" name="test_04_manager_approve_leave" time="1.167" /><testcase classname="tests.test_leave_attendance_payroll_integration.TestLeaveAttendancePayrollIntegration" name="test_05_manager_reject_leave" time="1.122" /><testcase classname="tests.test_leave_attendance_payroll_integration.TestLeaveAttendancePayrollIntegration" name="test_06_hr_apply_leave_on_behalf" time="0.779" /><testcase classname="tests.test_leave_attendance_payroll_integration.TestLeaveAttendancePayrollIntegration" name="test_07_get_my_leave_balance" time="0.590" /><testcase classname="tests.test_leave_attendance_payroll_integration.TestLeaveAttendancePayrollIntegration" name="test_08_get_payroll_inputs" time="0.589" /><testcase classname="tests.test_leave_attendance_payroll_integration.TestLeaveAttendancePayrollIntegration" name="test_09_save_payroll_input_with_incentive" time="0.731" /><testcase classname="tests.test_leave_attendance_payroll_integration.TestLeaveAttendancePayrollIntegration" name="test_10_generate_salary_slip" time="0.824" /><testcase classname="tests.test_leave_attendance_payroll_integration.TestLeaveAttendancePayrollIntegration" name="test_11_get_salary_slips" time="0.555" /><testcase classname="tests.test_leave_attendance_payroll_integration.TestLeaveAttendancePayrollIntegration" name="test_12_get_attendance_records" time="0.562" /><testcase classname="tests.test_leave_attendance_payroll_integration.TestLeaveAttendancePayrollIntegration" name="test_13_get_attendance_summary" time="0.557" /><testcase classname="tests.test_leave_attendance_payroll_integration.TestLeaveAttendancePayrollIntegration" name="test_14_auto_validate_attendance" time="0.688" /><testcase classname="tests.test_leave_attendance_payroll_integration.TestLeaveAttendancePayrollIntegration" name="test_15_get_payroll_linkage_summary" time="0.610" /><testcase classname="tests.test_leave_attendance_payroll_integration.TestLeaveAttendancePayrollIntegration" name="test_16_get_salary_components" time="0.544" /><testcase classname="tests.test_leave_attendance_payroll_integration.TestLeaveAttendancePayrollIntegration" name="test_17_leave_request_half_day" time="0.584" /><testcase classname="tests.test_leave_attendance_payroll_integration.TestLeaveAttendancePayrollIntegration" name="test_18_withdraw_pending_leave" time="0.725" /><testcase classname="tests.test_leave_attendance_payroll_integration.TestLeaveAttendancePayrollIntegration" name="test_19_payroll_lock_status" time="0.592" /><testcase classname="tests.test_leave_attendance_payroll_integration.TestLeaveAttendancePayrollIntegration" name="test_20_company_leave_stats" time="0.633" /></testsuite></testsuites>