<?xml version="1.0" encoding="utf-8"?><testsuites name="pytest tests"><testsuite name="pytest" errors="0" failures="0" skipped="0" tests="40" time="6.526" timestamp="2026-02-24T16:54:38.556458+00:00" hostname="agent-env-5471a7d7-2a53-489e-9e22-9a42404b58f3"><testcase classname="tests.test_onboarding_validation.TestValidationFunctions" name="test_valid_phone_starting_with_9" time="0.001" /><testcase classname="tests.test_onboarding_validation.TestValidationFunctions" name="test_valid_phone_starting_with_8" time="0.001" /><testcase classname="tests.test_onboarding_validation.TestValidationFunctions" name="test_valid_phone_starting_with_7" time="0.001" /><testcase classname="tests.test_onboarding_validation.TestValidationFunctions" name="test_valid_phone_starting_with_6" time="0.000" /><testcase classname="tests.test_onboarding_validation.TestValidationFunctions" name="test_invalid_phone_starting_with_5" time="0.001" /><testcase classname="tests.test_onboarding_validation.TestValidationFunctions" name="test_invalid_phone_starting_with_1" time="0.001" /><testcase classname="tests.test_onboarding_validation.TestValidationFunctions" name="test_invalid_phone_less_than_10_digits" time="0.001" /><testcase classname="tests.test_onboarding_validation.TestValidationFunctions" name="test_invalid_phone_more_than_10_digits" time="0.001" /><testcase classname="tests.test_onboarding_validation.TestValidationFunctions" name="test_phone_with_spaces" time="0.001" /><testcase classname="tests.test_onboarding_validation.TestValidationFunctions" name="test_phone_empty_string" time="0.000" /><testcase classname="tests.test_onboarding_validation.TestValidationFunctions" name="test_phone_none" time="0.001" /><testcase classname="tests.test_onboarding_validation.TestValidationFunctions" name="test_valid_pan_format" time="0.001" /><testcase classname="tests.test_onboarding_validation.TestValidationFunctions" name="test_valid_pan_lowercase" time="0.000" /><testcase classname="tests.test_onboarding_validation.TestValidationFunctions" name="test_invalid_pan_wrong_format" time="0.000" /><testcase classname="tests.test_onboarding_validation.TestValidationFunctions" name="test_invalid_pan_too_short" time="0.000" /><testcase classname="tests.test_onboarding_validation.TestValidationFunctions" name="test_invalid_pan_all_digits" time="0.000" /><testcase classname="tests.test_onboarding_validation.TestValidationFunctions" name="test_invalid_pan_all_letters" time="0.000" /><testcase classname="tests.test_onboarding_validation.TestValidationFunctions" name="test_valid_aadhaar_12_digits" time="0.001" /><testcase classname="tests.test_onboarding_validation.TestValidationFunctions" name="test_valid_aadhaar_with_spaces" time="0.001" /><testcase classname="tests.test_onboarding_validation.TestValidationFunctions" name="test_invalid_aadhaar_11_digits" time="0.000" /><testcase classname="tests.test_onboarding_validation.TestValidationFunctions" name="test_invalid_aadhaar_13_digits" time="0.000" /><testcase classname="tests.test_onboarding_validation.TestValidationFunctions" name="test_invalid_aadhaar_with_letters" time="0.000" /><testcase classname="tests.test_onboarding_validation.TestValidationFunctions" name="test_valid_ifsc_sbi" time="0.001" /><testcase classname="tests.test_onboarding_validation.TestValidationFunctions" name="test_valid_ifsc_hdfc" time="0.001" /><testcase classname="tests.test_onboarding_validation.TestValidationFunctions" name="test_valid_ifsc_icici" time="0.000" /><testcase classname="tests.test_onboarding_validation.TestValidationFunctions" name="test_valid_ifsc_lowercase" time="0.000" /><testcase classname="tests.test_onboarding_validation.TestValidationFunctions" name="test_invalid_ifsc_without_zero" time="0.000" /><testcase classname="tests.test_onboarding_validation.TestValidationFunctions" name="test_invalid_ifsc_too_short" time="0.001" /><testcase classname="tests.test_onboarding_validation.TestValidationFunctions" name="test_invalid_ifsc_wrong_format" time="0.000" /><testcase classname="tests.test_onboarding_validation.TestValidationFunctions" name="test_valid_pincode_6_digits" time="0.001" /><testcase classname="tests.test_onboarding_validation.TestValidationFunctions" name="test_valid_pincode_kerala" time="0.000" /><testcase classname="tests.test_onboarding_validation.TestValidationFunctions" name="test_invalid_pincode_5_digits" time="0.000" /><testcase classname="tests.test_onboarding_validation.TestValidationFunctions" name="test_invalid_pincode_7_digits" time="0.000" /><testcase classname="tests.test_onboarding_validation.TestValidationFunctions" name="test_invalid_pincode_with_letters" time="0.000" /><testcase classname="tests.test_onboarding_validation.TestOnboardingAPIs" name="test_01_create_onboarding_invite" time="2.095" /><testcase classname="tests.test_onboarding_validation.TestOnboardingAPIs" name="test_02_get_public_submission" time="0.723" /><testcase classname="tests.test_onboarding_validation.TestOnboardingAPIs" name="test_03_save_form_data" time="0.674" /><testcase classname="tests.test_onboarding_validation.TestOnboardingAPIs" name="test_04_verify_saved_data" time="0.984" /><testcase classname="tests.test_onboarding_validation.TestOnboardingAPIs" name="test_05_progress_calculation" time="0.671" /><testcase classname="tests.test_onboarding_validation.TestOnboardingAPIs" name="test_06_backend_validation_employment_required" time="1.155" /></testsuite></testsuites>