<?xml version="1.0" encoding="utf-8"?><testsuites name="pytest tests"><testsuite name="pytest" errors="0" failures="0" skipped="0" tests="18" time="13.336" timestamp="2026-02-20T12:38:33.815368+00:00" hostname="agent-env-dda456ec-f7e3-44e6-adac-fde35026fc10"><testcase classname="tests.test_hr_attendance_leave_features.TestCustomAttendancePolicy" name="test_get_attendance_policy" time="0.774" /><testcase classname="tests.test_hr_attendance_leave_features.TestCustomAttendancePolicy" name="test_list_custom_policies" time="0.703" /><testcase classname="tests.test_hr_attendance_leave_features.TestCustomAttendancePolicy" name="test_get_employees_for_dropdown" time="0.687" /><testcase classname="tests.test_hr_attendance_leave_features.TestCustomAttendancePolicy" name="test_get_specific_employee_policy" time="0.691" /><testcase classname="tests.test_hr_attendance_leave_features.TestCustomAttendancePolicy" name="test_create_custom_policy" time="0.669" /><testcase classname="tests.test_hr_attendance_leave_features.TestCustomAttendancePolicy" name="test_verify_custom_policy_exists" time="0.582" /><testcase classname="tests.test_hr_attendance_leave_features.TestCustomAttendancePolicy" name="test_delete_custom_policy" time="0.627" /><testcase classname="tests.test_hr_attendance_leave_features.TestAutoValidateAttendance" name="test_auto_validate_attendance" time="0.679" /><testcase classname="tests.test_hr_attendance_leave_features.TestAutoValidateAttendance" name="test_auto_validate_with_custom_policies_indicator" time="0.658" /><testcase classname="tests.test_hr_attendance_leave_features.TestHRAttendanceInput" name="test_get_employee_attendance_input" time="0.628" /><testcase classname="tests.test_hr_attendance_leave_features.TestHRAttendanceInput" name="test_mark_bulk_attendance" time="0.670" /><testcase classname="tests.test_hr_attendance_leave_features.TestHRLeaveInput" name="test_get_all_leave_requests" time="1.123" /><testcase classname="tests.test_hr_attendance_leave_features.TestHRLeaveInput" name="test_apply_leave_for_employee" time="1.036" /><testcase classname="tests.test_hr_attendance_leave_features.TestHRLeaveInput" name="test_bulk_credit_leaves" time="0.634" /><testcase classname="tests.test_hr_attendance_leave_features.TestPayrollSummaryReport" name="test_get_payroll_summary_report" time="0.888" /><testcase classname="tests.test_hr_attendance_leave_features.TestPayrollSummaryReport" name="test_get_generated_reports" time="0.672" /><testcase classname="tests.test_hr_attendance_leave_features.TestEmployeeFilterFunctionality" name="test_filter_attendance_by_employee" time="0.669" /><testcase classname="tests.test_hr_attendance_leave_features.TestEmployeeFilterFunctionality" name="test_filter_leave_requests_by_employee" time="0.634" /></testsuite></testsuites>