<?xml version="1.0" encoding="utf-8"?><testsuites name="pytest tests"><testsuite name="pytest" errors="0" failures="1" skipped="0" tests="12" time="11.190" timestamp="2026-02-20T05:40:43.435742+00:00" hostname="agent-env-2de78fd1-8f9d-4b90-ba7c-87d08b20c4f6"><testcase classname="tests.test_employee_permissions_update.TestAdminLogin" name="test_admin_login" time="0.711" /><testcase classname="tests.test_employee_permissions_update.TestHRLogin" name="test_hr_login" time="0.893" /><testcase classname="tests.test_employee_permissions_update.TestRahulKumarLogin" name="test_rahul_login" time="0.600" /><testcase classname="tests.test_employee_permissions_update.TestEmployeePermissionsGet" name="test_get_rahul_permissions" time="0.836" /><testcase classname="tests.test_employee_permissions_update.TestAdminUpdatePermissions" name="test_admin_update_role_sync" time="1.707" /><testcase classname="tests.test_employee_permissions_update.TestReportingManagerLinkage" name="test_reporting_manager_linkage" time="0.764" /><testcase classname="tests.test_employee_permissions_update.TestHRPermissionChangeRequest" name="test_hr_submit_permission_request" time="1.516" /><testcase classname="tests.test_employee_permissions_update.TestGoLiveStatusActive" name="test_go_live_status_active" time="0.674" /><testcase classname="tests.test_employee_permissions_update.TestQuickCheckInAvailable" name="test_check_status_endpoint" time="0.975" /><testcase classname="tests.test_employee_permissions_update.TestRahulDashboardAccess" name="test_rahul_me_endpoint" time="0.741"><failure message="AssertionError: Failed to get user data: {&quot;detail&quot;:&quot;Not Found&quot;}&#10;assert 404 == 200&#10; +  where 404 = &lt;Response [404]&gt;.status_code">tests/test_employee_permissions_update.py:340: in test_rahul_me_endpoint
    assert response.status_code == 200, f"Failed to get user data: {response.text}"
E   AssertionError: Failed to get user data: {"detail":"Not Found"}
E   assert 404 == 200
E    +  where 404 = &lt;Response [404]&gt;.status_code</failure></testcase><testcase classname="tests.test_employee_permissions_update.TestAttendancePayrollLinkage" name="test_my_attendance_endpoint" time="0.710" /><testcase classname="tests.test_employee_permissions_update.TestAttendancePayrollLinkage" name="test_payroll_summary_endpoint" time="0.717" /></testsuite></testsuites>