<?xml version="1.0" encoding="utf-8"?><testsuites name="pytest tests"><testsuite name="pytest" errors="0" failures="0" skipped="0" tests="22" time="10.316" timestamp="2026-02-15T06:49:49.877215+00:00" hostname="agent-env-d8465b21-f854-4222-8c5f-e7c3b7584bf5"><testcase classname="backend.tests.test_reporting_manager_rules.TestAuth" name="test_admin_login" time="1.951" /><testcase classname="backend.tests.test_reporting_manager_rules.TestAuth" name="test_manager_login" time="0.602" /><testcase classname="backend.tests.test_reporting_manager_rules.TestAuth" name="test_executive_login" time="0.530" /><testcase classname="backend.tests.test_reporting_manager_rules.TestAttendanceAuthorization" name="test_admin_can_create_attendance_for_any_employee" time="0.835" /><testcase classname="backend.tests.test_reporting_manager_rules.TestAttendanceAuthorization" name="test_executive_without_reportees_gets_403_for_attendance" time="1.451" /><testcase classname="backend.tests.test_reporting_manager_rules.TestAttendanceAuthorization" name="test_get_attendance_non_hr_sees_own_only" time="1.282" /><testcase classname="backend.tests.test_reporting_manager_rules.TestLeaveRequestsAuthorization" name="test_admin_sees_all_leave_requests" time="0.497" /><testcase classname="backend.tests.test_reporting_manager_rules.TestLeaveRequestsAuthorization" name="test_manager_without_reportees_gets_403_for_all_leaves" time="0.784" /><testcase classname="backend.tests.test_reporting_manager_rules.TestLeaveRequestsAuthorization" name="test_executive_gets_own_leave_requests" time="0.141" /><testcase classname="backend.tests.test_reporting_manager_rules.TestLeaveBalanceAuthorization" name="test_admin_sees_all_employees_leave_balance" time="0.142" /><testcase classname="backend.tests.test_reporting_manager_rules.TestLeaveBalanceAuthorization" name="test_user_without_reportees_gets_empty_list" time="0.146" /><testcase classname="backend.tests.test_reporting_manager_rules.TestPayrollAuthorization" name="test_admin_can_generate_any_slip" time="0.171" /><testcase classname="backend.tests.test_reporting_manager_rules.TestPayrollAuthorization" name="test_executive_cannot_generate_slip" time="0.140" /><testcase classname="backend.tests.test_reporting_manager_rules.TestPayrollAuthorization" name="test_non_admin_hr_cannot_generate_own_slip" time="0.001" /><testcase classname="backend.tests.test_reporting_manager_rules.TestExpenseAuthorization" name="test_non_hr_sees_own_expenses" time="0.164" /><testcase classname="backend.tests.test_reporting_manager_rules.TestExpenseAuthorization" name="test_admin_sees_all_expenses" time="0.155" /><testcase classname="backend.tests.test_reporting_manager_rules.TestApprovalSelfBlock" name="test_self_approval_blocked" time="0.357" /><testcase classname="backend.tests.test_reporting_manager_rules.TestSecurityAuditAndNotifications" name="test_security_audit_logs_admin_access" time="0.144" /><testcase classname="backend.tests.test_reporting_manager_rules.TestSecurityAuditAndNotifications" name="test_notification_bell_endpoint" time="0.139" /><testcase classname="backend.tests.test_reporting_manager_rules.TestSecurityAuditAndNotifications" name="test_unread_notification_count" time="0.143" /><testcase classname="backend.tests.test_reporting_manager_rules.TestManagerViewOnlyPermissions" name="test_manager_can_view_leads" time="0.142" /><testcase classname="backend.tests.test_reporting_manager_rules.TestManagerViewOnlyPermissions" name="test_manager_cannot_create_lead" time="0.136" /></testsuite></testsuites>