<?xml version="1.0" encoding="utf-8"?><testsuites name="pytest tests"><testsuite name="pytest" errors="0" failures="1" skipped="0" tests="11" time="11.646" timestamp="2026-02-18T15:07:49.123047+00:00" hostname="agent-env-ab671417-a975-4d0f-8395-3f2e741cb752"><testcase classname="tests.test_csv_portal_selfie.TestAuthentication" name="test_admin_login" time="0.634" /><testcase classname="tests.test_csv_portal_selfie.TestAuthentication" name="test_sales_manager_login" time="0.516" /><testcase classname="tests.test_csv_portal_selfie.TestLeadsCRUD" name="test_get_leads" time="0.707" /><testcase classname="tests.test_csv_portal_selfie.TestLeadsCRUD" name="test_create_lead" time="0.720" /><testcase classname="tests.test_csv_portal_selfie.TestLeadsCRUD" name="test_bulk_lead_creation_simulating_csv" time="1.011" /><testcase classname="tests.test_csv_portal_selfie.TestEmployeePortalAccess" name="test_get_employees" time="1.547" /><testcase classname="tests.test_csv_portal_selfie.TestEmployeePortalAccess" name="test_create_employee_and_grant_access" time="1.503" /><testcase classname="tests.test_csv_portal_selfie.TestMobileAppAttendance" name="test_my_attendance_endpoint" time="0.796"><failure message="assert 400 in [200, 404]&#10; +  where 400 = &lt;Response [400]&gt;.status_code">backend/tests/test_csv_portal_selfie.py:216: in test_my_attendance_endpoint
    assert response.status_code in [200, 404]
E   assert 400 in [200, 404]
E    +  where 400 = &lt;Response [400]&gt;.status_code</failure></testcase><testcase classname="tests.test_csv_portal_selfie.TestMobileAppAttendance" name="test_checkin_endpoint_exists" time="1.135" /><testcase classname="tests.test_csv_portal_selfie.TestMobileAppAttendance" name="test_checkout_endpoint_exists" time="0.965" /><testcase classname="tests.test_csv_portal_selfie.TestCleanup" name="test_cleanup_test_leads" time="1.862" /></testsuite></testsuites>