<?xml version="1.0" encoding="utf-8"?><testsuites name="pytest tests"><testsuite name="pytest" errors="0" failures="0" skipped="0" tests="9" time="7.536" timestamp="2026-03-05T16:31:40.631009+00:00" hostname="agent-env-792d558c-0c0f-442e-9be1-85133636cff6"><testcase classname="tests.test_websocket_api.TestWebSocketAPI" name="test_01_websocket_stats_endpoint" time="1.037" /><testcase classname="tests.test_websocket_api.TestWebSocketAPI" name="test_02_websocket_connections_endpoint" time="0.863" /><testcase classname="tests.test_websocket_api.TestWebSocketAPI" name="test_03_websocket_broadcast_endpoint" time="0.662" /><testcase classname="tests.test_websocket_api.TestWebSocketAPI" name="test_04_websocket_broadcast_with_topic" time="0.633" /><testcase classname="tests.test_websocket_api.TestWebSocketAPI" name="test_05_login_endpoint_works" time="1.593" /><testcase classname="tests.test_websocket_api.TestWebSocketAPI" name="test_06_api_health_check" time="0.593" /><testcase classname="tests.test_websocket_api.TestDashboardDataEndpoints" name="test_01_dashboard_stats_endpoint" time="0.671" /><testcase classname="tests.test_websocket_api.TestDashboardDataEndpoints" name="test_02_employees_list_endpoint" time="0.673" /><testcase classname="tests.test_websocket_api.TestDashboardDataEndpoints" name="test_03_notifications_endpoint" time="0.600" /></testsuite></testsuites>