<?xml version="1.0" encoding="utf-8"?><testsuites name="pytest tests"><testsuite name="pytest" errors="0" failures="0" skipped="1" tests="33" time="19.339" timestamp="2026-02-22T18:21:37.620837+00:00" hostname="agent-env-bc1134ec-e57f-4bcf-8bf8-e7b31783ed09"><testcase classname="tests.test_new_features_50.TestPermissionSystem" name="test_get_all_features_admin_only" time="2.862" /><testcase classname="tests.test_new_features_50.TestPermissionSystem" name="test_get_all_features_denied_non_admin" time="1.555" /><testcase classname="tests.test_new_features_50.TestPermissionSystem" name="test_get_my_permissions" time="0.436" /><testcase classname="tests.test_new_features_50.TestPermissionSystem" name="test_sales_executive_permissions" time="0.266" /><testcase classname="tests.test_new_features_50.TestPermissionSystem" name="test_get_employee_permissions" time="0.445" /><testcase classname="tests.test_new_features_50.TestMyAPI" name="test_my_dashboard_stats" time="0.297" /><testcase classname="tests.test_new_features_50.TestMyAPI" name="test_my_leads" time="0.328" /><testcase classname="tests.test_new_features_50.TestMyAPI" name="test_my_attendance" time="1.030" /><testcase classname="tests.test_new_features_50.TestMyAPI" name="test_my_leaves" time="0.410" /><testcase classname="tests.test_new_features_50.TestMyAPI" name="test_my_expenses" time="0.243" /><testcase classname="tests.test_new_features_50.TestMyAPI" name="test_my_timesheets" time="0.326" /><testcase classname="tests.test_new_features_50.TestMyAPI" name="test_my_projects" time="0.382" /><testcase classname="tests.test_new_features_50.TestMyAPI" name="test_my_profile" time="0.250" /><testcase classname="tests.test_new_features_50.TestManagerAPI" name="test_manager_team" time="1.035" /><testcase classname="tests.test_new_features_50.TestManagerAPI" name="test_manager_team_leads" time="0.311" /><testcase classname="tests.test_new_features_50.TestManagerAPI" name="test_manager_pending_approvals" time="0.401" /><testcase classname="tests.test_new_features_50.TestManagerAPI" name="test_manager_access_denied_non_manager" time="0.243" /><testcase classname="tests.test_new_features_50.TestManagerAPI" name="test_manager_team_pipeline" time="0.249" /><testcase classname="tests.test_new_features_50.TestSalesFunnelLogic" name="test_stage_status" time="0.549" /><testcase classname="tests.test_new_features_50.TestSalesFunnelLogic" name="test_resume_stage" time="0.560" /><testcase classname="tests.test_new_features_50.TestSalesFunnelLogic" name="test_request_approval" time="0.716" /><testcase classname="tests.test_new_features_50.TestSalesFunnelLogic" name="test_kickoff_status" time="0.497" /><testcase classname="tests.test_new_features_50.TestSalesFunnelLogic" name="test_renew_deal" time="0.001"><skipped type="pytest.skip" message="This test creates leads with invalid schema - sales_funnel_logic.py needs fix">/app/backend/tests/test_new_features_50.py:439: This test creates leads with invalid schema - sales_funnel_logic.py needs fix</skipped></testcase><testcase classname="tests.test_new_features_50.TestSalesFunnelLogic" name="test_send_consent_request" time="0.619" /><testcase classname="tests.test_new_features_50.TestAuditLogging" name="test_audit_summary" time="0.418" /><testcase classname="tests.test_new_features_50.TestAuditLogging" name="test_audit_logs" time="0.311" /><testcase classname="tests.test_new_features_50.TestAuditLogging" name="test_audit_security" time="0.650" /><testcase classname="tests.test_new_features_50.TestAuditLogging" name="test_audit_access_denied_non_admin" time="0.498" /><testcase classname="tests.test_new_features_50.TestSecurityAccessControl" name="test_agreements_blocked_for_non_sales" time="0.330" /><testcase classname="tests.test_new_features_50.TestSecurityAccessControl" name="test_leads_access_for_sales_roles" time="0.268" /><testcase classname="tests.test_new_features_50.TestSecurityAccessControl" name="test_hr_endpoints_blocked_for_sales" time="0.392" /><testcase classname="tests.test_new_features_50.TestSecurityAccessControl" name="test_admin_full_access" time="1.603" /><testcase classname="tests.test_new_features_50.TestDualApproval" name="test_submit_approval" time="0.258" /></testsuite></testsuites>