<?xml version="1.0" encoding="utf-8"?><testsuites name="pytest tests"><testsuite name="pytest" errors="0" failures="0" skipped="0" tests="9" time="13.516" timestamp="2026-02-17T17:29:10.443568+00:00" hostname="agent-env-97ea4734-436e-4cf2-9035-9a2db1582437"><testcase classname="tests.test_ctc_enhanced_components.TestCTCEnhancedComponents" name="test_component_master_returns_all_components" time="1.315" /><testcase classname="tests.test_ctc_enhanced_components.TestCTCEnhancedComponents" name="test_enabled_by_default_flags" time="1.281" /><testcase classname="tests.test_ctc_enhanced_components.TestCTCEnhancedComponents" name="test_mandatory_components_flag" time="1.228" /><testcase classname="tests.test_ctc_enhanced_components.TestCTCEnhancedComponents" name="test_preview_with_only_enabled_components" time="1.314" /><testcase classname="tests.test_ctc_enhanced_components.TestCTCEnhancedComponents" name="test_deductions_subtract_from_gross" time="1.297" /><testcase classname="tests.test_ctc_enhanced_components.TestCTCEnhancedComponents" name="test_submit_saves_component_config" time="1.791" /><testcase classname="tests.test_ctc_enhanced_components.TestCTCEnhancedComponents" name="test_stats_api_admin_only" time="1.454" /><testcase classname="tests.test_ctc_enhanced_components.TestCTCEnhancedComponents" name="test_payroll_uses_approved_ctc_structure" time="1.571" /><testcase classname="tests.test_ctc_enhanced_components.TestCTCWorkflowE2E" name="test_full_ctc_approval_workflow" time="2.145" /></testsuite></testsuites>