<?xml version="1.0" encoding="utf-8"?><testsuites name="pytest tests"><testsuite name="pytest" errors="0" failures="0" skipped="0" tests="9" time="21.039" timestamp="2026-03-15T10:54:53.293657+00:00" hostname="agent-env-4b99e028-de57-4c6b-8520-56a99e843947"><testcase classname="tests.test_expense_monthly_report_pdf.TestMonthlyExpenseReport" name="test_my_expenses_returns_expenses" time="9.531" /><testcase classname="tests.test_expense_monthly_report_pdf.TestMonthlyExpenseReport" name="test_my_expenses_shows_meeting_expenses" time="1.389" /><testcase classname="tests.test_expense_monthly_report_pdf.TestMonthlyExpenseReport" name="test_monthly_report_endpoint_basic" time="1.133" /><testcase classname="tests.test_expense_monthly_report_pdf.TestMonthlyExpenseReport" name="test_monthly_report_expense_fields_for_pdf" time="1.336" /><testcase classname="tests.test_expense_monthly_report_pdf.TestMonthlyExpenseReport" name="test_admin_monthly_report_sees_all" time="1.527" /><testcase classname="tests.test_expense_monthly_report_pdf.TestExpenseApprovalNotifications" name="test_notifications_endpoint_exists" time="1.952" /><testcase classname="tests.test_expense_monthly_report_pdf.TestExpenseApprovalNotifications" name="test_expense_approval_creates_notification" time="1.399" /><testcase classname="tests.test_expense_monthly_report_pdf.TestPricingPlanValidation" name="test_pricing_plan_validation_error_format" time="1.079" /><testcase classname="tests.test_expense_monthly_report_pdf.TestLeadExpenseDisplay" name="test_lead_exists" time="1.200" /></testsuite></testsuites>