<?xml version="1.0" encoding="utf-8"?><testsuites name="pytest tests"><testsuite name="pytest" errors="0" failures="0" skipped="0" tests="8" time="5.375" timestamp="2026-02-19T14:57:09.052528+00:00" hostname="agent-env-357cb834-742c-4532-a403-e49c83b9569e"><testcase classname="tests.test_go_live_workflow.TestGoLiveWorkflow" name="test_01_hr_login" time="0.556" /><testcase classname="tests.test_go_live_workflow.TestGoLiveWorkflow" name="test_02_admin_login" time="0.511" /><testcase classname="tests.test_go_live_workflow.TestGoLiveWorkflow" name="test_03_get_employees_list" time="0.602" /><testcase classname="tests.test_go_live_workflow.TestGoLiveWorkflow" name="test_04_get_go_live_checklist" time="0.698" /><testcase classname="tests.test_go_live_workflow.TestGoLiveWorkflow" name="test_05_get_pending_go_live_admin" time="0.698" /><testcase classname="tests.test_go_live_workflow.TestGoLiveWorkflow" name="test_06_hr_cannot_get_pending" time="0.662" /><testcase classname="tests.test_go_live_workflow.TestGoLiveWorkflow" name="test_07_go_live_checklist_structure" time="0.629" /><testcase classname="tests.test_go_live_workflow.TestGoLiveWorkflow" name="test_08_submit_go_live_request_hr" time="0.913" /></testsuite></testsuites>