<?xml version="1.0" encoding="utf-8"?><testsuites name="pytest tests"><testsuite name="pytest" errors="0" failures="1" skipped="0" tests="20" time="11.748" timestamp="2026-02-15T12:59:53.945300+00:00" hostname="agent-env-e331f42a-eae0-4e84-89e5-098ff26dc33f"><testcase classname="tests.test_top_down_pricing.TestSeedDefaults" name="test_seed_defaults" time="1.759" /><testcase classname="tests.test_top_down_pricing.TestTenureTypes" name="test_get_tenure_types" time="0.219" /><testcase classname="tests.test_top_down_pricing.TestTenureTypes" name="test_create_tenure_type" time="0.391" /><testcase classname="tests.test_top_down_pricing.TestTenureTypes" name="test_get_specific_tenure_type" time="0.322" /><testcase classname="tests.test_top_down_pricing.TestTenureTypes" name="test_update_tenure_type" time="0.447" /><testcase classname="tests.test_top_down_pricing.TestTenureTypes" name="test_allocation_percentage_validation" time="0.244" /><testcase classname="tests.test_top_down_pricing.TestTenureTypes" name="test_duplicate_code_rejection" time="0.407" /><testcase classname="tests.test_top_down_pricing.TestConsultantRoles" name="test_get_consultant_roles" time="0.201" /><testcase classname="tests.test_top_down_pricing.TestConsultantRoles" name="test_create_consultant_role" time="0.193" /><testcase classname="tests.test_top_down_pricing.TestConsultantRoles" name="test_update_consultant_role" time="0.524" /><testcase classname="tests.test_top_down_pricing.TestMeetingTypes" name="test_get_meeting_types" time="0.296" /><testcase classname="tests.test_top_down_pricing.TestMeetingTypes" name="test_create_meeting_type" time="0.323" /><testcase classname="tests.test_top_down_pricing.TestAllocationCalculation" name="test_calculate_allocation" time="0.322" /><testcase classname="tests.test_top_down_pricing.TestAllocationCalculation" name="test_calculate_allocation_single_member" time="0.528" /><testcase classname="tests.test_top_down_pricing.TestAllocationCalculation" name="test_calculate_allocation_zero_investment_error" time="0.725" /><testcase classname="tests.test_top_down_pricing.TestAllocationCalculation" name="test_calculate_allocation_no_members_error" time="0.293" /><testcase classname="tests.test_top_down_pricing.TestPricingPlanWithTopDownPricing" name="test_create_pricing_plan_top_down" time="1.052" /><testcase classname="tests.test_top_down_pricing.TestPricingPlanWithTopDownPricing" name="test_get_pricing_plan_with_top_down_data" time="0.765"><failure message="assert 404 == 200&#10; +  where 404 = &lt;Response [404]&gt;.status_code">backend/tests/test_top_down_pricing.py:529: in test_get_pricing_plan_with_top_down_data
    assert response.status_code == 200
E   assert 404 == 200
E    +  where 404 = &lt;Response [404]&gt;.status_code</failure></testcase><testcase classname="tests.test_top_down_pricing.TestAccessControl" name="test_tenure_types_accessible_to_all_authenticated" time="1.318" /><testcase classname="tests.test_top_down_pricing.TestAccessControl" name="test_consultant_roles_accessible_to_all_authenticated" time="0.639" /></testsuite></testsuites>