<?xml version="1.0" encoding="utf-8"?><testsuites name="pytest tests"><testsuite name="pytest" errors="0" failures="0" skipped="0" tests="12" time="6.132" timestamp="2026-02-20T11:11:36.126546+00:00" hostname="agent-env-e3d890b4-ec33-4875-83fb-2a677378bd97"><testcase classname="tests.test_bug_fixes_leave_payroll.TestLeaveApplication" name="test_employee_login" time="0.740" /><testcase classname="tests.test_bug_fixes_leave_payroll.TestLeaveApplication" name="test_leave_balance_display" time="0.143" /><testcase classname="tests.test_bug_fixes_leave_payroll.TestLeaveApplication" name="test_apply_casual_leave_success" time="0.328" /><testcase classname="tests.test_bug_fixes_leave_payroll.TestLeaveApplication" name="test_apply_sick_leave_success" time="0.157" /><testcase classname="tests.test_bug_fixes_leave_payroll.TestLeaveApplication" name="test_get_my_leave_requests" time="0.140" /><testcase classname="tests.test_bug_fixes_leave_payroll.TestLeaveWithdrawal" name="test_get_pending_leave_requests" time="0.638" /><testcase classname="tests.test_bug_fixes_leave_payroll.TestLeaveWithdrawal" name="test_withdraw_pending_leave" time="0.412" /><testcase classname="tests.test_bug_fixes_leave_payroll.TestPayrollInputs" name="test_hr_login" time="0.535" /><testcase classname="tests.test_bug_fixes_leave_payroll.TestPayrollInputs" name="test_payroll_inputs_shows_employees" time="0.137" /><testcase classname="tests.test_bug_fixes_leave_payroll.TestPayrollInputs" name="test_payroll_inputs_with_admin" time="0.842" /><testcase classname="tests.test_bug_fixes_leave_payroll.TestPayrollInputs" name="test_employee_count_consistency" time="0.393" /><testcase classname="tests.test_bug_fixes_leave_payroll.TestEmployeesActiveStatus" name="test_get_all_employees" time="1.462" /></testsuite></testsuites>