<?xml version="1.0" encoding="utf-8"?><testsuites name="pytest tests"><testsuite name="pytest" errors="0" failures="0" skipped="0" tests="10" time="6.436" timestamp="2026-02-27T14:04:11.812825+00:00" hostname="agent-env-f6e32632-6193-41a7-a8a3-656dbf641504"><testcase classname="tests.test_go_live_workflow_v2.TestGoLiveWorkflow" name="test_01_get_pending_go_live_requests" time="0.590" /><testcase classname="tests.test_go_live_workflow_v2.TestGoLiveWorkflow" name="test_02_get_employees_list" time="0.699" /><testcase classname="tests.test_go_live_workflow_v2.TestGoLiveWorkflow" name="test_03_get_go_live_checklist" time="0.678" /><testcase classname="tests.test_go_live_workflow_v2.TestGoLiveWorkflow" name="test_04_get_request_details_endpoint" time="0.566" /><testcase classname="tests.test_go_live_workflow_v2.TestGoLiveWorkflow" name="test_05_bank_verify_endpoint" time="0.698" /><testcase classname="tests.test_go_live_workflow_v2.TestGoLiveWorkflow" name="test_06_go_live_stats" time="0.563" /><testcase classname="tests.test_go_live_workflow_v2.TestGoLiveApprovalFlow" name="test_01_hr_can_see_go_live_dashboard" time="0.615" /><testcase classname="tests.test_go_live_workflow_v2.TestGoLiveApprovalFlow" name="test_02_admin_can_see_pending_approvals" time="0.555" /><testcase classname="tests.test_go_live_workflow_v2.TestGoLiveApprovalFlow" name="test_03_admin_can_view_full_details" time="0.575" /><testcase classname="tests.test_go_live_workflow_v2.TestEnablePortalAccess" name="test_01_portal_access_endpoint_exists" time="0.769" /></testsuite></testsuites>