<?xml version="1.0" encoding="utf-8"?><testsuites name="pytest tests"><testsuite name="pytest" errors="0" failures="0" skipped="0" tests="11" time="9.705" timestamp="2026-02-19T09:33:01.147517+00:00" hostname="agent-env-65f5c566-c804-4d8a-a7b2-b70d65ad2d27"><testcase classname="tests.test_e2e_onboarding_flow.TestEMP011Login" name="test_emp011_login_with_employee_id" time="0.771" /><testcase classname="tests.test_e2e_onboarding_flow.TestEMP011DepartmentAccess" name="test_emp011_user_has_sales_department" time="0.746" /><testcase classname="tests.test_e2e_onboarding_flow.TestEMP011LeadsAccess" name="test_emp011_can_view_leads" time="0.796" /><testcase classname="tests.test_e2e_onboarding_flow.TestEMP011LeadsAccess" name="test_emp011_existing_lead_shows_correct_linkage" time="0.765" /><testcase classname="tests.test_e2e_onboarding_flow.TestEMP011LeadsAccess" name="test_emp011_can_create_new_lead" time="0.762" /><testcase classname="tests.test_e2e_onboarding_flow.TestEmployeeIDLinkageChain" name="test_created_by_links_to_emp011_user" time="1.795" /><testcase classname="tests.test_e2e_onboarding_flow.TestPasswordManagement" name="test_emp011_in_employees_list" time="0.806" /><testcase classname="tests.test_e2e_onboarding_flow.TestPasswordManagement" name="test_emp011_in_users_list_with_correct_employee_id" time="0.794" /><testcase classname="tests.test_e2e_onboarding_flow.TestSalesDepartmentPages" name="test_emp011_can_access_pricing_plans" time="0.740" /><testcase classname="tests.test_e2e_onboarding_flow.TestSalesDepartmentPages" name="test_emp011_can_access_agreements" time="0.783" /><testcase classname="tests.test_e2e_onboarding_flow.TestSalesDepartmentPages" name="test_emp011_can_access_sow_categories" time="0.727" /></testsuite></testsuites>