<?xml version="1.0" encoding="utf-8"?><testsuites name="pytest tests"><testsuite name="pytest" errors="7" failures="12" skipped="0" tests="21" time="12.458" timestamp="2026-02-21T15:32:40.578507+00:00" hostname="agent-env-7c185081-afee-47ee-8144-35fbdbeb5746"><testcase classname="tests.test_sales_funnel_refactor.TestAuth" name="test_admin_login" time="1.211"><failure message="AssertionError: assert 'token' in {'access_token': 'eyJhbGciOiJIUzI1NiIsInR5cCI6IkpXVCJ9.eyJzdWIiOiJhZG1pbkBkdmJjLmNvbSIsImV4cCI6MTc3NDI3OTk2Mn0.4L7nygq5urevXbnNo07kVmm3M-OOkgFBPKIoltYiOI8', 'token_type': 'bearer', 'user': {'created_at': '2026-02-17T14:20:35.625000', 'department': 'Administration', 'designation': None, 'email': 'admin@dvbc.com', ...}}">backend/tests/test_sales_funnel_refactor.py:60: in test_admin_login
    assert "token" in data
E   AssertionError: assert 'token' in {'access_token': 'eyJhbGciOiJIUzI1NiIsInR5cCI6IkpXVCJ9.eyJzdWIiOiJhZG1pbkBkdmJjLmNvbSIsImV4cCI6MTc3NDI3OTk2Mn0.4L7nygq5urevXbnNo07kVmm3M-OOkgFBPKIoltYiOI8', 'token_type': 'bearer', 'user': {'created_at': '2026-02-17T14:20:35.625000', 'department': 'Administration', 'designation': None, 'email': 'admin@dvbc.com', ...}}</failure></testcase><testcase classname="tests.test_sales_funnel_refactor.TestAuth" name="test_manager_login" time="0.948"><failure message="AssertionError: assert 'token' in {'access_token': 'eyJhbGciOiJIUzI1NiIsInR5cCI6IkpXVCJ9.eyJzdWIiOiJkcEBkdmJjLmNvbSIsImV4cCI6MTc3NDI3OTk2M30.gxDk8TEkI0H9iplo0WfeJFCEcsTUOazyKJ1a7qGzn8M', 'token_type': 'bearer', 'user': {'created_at': '2026-02-19T12:10:11.044317Z', 'department': 'Sales', 'designation': 'Sale Manager', 'email': 'dp@dvbc.com', ...}}">backend/tests/test_sales_funnel_refactor.py:72: in test_manager_login
    assert "token" in data
E   AssertionError: assert 'token' in {'access_token': 'eyJhbGciOiJIUzI1NiIsInR5cCI6IkpXVCJ9.eyJzdWIiOiJkcEBkdmJjLmNvbSIsImV4cCI6MTc3NDI3OTk2M30.gxDk8TEkI0H9iplo0WfeJFCEcsTUOazyKJ1a7qGzn8M', 'token_type': 'bearer', 'user': {'created_at': '2026-02-19T12:10:11.044317Z', 'department': 'Sales', 'designation': 'Sale Manager', 'email': 'dp@dvbc.com', ...}}</failure></testcase><testcase classname="tests.test_sales_funnel_refactor.TestSalesTargetsAPI" name="test_get_sales_targets_empty" time="1.275"><failure message="assert 401 == 200&#10; +  where 401 = &lt;Response [401]&gt;.status_code">backend/tests/test_sales_funnel_refactor.py:108: in test_get_sales_targets_empty
    assert response.status_code == 200
E   assert 401 == 200
E    +  where 401 = &lt;Response [401]&gt;.status_code</failure></testcase><testcase classname="tests.test_sales_funnel_refactor.TestSalesTargetsAPI" name="test_get_sales_targets_with_year_filter" time="0.257"><failure message="assert 401 == 200&#10; +  where 401 = &lt;Response [401]&gt;.status_code">backend/tests/test_sales_funnel_refactor.py:116: in test_get_sales_targets_with_year_filter
    assert response.status_code == 200
E   assert 401 == 200
E    +  where 401 = &lt;Response [401]&gt;.status_code</failure></testcase><testcase classname="tests.test_sales_funnel_refactor.TestSalesTargetsAPI" name="test_create_yearly_sales_target" time="0.281"><error message="failed on setup with &quot;assert 401 == 200&#10; +  where 401 = &lt;Response [401]&gt;.status_code&quot;">backend/tests/test_sales_funnel_refactor.py:98: in test_employee_id
    assert response.status_code == 200
E   assert 401 == 200
E    +  where 401 = &lt;Response [401]&gt;.status_code</error></testcase><testcase classname="tests.test_sales_funnel_refactor.TestSalesTargetsAPI" name="test_get_sales_target_by_employee" time="0.001"><error message="failed on setup with &quot;assert 401 == 200&#10; +  where 401 = &lt;Response [401]&gt;.status_code&quot;">backend/tests/test_sales_funnel_refactor.py:98: in test_employee_id
    assert response.status_code == 200
E   assert 401 == 200
E    +  where 401 = &lt;Response [401]&gt;.status_code</error></testcase><testcase classname="tests.test_sales_funnel_refactor.TestSalesTargetsAPI" name="test_update_sales_target" time="0.001"><error message="failed on setup with &quot;assert 401 == 200&#10; +  where 401 = &lt;Response [401]&gt;.status_code&quot;">backend/tests/test_sales_funnel_refactor.py:98: in test_employee_id
    assert response.status_code == 200
E   assert 401 == 200
E    +  where 401 = &lt;Response [401]&gt;.status_code</error></testcase><testcase classname="tests.test_sales_funnel_refactor.TestSalesTargetsAPI" name="test_delete_sales_target" time="0.001"><error message="failed on setup with &quot;assert 401 == 200&#10; +  where 401 = &lt;Response [401]&gt;.status_code&quot;">backend/tests/test_sales_funnel_refactor.py:98: in test_employee_id
    assert response.status_code == 200
E   assert 401 == 200
E    +  where 401 = &lt;Response [401]&gt;.status_code</error></testcase><testcase classname="tests.test_sales_funnel_refactor.TestAgreementESign" name="test_get_agreements" time="1.020"><failure message="assert 401 == 200&#10; +  where 401 = &lt;Response [401]&gt;.status_code">backend/tests/test_sales_funnel_refactor.py:263: in test_get_agreements
    assert response.status_code == 200
E   assert 401 == 200
E    +  where 401 = &lt;Response [401]&gt;.status_code</failure></testcase><testcase classname="tests.test_sales_funnel_refactor.TestAgreementESign" name="test_send_agreement_to_client" time="0.200"><error message="failed on setup with &quot;assert 401 == 200&#10; +  where 401 = &lt;Response [401]&gt;.status_code&quot;">backend/tests/test_sales_funnel_refactor.py:250: in test_agreement_id
    assert response.status_code == 200
E   assert 401 == 200
E    +  where 401 = &lt;Response [401]&gt;.status_code</error></testcase><testcase classname="tests.test_sales_funnel_refactor.TestAgreementESign" name="test_upload_signed_agreement" time="0.005"><error message="failed on setup with &quot;assert 401 == 200&#10; +  where 401 = &lt;Response [401]&gt;.status_code&quot;">backend/tests/test_sales_funnel_refactor.py:250: in test_agreement_id
    assert response.status_code == 200
E   assert 401 == 200
E    +  where 401 = &lt;Response [401]&gt;.status_code</error></testcase><testcase classname="tests.test_sales_funnel_refactor.TestAgreementESign" name="test_get_agreement_full_details" time="0.004"><error message="failed on setup with &quot;assert 401 == 200&#10; +  where 401 = &lt;Response [401]&gt;.status_code&quot;">backend/tests/test_sales_funnel_refactor.py:250: in test_agreement_id
    assert response.status_code == 200
E   assert 401 == 200
E    +  where 401 = &lt;Response [401]&gt;.status_code</error></testcase><testcase classname="tests.test_sales_funnel_refactor.TestKickoffRequests" name="test_get_kickoff_requests" time="1.171"><failure message="assert 401 == 200&#10; +  where 401 = &lt;Response [401]&gt;.status_code">backend/tests/test_sales_funnel_refactor.py:345: in test_get_kickoff_requests
    assert response.status_code == 200
E   assert 401 == 200
E    +  where 401 = &lt;Response [401]&gt;.status_code</failure></testcase><testcase classname="tests.test_sales_funnel_refactor.TestKickoffRequests" name="test_create_kickoff_request" time="0.496"><failure message="AssertionError: Create kickoff failed: {&quot;detail&quot;:&quot;Could not validate credentials&quot;}&#10;assert 401 in [200, 201]&#10; +  where 401 = &lt;Response [401]&gt;.status_code">backend/tests/test_sales_funnel_refactor.py:380: in test_create_kickoff_request
    assert response.status_code in [200, 201], f"Create kickoff failed: {response.text}"
E   AssertionError: Create kickoff failed: {"detail":"Could not validate credentials"}
E   assert 401 in [200, 201]
E    +  where 401 = &lt;Response [401]&gt;.status_code</failure></testcase><testcase classname="tests.test_sales_funnel_refactor.TestKickoffRequests" name="test_approve_kickoff_request" time="0.288" /><testcase classname="tests.test_sales_funnel_refactor.TestManagerDashboard" name="test_manager_subordinate_leads" time="0.946"><failure message="AssertionError: Failed: {&quot;detail&quot;:&quot;Could not validate credentials&quot;}&#10;assert 401 == 200&#10; +  where 401 = &lt;Response [401]&gt;.status_code">backend/tests/test_sales_funnel_refactor.py:427: in test_manager_subordinate_leads
    assert response.status_code == 200, f"Failed: {response.text}"
E   AssertionError: Failed: {"detail":"Could not validate credentials"}
E   assert 401 == 200
E    +  where 401 = &lt;Response [401]&gt;.status_code</failure></testcase><testcase classname="tests.test_sales_funnel_refactor.TestManagerDashboard" name="test_manager_leads_dashboard_access" time="0.242"><failure message="assert 401 == 200&#10; +  where 401 = &lt;Response [401]&gt;.status_code">backend/tests/test_sales_funnel_refactor.py:435: in test_manager_leads_dashboard_access
    assert response.status_code == 200
E   assert 401 == 200
E    +  where 401 = &lt;Response [401]&gt;.status_code</failure></testcase><testcase classname="tests.test_sales_funnel_refactor.TestLeadsAndAgreementsListView" name="test_leads_api" time="0.970"><failure message="assert 401 == 200&#10; +  where 401 = &lt;Response [401]&gt;.status_code">backend/tests/test_sales_funnel_refactor.py:460: in test_leads_api
    assert response.status_code == 200
E   assert 401 == 200
E    +  where 401 = &lt;Response [401]&gt;.status_code</failure></testcase><testcase classname="tests.test_sales_funnel_refactor.TestLeadsAndAgreementsListView" name="test_leads_with_status_filter" time="0.169"><failure message="AssertionError: Failed for status new: {&quot;detail&quot;:&quot;Could not validate credentials&quot;}&#10;assert 401 == 200&#10; +  where 401 = &lt;Response [401]&gt;.status_code">backend/tests/test_sales_funnel_refactor.py:471: in test_leads_with_status_filter
    assert response.status_code == 200, f"Failed for status {status}: {response.text}"
E   AssertionError: Failed for status new: {"detail":"Could not validate credentials"}
E   assert 401 == 200
E    +  where 401 = &lt;Response [401]&gt;.status_code</failure></testcase><testcase classname="tests.test_sales_funnel_refactor.TestLeadsAndAgreementsListView" name="test_agreements_api" time="0.217"><failure message="assert 401 == 200&#10; +  where 401 = &lt;Response [401]&gt;.status_code">backend/tests/test_sales_funnel_refactor.py:478: in test_agreements_api
    assert response.status_code == 200
E   assert 401 == 200
E    +  where 401 = &lt;Response [401]&gt;.status_code</failure></testcase><testcase classname="tests.test_sales_funnel_refactor.TestCleanup" name="test_cleanup_test_data" time="1.297" /></testsuite></testsuites>