<?xml version="1.0" encoding="utf-8"?><testsuites name="pytest tests"><testsuite name="pytest" errors="0" failures="1" skipped="3" tests="18" time="10.005" timestamp="2026-02-23T16:52:15.902335+00:00" hostname="agent-env-52d6bd62-ac5f-44e1-85b6-4654ea8c61b6"><testcase classname="tests.test_rbac_admin.TestRBACAdmin" name="test_health_check" time="0.552" /><testcase classname="tests.test_rbac_admin.TestRBACAdmin" name="test_admin_login" time="2.032" /><testcase classname="tests.test_rbac_admin.TestRBACAdmin" name="test_hr_manager_login" time="0.781"><failure message="AssertionError: HR Manager login failed: {&quot;detail&quot;:&quot;Invalid Employee ID or password&quot;}&#10;assert 401 == 200&#10; +  where 401 = &lt;Response [401]&gt;.status_code">backend/tests/test_rbac_admin.py:90: in test_hr_manager_login
    assert response.status_code == 200, f"HR Manager login failed: {response.text}"
E   AssertionError: HR Manager login failed: {"detail":"Invalid Employee ID or password"}
E   assert 401 == 200
E    +  where 401 = &lt;Response [401]&gt;.status_code</failure></testcase><testcase classname="tests.test_rbac_admin.TestRBACAdmin" name="test_get_all_roles" time="1.036" /><testcase classname="tests.test_rbac_admin.TestRBACAdmin" name="test_roles_have_required_fields" time="0.489" /><testcase classname="tests.test_rbac_admin.TestRBACAdmin" name="test_roles_hr_manager_access" time="0.964"><skipped type="pytest.skip" message="HR Manager login failed: 401 - {&quot;detail&quot;:&quot;Invalid Employee ID or password&quot;}">/app/backend/tests/test_rbac_admin.py:133: HR Manager login failed: 401 - {"detail":"Invalid Employee ID or password"}</skipped></testcase><testcase classname="tests.test_rbac_admin.TestRBACAdmin" name="test_get_all_departments" time="0.291" /><testcase classname="tests.test_rbac_admin.TestRBACAdmin" name="test_departments_have_color" time="0.441" /><testcase classname="tests.test_rbac_admin.TestRBACAdmin" name="test_get_all_role_groups" time="0.306" /><testcase classname="tests.test_rbac_admin.TestRBACAdmin" name="test_role_groups_have_roles" time="0.319" /><testcase classname="tests.test_rbac_admin.TestRBACAdmin" name="test_my_permissions_admin" time="0.251" /><testcase classname="tests.test_rbac_admin.TestRBACAdmin" name="test_my_permissions_hr_manager" time="0.001"><skipped type="pytest.skip" message="HR Manager login failed: 401 - {&quot;detail&quot;:&quot;Invalid Employee ID or password&quot;}">/app/backend/tests/test_rbac_admin.py:245: HR Manager login failed: 401 - {"detail":"Invalid Employee ID or password"}</skipped></testcase><testcase classname="tests.test_rbac_admin.TestRBACAdmin" name="test_refresh_cache_admin" time="0.368" /><testcase classname="tests.test_rbac_admin.TestRBACAdmin" name="test_refresh_cache_hr_forbidden" time="0.001"><skipped type="pytest.skip" message="HR Manager login failed: 401 - {&quot;detail&quot;:&quot;Invalid Employee ID or password&quot;}">/app/backend/tests/test_rbac_admin.py:277: HR Manager login failed: 401 - {"detail":"Invalid Employee ID or password"}</skipped></testcase><testcase classname="tests.test_rbac_admin.TestRBACAdmin" name="test_get_single_role" time="0.308" /><testcase classname="tests.test_rbac_admin.TestRBACAdmin" name="test_get_nonexistent_role" time="0.260" /><testcase classname="tests.test_rbac_admin.TestRBACAdmin" name="test_roles_unauthorized" time="0.222" /><testcase classname="tests.test_rbac_admin.TestRBACAdmin" name="test_departments_unauthorized" time="0.417" /></testsuite></testsuites>