<?xml version="1.0" encoding="utf-8"?><testsuites name="pytest tests"><testsuite name="pytest" errors="0" failures="1" skipped="0" tests="25" time="9.169" timestamp="2026-02-14T12:26:44.376364+00:00" hostname="agent-env-3b6590a4-fe9c-4388-a6ed-c995fc0032c0"><testcase classname="tests.test_phase2_tasks_handover.TestAuth" name="test_admin_login" time="0.598" /><testcase classname="tests.test_phase2_tasks_handover.TestAuth" name="test_manager_login" time="0.423" /><testcase classname="tests.test_phase2_tasks_handover.TestTaskManagement" name="test_create_task_general" time="0.784" /><testcase classname="tests.test_phase2_tasks_handover.TestTaskManagement" name="test_create_task_meeting" time="0.404" /><testcase classname="tests.test_phase2_tasks_handover.TestTaskManagement" name="test_create_task_deliverable" time="0.170" /><testcase classname="tests.test_phase2_tasks_handover.TestTaskManagement" name="test_create_task_review" time="0.136" /><testcase classname="tests.test_phase2_tasks_handover.TestTaskManagement" name="test_create_task_follow_up" time="0.148" /><testcase classname="tests.test_phase2_tasks_handover.TestTaskManagement" name="test_create_task_admin" time="0.120" /><testcase classname="tests.test_phase2_tasks_handover.TestTaskManagement" name="test_create_task_client_communication" time="0.142" /><testcase classname="tests.test_phase2_tasks_handover.TestTaskManagement" name="test_get_tasks_by_project" time="0.134" /><testcase classname="tests.test_phase2_tasks_handover.TestTaskManagement" name="test_update_task_status_in_progress" time="0.275" /><testcase classname="tests.test_phase2_tasks_handover.TestTaskManagement" name="test_update_task_status_completed" time="0.285"><failure message="assert 520 == 200&#10; +  where 520 = &lt;Response [520]&gt;.status_code">tests/test_phase2_tasks_handover.py:250: in test_update_task_status_completed
    assert response.status_code == 200
E   assert 520 == 200
E    +  where 520 = &lt;Response [520]&gt;.status_code</failure></testcase><testcase classname="tests.test_phase2_tasks_handover.TestTaskManagement" name="test_update_task_status_delegated" time="0.265" /><testcase classname="tests.test_phase2_tasks_handover.TestTaskManagement" name="test_update_task_status_own_task" time="0.272" /><testcase classname="tests.test_phase2_tasks_handover.TestTaskManagement" name="test_update_task_status_cancelled" time="0.641" /><testcase classname="tests.test_phase2_tasks_handover.TestTaskManagement" name="test_task_invalid_project" time="0.137" /><testcase classname="tests.test_phase2_tasks_handover.TestTaskManagement" name="test_delete_task" time="0.439" /><testcase classname="tests.test_phase2_tasks_handover.TestTaskManagement" name="test_get_tasks_gantt_endpoint" time="0.134" /><testcase classname="tests.test_phase2_tasks_handover.TestHandoverAlerts" name="test_handover_alerts_manager_access" time="0.592" /><testcase classname="tests.test_phase2_tasks_handover.TestHandoverAlerts" name="test_handover_alerts_admin_access" time="0.961" /><testcase classname="tests.test_phase2_tasks_handover.TestHandoverAlerts" name="test_handover_alerts_structure" time="0.156" /><testcase classname="tests.test_phase2_tasks_handover.TestHandoverAlerts" name="test_handover_alerts_executive_forbidden" time="0.544" /><testcase classname="tests.test_phase2_tasks_handover.TestProjectsPageFeatures" name="test_projects_endpoint" time="0.527" /><testcase classname="tests.test_phase2_tasks_handover.TestProjectsPageFeatures" name="test_consultants_endpoint" time="0.147" /><testcase classname="tests.test_phase2_tasks_handover.TestProjectsPageFeatures" name="test_assign_consultant_to_project" time="0.397" /></testsuite></testsuites>