<?xml version="1.0" encoding="utf-8"?><testsuites name="pytest tests"><testsuite name="pytest" errors="0" failures="0" skipped="0" tests="13" time="12.922" timestamp="2026-02-14T15:09:33.747071+00:00" hostname="agent-env-3b6590a4-fe9c-4388-a6ed-c995fc0032c0"><testcase classname="backend.tests.test_sow_userprofile.TestSOWAPIs" name="test_get_sow_categories" time="0.977" /><testcase classname="backend.tests.test_sow_userprofile.TestSOWAPIs" name="test_create_sow_linked_to_pricing_plan" time="1.374" /><testcase classname="backend.tests.test_sow_userprofile.TestSOWAPIs" name="test_add_sow_item_with_version_tracking" time="1.011" /><testcase classname="backend.tests.test_sow_userprofile.TestSOWAPIs" name="test_get_sow_versions" time="0.952" /><testcase classname="backend.tests.test_sow_userprofile.TestSOWAPIs" name="test_get_sow_at_specific_version" time="1.084" /><testcase classname="backend.tests.test_sow_userprofile.TestSOWAPIs" name="test_get_sow_by_pricing_plan" time="0.939" /><testcase classname="backend.tests.test_sow_userprofile.TestSOWAPIs" name="test_sow_duplicate_prevention" time="1.175" /><testcase classname="backend.tests.test_sow_userprofile.TestUserProfileAPIs" name="test_get_current_user_profile" time="0.555" /><testcase classname="backend.tests.test_sow_userprofile.TestUserProfileAPIs" name="test_update_current_user_profile" time="0.911" /><testcase classname="backend.tests.test_sow_userprofile.TestUserProfileAPIs" name="test_get_current_user_permissions" time="0.514" /><testcase classname="backend.tests.test_sow_userprofile.TestUserProfileAPIs" name="test_executive_permissions_limited" time="0.966" /><testcase classname="backend.tests.test_sow_userprofile.TestUserProfileAPIs" name="test_profile_update_with_duplicate_email_fails" time="1.062" /><testcase classname="backend.tests.test_sow_userprofile.TestAgreementExportWithSOW" name="test_agreement_export_contains_sow_table" time="1.296" /></testsuite></testsuites>