<?xml version="1.0" encoding="utf-8"?><testsuites name="pytest tests"><testsuite name="pytest" errors="0" failures="0" skipped="0" tests="11" time="12.019" timestamp="2026-02-18T15:08:26.384091+00:00" hostname="agent-env-ab671417-a975-4d0f-8395-3f2e741cb752"><testcase classname="tests.test_csv_portal_selfie.TestAuthentication" name="test_admin_login" time="0.853" /><testcase classname="tests.test_csv_portal_selfie.TestAuthentication" name="test_sales_manager_login" time="0.622" /><testcase classname="tests.test_csv_portal_selfie.TestLeadsCRUD" name="test_get_leads" time="0.992" /><testcase classname="tests.test_csv_portal_selfie.TestLeadsCRUD" name="test_create_lead" time="1.005" /><testcase classname="tests.test_csv_portal_selfie.TestLeadsCRUD" name="test_bulk_lead_creation_simulating_csv" time="1.006" /><testcase classname="tests.test_csv_portal_selfie.TestEmployeePortalAccess" name="test_get_employees" time="0.906" /><testcase classname="tests.test_csv_portal_selfie.TestEmployeePortalAccess" name="test_create_employee_and_grant_access" time="1.748" /><testcase classname="tests.test_csv_portal_selfie.TestMobileAppAttendance" name="test_my_attendance_endpoint" time="1.435" /><testcase classname="tests.test_csv_portal_selfie.TestMobileAppAttendance" name="test_checkin_endpoint_exists" time="0.935" /><testcase classname="tests.test_csv_portal_selfie.TestMobileAppAttendance" name="test_checkout_endpoint_exists" time="0.814" /><testcase classname="tests.test_csv_portal_selfie.TestCleanup" name="test_cleanup_test_leads" time="1.515" /></testsuite></testsuites>