<?xml version="1.0" encoding="utf-8"?><testsuites name="pytest tests"><testsuite name="pytest" errors="0" failures="0" skipped="0" tests="14" time="7.504" timestamp="2026-02-19T05:09:49.406809+00:00" hostname="agent-env-37f6a5e7-b6ca-472b-878f-0a16ad901d18"><testcase classname="tests.test_dbac_department_access.TestAuthLogin" name="test_admin_login_success" time="0.597" /><testcase classname="tests.test_dbac_department_access.TestAuthLogin" name="test_hr_manager_login_success" time="0.482" /><testcase classname="tests.test_dbac_department_access.TestAuthLogin" name="test_sales_manager_login_success" time="0.521" /><testcase classname="tests.test_dbac_department_access.TestAuthLogin" name="test_consultant_login_success" time="0.466" /><testcase classname="tests.test_dbac_department_access.TestAuthLogin" name="test_invalid_credentials_rejected" time="0.132" /><testcase classname="tests.test_dbac_department_access.TestDepartmentAccessAPI" name="test_get_departments_list" time="0.622" /><testcase classname="tests.test_dbac_department_access.TestDepartmentAccessAPI" name="test_admin_my_access_returns_full_access" time="0.633" /><testcase classname="tests.test_dbac_department_access.TestDepartmentAccessAPI" name="test_hr_manager_my_access_returns_hr_department" time="0.671" /><testcase classname="tests.test_dbac_department_access.TestDepartmentAccessAPI" name="test_sales_manager_my_access_returns_sales_department" time="0.627" /><testcase classname="tests.test_dbac_department_access.TestDepartmentAccessAPI" name="test_consultant_my_access_returns_restricted_view" time="0.627" /><testcase classname="tests.test_dbac_department_access.TestDepartmentAccessAPI" name="test_unauthenticated_access_rejected" time="0.128" /><testcase classname="tests.test_dbac_department_access.TestPermissionConfigDepartments" name="test_get_departments_config" time="0.621" /><testcase classname="tests.test_dbac_department_access.TestPermissionConfigDepartments" name="test_create_new_department" time="0.615" /><testcase classname="tests.test_dbac_department_access.TestDepartmentAccessStats" name="test_get_department_stats" time="0.620" /></testsuite></testsuites>