<?xml version="1.0" encoding="utf-8"?><testsuites name="pytest tests"><testsuite name="pytest" errors="0" failures="0" skipped="0" tests="23" time="24.174" timestamp="2026-03-26T08:52:27.755593+00:00" hostname="agent-env-11d3b5fc-36d7-41ee-a03d-476bb13e10f4"><testcase classname="tests.test_p1_features_regularize_expenses_filters.TestAuthentication" name="test_admin_login" time="14.483" /><testcase classname="tests.test_p1_features_regularize_expenses_filters.TestAuthentication" name="test_sales_login" time="0.645" /><testcase classname="tests.test_p1_features_regularize_expenses_filters.TestAttendanceAdminList" name="test_admin_list_endpoint_exists" time="0.712" /><testcase classname="tests.test_p1_features_regularize_expenses_filters.TestAttendanceAdminList" name="test_admin_list_returns_enriched_employee_names" time="0.164" /><testcase classname="tests.test_p1_features_regularize_expenses_filters.TestAttendanceAdminList" name="test_admin_list_summary_fields" time="0.148" /><testcase classname="tests.test_p1_features_regularize_expenses_filters.TestAttendanceAdminList" name="test_admin_list_filter_by_status" time="0.152" /><testcase classname="tests.test_p1_features_regularize_expenses_filters.TestAttendanceAdminList" name="test_admin_list_filter_by_location" time="0.143" /><testcase classname="tests.test_p1_features_regularize_expenses_filters.TestAttendanceAdminList" name="test_admin_list_forbidden_for_non_hr" time="0.611" /><testcase classname="tests.test_p1_features_regularize_expenses_filters.TestAttendanceRegularize" name="test_regularize_endpoint_exists" time="0.732" /><testcase classname="tests.test_p1_features_regularize_expenses_filters.TestAttendanceRegularize" name="test_regularize_with_full_data" time="0.144" /><testcase classname="tests.test_p1_features_regularize_expenses_filters.TestAttendanceRegularize" name="test_regularize_forbidden_for_non_hr" time="0.639" /><testcase classname="tests.test_p1_features_regularize_expenses_filters.TestAttendanceRegularize" name="test_regularize_recalculates_hours" time="0.416" /><testcase classname="tests.test_p1_features_regularize_expenses_filters.TestExpenseDetailWithMeetingContext" name="test_expense_detail_endpoint" time="0.864" /><testcase classname="tests.test_p1_features_regularize_expenses_filters.TestExpenseDetailWithMeetingContext" name="test_expense_detail_includes_meeting_context_fields" time="0.219" /><testcase classname="tests.test_p1_features_regularize_expenses_filters.TestExpenseDetailWithMeetingContext" name="test_expense_detail_includes_travel_context_fields" time="0.157" /><testcase classname="tests.test_p1_features_regularize_expenses_filters.TestExpenseStatusTabs" name="test_get_all_expenses" time="0.896" /><testcase classname="tests.test_p1_features_regularize_expenses_filters.TestExpenseStatusTabs" name="test_filter_expenses_by_status_draft" time="0.182" /><testcase classname="tests.test_p1_features_regularize_expenses_filters.TestExpenseStatusTabs" name="test_filter_expenses_by_status_pending" time="0.170" /><testcase classname="tests.test_p1_features_regularize_expenses_filters.TestExpenseStatusTabs" name="test_filter_expenses_by_status_approved" time="0.171" /><testcase classname="tests.test_p1_features_regularize_expenses_filters.TestExpenseStatusTabs" name="test_filter_expenses_by_status_rejected" time="0.197" /><testcase classname="tests.test_p1_features_regularize_expenses_filters.TestExpenseStatusTabs" name="test_filter_expenses_by_status_revision_required" time="0.189" /><testcase classname="tests.test_p1_features_regularize_expenses_filters.TestExpenseStatusTabs" name="test_filter_expenses_by_category" time="0.168" /><testcase classname="tests.test_p1_features_regularize_expenses_filters.TestExpensePendingApprovals" name="test_pending_approvals_endpoint" time="1.424" /></testsuite></testsuites>