<?xml version="1.0" encoding="utf-8"?><testsuites name="pytest tests"><testsuite name="pytest" errors="0" failures="1" skipped="0" tests="24" time="23.397" timestamp="2026-02-18T15:42:27.068980+00:00" hostname="agent-env-e99a9637-65d9-41bd-928b-5680b17a74f5"><testcase classname="tests.test_role_management_levels.TestEmployeeLevels" name="test_get_levels_returns_three_levels" time="0.737" /><testcase classname="tests.test_role_management_levels.TestEmployeeLevels" name="test_levels_have_required_fields" time="0.770" /><testcase classname="tests.test_role_management_levels.TestEmployeeLevels" name="test_levels_requires_authentication" time="0.143" /><testcase classname="tests.test_role_management_levels.TestLevelPermissions" name="test_get_level_permissions_returns_all_levels" time="0.774" /><testcase classname="tests.test_role_management_levels.TestLevelPermissions" name="test_permissions_have_all_keys" time="0.719" /><testcase classname="tests.test_role_management_levels.TestLevelPermissions" name="test_executive_has_basic_permissions" time="0.936"><failure message="assert False == True">backend/tests/test_role_management_levels.py:157: in test_executive_has_basic_permissions
    assert exec_perms["can_view_own_data"] == True
E   assert False == True</failure></testcase><testcase classname="tests.test_role_management_levels.TestLevelPermissions" name="test_leader_has_full_permissions" time="0.849" /><testcase classname="tests.test_role_management_levels.TestLevelPermissions" name="test_admin_can_update_level_permissions" time="1.287" /><testcase classname="tests.test_role_management_levels.TestLevelPermissions" name="test_hr_cannot_update_permissions" time="0.820" /><testcase classname="tests.test_role_management_levels.TestLevelPermissions" name="test_invalid_level_returns_error" time="0.986" /><testcase classname="tests.test_role_management_levels.TestRoleRequests" name="test_hr_can_create_role_request" time="1.049" /><testcase classname="tests.test_role_management_levels.TestRoleRequests" name="test_admin_sees_pending_requests" time="3.173" /><testcase classname="tests.test_role_management_levels.TestRoleRequests" name="test_admin_can_approve_request" time="1.998" /><testcase classname="tests.test_role_management_levels.TestRoleRequests" name="test_admin_can_reject_request" time="1.794" /><testcase classname="tests.test_role_management_levels.TestRoleRequests" name="test_hr_cannot_approve_requests" time="0.709" /><testcase classname="tests.test_role_management_levels.TestRoleRequests" name="test_duplicate_role_request_fails" time="1.042" /><testcase classname="tests.test_role_management_levels.TestAssignmentRequests" name="test_admin_cannot_create_assignment_request" time="0.693" /><testcase classname="tests.test_role_management_levels.TestAssignmentRequests" name="test_assignment_request_validates_employee" time="0.875" /><testcase classname="tests.test_role_management_levels.TestAssignmentRequests" name="test_assignment_request_validates_level" time="0.719" /><testcase classname="tests.test_role_management_levels.TestRoleManagementStats" name="test_admin_can_get_stats" time="0.736" /><testcase classname="tests.test_role_management_levels.TestRoleManagementStats" name="test_stats_has_request_counts" time="0.744" /><testcase classname="tests.test_role_management_levels.TestRoleManagementStats" name="test_stats_has_level_counts" time="0.685" /><testcase classname="tests.test_role_management_levels.TestRoleManagementStats" name="test_hr_can_access_stats" time="0.686" /><testcase classname="tests.test_role_management_levels.TestRoleManagementStats" name="test_stats_requires_auth" time="0.173" /></testsuite></testsuites>