<?xml version="1.0" encoding="utf-8"?><testsuites name="pytest tests"><testsuite name="pytest" errors="0" failures="0" skipped="0" tests="8" time="8.090" timestamp="2026-02-15T13:45:25.972619+00:00" hostname="agent-env-cc4982f4-e34d-4ab0-8e6c-cfaafd96bae8"><testcase classname="tests.test_conveyance_lumpsum.TestConveyanceLumpsumFeature" name="test_backend_accepts_conveyance_lumpsum_field" time="1.080" /><testcase classname="tests.test_conveyance_lumpsum.TestConveyanceLumpsumFeature" name="test_conveyance_distributed_evenly_monthly" time="0.934" /><testcase classname="tests.test_conveyance_lumpsum.TestConveyanceLumpsumFeature" name="test_net_receivable_includes_conveyance" time="0.947" /><testcase classname="tests.test_conveyance_lumpsum.TestConveyanceLumpsumFeature" name="test_total_conveyance_equals_lumpsum" time="0.864" /><testcase classname="tests.test_conveyance_lumpsum.TestConveyanceLumpsumFeature" name="test_quarterly_payment_with_conveyance_lumpsum" time="1.139" /><testcase classname="tests.test_conveyance_lumpsum.TestConveyanceLumpsumFeature" name="test_conveyance_lumpsum_zero_when_not_selected" time="1.018" /><testcase classname="tests.test_conveyance_lumpsum.TestConveyanceLumpsumFeature" name="test_gst_tds_still_work_correctly" time="0.883" /><testcase classname="tests.test_conveyance_lumpsum.TestConveyanceLumpsumPersistence" name="test_conveyance_lumpsum_persisted_and_retrieved" time="0.974" /></testsuite></testsuites>