<?xml version="1.0" encoding="utf-8"?><testsuites name="pytest tests"><testsuite name="pytest" errors="0" failures="2" skipped="0" tests="24" time="7.820" timestamp="2026-03-24T17:56:25.727792+00:00" hostname="agent-env-ae18ca21-580c-4883-8ce5-61ebc41a86b4"><testcase classname="tests.test_my_day_sorting.TestMyDaySummaryAPI" name="test_my_day_summary_returns_200" time="3.899" /><testcase classname="tests.test_my_day_sorting.TestMyDaySummaryAPI" name="test_my_day_summary_has_greeting" time="0.179" /><testcase classname="tests.test_my_day_sorting.TestMyDaySummaryAPI" name="test_my_day_summary_has_attendance" time="0.369" /><testcase classname="tests.test_my_day_sorting.TestMyDaySummaryAPI" name="test_my_day_summary_has_today_meetings" time="0.227" /><testcase classname="tests.test_my_day_sorting.TestMyDaySummaryAPI" name="test_my_day_summary_has_action_required" time="0.145" /><testcase classname="tests.test_my_day_sorting.TestMyDaySummaryAPI" name="test_my_day_summary_has_weekly_progress" time="0.240" /><testcase classname="tests.test_my_day_sorting.TestMyDaySummaryAPI" name="test_my_day_summary_requires_auth" time="0.189" /><testcase classname="tests.test_my_day_sorting.TestMeetingsSorting" name="test_meetings_endpoint_returns_200" time="0.551" /><testcase classname="tests.test_my_day_sorting.TestMeetingsSorting" name="test_consulting_meetings_endpoint_returns_200" time="0.210" /><testcase classname="tests.test_my_day_sorting.TestMeetingsSorting" name="test_meetings_have_date_field" time="0.213" /><testcase classname="tests.test_my_day_sorting.TestNotificationsSorting" name="test_notifications_endpoint_returns_200" time="0.160" /><testcase classname="tests.test_my_day_sorting.TestNotificationsSorting" name="test_notifications_have_created_at" time="0.157" /><testcase classname="tests.test_my_day_sorting.TestInvoicesSorting" name="test_invoices_endpoint_returns_200" time="0.160"><failure message="assert 404 == 200&#10; +  where 404 = &lt;Response [404]&gt;.status_code">backend/tests/test_my_day_sorting.py:163: in test_invoices_endpoint_returns_200
    assert response.status_code == 200
E   assert 404 == 200
E    +  where 404 = &lt;Response [404]&gt;.status_code</failure></testcase><testcase classname="tests.test_my_day_sorting.TestInvoicesSorting" name="test_invoices_have_created_at" time="0.164"><failure message="assert 404 == 200&#10; +  where 404 = &lt;Response [404]&gt;.status_code">backend/tests/test_my_day_sorting.py:168: in test_invoices_have_created_at
    assert response.status_code == 200
E   assert 404 == 200
E    +  where 404 = &lt;Response [404]&gt;.status_code</failure></testcase><testcase classname="tests.test_my_day_sorting.TestLeaveRequestsSorting" name="test_leave_requests_endpoint_returns_200" time="0.162" /><testcase classname="tests.test_my_day_sorting.TestLeaveRequestsSorting" name="test_leave_requests_all_endpoint_returns_200" time="0.135" /><testcase classname="tests.test_my_day_sorting.TestLeaveRequestsSorting" name="test_leave_requests_have_created_at" time="0.289" /><testcase classname="tests.test_my_day_sorting.TestSortUtilsIntegration" name="test_meetings_page_imports_sort_utils" time="0.001" /><testcase classname="tests.test_my_day_sorting.TestSortUtilsIntegration" name="test_notifications_page_imports_sort_utils" time="0.001" /><testcase classname="tests.test_my_day_sorting.TestSortUtilsIntegration" name="test_invoices_page_imports_sort_utils" time="0.001" /><testcase classname="tests.test_my_day_sorting.TestSortUtilsIntegration" name="test_leave_management_page_imports_sort_utils" time="0.001" /><testcase classname="tests.test_my_day_sorting.TestSortUtilsIntegration" name="test_consulting_meetings_has_my_day_bar" time="0.001" /><testcase classname="tests.test_my_day_sorting.TestSortUtilsIntegration" name="test_my_day_bar_has_navigation_handlers" time="0.001" /><testcase classname="tests.test_my_day_sorting.TestSortUtilsIntegration" name="test_my_day_bar_has_done_badge" time="0.001" /></testsuite></testsuites>