<?xml version="1.0" encoding="utf-8"?><testsuites name="pytest tests"><testsuite name="pytest" errors="0" failures="0" skipped="1" tests="10" time="10.197" timestamp="2026-02-16T22:32:08.218787+00:00" hostname="agent-env-869e3a79-a289-4731-b81c-1f0c89be995e"><testcase classname="tests.test_self_checkin.TestSelfCheckIn" name="test_my_attendance_endpoint_exists" time="1.107" /><testcase classname="tests.test_self_checkin.TestSelfCheckIn" name="test_self_checkin_in_office" time="1.023"><skipped type="pytest.skip" message="Already checked in for test date">/app/backend/tests/test_self_checkin.py:106: Already checked in for test date</skipped></testcase><testcase classname="tests.test_self_checkin.TestSelfCheckIn" name="test_self_checkin_onsite" time="0.799" /><testcase classname="tests.test_self_checkin.TestSelfCheckIn" name="test_self_checkin_wfh" time="1.134" /><testcase classname="tests.test_self_checkin.TestSelfCheckIn" name="test_duplicate_checkin_prevented" time="1.830" /><testcase classname="tests.test_self_checkin.TestSelfCheckIn" name="test_checkin_without_location" time="0.760" /><testcase classname="tests.test_self_checkin.TestSelfCheckIn" name="test_invalid_work_location_rejected" time="0.885" /><testcase classname="tests.test_self_checkin.TestSelfCheckIn" name="test_attendance_record_has_geo_location" time="0.679" /><testcase classname="tests.test_self_checkin.TestSelfCheckIn" name="test_today_checkin_status_check" time="0.786" /><testcase classname="tests.test_self_checkin.TestSelfCheckInDataPersistence" name="test_create_and_verify_checkin" time="0.909" /></testsuite></testsuites>