<?xml version="1.0" encoding="utf-8"?><testsuites name="pytest tests"><testsuite name="pytest" errors="0" failures="0" skipped="0" tests="13" time="10.168" timestamp="2026-02-15T06:29:37.789968+00:00" hostname="agent-env-d8465b21-f854-4222-8c5f-e7c3b7584bf5"><testcase classname="backend.tests.test_notifications.TestNotificationsAPI" name="test_get_notifications" time="1.095" /><testcase classname="backend.tests.test_notifications.TestNotificationsAPI" name="test_get_unread_count" time="0.669" /><testcase classname="backend.tests.test_notifications.TestNotificationsAPI" name="test_mark_notification_read" time="1.269" /><testcase classname="backend.tests.test_notifications.TestNotificationsAPI" name="test_mark_all_notifications_read" time="0.956" /><testcase classname="backend.tests.test_notifications.TestNotificationsAPI" name="test_notification_color_coding_types" time="0.865" /><testcase classname="backend.tests.test_notifications.TestNonAdminNotifications" name="test_manager_can_see_notifications_bell" time="0.832" /><testcase classname="backend.tests.test_notifications.TestNonAdminNotifications" name="test_manager_unread_count" time="0.807" /><testcase classname="backend.tests.test_notifications.TestAdminDashboardLoginActivity" name="test_security_audit_logs_endpoint" time="0.960" /><testcase classname="backend.tests.test_notifications.TestAdminDashboardLoginActivity" name="test_dashboard_stats_endpoint" time="0.637" /><testcase classname="backend.tests.test_notifications.TestAdminPasswordLogin" name="test_admin_password_login_success" time="0.679" /><testcase classname="backend.tests.test_notifications.TestAdminPasswordLogin" name="test_admin_wrong_password_login_failure" time="0.685" /><testcase classname="backend.tests.test_notifications.TestUnauthenticatedAccess" name="test_notifications_requires_auth" time="0.172" /><testcase classname="backend.tests.test_notifications.TestUnauthenticatedAccess" name="test_unread_count_requires_auth" time="0.159" /></testsuite></testsuites>