<?xml version="1.0" encoding="utf-8"?><testsuites name="pytest tests"><testsuite name="pytest" errors="0" failures="0" skipped="0" tests="15" time="19.446" timestamp="2026-03-12T05:58:35.420870+00:00" hostname="agent-env-6e17ea0e-2ed3-4f6b-9c44-d77ff2751caa"><testcase classname="tests.test_portal_access_management.TestPortalAccessManagementEndpoints" name="test_admin_login_success" time="1.059" /><testcase classname="tests.test_portal_access_management.TestPortalAccessManagementEndpoints" name="test_hr_manager_login_success" time="0.551" /><testcase classname="tests.test_portal_access_management.TestPortalAccessManagementEndpoints" name="test_get_employees_list" time="0.075" /><testcase classname="tests.test_portal_access_management.TestPortalAccessManagementEndpoints" name="test_lookup_employee_dvbc004" time="0.070" /><testcase classname="tests.test_portal_access_management.TestGeneratePortalAccess" name="test_generate_portal_access_not_found" time="0.064" /><testcase classname="tests.test_portal_access_management.TestGeneratePortalAccess" name="test_generate_portal_access_employee_already_has_access" time="0.112" /><testcase classname="tests.test_portal_access_management.TestGeneratePortalAccess" name="test_generate_portal_access_authorization_required" time="0.132" /><testcase classname="tests.test_portal_access_management.TestResetPassword" name="test_reset_password_not_found" time="0.057" /><testcase classname="tests.test_portal_access_management.TestResetPassword" name="test_reset_password_employee_without_portal_access" time="0.120" /><testcase classname="tests.test_portal_access_management.TestResetPassword" name="test_reset_password_success" time="6.471" /><testcase classname="tests.test_portal_access_management.TestResetPassword" name="test_reset_password_by_hr_manager" time="4.717" /><testcase classname="tests.test_portal_access_management.TestResetPassword" name="test_reset_password_authorization_required" time="0.171" /><testcase classname="tests.test_portal_access_management.TestGoLiveChecklistUpdates" name="test_checklist_shows_portal_access_status" time="0.118" /><testcase classname="tests.test_portal_access_management.TestResponseStructure" name="test_reset_password_response_structure" time="5.414" /><testcase classname="tests.test_portal_access_management.TestPortalAccessForActiveEmployees" name="test_find_active_employee_without_user" time="0.074" /></testsuite></testsuites>