<?xml version="1.0" encoding="utf-8"?><testsuites name="pytest tests"><testsuite name="pytest" errors="0" failures="0" skipped="0" tests="14" time="7.004" timestamp="2026-02-27T19:13:51.748668+00:00" hostname="agent-env-a6a863f3-bbee-41b2-9fa9-93d922547de6"><testcase classname="tests.test_employee_workflows.TestPendingRequestsAPI" name="test_pending_requests_admin_access" time="1.461" /><testcase classname="tests.test_employee_workflows.TestPendingRequestsAPI" name="test_pending_requests_hr_forbidden" time="0.858" /><testcase classname="tests.test_employee_workflows.TestCreateTransferRequest" name="test_transfer_request_creates_workflow" time="0.344" /><testcase classname="tests.test_employee_workflows.TestCreatePromotionRequest" name="test_promotion_request_creates_workflow" time="0.280" /><testcase classname="tests.test_employee_workflows.TestCreateCTCRevisionRequest" name="test_ctc_revision_request_creates_workflow" time="0.220" /><testcase classname="tests.test_employee_workflows.TestCreateHierarchyChangeRequest" name="test_hierarchy_change_request_creates_workflow" time="0.255" /><testcase classname="tests.test_employee_workflows.TestApproveRequest" name="test_approve_workflow_request" time="0.729" /><testcase classname="tests.test_employee_workflows.TestRejectRequest" name="test_reject_workflow_request" time="0.441" /><testcase classname="tests.test_employee_workflows.TestRejectWithoutReason" name="test_reject_requires_reason" time="0.524" /><testcase classname="tests.test_employee_workflows.TestHRCannotApprove" name="test_hr_cannot_approve" time="0.802" /><testcase classname="tests.test_employee_workflows.TestHRCannotReject" name="test_hr_cannot_reject" time="0.128" /><testcase classname="tests.test_employee_workflows.TestFieldPermissionsAPI" name="test_field_permissions_returns_locked_fields" time="0.141" /><testcase classname="tests.test_employee_workflows.TestGetEmployeesForWorkflow" name="test_employees_all_returns_list" time="0.176" /><testcase classname="tests.test_employee_workflows.TestGetDepartmentsList" name="test_departments_list_returns_array" time="0.141" /></testsuite></testsuites>