<?xml version="1.0" encoding="utf-8"?><testsuites name="pytest tests"><testsuite name="pytest" errors="0" failures="0" skipped="0" tests="17" time="11.749" timestamp="2026-03-24T19:29:31.339124+00:00" hostname="agent-env-5f968d85-ccf3-48a7-95d8-7315c15f486c"><testcase classname="tests.test_p0_governance_fixes.TestApprovalsMyEndpoint" name="test_approvals_my_endpoint_exists" time="0.283" /><testcase classname="tests.test_p0_governance_fixes.TestApprovalsMyEndpoint" name="test_approvals_my_returns_correct_structure" time="0.575" /><testcase classname="tests.test_p0_governance_fixes.TestApprovalsMyEndpoint" name="test_approvals_my_with_hr_user" time="0.590" /><testcase classname="tests.test_p0_governance_fixes.TestApprovalsMyEndpoint" name="test_approvals_my_with_sales_user" time="0.555" /><testcase classname="tests.test_p0_governance_fixes.TestPayrollMyEndpoint" name="test_payroll_my_endpoint_exists" time="0.321" /><testcase classname="tests.test_p0_governance_fixes.TestPayrollMyEndpoint" name="test_payroll_my_returns_correct_structure" time="0.629" /><testcase classname="tests.test_p0_governance_fixes.TestPayrollMyEndpoint" name="test_payroll_my_with_month_filter" time="0.627" /><testcase classname="tests.test_p0_governance_fixes.TestPayrollMyEndpoint" name="test_payroll_my_with_hr_user" time="0.549" /><testcase classname="tests.test_p0_governance_fixes.TestProjectBudgetValidation" name="test_project_creation_fails_without_budget" time="0.528" /><testcase classname="tests.test_p0_governance_fixes.TestProjectBudgetValidation" name="test_project_creation_fails_with_zero_budget" time="0.673" /><testcase classname="tests.test_p0_governance_fixes.TestProjectBudgetValidation" name="test_project_creation_fails_with_negative_budget" time="0.597" /><testcase classname="tests.test_p0_governance_fixes.TestProjectBudgetValidation" name="test_project_creation_succeeds_with_positive_budget" time="0.841" /><testcase classname="tests.test_p0_governance_fixes.TestExpenseReceiptValidation" name="test_expense_approval_fails_without_receipt_for_large_expense" time="0.934" /><testcase classname="tests.test_p0_governance_fixes.TestExpenseReceiptValidation" name="test_expense_below_threshold_can_be_submitted_without_receipt" time="1.651" /><testcase classname="tests.test_p0_governance_fixes.TestAnalyticsExceptionHandling" name="test_analytics_funnel_summary_handles_errors_gracefully" time="0.782" /><testcase classname="tests.test_p0_governance_fixes.TestAnalyticsExceptionHandling" name="test_analytics_bottleneck_handles_errors_gracefully" time="0.592" /><testcase classname="tests.test_p0_governance_fixes.TestAnalyticsExceptionHandling" name="test_analytics_velocity_handles_errors_gracefully" time="0.607" /></testsuite></testsuites>