<?xml version="1.0" encoding="utf-8"?><testsuites name="pytest tests"><testsuite name="pytest" errors="0" failures="0" skipped="0" tests="12" time="2.981" timestamp="2026-02-19T15:35:39.822338+00:00" hostname="agent-env-357cb834-742c-4532-a403-e49c83b9569e"><testcase classname="tests.test_hr_bank_approval_workflow.TestHRBankVerifyEndpoint" name="test_01_hr_manager_can_call_bank_verify" time="0.899" /><testcase classname="tests.test_hr_bank_approval_workflow.TestHRBankVerifyEndpoint" name="test_02_admin_can_also_verify_bank" time="0.665" /><testcase classname="tests.test_hr_bank_approval_workflow.TestHRBankChangeApprovalWorkflow" name="test_03_hr_sees_bank_change_requests" time="0.061" /><testcase classname="tests.test_hr_bank_approval_workflow.TestHRBankChangeApprovalWorkflow" name="test_04_admin_sees_no_pending_bank_requests" time="0.063" /><testcase classname="tests.test_hr_bank_approval_workflow.TestAdminStillHasCTCAndGoLive" name="test_05_admin_has_ctc_approvals" time="0.065" /><testcase classname="tests.test_hr_bank_approval_workflow.TestAdminStillHasCTCAndGoLive" name="test_06_admin_has_go_live_approvals" time="0.063" /><testcase classname="tests.test_hr_bank_approval_workflow.TestAdminStillHasCTCAndGoLive" name="test_07_admin_has_permission_change_approvals" time="0.078" /><testcase classname="tests.test_hr_bank_approval_workflow.TestBankVerifyRoleRestriction" name="test_08_hr_executive_cannot_verify_bank" time="0.485" /><testcase classname="tests.test_hr_bank_approval_workflow.TestGoLiveDashboardBankVerify" name="test_09_go_live_checklist_returns_bank_info" time="0.194" /><testcase classname="tests.test_hr_bank_approval_workflow.TestHRApprovalDirectlyUpdatesEmployee" name="test_10_verify_hr_approval_endpoint_behavior" time="0.123" /><testcase classname="tests.test_hr_bank_approval_workflow.TestApprovalsCenterAccess" name="test_11_approvals_pending_endpoint" time="0.072" /><testcase classname="tests.test_hr_bank_approval_workflow.TestApprovalsCenterAccess" name="test_12_approvals_my_requests_endpoint" time="0.080" /></testsuite></testsuites>