<?xml version="1.0" encoding="utf-8"?><testsuites name="pytest tests"><testsuite name="pytest" errors="0" failures="0" skipped="0" tests="11" time="10.582" timestamp="2026-02-16T22:22:15.596696+00:00" hostname="agent-env-869e3a79-a289-4731-b81c-1f0c89be995e"><testcase classname="tests.test_performance_dashboard.TestAttendanceAnalyticsAPI" name="test_analytics_returns_data_structure" time="1.436" /><testcase classname="tests.test_performance_dashboard.TestAttendanceAnalyticsAPI" name="test_analytics_hr_manager_access" time="1.492" /><testcase classname="tests.test_performance_dashboard.TestAttendanceAnalyticsAPI" name="test_analytics_leave_patterns_structure" time="0.756" /><testcase classname="tests.test_performance_dashboard.TestAttendanceAnalyticsAPI" name="test_analytics_department_stats" time="1.100" /><testcase classname="tests.test_performance_dashboard.TestAttendanceAPI" name="test_attendance_summary_endpoint" time="0.506" /><testcase classname="tests.test_performance_dashboard.TestAttendanceAPI" name="test_attendance_list_endpoint" time="0.603" /><testcase classname="tests.test_performance_dashboard.TestAttendanceAPI" name="test_create_attendance_with_work_location" time="2.475" /><testcase classname="tests.test_performance_dashboard.TestAttendanceAPI" name="test_work_location_in_response" time="0.317" /><testcase classname="tests.test_performance_dashboard.TestConsultantsEndpointForDashboard" name="test_consultants_endpoint_admin" time="0.680" /><testcase classname="tests.test_performance_dashboard.TestConsultantsEndpointForDashboard" name="test_projects_endpoint" time="0.491" /><testcase classname="tests.test_performance_dashboard.TestHRFinancialDataHidden" name="test_hr_analytics_no_revenue" time="0.492" /></testsuite></testsuites>