<?xml version="1.0" encoding="utf-8"?><testsuites name="pytest tests"><testsuite name="pytest" errors="0" failures="0" skipped="0" tests="15" time="27.676" timestamp="2026-03-26T08:19:16.812366+00:00" hostname="agent-env-11d3b5fc-36d7-41ee-a03d-476bb13e10f4"><testcase classname="tests.test_leads_pause_resume_export_team.TestLeadsPauseResumeExportTeam" name="test_team_members_endpoint_exists" time="7.647" /><testcase classname="tests.test_leads_pause_resume_export_team.TestLeadsPauseResumeExportTeam" name="test_team_members_returns_assignable_users" time="1.117" /><testcase classname="tests.test_leads_pause_resume_export_team.TestLeadsPauseResumeExportTeam" name="test_team_members_accessible_by_sales_role" time="0.925" /><testcase classname="tests.test_leads_pause_resume_export_team.TestLeadsPauseResumeExportTeam" name="test_team_members_requires_auth" time="0.910" /><testcase classname="tests.test_leads_pause_resume_export_team.TestLeadsPauseResumeExportTeam" name="test_pause_lead_endpoint_exists" time="1.283" /><testcase classname="tests.test_leads_pause_resume_export_team.TestLeadsPauseResumeExportTeam" name="test_pause_already_paused_lead_returns_400" time="1.442" /><testcase classname="tests.test_leads_pause_resume_export_team.TestLeadsPauseResumeExportTeam" name="test_resume_lead_endpoint_exists" time="1.561" /><testcase classname="tests.test_leads_pause_resume_export_team.TestLeadsPauseResumeExportTeam" name="test_resume_non_paused_lead_returns_400" time="1.237" /><testcase classname="tests.test_leads_pause_resume_export_team.TestLeadsPauseResumeExportTeam" name="test_resume_restores_previous_status" time="1.529" /><testcase classname="tests.test_leads_pause_resume_export_team.TestLeadsPauseResumeExportTeam" name="test_export_csv_endpoint_exists" time="1.164" /><testcase classname="tests.test_leads_pause_resume_export_team.TestLeadsPauseResumeExportTeam" name="test_export_csv_has_proper_headers" time="1.893" /><testcase classname="tests.test_leads_pause_resume_export_team.TestLeadsPauseResumeExportTeam" name="test_export_csv_has_data_rows" time="1.372" /><testcase classname="tests.test_leads_pause_resume_export_team.TestLeadsPauseResumeExportTeam" name="test_pause_requires_auth" time="1.459" /><testcase classname="tests.test_leads_pause_resume_export_team.TestLeadsPauseResumeExportTeam" name="test_resume_requires_auth" time="1.663" /><testcase classname="tests.test_leads_pause_resume_export_team.TestLeadsPauseResumeExportTeam" name="test_export_csv_requires_auth" time="2.298" /></testsuite></testsuites>