<?xml version="1.0" encoding="utf-8"?><testsuites name="pytest tests"><testsuite name="pytest" errors="0" failures="1" skipped="0" tests="14" time="7.618" timestamp="2026-02-19T05:09:14.372809+00:00" hostname="agent-env-37f6a5e7-b6ca-472b-878f-0a16ad901d18"><testcase classname="tests.test_dbac_department_access.TestAuthLogin" name="test_admin_login_success" time="0.584" /><testcase classname="tests.test_dbac_department_access.TestAuthLogin" name="test_hr_manager_login_success" time="0.471" /><testcase classname="tests.test_dbac_department_access.TestAuthLogin" name="test_sales_manager_login_success" time="0.487" /><testcase classname="tests.test_dbac_department_access.TestAuthLogin" name="test_consultant_login_success" time="0.479" /><testcase classname="tests.test_dbac_department_access.TestAuthLogin" name="test_invalid_credentials_rejected" time="0.155" /><testcase classname="tests.test_dbac_department_access.TestDepartmentAccessAPI" name="test_get_departments_list" time="0.640"><failure message="AssertionError: Missing department: Sales&#10;assert 'Sales' in {'TEST_Marketing': {'code': 'TEST_MKT', 'color': '#EC4899', 'created_at': '2026-02-19T05:08:44.285021+00:00', 'created_by': '48588b92-8856-4e3a-aa6c-b9e493442761', ...}}">tests/test_dbac_department_access.py:132: in test_get_departments_list
    assert dept in departments, f"Missing department: {dept}"
E   AssertionError: Missing department: Sales
E   assert 'Sales' in {'TEST_Marketing': {'code': 'TEST_MKT', 'color': '#EC4899', 'created_at': '2026-02-19T05:08:44.285021+00:00', 'created_by': '48588b92-8856-4e3a-aa6c-b9e493442761', ...}}</failure></testcase><testcase classname="tests.test_dbac_department_access.TestDepartmentAccessAPI" name="test_admin_my_access_returns_full_access" time="0.628" /><testcase classname="tests.test_dbac_department_access.TestDepartmentAccessAPI" name="test_hr_manager_my_access_returns_hr_department" time="0.620" /><testcase classname="tests.test_dbac_department_access.TestDepartmentAccessAPI" name="test_sales_manager_my_access_returns_sales_department" time="0.674" /><testcase classname="tests.test_dbac_department_access.TestDepartmentAccessAPI" name="test_consultant_my_access_returns_restricted_view" time="0.656" /><testcase classname="tests.test_dbac_department_access.TestDepartmentAccessAPI" name="test_unauthenticated_access_rejected" time="0.148" /><testcase classname="tests.test_dbac_department_access.TestPermissionConfigDepartments" name="test_get_departments_config" time="0.634" /><testcase classname="tests.test_dbac_department_access.TestPermissionConfigDepartments" name="test_create_new_department" time="0.619" /><testcase classname="tests.test_dbac_department_access.TestDepartmentAccessStats" name="test_get_department_stats" time="0.624" /></testsuite></testsuites>