<?xml version="1.0" encoding="utf-8"?><testsuites name="pytest tests"><testsuite name="pytest" errors="0" failures="0" skipped="0" tests="22" time="15.656" timestamp="2026-03-14T18:17:40.262695+00:00" hostname="agent-env-a1c49375-977d-45f9-a7b0-5a585a0f92fa"><testcase classname="tests.test_ceo_report_refresh_followup.TestCEOReportAPIs" name="test_ceo_report_preview_admin_access" time="8.711" /><testcase classname="tests.test_ceo_report_refresh_followup.TestCEOReportAPIs" name="test_ceo_report_preview_non_admin_forbidden" time="0.808" /><testcase classname="tests.test_ceo_report_refresh_followup.TestCEOReportAPIs" name="test_ceo_report_logs_admin_access" time="0.214" /><testcase classname="tests.test_ceo_report_refresh_followup.TestCEOReportAPIs" name="test_ceo_report_logs_non_admin_forbidden" time="1.230" /><testcase classname="tests.test_ceo_report_refresh_followup.TestCEOReportAPIs" name="test_ceo_report_trigger_admin_access" time="1.211" /><testcase classname="tests.test_ceo_report_refresh_followup.TestCEOReportAPIs" name="test_ceo_report_trigger_non_admin_forbidden" time="0.151" /><testcase classname="tests.test_ceo_report_refresh_followup.TestListPageAPIs" name="test_leads_endpoint" time="0.164" /><testcase classname="tests.test_ceo_report_refresh_followup.TestListPageAPIs" name="test_meetings_endpoint" time="0.154" /><testcase classname="tests.test_ceo_report_refresh_followup.TestListPageAPIs" name="test_projects_endpoint" time="0.147" /><testcase classname="tests.test_ceo_report_refresh_followup.TestListPageAPIs" name="test_kickoff_requests_endpoint" time="0.157" /><testcase classname="tests.test_ceo_report_refresh_followup.TestListPageAPIs" name="test_expenses_endpoint" time="0.168" /><testcase classname="tests.test_ceo_report_refresh_followup.TestListPageAPIs" name="test_leave_requests_endpoint" time="0.181" /><testcase classname="tests.test_ceo_report_refresh_followup.TestListPageAPIs" name="test_follow_ups_endpoint" time="0.171" /><testcase classname="tests.test_ceo_report_refresh_followup.TestFollowUpCreationAPIs" name="test_create_follow_up_from_lead_stage" time="0.217" /><testcase classname="tests.test_ceo_report_refresh_followup.TestFollowUpCreationAPIs" name="test_create_follow_up_from_meeting_stage" time="0.172" /><testcase classname="tests.test_ceo_report_refresh_followup.TestFollowUpCreationAPIs" name="test_create_follow_up_from_sow_stage" time="0.150" /><testcase classname="tests.test_ceo_report_refresh_followup.TestFollowUpCreationAPIs" name="test_create_follow_up_from_quotation_stage" time="0.162" /><testcase classname="tests.test_ceo_report_refresh_followup.TestFollowUpCreationAPIs" name="test_create_follow_up_from_agreement_stage" time="0.186" /><testcase classname="tests.test_ceo_report_refresh_followup.TestSalesFunnelPageAPIs" name="test_agreements_endpoint" time="0.156" /><testcase classname="tests.test_ceo_report_refresh_followup.TestSalesFunnelPageAPIs" name="test_quotations_endpoint" time="0.199" /><testcase classname="tests.test_ceo_report_refresh_followup.TestSalesFunnelPageAPIs" name="test_enhanced_sow_list_endpoint" time="0.160" /><testcase classname="tests.test_ceo_report_refresh_followup.TestCleanup" name="test_cleanup_test_followups" time="0.160" /></testsuite></testsuites>