<?xml version="1.0" encoding="utf-8"?><testsuites name="pytest tests"><testsuite name="pytest" errors="0" failures="3" skipped="0" tests="19" time="31.177" timestamp="2026-02-21T03:06:06.597604+00:00" hostname="agent-env-f644f881-4e36-4dcb-8e56-3a5a70745d6c"><testcase classname="tests.test_chat_ai_email.TestChatUsers" name="test_get_chat_users_list" time="1.856" /><testcase classname="tests.test_chat_ai_email.TestChatUsers" name="test_search_chat_users" time="0.120" /><testcase classname="tests.test_chat_ai_email.TestChatConversations" name="test_create_dm_conversation" time="0.069" /><testcase classname="tests.test_chat_ai_email.TestChatConversations" name="test_create_group_conversation" time="0.079" /><testcase classname="tests.test_chat_ai_email.TestChatConversations" name="test_get_conversations_for_user" time="0.085" /><testcase classname="tests.test_chat_ai_email.TestChatConversations" name="test_get_specific_conversation" time="0.072"><failure message="assert 404 == 200&#10; +  where 404 = &lt;Response [404]&gt;.status_code">backend/tests/test_chat_ai_email.py:151: in test_get_specific_conversation
    assert response.status_code == 200
E   assert 404 == 200
E    +  where 404 = &lt;Response [404]&gt;.status_code</failure></testcase><testcase classname="tests.test_chat_ai_email.TestChatMessages" name="test_send_message" time="0.078"><failure message="AssertionError: Expected 200, got 404: {&quot;detail&quot;:&quot;Conversation not found&quot;}&#10;assert 404 == 200&#10; +  where 404 = &lt;Response [404]&gt;.status_code">backend/tests/test_chat_ai_email.py:179: in test_send_message
    assert response.status_code == 200, f"Expected 200, got {response.status_code}: {response.text}"
E   AssertionError: Expected 200, got 404: {"detail":"Conversation not found"}
E   assert 404 == 200
E    +  where 404 = &lt;Response [404]&gt;.status_code</failure></testcase><testcase classname="tests.test_chat_ai_email.TestChatMessages" name="test_send_message_with_erp_record" time="0.074"><failure message="assert 404 == 200&#10; +  where 404 = &lt;Response [404]&gt;.status_code">backend/tests/test_chat_ai_email.py:218: in test_send_message_with_erp_record
    assert response.status_code == 200
E   assert 404 == 200
E    +  where 404 = &lt;Response [404]&gt;.status_code</failure></testcase><testcase classname="tests.test_chat_ai_email.TestChatMessages" name="test_get_messages" time="0.067" /><testcase classname="tests.test_chat_ai_email.TestChatMessages" name="test_mark_messages_as_read" time="0.090" /><testcase classname="tests.test_chat_ai_email.TestAIAssistant" name="test_ai_query" time="15.786" /><testcase classname="tests.test_chat_ai_email.TestAIAssistant" name="test_analyze_report" time="6.215" /><testcase classname="tests.test_chat_ai_email.TestAIAssistant" name="test_quick_insights" time="0.087" /><testcase classname="tests.test_chat_ai_email.TestAIAssistant" name="test_ai_suggestions" time="4.685" /><testcase classname="tests.test_chat_ai_email.TestAIAssistant" name="test_chat_history" time="0.089" /><testcase classname="tests.test_chat_ai_email.TestEmailActions" name="test_get_email_config" time="0.083" /><testcase classname="tests.test_chat_ai_email.TestEmailActions" name="test_update_email_config" time="0.103" /><testcase classname="tests.test_chat_ai_email.TestEmailActions" name="test_get_email_logs" time="0.070" /><testcase classname="tests.test_chat_ai_email.TestChatSearch" name="test_search_messages" time="0.107" /></testsuite></testsuites>