<?xml version="1.0" encoding="utf-8"?><testsuites name="pytest tests"><testsuite name="pytest" errors="0" failures="0" skipped="0" tests="11" time="26.989" timestamp="2026-03-17T17:04:42.357555+00:00" hostname="agent-env-d7cbf9bb-4eac-43af-9318-9d4398753cae"><testcase classname="tests.test_consultant_expense_governance.TestRBACMOMRecording" name="test_admin_can_always_access_mom_endpoints" time="10.118" /><testcase classname="tests.test_consultant_expense_governance.TestRBACMOMRecording" name="test_get_project_meeting_status_for_admin" time="0.663" /><testcase classname="tests.test_consultant_expense_governance.TestRBACMOMRecording" name="test_unassigned_user_cannot_record_mom" time="2.443" /><testcase classname="tests.test_consultant_expense_governance.TestTravelExpenseForOfflineMeetings" name="test_travel_expense_api_structure" time="0.780" /><testcase classname="tests.test_consultant_expense_governance.TestTravelExpenseForOfflineMeetings" name="test_online_meeting_travel_expense_blocked" time="1.301" /><testcase classname="tests.test_consultant_expense_governance.TestDuplicateExpensePrevention" name="test_duplicate_meeting_expense_blocked" time="1.004" /><testcase classname="tests.test_consultant_expense_governance.TestExpenseAutoCreation" name="test_expense_created_with_pending_status" time="1.698" /><testcase classname="tests.test_consultant_expense_governance.TestMeetingQuotaValidation" name="test_meeting_quota_status_api" time="1.047" /><testcase classname="tests.test_consultant_expense_governance.TestMeetingQuotaValidation" name="test_meeting_limit_exceeded_blocks_delivery" time="0.633" /><testcase classname="tests.test_consultant_expense_governance.TestExpenseApprovalFlow" name="test_expense_approval_flow_structure" time="1.386" /><testcase classname="tests.test_consultant_expense_governance.TestExpenseApprovalFlow" name="test_hr_can_approve_pending_expense" time="4.960" /></testsuite></testsuites>