<?xml version="1.0" encoding="utf-8"?><testsuites name="pytest tests"><testsuite name="pytest" errors="0" failures="0" skipped="0" tests="14" time="22.212" timestamp="2026-02-17T17:08:38.397677+00:00" hostname="agent-env-97ea4734-436e-4cf2-9035-9a2db1582437"><testcase classname="tests.test_ctc_designer.TestCTCDesignerBackend" name="test_ctc_preview_calculation_12_lakh" time="1.285" /><testcase classname="tests.test_ctc_designer.TestCTCDesignerBackend" name="test_ctc_preview_with_retention_bonus" time="1.346" /><testcase classname="tests.test_ctc_designer.TestCTCDesignerBackend" name="test_ctc_preview_invalid_ctc" time="1.395" /><testcase classname="tests.test_ctc_designer.TestCTCDesignerBackend" name="test_ctc_preview_unauthorized" time="1.248" /><testcase classname="tests.test_ctc_designer.TestCTCDesignerBackend" name="test_get_employees_for_ctc" time="1.165" /><testcase classname="tests.test_ctc_designer.TestCTCDesignerBackend" name="test_ctc_design_submission_and_pending_approval" time="1.815" /><testcase classname="tests.test_ctc_designer.TestCTCDesignerBackend" name="test_admin_pending_approvals_access" time="1.300" /><testcase classname="tests.test_ctc_designer.TestCTCDesignerBackend" name="test_ctc_stats_admin_only" time="1.406" /><testcase classname="tests.test_ctc_designer.TestCTCDesignerBackend" name="test_admin_approve_ctc_structure" time="2.197" /><testcase classname="tests.test_ctc_designer.TestCTCDesignerBackend" name="test_admin_reject_ctc_structure" time="1.835" /><testcase classname="tests.test_ctc_designer.TestCTCDesignerBackend" name="test_reject_without_reason_fails" time="2.150" /><testcase classname="tests.test_ctc_designer.TestCTCDesignerBackend" name="test_non_admin_cannot_approve_or_reject" time="1.480" /><testcase classname="tests.test_ctc_designer.TestCTCDesignerBackend" name="test_notification_sent_on_submission" time="2.100" /><testcase classname="tests.test_ctc_designer.TestCTCDesignerBackend" name="test_employee_ctc_history" time="1.355" /></testsuite></testsuites>