<?xml version="1.0" encoding="utf-8"?><testsuites name="pytest tests"><testsuite name="pytest" errors="0" failures="0" skipped="0" tests="22" time="33.883" timestamp="2026-02-18T10:49:08.111844+00:00" hostname="agent-env-cb09f5aa-de87-44b3-8f79-c66e2451fcc9"><testcase classname="tests.test_letter_management.TestLetterTemplates" name="test_get_templates_without_auth" time="0.609" /><testcase classname="tests.test_letter_management.TestLetterTemplates" name="test_get_templates_list" time="2.184" /><testcase classname="tests.test_letter_management.TestLetterTemplates" name="test_get_templates_filtered_by_type" time="1.527" /><testcase classname="tests.test_letter_management.TestLetterTemplates" name="test_create_template" time="1.838" /><testcase classname="tests.test_letter_management.TestLetterTemplates" name="test_create_template_invalid_type" time="1.379" /><testcase classname="tests.test_letter_management.TestLetterTemplates" name="test_get_single_template" time="1.553" /><testcase classname="tests.test_letter_management.TestLetterTemplates" name="test_update_template" time="1.745" /><testcase classname="tests.test_letter_management.TestLetterTemplates" name="test_hr_manager_can_manage_templates" time="1.167" /><testcase classname="tests.test_letter_management.TestOfferLetters" name="test_create_offer_letter_without_verified_candidate" time="1.926" /><testcase classname="tests.test_letter_management.TestOfferLetters" name="test_create_offer_letter" time="1.444" /><testcase classname="tests.test_letter_management.TestOfferLetters" name="test_get_offer_letters_list" time="0.948" /><testcase classname="tests.test_letter_management.TestOfferLetters" name="test_get_offer_letters_filtered_by_status" time="0.913" /><testcase classname="tests.test_letter_management.TestPublicOfferAcceptance" name="test_view_offer_letter_public" time="1.194" /><testcase classname="tests.test_letter_management.TestPublicOfferAcceptance" name="test_view_offer_letter_invalid_token" time="1.461" /><testcase classname="tests.test_letter_management.TestPublicOfferAcceptance" name="test_accept_offer_letter" time="1.446" /><testcase classname="tests.test_letter_management.TestPublicOfferAcceptance" name="test_cannot_accept_twice" time="1.758" /><testcase classname="tests.test_letter_management.TestAppointmentLetters" name="test_create_appointment_letter" time="2.735" /><testcase classname="tests.test_letter_management.TestAppointmentLetters" name="test_cannot_create_appointment_without_employee_id" time="2.344" /><testcase classname="tests.test_letter_management.TestAppointmentLetters" name="test_get_appointment_letters_list" time="2.444" /><testcase classname="tests.test_letter_management.TestLetterStats" name="test_get_letter_stats" time="0.892" /><testcase classname="tests.test_letter_management.TestLetterStats" name="test_stats_requires_auth" time="0.271" /><testcase classname="tests.test_letter_management.TestRoleBasedAccess" name="test_hr_executive_read_only" time="1.245" /></testsuite></testsuites>