<?xml version="1.0" encoding="utf-8"?><testsuites name="pytest tests"><testsuite name="pytest" errors="0" failures="0" skipped="1" tests="16" time="47.653" timestamp="2026-02-14T20:52:18.365454+00:00" hostname="agent-env-10a9efb8-1bc7-4ab1-a3cf-c3b528a8e0c2"><testcase classname="backend.tests.test_self_service.TestSelfServiceAPIs" name="test_my_attendance_returns_data" time="0.944" /><testcase classname="backend.tests.test_self_service.TestSelfServiceAPIs" name="test_my_attendance_with_month_filter" time="0.681" /><testcase classname="backend.tests.test_self_service.TestSelfServiceAPIs" name="test_my_leave_balance_returns_data" time="0.782" /><testcase classname="backend.tests.test_self_service.TestSelfServiceAPIs" name="test_my_salary_slips_returns_list" time="0.685" /><testcase classname="backend.tests.test_self_service.TestSelfServiceAPIs" name="test_my_expenses_returns_data" time="0.931" /><testcase classname="backend.tests.test_self_service.TestLeaveRequestCreation" name="test_create_leave_request" time="31.817" /><testcase classname="backend.tests.test_self_service.TestExpenseCreationAndSubmission" name="test_create_expense_as_draft" time="4.677" /><testcase classname="backend.tests.test_self_service.TestExpenseCreationAndSubmission" name="test_submit_expense_for_approval" time="0.781" /><testcase classname="backend.tests.test_self_service.TestPayrollExpenseReimbursement" name="test_generate_slip_includes_expense_logic" time="0.820"><skipped type="pytest.skip" message="Employee salary not configured - configure salary first">/app/backend/tests/test_self_service.py:278: Employee salary not configured - configure salary first</skipped></testcase><testcase classname="backend.tests.test_self_service.TestRouteAccess" name="test_my_attendance_route" time="0.548" /><testcase classname="backend.tests.test_self_service.TestRouteAccess" name="test_my_leave_balance_route" time="0.624" /><testcase classname="backend.tests.test_self_service.TestRouteAccess" name="test_my_salary_slips_route" time="0.553" /><testcase classname="backend.tests.test_self_service.TestRouteAccess" name="test_my_expenses_route" time="0.598" /><testcase classname="backend.tests.test_self_service.TestMultiRoleAccess" name="test_admin_access" time="0.998" /><testcase classname="backend.tests.test_self_service.TestMultiRoleAccess" name="test_manager_access" time="1.064" /><testcase classname="backend.tests.test_self_service.TestMultiRoleAccess" name="test_executive_access" time="1.008" /></testsuite></testsuites>