<?xml version="1.0" encoding="utf-8"?><testsuites name="pytest tests"><testsuite name="pytest" errors="0" failures="0" skipped="0" tests="15" time="11.537" timestamp="2026-02-17T18:55:05.865769+00:00" hostname="agent-env-cd6d8f83-3eb0-4fcf-a54d-5e0a133644f4"><testcase classname="tests.test_bank_change_request.TestBankChangeRequestAPIs" name="test_get_my_profile" time="2.014" /><testcase classname="tests.test_bank_change_request.TestBankChangeRequestAPIs" name="test_get_my_profile_hr" time="1.709" /><testcase classname="tests.test_bank_change_request.TestBankChangeRequestAPIs" name="test_get_my_bank_change_requests" time="0.795" /><testcase classname="tests.test_bank_change_request.TestBankChangeRequestAPIs" name="test_get_hr_bank_change_requests" time="0.485" /><testcase classname="tests.test_bank_change_request.TestBankChangeRequestAPIs" name="test_get_hr_bank_change_requests_with_status" time="0.462" /><testcase classname="tests.test_bank_change_request.TestBankChangeRequestAPIs" name="test_get_admin_bank_change_requests" time="0.333" /><testcase classname="tests.test_bank_change_request.TestBankChangeRequestAPIs" name="test_get_hr_bank_requests_unauthorized" time="1.442" /><testcase classname="tests.test_bank_change_request.TestBankChangeRequestAPIs" name="test_get_admin_bank_requests_unauthorized" time="0.242" /><testcase classname="tests.test_bank_change_request.TestBankChangeRequestSubmission" name="test_submit_bank_change_request_no_employee" time="0.200" /><testcase classname="tests.test_bank_change_request.TestBankChangeRequestSubmission" name="test_hr_approve_nonexistent_request" time="0.321" /><testcase classname="tests.test_bank_change_request.TestBankChangeRequestSubmission" name="test_hr_reject_nonexistent_request" time="0.287" /><testcase classname="tests.test_bank_change_request.TestBankChangeRequestSubmission" name="test_admin_approve_nonexistent_request" time="0.480" /><testcase classname="tests.test_bank_change_request.TestBankChangeRequestSubmission" name="test_admin_reject_nonexistent_request" time="0.467" /><testcase classname="tests.test_bank_change_request.TestPWAManifest" name="test_manifest_accessible" time="0.509" /><testcase classname="tests.test_bank_change_request.TestWorkflowIntegration" name="test_workflow_page_loads" time="0.987" /></testsuite></testsuites>