<?xml version="1.0" encoding="utf-8"?><testsuites name="pytest tests"><testsuite name="pytest" errors="0" failures="0" skipped="0" tests="12" time="24.008" timestamp="2026-03-24T19:53:37.304506+00:00" hostname="agent-env-5f968d85-ccf3-48a7-95d8-7315c15f486c"><testcase classname="tests.test_mom_sla_expense_prompt.TestMOMSLAReminderSystem" name="test_pending_reminders_endpoint_exists" time="9.248" /><testcase classname="tests.test_mom_sla_expense_prompt.TestMOMSLAReminderSystem" name="test_run_reminders_endpoint_exists" time="1.067" /><testcase classname="tests.test_mom_sla_expense_prompt.TestMOMSLAReminderSystem" name="test_pending_reminders_meeting_structure" time="1.431" /><testcase classname="tests.test_mom_sla_expense_prompt.TestMOMSLAReminderSystem" name="test_escalation_threshold_logic" time="1.204" /><testcase classname="tests.test_mom_sla_expense_prompt.TestMOMSLANotificationStructure" name="test_mom_sla_reminder_notification_structure" time="0.879" /><testcase classname="tests.test_mom_sla_expense_prompt.TestMOMSLANotificationStructure" name="test_mom_sla_escalation_notification_structure" time="1.108" /><testcase classname="tests.test_mom_sla_expense_prompt.TestExpensePromptNotification" name="test_expense_prompt_on_inperson_meeting_without_travel" time="2.206" /><testcase classname="tests.test_mom_sla_expense_prompt.TestExpensePromptNotification" name="test_expense_prompt_notification_structure" time="0.835" /><testcase classname="tests.test_mom_sla_expense_prompt.TestMOMSLAIntegration" name="test_mom_sla_status_endpoint" time="0.739" /><testcase classname="tests.test_mom_sla_expense_prompt.TestMOMSLAIntegration" name="test_run_reminders_creates_notifications" time="0.874" /><testcase classname="tests.test_mom_sla_expense_prompt.TestMOMSLAIntegration" name="test_notification_types_in_system" time="0.965" /><testcase classname="tests.test_mom_sla_expense_prompt.TestExpensePromptOnMOMUpdate" name="test_expense_prompt_on_mom_update_for_inperson_meeting" time="2.491" /></testsuite></testsuites>