<?xml version="1.0" encoding="utf-8"?><testsuites name="pytest tests"><testsuite name="pytest" errors="0" failures="0" skipped="0" tests="35" time="20.519" timestamp="2026-03-25T03:25:08.808014+00:00" hostname="agent-env-5f968d85-ccf3-48a7-95d8-7315c15f486c"><testcase classname="tests.test_sales_datatable_apis.TestAuthentication" name="test_admin_login" time="7.598" /><testcase classname="tests.test_sales_datatable_apis.TestAuthentication" name="test_sales_login" time="0.850" /><testcase classname="tests.test_sales_datatable_apis.TestLeadsAPI" name="test_leads_basic_pagination" time="1.058" /><testcase classname="tests.test_sales_datatable_apis.TestLeadsAPI" name="test_leads_pagination_page_2" time="0.244" /><testcase classname="tests.test_sales_datatable_apis.TestLeadsAPI" name="test_leads_sorting_asc" time="0.991" /><testcase classname="tests.test_sales_datatable_apis.TestLeadsAPI" name="test_leads_sorting_desc" time="0.395" /><testcase classname="tests.test_sales_datatable_apis.TestLeadsAPI" name="test_leads_search_filter" time="0.360" /><testcase classname="tests.test_sales_datatable_apis.TestLeadsAPI" name="test_leads_status_filter" time="0.373" /><testcase classname="tests.test_sales_datatable_apis.TestLeadsAPI" name="test_leads_deal_value_range_filter" time="0.240" /><testcase classname="tests.test_sales_datatable_apis.TestLeadsAPI" name="test_leads_combined_filters" time="0.330" /><testcase classname="tests.test_sales_datatable_apis.TestMeetingsAPI" name="test_meetings_basic_pagination" time="0.262" /><testcase classname="tests.test_sales_datatable_apis.TestMeetingsAPI" name="test_meetings_sorting" time="0.287" /><testcase classname="tests.test_sales_datatable_apis.TestMeetingsAPI" name="test_meetings_date_from_filter" time="0.240" /><testcase classname="tests.test_sales_datatable_apis.TestMeetingsAPI" name="test_meetings_date_to_filter" time="0.278" /><testcase classname="tests.test_sales_datatable_apis.TestMeetingsAPI" name="test_meetings_date_range_filter" time="0.334" /><testcase classname="tests.test_sales_datatable_apis.TestMeetingsAPI" name="test_meetings_search_filter" time="0.264" /><testcase classname="tests.test_sales_datatable_apis.TestFollowUpsAPI" name="test_followups_basic_pagination" time="0.316" /><testcase classname="tests.test_sales_datatable_apis.TestFollowUpsAPI" name="test_followups_sorting" time="0.272" /><testcase classname="tests.test_sales_datatable_apis.TestFollowUpsAPI" name="test_followups_due_date_today_filter" time="0.265" /><testcase classname="tests.test_sales_datatable_apis.TestFollowUpsAPI" name="test_followups_priority_filter" time="0.224" /><testcase classname="tests.test_sales_datatable_apis.TestFollowUpsAPI" name="test_followups_status_filter" time="0.276" /><testcase classname="tests.test_sales_datatable_apis.TestFollowUpsAPI" name="test_followups_entity_type_filter" time="0.239" /><testcase classname="tests.test_sales_datatable_apis.TestQuotationsAPI" name="test_quotations_basic_pagination" time="0.292" /><testcase classname="tests.test_sales_datatable_apis.TestQuotationsAPI" name="test_quotations_sorting" time="0.467" /><testcase classname="tests.test_sales_datatable_apis.TestQuotationsAPI" name="test_quotations_value_range_filter" time="0.311" /><testcase classname="tests.test_sales_datatable_apis.TestQuotationsAPI" name="test_quotations_status_filter" time="0.383" /><testcase classname="tests.test_sales_datatable_apis.TestQuotationsAPI" name="test_quotations_search_filter" time="0.336" /><testcase classname="tests.test_sales_datatable_apis.TestSalesExecutiveAccess" name="test_sales_exec_leads_access" time="0.936" /><testcase classname="tests.test_sales_datatable_apis.TestSalesExecutiveAccess" name="test_sales_exec_meetings_access" time="0.196" /><testcase classname="tests.test_sales_datatable_apis.TestSalesExecutiveAccess" name="test_sales_exec_followups_access" time="0.172" /><testcase classname="tests.test_sales_datatable_apis.TestSalesExecutiveAccess" name="test_sales_exec_quotations_access" time="0.199" /><testcase classname="tests.test_sales_datatable_apis.TestEdgeCases" name="test_leads_empty_page" time="0.171" /><testcase classname="tests.test_sales_datatable_apis.TestEdgeCases" name="test_leads_max_page_size" time="0.161" /><testcase classname="tests.test_sales_datatable_apis.TestEdgeCases" name="test_leads_invalid_sort_field" time="0.182" /><testcase classname="tests.test_sales_datatable_apis.TestEdgeCases" name="test_meetings_empty_search" time="0.190" /></testsuite></testsuites>