<?xml version="1.0" encoding="utf-8"?><testsuites name="pytest tests"><testsuite name="pytest" errors="0" failures="1" skipped="3" tests="12" time="3.523" timestamp="2026-02-14T13:24:20.099825+00:00" hostname="agent-env-3b6590a4-fe9c-4388-a6ed-c995fc0032c0"><testcase classname="tests.test_sow_kickoff.TestSOWCategories" name="test_get_sow_categories" time="0.737" /><testcase classname="tests.test_sow_kickoff.TestSOWCreationAndManagement" name="test_create_project_sow" time="0.260" /><testcase classname="tests.test_sow_kickoff.TestSOWCreationAndManagement" name="test_get_project_sow" time="0.200" /><testcase classname="tests.test_sow_kickoff.TestSOWCreationAndManagement" name="test_add_sow_item" time="0.255" /><testcase classname="tests.test_sow_kickoff.TestKickoffMeeting" name="test_get_kickoff_meetings_by_project" time="0.219" /><testcase classname="tests.test_sow_kickoff.TestKickoffMeeting" name="test_schedule_kickoff_meeting" time="0.287"><failure message="AssertionError: Expected 200, got 422: {&quot;detail&quot;:[{&quot;type&quot;:&quot;string_type&quot;,&quot;loc&quot;:[&quot;body&quot;,&quot;agreement_id&quot;],&quot;msg&quot;:&quot;Input should be a valid string&quot;,&quot;input&quot;:null,&quot;url&quot;:&quot;https://errors.pydantic.dev/2.12/v/string_type&quot;}]}&#10;assert 422 == 200&#10; +  where 422 = &lt;Response [422]&gt;.status_code">tests/test_sow_kickoff.py:320: in test_schedule_kickoff_meeting
    assert response.status_code == 200, f"Expected 200, got {response.status_code}: {response.text}"
E   AssertionError: Expected 200, got 422: {"detail":[{"type":"string_type","loc":["body","agreement_id"],"msg":"Input should be a valid string","input":null,"url":"https://errors.pydantic.dev/2.12/v/string_type"}]}
E   assert 422 == 200
E    +  where 422 = &lt;Response [422]&gt;.status_code</failure></testcase><testcase classname="tests.test_sow_kickoff.TestKickoffMeeting" name="test_get_kickoff_meeting_detail" time="0.168"><skipped type="pytest.skip" message="No kickoff meetings exist for this project">/app/backend/tests/test_sow_kickoff.py:337: No kickoff meetings exist for this project</skipped></testcase><testcase classname="tests.test_sow_kickoff.TestSOWFreezeLogic" name="test_non_admin_cannot_edit_frozen_sow" time="0.603"><skipped type="pytest.skip" message="No frozen SOW available for testing">/app/backend/tests/test_sow_kickoff.py:387: No frozen SOW available for testing</skipped></testcase><testcase classname="tests.test_sow_kickoff.TestSOWFreezeLogic" name="test_admin_can_edit_frozen_sow" time="0.180"><skipped type="pytest.skip" message="No frozen SOW available for testing">/app/backend/tests/test_sow_kickoff.py:412: No frozen SOW available for testing</skipped></testcase><testcase classname="tests.test_sow_kickoff.TestNotifications" name="test_get_notifications" time="0.127" /><testcase classname="tests.test_sow_kickoff.TestNotifications" name="test_get_unread_count" time="0.129" /><testcase classname="tests.test_sow_kickoff.TestConsultantsForKickoff" name="test_get_consultants_list" time="0.117" /></testsuite></testsuites>