<?xml version="1.0" encoding="utf-8"?><testsuites name="pytest tests"><testsuite name="pytest" errors="0" failures="1" skipped="0" tests="10" time="30.571" timestamp="2026-03-27T05:57:34.107183+00:00" hostname="agent-env-a546a756-67b5-4973-9a84-e3e3e6bf93bc"><testcase classname="tests.test_gstin_pdf_proforma.TestGSTINValidation" name="test_01_valid_gstin_format" time="19.326" /><testcase classname="tests.test_gstin_pdf_proforma.TestGSTINValidation" name="test_02_invalid_gstin_format" time="0.992" /><testcase classname="tests.test_gstin_pdf_proforma.TestGSTINValidation" name="test_03_gstin_too_short" time="1.249" /><testcase classname="tests.test_gstin_pdf_proforma.TestGSTINValidation" name="test_04_gstin_company_name_match" time="1.059" /><testcase classname="tests.test_gstin_pdf_proforma.TestGSTINValidation" name="test_05_gstin_company_name_mismatch" time="1.053" /><testcase classname="tests.test_gstin_pdf_proforma.TestGSTINValidation" name="test_06_gstin_different_states" time="1.770" /><testcase classname="tests.test_gstin_pdf_proforma.TestProformaInvoicePDF" name="test_01_get_quotations_list" time="1.128" /><testcase classname="tests.test_gstin_pdf_proforma.TestProformaInvoicePDF" name="test_02_quotation_has_amount_fields" time="1.132" /><testcase classname="tests.test_gstin_pdf_proforma.TestProformaInvoicePDF" name="test_03_quotation_detail_by_id" time="1.188"><failure message="AssertionError: Failed to get quotation: {&quot;detail&quot;:&quot;Method Not Allowed&quot;}&#10;assert 405 == 200&#10; +  where 405 = &lt;Response [405]&gt;.status_code">backend/tests/test_gstin_pdf_proforma.py:223: in test_03_quotation_detail_by_id
    assert response.status_code == 200, f"Failed to get quotation: {response.text}"
E   AssertionError: Failed to get quotation: {"detail":"Method Not Allowed"}
E   assert 405 == 200
E    +  where 405 = &lt;Response [405]&gt;.status_code</failure></testcase><testcase classname="tests.test_gstin_pdf_proforma.TestQuotationAmountCalculation" name="test_01_amounts_not_zero" time="0.819" /></testsuite></testsuites>