<?xml version="1.0" encoding="utf-8"?><testsuites name="pytest tests"><testsuite name="pytest" errors="0" failures="0" skipped="0" tests="23" time="6.003" timestamp="2026-02-14T19:20:49.226426+00:00" hostname="agent-env-e7e836e6-eac0-43e8-a39a-5dc7930a7f48"><testcase classname="backend.tests.test_meetings_mom.TestMeetingCRUD" name="test_create_meeting_with_title_agenda_attendees" time="0.897" /><testcase classname="backend.tests.test_meetings_mom.TestMeetingCRUD" name="test_get_meeting_by_id" time="0.129" /><testcase classname="backend.tests.test_meetings_mom.TestMeetingCRUD" name="test_get_meetings_list" time="0.132" /><testcase classname="backend.tests.test_meetings_mom.TestMeetingCRUD" name="test_get_meetings_filtered_by_project" time="0.142" /><testcase classname="backend.tests.test_meetings_mom.TestMOMUpdate" name="test_update_mom_data" time="0.165" /><testcase classname="backend.tests.test_meetings_mom.TestMOMUpdate" name="test_verify_mom_update_persisted" time="0.158" /><testcase classname="backend.tests.test_meetings_mom.TestActionItems" name="test_add_action_item" time="0.131" /><testcase classname="backend.tests.test_meetings_mom.TestActionItems" name="test_action_item_persisted_in_meeting" time="0.134" /><testcase classname="backend.tests.test_meetings_mom.TestActionItems" name="test_update_action_item_status_to_in_progress" time="0.199" /><testcase classname="backend.tests.test_meetings_mom.TestActionItems" name="test_update_action_item_status_to_completed" time="0.302" /><testcase classname="backend.tests.test_meetings_mom.TestActionItems" name="test_add_action_item_with_different_priorities" time="0.624" /><testcase classname="backend.tests.test_meetings_mom.TestSendMOM" name="test_send_mom_to_client_with_lead_email" time="0.664" /><testcase classname="backend.tests.test_meetings_mom.TestSendMOM" name="test_send_mom_without_client_email_fails" time="0.254" /><testcase classname="backend.tests.test_meetings_mom.TestFollowUpTasks" name="test_get_follow_up_tasks" time="0.133" /><testcase classname="backend.tests.test_meetings_mom.TestFollowUpTasks" name="test_get_follow_up_tasks_filtered_by_status" time="0.140" /><testcase classname="backend.tests.test_meetings_mom.TestErrorHandling" name="test_get_nonexistent_meeting" time="0.144" /><testcase classname="backend.tests.test_meetings_mom.TestErrorHandling" name="test_update_mom_nonexistent_meeting" time="0.213" /><testcase classname="backend.tests.test_meetings_mom.TestErrorHandling" name="test_add_action_item_nonexistent_meeting" time="0.121" /><testcase classname="backend.tests.test_meetings_mom.TestErrorHandling" name="test_update_action_item_nonexistent_meeting" time="0.136" /><testcase classname="backend.tests.test_meetings_mom.TestErrorHandling" name="test_update_nonexistent_action_item" time="0.156" /><testcase classname="backend.tests.test_meetings_mom.TestMeetingModes" name="test_create_online_meeting" time="0.150" /><testcase classname="backend.tests.test_meetings_mom.TestMeetingModes" name="test_create_offline_meeting" time="0.471" /><testcase classname="backend.tests.test_meetings_mom.TestMeetingModes" name="test_create_telecall_meeting" time="0.163" /></testsuite></testsuites>