<?xml version="1.0" encoding="utf-8"?><testsuites name="pytest tests"><testsuite name="pytest" errors="0" failures="0" skipped="0" tests="15" time="62.847" timestamp="2026-03-27T14:01:13.786335+00:00" hostname="agent-env-21365400-f7b8-4217-ae88-28a44a35830f"><testcase classname="tests.test_sales_dashboard_analytics.TestSalesDashboardAnalytics" name="test_01_auth_works" time="36.453" /><testcase classname="tests.test_sales_dashboard_analytics.TestSalesDashboardAnalytics" name="test_02_funnel_summary_returns_correct_total_leads" time="1.393" /><testcase classname="tests.test_sales_dashboard_analytics.TestSalesDashboardAnalytics" name="test_03_funnel_summary_has_complete_stage_count" time="1.915" /><testcase classname="tests.test_sales_dashboard_analytics.TestSalesDashboardAnalytics" name="test_04_funnel_summary_has_meeting_stage_count" time="2.105" /><testcase classname="tests.test_sales_dashboard_analytics.TestSalesDashboardAnalytics" name="test_05_funnel_summary_has_follow_ups" time="4.605" /><testcase classname="tests.test_sales_dashboard_analytics.TestSalesDashboardAnalytics" name="test_06_my_funnel_summary_returns_data" time="0.992" /><testcase classname="tests.test_sales_dashboard_analytics.TestSalesDashboardAnalytics" name="test_07_my_funnel_summary_has_meetings_achieved" time="1.532" /><testcase classname="tests.test_sales_dashboard_analytics.TestSalesDashboardAnalytics" name="test_08_funnel_trends_returns_data" time="0.968" /><testcase classname="tests.test_sales_dashboard_analytics.TestSalesDashboardAnalytics" name="test_09_bottleneck_analysis_has_meetings" time="0.918" /><testcase classname="tests.test_sales_dashboard_analytics.TestSalesDashboardAnalytics" name="test_10_win_loss_shows_won_deals" time="1.475" /><testcase classname="tests.test_sales_dashboard_analytics.TestSalesDashboardAnalytics" name="test_11_velocity_shows_completed_deals" time="0.897" /><testcase classname="tests.test_sales_dashboard_analytics.TestSalesDashboardAnalytics" name="test_12_forecasting_shows_stage_distribution" time="3.679" /><testcase classname="tests.test_sales_dashboard_analytics.TestSalesDashboardAnalytics" name="test_13_conversion_rate_calculation" time="1.660" /><testcase classname="tests.test_sales_dashboard_analytics.TestSalesDashboardAnalyticsSalesUser" name="test_01_sales_user_can_access_my_funnel" time="1.581" /><testcase classname="tests.test_sales_dashboard_analytics.TestSalesDashboardAnalyticsSalesUser" name="test_02_sales_user_funnel_trends_forbidden" time="1.387" /></testsuite></testsuites>