<?xml version="1.0" encoding="utf-8"?><testsuites name="pytest tests"><testsuite name="pytest" errors="0" failures="4" skipped="0" tests="16" time="12.809" timestamp="2026-02-14T20:51:09.600601+00:00" hostname="agent-env-10a9efb8-1bc7-4ab1-a3cf-c3b528a8e0c2"><testcase classname="backend.tests.test_self_service.TestSelfServiceAPIs" name="test_my_attendance_returns_data" time="1.231" /><testcase classname="backend.tests.test_self_service.TestSelfServiceAPIs" name="test_my_attendance_with_month_filter" time="0.703" /><testcase classname="backend.tests.test_self_service.TestSelfServiceAPIs" name="test_my_leave_balance_returns_data" time="0.660" /><testcase classname="backend.tests.test_self_service.TestSelfServiceAPIs" name="test_my_salary_slips_returns_list" time="0.708" /><testcase classname="backend.tests.test_self_service.TestSelfServiceAPIs" name="test_my_expenses_returns_data" time="0.739" /><testcase classname="backend.tests.test_self_service.TestLeaveRequestCreation" name="test_create_leave_request" time="0.650"><failure message="AssertionError: Response should have 'id'&#10;assert 'id' in {'leave_request_id': '1b598ae7-9636-4455-876d-1e7fe22125ee', 'message': 'Leave request submitted for approval'}">backend/tests/test_self_service.py:153: in test_create_leave_request
    assert "id" in data, "Response should have 'id'"
E   AssertionError: Response should have 'id'
E   assert 'id' in {'leave_request_id': '1b598ae7-9636-4455-876d-1e7fe22125ee', 'message': 'Leave request submitted for approval'}</failure></testcase><testcase classname="backend.tests.test_self_service.TestExpenseCreationAndSubmission" name="test_create_expense_as_draft" time="0.557"><failure message="AssertionError: Response should have 'id'&#10;assert 'id' in {'expense_id': '4680f3da-d758-477d-a715-e1985c7c5d14', 'message': 'Expense request created', 'total_amount': 500.0}">backend/tests/test_self_service.py:197: in test_create_expense_as_draft
    assert "id" in data, "Response should have 'id'"
E   AssertionError: Response should have 'id'
E   assert 'id' in {'expense_id': '4680f3da-d758-477d-a715-e1985c7c5d14', 'message': 'Expense request created', 'total_amount': 500.0}</failure></testcase><testcase classname="backend.tests.test_self_service.TestExpenseCreationAndSubmission" name="test_submit_expense_for_approval" time="0.550"><failure message="KeyError: 'id'">backend/tests/test_self_service.py:224: in test_submit_expense_for_approval
    expense_id = create_response.json()["id"]
                 ^^^^^^^^^^^^^^^^^^^^^^^^^^^^
E   KeyError: 'id'</failure></testcase><testcase classname="backend.tests.test_self_service.TestPayrollExpenseReimbursement" name="test_generate_slip_includes_expense_logic" time="0.831"><failure message="AssertionError: Expected 200/201, got 400: {&quot;detail&quot;:&quot;Employee salary not configured&quot;}&#10;assert 400 in [200, 201]&#10; +  where 400 = &lt;Response [400]&gt;.status_code">backend/tests/test_self_service.py:275: in test_generate_slip_includes_expense_logic
    assert response.status_code in [200, 201], f"Expected 200/201, got {response.status_code}: {response.text}"
E   AssertionError: Expected 200/201, got 400: {"detail":"Employee salary not configured"}
E   assert 400 in [200, 201]
E    +  where 400 = &lt;Response [400]&gt;.status_code</failure></testcase><testcase classname="backend.tests.test_self_service.TestRouteAccess" name="test_my_attendance_route" time="0.557" /><testcase classname="backend.tests.test_self_service.TestRouteAccess" name="test_my_leave_balance_route" time="0.521" /><testcase classname="backend.tests.test_self_service.TestRouteAccess" name="test_my_salary_slips_route" time="0.731" /><testcase classname="backend.tests.test_self_service.TestRouteAccess" name="test_my_expenses_route" time="0.524" /><testcase classname="backend.tests.test_self_service.TestMultiRoleAccess" name="test_admin_access" time="1.300" /><testcase classname="backend.tests.test_self_service.TestMultiRoleAccess" name="test_manager_access" time="1.006" /><testcase classname="backend.tests.test_self_service.TestMultiRoleAccess" name="test_executive_access" time="1.319" /></testsuite></testsuites>