<?xml version="1.0" encoding="utf-8"?><testsuites name="pytest tests"><testsuite name="pytest" errors="0" failures="0" skipped="0" tests="10" time="11.258" timestamp="2026-03-26T06:22:06.481702+00:00" hostname="agent-env-11d3b5fc-36d7-41ee-a03d-476bb13e10f4"><testcase classname="tests.test_reverse_geocode.TestReverseGeocode" name="test_reverse_geocode_mumbai_coordinates" time="5.987" /><testcase classname="tests.test_reverse_geocode.TestReverseGeocode" name="test_reverse_geocode_delhi_coordinates" time="0.939" /><testcase classname="tests.test_reverse_geocode.TestReverseGeocode" name="test_reverse_geocode_bangalore_coordinates" time="0.579" /><testcase classname="tests.test_reverse_geocode.TestReverseGeocode" name="test_reverse_geocode_requires_auth" time="0.532" /><testcase classname="tests.test_reverse_geocode.TestReverseGeocode" name="test_check_status_endpoint" time="0.471" /><testcase classname="tests.test_reverse_geocode.TestReverseGeocode" name="test_my_attendance_returns_location_address" time="0.469" /><testcase classname="tests.test_reverse_geocode.TestCheckInWithAddress" name="test_check_in_accepts_address_fields" time="0.517" /><testcase classname="tests.test_reverse_geocode.TestCheckInWithAddress" name="test_check_out_accepts_address_field" time="0.509" /><testcase classname="tests.test_reverse_geocode.TestReverseGeocodeEdgeCases" name="test_reverse_geocode_ocean_coordinates" time="0.543" /><testcase classname="tests.test_reverse_geocode.TestReverseGeocodeEdgeCases" name="test_reverse_geocode_missing_params" time="0.512" /></testsuite></testsuites>