<?xml version="1.0" encoding="utf-8"?><testsuites name="pytest tests"><testsuite name="pytest" errors="0" failures="5" skipped="0" tests="17" time="15.685" timestamp="2026-02-17T04:58:54.203295+00:00" hostname="agent-env-869e3a79-a289-4731-b81c-1f0c89be995e"><testcase classname="tests.test_enhanced_attendance.TestOfficeLocationsConfig" name="test_office_locations_exist" time="3.048" /><testcase classname="tests.test_enhanced_attendance.TestClientGeoCoordinates" name="test_clients_have_geo_coordinates" time="0.484" /><testcase classname="tests.test_enhanced_attendance.TestCheckInSelfieRequired" name="test_checkin_without_selfie_rejected" time="1.207" /><testcase classname="tests.test_enhanced_attendance.TestCheckInGPSRequired" name="test_checkin_without_gps_rejected" time="0.254" /><testcase classname="tests.test_enhanced_attendance.TestCheckInWFHRejected" name="test_wfh_work_location_rejected" time="0.315" /><testcase classname="tests.test_enhanced_attendance.TestNonConsultingOnsiteRejected" name="test_non_consulting_cannot_use_onsite" time="1.915" /><testcase classname="tests.test_enhanced_attendance.TestAutoApprovalWithinGeofence" name="test_checkin_at_office_auto_approved" time="0.275"><failure message="AssertionError: Check-in failed: {&quot;detail&quot;:&quot;You have already checked in today&quot;}&#10;assert 400 == 200&#10; +  where 400 = &lt;Response [400]&gt;.status_code">tests/test_enhanced_attendance.py:234: in test_checkin_at_office_auto_approved
    assert response.status_code == 200, f"Check-in failed: {response.text}"
E   AssertionError: Check-in failed: {"detail":"You have already checked in today"}
E   assert 400 == 200
E    +  where 400 = &lt;Response [400]&gt;.status_code</failure></testcase><testcase classname="tests.test_enhanced_attendance.TestUnknownLocationRequiresJustification" name="test_unknown_location_without_justification_rejected" time="0.163" /><testcase classname="tests.test_enhanced_attendance.TestUnknownLocationCreatesPendingApproval" name="test_unknown_location_with_justification_creates_pending" time="0.172"><failure message="AssertionError: Check-in failed: {&quot;detail&quot;:&quot;You have already checked in today&quot;}&#10;assert 400 == 200&#10; +  where 400 = &lt;Response [400]&gt;.status_code">tests/test_enhanced_attendance.py:297: in test_unknown_location_with_justification_creates_pending
    assert response.status_code == 200, f"Check-in failed: {response.text}"
E   AssertionError: Check-in failed: {"detail":"You have already checked in today"}
E   assert 400 == 200
E    +  where 400 = &lt;Response [400]&gt;.status_code</failure></testcase><testcase classname="tests.test_enhanced_attendance.TestHRPendingApprovalsEndpoint" name="test_hr_can_view_pending_approvals" time="1.167" /><testcase classname="tests.test_enhanced_attendance.TestHRPendingApprovalsEndpoint" name="test_non_hr_cannot_view_pending_approvals" time="0.145" /><testcase classname="tests.test_enhanced_attendance.TestHRAttendanceApproval" name="test_hr_can_approve_attendance" time="0.349"><failure message="AssertionError: Failed to create check-in: {&quot;detail&quot;:&quot;You have already checked in today&quot;}&#10;assert 400 == 200&#10; +  where 400 = &lt;Response [400]&gt;.status_code">tests/test_enhanced_attendance.py:357: in test_hr_can_approve_attendance
    assert checkin_response.status_code == 200, f"Failed to create check-in: {checkin_response.text}"
E   AssertionError: Failed to create check-in: {"detail":"You have already checked in today"}
E   assert 400 == 200
E    +  where 400 = &lt;Response [400]&gt;.status_code</failure></testcase><testcase classname="tests.test_enhanced_attendance.TestHRAttendanceApproval" name="test_hr_can_reject_attendance" time="0.241"><failure message="assert 400 == 200&#10; +  where 400 = &lt;Response [400]&gt;.status_code">tests/test_enhanced_attendance.py:389: in test_hr_can_reject_attendance
    assert checkin_response.status_code == 200
E   assert 400 == 200
E    +  where 400 = &lt;Response [400]&gt;.status_code</failure></testcase><testcase classname="tests.test_enhanced_attendance.TestCheckOut" name="test_checkout_records_time_and_hours" time="0.340"><failure message="AssertionError: Check-in failed: {&quot;detail&quot;:&quot;You have already completed check-in and check-out today&quot;}&#10;assert 400 == 200&#10; +  where 400 = &lt;Response [400]&gt;.status_code">tests/test_enhanced_attendance.py:425: in test_checkout_records_time_and_hours
    assert checkin_response.status_code == 200, f"Check-in failed: {checkin_response.text}"
E   AssertionError: Check-in failed: {"detail":"You have already completed check-in and check-out today"}
E   assert 400 == 200
E    +  where 400 = &lt;Response [400]&gt;.status_code</failure></testcase><testcase classname="tests.test_enhanced_attendance.TestCheckOut" name="test_checkout_without_checkin_rejected" time="0.376" /><testcase classname="tests.test_enhanced_attendance.TestMobileAccessToggle" name="test_hr_can_disable_mobile_access" time="1.989" /><testcase classname="tests.test_enhanced_attendance.TestDisabledEmployeeCannotCheckin" name="test_disabled_employee_checkin_blocked" time="2.732" /></testsuite></testsuites>