<?xml version="1.0" encoding="utf-8"?><testsuites name="pytest tests"><testsuite name="pytest" errors="0" failures="0" skipped="0" tests="9" time="11.476" timestamp="2026-02-24T16:34:23.160903+00:00" hostname="agent-env-5471a7d7-2a53-489e-9e22-9a42404b58f3"><testcase classname="tests.test_onboarding_references.TestOnboardingReferences" name="test_01_send_invite_and_get_token" time="1.789" /><testcase classname="tests.test_onboarding_references.TestOnboardingReferences" name="test_02_get_public_submission_structure" time="0.762" /><testcase classname="tests.test_onboarding_references.TestOnboardingReferences" name="test_03_save_professional_reference" time="0.937" /><testcase classname="tests.test_onboarding_references.TestOnboardingReferences" name="test_04_save_personal_reference" time="0.836" /><testcase classname="tests.test_onboarding_references.TestOnboardingReferences" name="test_05_save_both_references_together" time="0.820" /><testcase classname="tests.test_onboarding_references.TestOnboardingReferences" name="test_06_submit_with_references" time="2.728" /><testcase classname="tests.test_onboarding_references.TestOnboardingReferences" name="test_07_progress_includes_references" time="0.772" /><testcase classname="tests.test_onboarding_references.TestOnboardingReferences" name="test_08_validate_submission_includes_references" time="0.568" /><testcase classname="tests.test_onboarding_references.TestCompanyNameBranding" name="test_01_backend_declaration_text" time="2.129" /></testsuite></testsuites>