<?xml version="1.0" encoding="utf-8"?><testsuites name="pytest tests"><testsuite name="pytest" errors="0" failures="0" skipped="0" tests="16" time="16.285" timestamp="2026-03-26T07:25:25.921755+00:00" hostname="agent-env-11d3b5fc-36d7-41ee-a03d-476bb13e10f4"><testcase classname="tests.test_attendance_leave_features_batch.TestAttendanceLeaveFeatures" name="test_my_attendance_returns_records" time="1.183" /><testcase classname="tests.test_attendance_leave_features_batch.TestAttendanceLeaveFeatures" name="test_my_attendance_returns_summary" time="0.916" /><testcase classname="tests.test_attendance_leave_features_batch.TestAttendanceLeaveFeatures" name="test_my_attendance_returns_shift_config" time="0.969" /><testcase classname="tests.test_attendance_leave_features_batch.TestAttendanceLeaveFeatures" name="test_my_attendance_with_month_filter" time="0.893" /><testcase classname="tests.test_attendance_leave_features_batch.TestAttendanceLeaveFeatures" name="test_attendance_records_have_overtime_hours" time="0.901" /><testcase classname="tests.test_attendance_leave_features_batch.TestAttendanceLeaveFeatures" name="test_attendance_records_have_working_hours" time="1.290" /><testcase classname="tests.test_attendance_leave_features_batch.TestAttendanceLeaveFeatures" name="test_attendance_records_have_is_late" time="0.908" /><testcase classname="tests.test_attendance_leave_features_batch.TestAttendanceLeaveFeatures" name="test_my_leave_balance_returns_balance" time="1.030" /><testcase classname="tests.test_attendance_leave_features_batch.TestAttendanceLeaveFeatures" name="test_leave_balance_has_total_used_available" time="1.006" /><testcase classname="tests.test_attendance_leave_features_batch.TestAttendanceLeaveFeatures" name="test_leave_request_conflict_with_attendance" time="0.969" /><testcase classname="tests.test_attendance_leave_features_batch.TestAttendanceLeaveFeatures" name="test_check_in_allows_re_checkin" time="1.041" /><testcase classname="tests.test_attendance_leave_features_batch.TestAttendanceLeaveFeatures" name="test_check_status_endpoint" time="0.910" /><testcase classname="tests.test_attendance_leave_features_batch.TestAttendanceLeaveFeatures" name="test_get_leave_requests" time="0.864" /><testcase classname="tests.test_attendance_leave_features_batch.TestAttendanceLeaveFeatures" name="test_leave_request_has_approval_trail_fields" time="0.936" /><testcase classname="tests.test_attendance_leave_features_batch.TestAttendanceLeaveFeatures" name="test_sales_user_attendance" time="0.883" /><testcase classname="tests.test_attendance_leave_features_batch.TestAttendanceLeaveFeatures" name="test_sales_user_leave_balance" time="1.410" /></testsuite></testsuites>