<?xml version="1.0" encoding="utf-8"?><testsuites name="pytest tests"><testsuite name="pytest" errors="0" failures="0" skipped="0" tests="21" time="3.364" timestamp="2026-02-15T15:33:32.701146+00:00" hostname="agent-env-0a1253a1-7542-442d-a219-4706ca6d562a"><testcase classname="tests.test_enhanced_sow.TestSOWMasterCategories" name="test_get_categories_returns_8_default_categories" time="0.724" /><testcase classname="tests.test_enhanced_sow.TestSOWMasterCategories" name="test_category_has_required_fields" time="0.091" /><testcase classname="tests.test_enhanced_sow.TestSOWMasterCategories" name="test_categories_sorted_by_order" time="0.080" /><testcase classname="tests.test_enhanced_sow.TestSOWMasterScopes" name="test_get_scopes_returns_scopes" time="0.080" /><testcase classname="tests.test_enhanced_sow.TestSOWMasterScopes" name="test_get_scopes_grouped_returns_grouped_structure" time="0.084" /><testcase classname="tests.test_enhanced_sow.TestSOWMasterScopes" name="test_scopes_have_category_reference" time="0.078" /><testcase classname="tests.test_enhanced_sow.TestSOWMasterScopes" name="test_filter_scopes_by_category" time="0.071" /><testcase classname="tests.test_enhanced_sow.TestEnhancedSOWCreation" name="test_get_enhanced_sow_by_nonexistent_pricing_plan" time="0.635" /><testcase classname="tests.test_enhanced_sow.TestEnhancedSOWCreation" name="test_enhanced_sow_sales_selection_requires_pricing_plan" time="0.132" /><testcase classname="tests.test_enhanced_sow.TestEnhancedSOWEndpoints" name="test_get_enhanced_sow_by_id_404" time="0.085" /><testcase classname="tests.test_enhanced_sow.TestEnhancedSOWEndpoints" name="test_update_scope_404_for_nonexistent_sow" time="0.073" /><testcase classname="tests.test_enhanced_sow.TestEnhancedSOWEndpoints" name="test_add_scope_to_nonexistent_sow" time="0.130" /><testcase classname="tests.test_enhanced_sow.TestEnhancedSOWEndpoints" name="test_variance_report_404_for_nonexistent_sow" time="0.065" /><testcase classname="tests.test_enhanced_sow.TestEnhancedSOWEndpoints" name="test_change_log_404_for_nonexistent_sow" time="0.073" /><testcase classname="tests.test_enhanced_sow.TestSOWMastersCRUD" name="test_create_category" time="0.067" /><testcase classname="tests.test_enhanced_sow.TestSOWMastersCRUD" name="test_create_category_duplicate_code_fails" time="0.062" /><testcase classname="tests.test_enhanced_sow.TestSOWMastersCRUD" name="test_create_scope_template" time="0.138" /><testcase classname="tests.test_enhanced_sow.TestSOWMastersCRUD" name="test_create_scope_invalid_category_fails" time="0.072" /><testcase classname="tests.test_enhanced_sow.TestRoadmapApprovalEndpoints" name="test_submit_roadmap_404_for_nonexistent_sow" time="0.063" /><testcase classname="tests.test_enhanced_sow.TestRoadmapApprovalEndpoints" name="test_upload_consent_document_404" time="0.067" /><testcase classname="tests.test_enhanced_sow.TestHandoverEndpoints" name="test_complete_handover_404_for_nonexistent_sow" time="0.094" /></testsuite></testsuites>