<?xml version="1.0" encoding="utf-8"?><testsuites name="pytest tests"><testsuite name="pytest" errors="0" failures="0" skipped="0" tests="13" time="9.767" timestamp="2026-02-22T19:34:57.824138+00:00" hostname="agent-env-619204b0-362a-4b6b-953d-4735b9dcd28e"><testcase classname="tests.test_kickoff_approval_flow.TestKickoffApprovalWorkflow" name="test_01_admin_login" time="0.606" /><testcase classname="tests.test_kickoff_approval_flow.TestKickoffApprovalWorkflow" name="test_02_sales_exec_login" time="0.557" /><testcase classname="tests.test_kickoff_approval_flow.TestKickoffApprovalWorkflow" name="test_03_consulting_team_returns_only_senior_principal" time="0.569" /><testcase classname="tests.test_kickoff_approval_flow.TestKickoffApprovalWorkflow" name="test_04_get_lead_for_testing" time="0.550" /><testcase classname="tests.test_kickoff_approval_flow.TestKickoffApprovalWorkflow" name="test_05_stage_status_endpoint" time="0.646" /><testcase classname="tests.test_kickoff_approval_flow.TestKickoffApprovalWorkflow" name="test_06_sales_can_request_kickoff" time="0.722" /><testcase classname="tests.test_kickoff_approval_flow.TestKickoffApprovalWorkflow" name="test_07_admin_sees_pending_approvals" time="0.675" /><testcase classname="tests.test_kickoff_approval_flow.TestKickoffApprovalWorkflow" name="test_08_non_admin_denied_pending_approvals" time="0.583" /><testcase classname="tests.test_kickoff_approval_flow.TestKickoffApprovalWorkflow" name="test_09_cannot_assign_non_senior_consultant" time="0.636" /><testcase classname="tests.test_kickoff_approval_flow.TestKickoffApprovalWorkflow" name="test_10_complete_approval_flow" time="1.387" /><testcase classname="tests.test_kickoff_approval_flow.TestKickoffApprovalWorkflow" name="test_11_complete_rejection_flow" time="1.248" /><testcase classname="tests.test_kickoff_approval_flow.TestKickoffApprovalWorkflow" name="test_12_non_admin_cannot_approve" time="0.810" /><testcase classname="tests.test_kickoff_approval_flow.TestKickoffApprovalWorkflow" name="test_13_non_admin_cannot_reject" time="0.633" /></testsuite></testsuites>