<?xml version="1.0" encoding="utf-8"?><testsuites name="pytest tests"><testsuite name="pytest" errors="0" failures="3" skipped="0" tests="30" time="54.872" timestamp="2026-02-24T12:41:18.529028+00:00" hostname="agent-env-b95e9717-87a8-445b-ad16-d4eca92e5265"><testcase classname="tests.test_onboarding_self_service.TestOnboardingAuth" name="test_hr_manager_login" time="0.897" /><testcase classname="tests.test_onboarding_self_service.TestOnboardingAuth" name="test_admin_login" time="1.035" /><testcase classname="tests.test_onboarding_self_service.TestOnboardingInvite" name="test_send_invite_success" time="1.118" /><testcase classname="tests.test_onboarding_self_service.TestOnboardingInvite" name="test_send_invite_missing_email" time="0.612" /><testcase classname="tests.test_onboarding_self_service.TestOnboardingInvite" name="test_send_invite_missing_name" time="0.620" /><testcase classname="tests.test_onboarding_self_service.TestOnboardingInvite" name="test_send_invite_missing_position" time="0.706" /><testcase classname="tests.test_onboarding_self_service.TestOnboardingInvite" name="test_send_invite_without_auth" time="0.181" /><testcase classname="tests.test_onboarding_self_service.TestOnboardingSubmissions" name="test_list_submissions_success" time="0.641" /><testcase classname="tests.test_onboarding_self_service.TestOnboardingSubmissions" name="test_list_submissions_filter_by_status" time="0.651" /><testcase classname="tests.test_onboarding_self_service.TestOnboardingSubmissions" name="test_list_submissions_without_auth" time="0.161" /><testcase classname="tests.test_onboarding_self_service.TestOnboardingSubmissionDetails" name="test_get_submission_details" time="1.701" /><testcase classname="tests.test_onboarding_self_service.TestOnboardingSubmissionDetails" name="test_get_nonexistent_submission" time="1.465" /><testcase classname="tests.test_onboarding_self_service.TestOnboardingPublicEndpoints" name="test_get_public_submission" time="1.311" /><testcase classname="tests.test_onboarding_self_service.TestOnboardingPublicEndpoints" name="test_save_public_submission" time="2.754" /><testcase classname="tests.test_onboarding_self_service.TestOnboardingPublicEndpoints" name="test_submit_public_submission" time="2.959" /><testcase classname="tests.test_onboarding_self_service.TestOnboardingPublicEndpoints" name="test_invalid_token_returns_404" time="0.226" /><testcase classname="tests.test_onboarding_self_service.TestOnboardingHRActions" name="test_hr_assign_details" time="2.604" /><testcase classname="tests.test_onboarding_self_service.TestOnboardingHRActions" name="test_hr_verify_documents" time="2.132" /><testcase classname="tests.test_onboarding_self_service.TestOnboardingHRActions" name="test_hr_verify_bank" time="2.631" /><testcase classname="tests.test_onboarding_self_service.TestOnboardingHRActions" name="test_hr_request_revision" time="2.121" /><testcase classname="tests.test_onboarding_self_service.TestOnboardingHRActions" name="test_hr_request_revision_without_reason" time="2.267" /><testcase classname="tests.test_onboarding_self_service.TestOnboardingReject" name="test_hr_reject_submission" time="2.780" /><testcase classname="tests.test_onboarding_self_service.TestOnboardingReject" name="test_hr_reject_without_reason" time="3.558" /><testcase classname="tests.test_onboarding_self_service.TestOnboardingComplete" name="test_complete_onboarding_generates_employee_id" time="3.413"><failure message="AssertionError: Complete failed: {&quot;detail&quot;:&quot;Cannot complete: Required documents not uploaded&quot;}&#10;assert 400 == 200&#10; +  where 400 = &lt;Response [400]&gt;.status_code">backend/tests/test_onboarding_self_service.py:839: in test_complete_onboarding_generates_employee_id
    assert response.status_code == 200, f"Complete failed: {response.text}"
E   AssertionError: Complete failed: {"detail":"Cannot complete: Required documents not uploaded"}
E   assert 400 == 200
E    +  where 400 = &lt;Response [400]&gt;.status_code</failure></testcase><testcase classname="tests.test_onboarding_self_service.TestOnboardingComplete" name="test_complete_already_completed_submission" time="4.610"><failure message="AssertionError: assert 'already completed' in 'cannot complete: required documents not uploaded'&#10; +  where 'cannot complete: required documents not uploaded' = &lt;built-in method lower of str object at 0x7f5f4dffb980&gt;()&#10; +    where &lt;built-in method lower of str object at 0x7f5f4dffb980&gt; = 'Cannot complete: Required documents not uploaded'.lower">backend/tests/test_onboarding_self_service.py:876: in test_complete_already_completed_submission
    assert "already completed" in response.json()["detail"].lower()
E   AssertionError: assert 'already completed' in 'cannot complete: required documents not uploaded'
E    +  where 'cannot complete: required documents not uploaded' = &lt;built-in method lower of str object at 0x7f5f4dffb980&gt;()
E    +    where &lt;built-in method lower of str object at 0x7f5f4dffb980&gt; = 'Cannot complete: Required documents not uploaded'.lower</failure></testcase><testcase classname="tests.test_onboarding_self_service.TestOnboardingLegacy" name="test_list_legacy_records" time="1.947" /><testcase classname="tests.test_onboarding_self_service.TestOnboardingLegacy" name="test_list_legacy_without_auth" time="0.433" /><testcase classname="tests.test_onboarding_self_service.TestOnboardingDocumentUpload" name="test_upload_document_success" time="2.384" /><testcase classname="tests.test_onboarding_self_service.TestOnboardingDocumentUpload" name="test_upload_invalid_file_type" time="1.900" /><testcase classname="tests.test_onboarding_self_service.TestOnboardingE2EFlow" name="test_complete_e2e_onboarding_flow" time="3.935"><failure message="assert 400 == 200&#10; +  where 400 = &lt;Response [400]&gt;.status_code">backend/tests/test_onboarding_self_service.py:1117: in test_complete_e2e_onboarding_flow
    assert complete_response.status_code == 200
E   assert 400 == 200
E    +  where 400 = &lt;Response [400]&gt;.status_code</failure></testcase></testsuite></testsuites>