<?xml version="1.0" encoding="utf-8"?><testsuites name="pytest tests"><testsuite name="pytest" errors="0" failures="0" skipped="0" tests="9" time="18.349" timestamp="2026-03-25T22:15:32.151575+05:30" hostname="agent-env-e2b616b6-545b-4195-a231-357505d036cd"><testcase classname="tests.test_rbac_export_permission.TestRBACExportPermission" name="test_admin_has_wildcard_permission" time="1.960" /><testcase classname="tests.test_rbac_export_permission.TestRBACExportPermission" name="test_admin_can_export_data" time="1.857" /><testcase classname="tests.test_rbac_export_permission.TestRBACExportPermission" name="test_sales_exec_does_not_have_export_permission" time="2.369" /><testcase classname="tests.test_rbac_export_permission.TestRBACExportPermission" name="test_sales_exec_has_limited_permissions" time="2.557" /><testcase classname="tests.test_rbac_export_permission.TestRBACExportPermission" name="test_hr_manager_has_export_permission" time="1.744" /><testcase classname="tests.test_rbac_export_permission.TestRBACExportPermission" name="test_permission_check_endpoint_admin" time="1.300" /><testcase classname="tests.test_rbac_export_permission.TestRBACExportPermission" name="test_permission_check_endpoint_sales_exec" time="1.422" /><testcase classname="tests.test_rbac_export_permission.TestRBACExportPermission" name="test_rbac_seeder_has_export_permission_for_managers" time="4.787" /><testcase classname="tests.test_rbac_export_permission.TestFeatureFlagsExportPermission" name="test_export_permission_in_feature_flags" time="0.025" /></testsuite></testsuites>